[main] INFO Log - **** Chrome Browser Launched Successfully ********** 
[main] INFO Log -  Successfully Navigated to OrangeHRM Application LogIn Page 
[main] INFO Log -  The Expected Text of the WebElement LogIn Pannel is :- LOGIN Panel
[main] INFO Log -  The Actual Text of the WebElement LogIn Pannel is :- LOGIN Panel
[main] INFO Log -  LogIn Pannel Text Validation Successful - PASS
[main] INFO Log -  ************ Chrome Browser along with OrangeHRM Application Closed Successfully ********
[main] INFO Log - **** Chrome Browser Launched Successfully ********** 
[main] INFO Log -  Successfully Navigated to OrangeHRM Application LogIn Page 
[main] INFO Log -  OrangeHRM Applicaiton LogIn page Logo found - PASS 
[main] INFO Log -  ************ Chrome Browser along with OrangeHRM Application Closed Successfully ********
[main] INFO Log - **** Chrome Browser Launched Successfully ********** 
[main] INFO Log -  Successfully Navigated to OrangeHRM Application LogIn Page 
[main] INFO Log -  ************ Chrome Browser along with OrangeHRM Application Closed Successfully ********
[main] INFO Log - **** Chrome Browser Launched Successfully ********** 
[main] INFO Log -  Successfully Navigated to OrangeHRM Application LogIn Page 
[main] INFO Log -  The Expected Text of the WebElement LogIn Pannel is :- LOGIN Panel
[main] INFO Log -  The Actual Text of the WebElement LogIn Pannel is :- LOGIN Panel
[main] INFO Log -  LogIn Pannel Text Validation Successful - PASS
[main] INFO Log -  ************ Chrome Browser along with OrangeHRM Application Closed Successfully ********
[main] INFO Log - **** Chrome Browser Launched Successfully ********** 
[main] INFO Log -  Successfully Navigated to OrangeHRM Application LogIn Page 
[main] INFO Log -  OrangeHRM Applicaiton LogIn page Logo found - PASS 
[main] INFO Log -  ************ Chrome Browser along with OrangeHRM Application Closed Successfully ********
[main] INFO Log - **** Chrome Browser Launched Successfully ********** 
[main] INFO Log -  Successfully Navigated to OrangeHRM Application LogIn Page 
[main] INFO Log -  ************ Chrome Browser along with OrangeHRM Application Closed Successfully ********
[main] INFO Log - **** Chrome Browser Launched Successfully ********** 
[main] INFO Log -  Successfully Navigated to OrangeHRM Application LogIn Page 
[main] INFO Log -  The Expected Text of the WebElement LogIn Pannel is :- LOGIN Panel
[main] INFO Log -  The Actual Text of the WebElement LogIn Pannel is :- LOGIN Panel
[main] INFO Log -  LogIn Pannel Text Validation Successful - PASS
[main] INFO Log - **** Chrome Browser Launched Successfully ********** 
[main] INFO Log -  Successfully Navigated to OrangeHRM Application LogIn Page 
[main] INFO Log -  OrangeHRM Applicaiton LogIn page Logo found - PASS 
[main] INFO Log - **** Chrome Browser Launched Successfully ********** 
[main] INFO Log -  Successfully Navigated to OrangeHRM Application LogIn Page 
[main] INFO Log - **** Chrome Browser Launched Successfully ********** 
[main] INFO Log -  Successfully Navigated to OrangeHRM Application LogIn Page 
[main] INFO Log -  The Expected Text of the WebElement LogIn Pannel is :- LOGIN Panel
[main] INFO Log -  The Actual Text of the WebElement LogIn Pannel is :- LOGIN Panel
[main] INFO Log -  LogIn Pannel Text Validation Successful - PASS
[main] INFO Log - **** Chrome Browser Launched Successfully ********** 
[main] INFO Log -  Successfully Navigated to OrangeHRM Application LogIn Page 
[main] INFO Log -  OrangeHRM Applicaiton LogIn page Logo found - PASS 
[main] INFO Log - **** Chrome Browser Launched Successfully ********** 
[main] INFO Log -  Successfully Navigated to OrangeHRM Application LogIn Page 
[main] INFO Log - **** Chrome Browser Launched Successfully ********** 
[main] INFO Log -  Successfully Navigated to OrangeHRM Application LogIn Page 
[main] INFO Log -  The Expected Text of the WebElement LogIn Pannel is :- LOGIN Panel
[main] INFO Log -  The Actual Text of the WebElement LogIn Pannel is :- LOGIN Panel
[main] INFO Log -  LogIn Pannel Text Validation Successful - PASS
[main] INFO Log - **** Chrome Browser Launched Successfully ********** 
[main] INFO Log -  Successfully Navigated to OrangeHRM Application LogIn Page 
[main] INFO Log -  OrangeHRM Applicaiton LogIn page Logo found - PASS 
[main] INFO Log - **** Chrome Browser Launched Successfully ********** 
[main] INFO Log -  Successfully Navigated to OrangeHRM Application LogIn Page 
[main] INFO Log - **** Chrome Browser Launched Successfully ********** 
[main] INFO Log -  Successfully Navigated to OrangeHRM Application LogIn Page 
[main] INFO Log -  The Expected Text of the WebElement LogIn Pannel is :- LOGIN Panel
[main] INFO Log -  The Actual Text of the WebElement LogIn Pannel is :- LOGIN Panel
[main] INFO Log -  LogIn Pannel Text Validation Successful - PASS
[main] INFO Log - **** Chrome Browser Launched Successfully ********** 
[main] INFO Log -  Successfully Navigated to OrangeHRM Application LogIn Page 
[main] INFO Log -  OrangeHRM Applicaiton LogIn page Logo found - PASS 
[main] INFO Log - **** Chrome Browser Launched Successfully ********** 
[main] INFO Log -  Successfully Navigated to OrangeHRM Application LogIn Page 
[main] INFO Log - **** Chrome Browser Launched Successfully ********** 
[main] INFO Log -  Successfully Navigated to OrangeHRM Application LogIn Page 
[main] INFO Log -  The Expected Text of the WebElement LogIn Pannel is :- LOGIN Panel
[main] INFO Log -  The Actual Text of the WebElement LogIn Pannel is :- LOGIN Panel
[main] INFO Log -  LogIn Pannel Text Validation Successful - PASS
[main] INFO Log - **** Chrome Browser Launched Successfully ********** 
[main] INFO Log -  Successfully Navigated to OrangeHRM Application LogIn Page 
[main] INFO Log -  OrangeHRM Applicaiton LogIn page Logo found - PASS 
[main] INFO Log - **** Chrome Browser Launched Successfully ********** 
[main] INFO Log -  Successfully Navigated to OrangeHRM Application LogIn Page 
[main] INFO Log - **** Chrome Browser Launched Successfully ********** 
[main] INFO Log -  Successfully Navigated to OrangeHRM Application LogIn Page 
[main] INFO Log -  The Expected Text of the WebElement LogIn Pannel is :- LOGIN Panel
[main] INFO Log -  The Actual Text of the WebElement LogIn Pannel is :- LOGIN Panel
[main] INFO Log -  LogIn Pannel Text Validation Successful - PASS
[main] INFO Log - **** Chrome Browser Launched Successfully ********** 
[main] INFO Log -  Successfully Navigated to OrangeHRM Application LogIn Page 
[main] INFO Log -  OrangeHRM Applicaiton LogIn page Logo found - PASS 
[main] INFO Log - **** Chrome Browser Launched Successfully ********** 
[main] INFO Log -  Successfully Navigated to OrangeHRM Application LogIn Page 
[main] INFO Log -  The Expected Text of the OrangeHRM Application HomePage is :- Welcome
[main] INFO Log -  The Actual Text of the OrangeHRM Application HomePage is :- Welcome Admin
[main] INFO Log -  Successfully Navigated to OrangeHRM Application HomePage - PASS 
[main] INFO Log - org.openqa.selenium.NoSuchElementException: no such element: Unable to locate element: {"method":"css selector","selector":"#spanMessage"}
  (Session info: chrome=121.0.6167.185)
For documentation on this error, please visit: https://www.seleniumhq.org/exceptions/no_such_element.html
Build info: version: '3.141.59', revision: 'e82be7d358', time: '2018-11-14T08:17:03'
System info: host: 'NAVEENPATEL', ip: '192.168.1.6', os.name: 'Windows 11', os.arch: 'amd64', os.version: '10.0', java.version: '17.0.5'
Driver info: org.openqa.selenium.chrome.ChromeDriver
Capabilities {acceptInsecureCerts: false, browserName: chrome, browserVersion: 121.0.6167.185, chrome: {chromedriverVersion: 121.0.6167.85 (3f98d690ad7e..., userDataDir: C:\Users\emmad\AppData\Loca...}, fedcm:accounts: true, goog:chromeOptions: {debuggerAddress: localhost:58439}, javascriptEnabled: true, networkConnectionEnabled: false, pageLoadStrategy: normal, platform: WINDOWS, platformName: WINDOWS, proxy: Proxy(), setWindowRect: true, strictFileInteractability: false, timeouts: {implicit: 0, pageLoad: 300000, script: 30000}, unhandledPromptBehavior: dismiss and notify, webauthn:extension:credBlob: true, webauthn:extension:largeBlob: true, webauthn:extension:minPinLength: true, webauthn:extension:prf: true, webauthn:virtualAuthenticators: true}
Session ID: 1ce398de4236409ec422897a296510aa
*** Element info: {Using=id, value=spanMessage}
[main] INFO Log - org.openqa.selenium.NoSuchElementException: no such element: Unable to locate element: {"method":"partial link text","selector":"Admin"}
  (Session info: chrome=121.0.6167.185)
For documentation on this error, please visit: https://www.seleniumhq.org/exceptions/no_such_element.html
Build info: version: '3.141.59', revision: 'e82be7d358', time: '2018-11-14T08:17:03'
System info: host: 'NAVEENPATEL', ip: '192.168.1.6', os.name: 'Windows 11', os.arch: 'amd64', os.version: '10.0', java.version: '17.0.5'
Driver info: org.openqa.selenium.chrome.ChromeDriver
Capabilities {acceptInsecureCerts: false, browserName: chrome, browserVersion: 121.0.6167.185, chrome: {chromedriverVersion: 121.0.6167.85 (3f98d690ad7e..., userDataDir: C:\Users\emmad\AppData\Loca...}, fedcm:accounts: true, goog:chromeOptions: {debuggerAddress: localhost:58439}, javascriptEnabled: true, networkConnectionEnabled: false, pageLoadStrategy: normal, platform: WINDOWS, platformName: WINDOWS, proxy: Proxy(), setWindowRect: true, strictFileInteractability: false, timeouts: {implicit: 0, pageLoad: 300000, script: 30000}, unhandledPromptBehavior: dismiss and notify, webauthn:extension:credBlob: true, webauthn:extension:largeBlob: true, webauthn:extension:minPinLength: true, webauthn:extension:prf: true, webauthn:virtualAuthenticators: true}
Session ID: 1ce398de4236409ec422897a296510aa
*** Element info: {Using=partial link text, value=Admin}
[main] INFO Log -  The Expected Text of the OrangeHRM Application Loginpage is :- Invalid credentials
[main] INFO Log -  The Actual Text of the OrangeHRM Application Loginpage is :- Invalid credentials
[main] INFO Log - Failed to Navigate to OrangeHRM Application HomePage - Pass 
[main] INFO Log - OrangeHRMApplicationURLAddress is Not Matched:-Pass 
[main] INFO Log - org.openqa.selenium.NoSuchElementException: no such element: Unable to locate element: {"method":"partial link text","selector":"Admin"}
  (Session info: chrome=121.0.6167.185)
For documentation on this error, please visit: https://www.seleniumhq.org/exceptions/no_such_element.html
Build info: version: '3.141.59', revision: 'e82be7d358', time: '2018-11-14T08:17:03'
System info: host: 'NAVEENPATEL', ip: '192.168.1.6', os.name: 'Windows 11', os.arch: 'amd64', os.version: '10.0', java.version: '17.0.5'
Driver info: org.openqa.selenium.chrome.ChromeDriver
Capabilities {acceptInsecureCerts: false, browserName: chrome, browserVersion: 121.0.6167.185, chrome: {chromedriverVersion: 121.0.6167.85 (3f98d690ad7e..., userDataDir: C:\Users\emmad\AppData\Loca...}, fedcm:accounts: true, goog:chromeOptions: {debuggerAddress: localhost:58439}, javascriptEnabled: true, networkConnectionEnabled: false, pageLoadStrategy: normal, platform: WINDOWS, platformName: WINDOWS, proxy: Proxy(), setWindowRect: true, strictFileInteractability: false, timeouts: {implicit: 0, pageLoad: 300000, script: 30000}, unhandledPromptBehavior: dismiss and notify, webauthn:extension:credBlob: true, webauthn:extension:largeBlob: true, webauthn:extension:minPinLength: true, webauthn:extension:prf: true, webauthn:virtualAuthenticators: true}
Session ID: 1ce398de4236409ec422897a296510aa
*** Element info: {Using=partial link text, value=Admin}
[main] INFO Log -  The Expected Text of the OrangeHRM Application Loginpage is :- Invalid credentials
[main] INFO Log -  The Actual Text of the OrangeHRM Application Loginpage is :- Invalid credentials
[main] INFO Log - Failed to Navigate to OrangeHRM Application HomePage - Pass 
[main] INFO Log - OrangeHRMApplicationURLAddress is Not Matched:-Pass 
[main] INFO Log - org.openqa.selenium.NoSuchElementException: no such element: Unable to locate element: {"method":"partial link text","selector":"Admin"}
  (Session info: chrome=121.0.6167.185)
For documentation on this error, please visit: https://www.seleniumhq.org/exceptions/no_such_element.html
Build info: version: '3.141.59', revision: 'e82be7d358', time: '2018-11-14T08:17:03'
System info: host: 'NAVEENPATEL', ip: '192.168.1.6', os.name: 'Windows 11', os.arch: 'amd64', os.version: '10.0', java.version: '17.0.5'
Driver info: org.openqa.selenium.chrome.ChromeDriver
Capabilities {acceptInsecureCerts: false, browserName: chrome, browserVersion: 121.0.6167.185, chrome: {chromedriverVersion: 121.0.6167.85 (3f98d690ad7e..., userDataDir: C:\Users\emmad\AppData\Loca...}, fedcm:accounts: true, goog:chromeOptions: {debuggerAddress: localhost:58439}, javascriptEnabled: true, networkConnectionEnabled: false, pageLoadStrategy: normal, platform: WINDOWS, platformName: WINDOWS, proxy: Proxy(), setWindowRect: true, strictFileInteractability: false, timeouts: {implicit: 0, pageLoad: 300000, script: 30000}, unhandledPromptBehavior: dismiss and notify, webauthn:extension:credBlob: true, webauthn:extension:largeBlob: true, webauthn:extension:minPinLength: true, webauthn:extension:prf: true, webauthn:virtualAuthenticators: true}
Session ID: 1ce398de4236409ec422897a296510aa
*** Element info: {Using=partial link text, value=Admin}
[main] INFO Log -  The Expected Text of the OrangeHRM Application Loginpage is :- Invalid credentials
[main] INFO Log -  The Actual Text of the OrangeHRM Application Loginpage is :- Invalid credentials
[main] INFO Log - Failed to Navigate to OrangeHRM Application HomePage - Pass 
[main] INFO Log - OrangeHRMApplicationURLAddress is Not Matched:-Pass 
[main] INFO Log - **** Chrome Browser Launched Successfully ********** 
[main] INFO Log -  Successfully Navigated to OrangeHRM Application LogIn Page 
[main] INFO Log -  The Expected Text of the WebElement LogIn Pannel is :- LOGIN Panel
[main] INFO Log -  The Actual Text of the WebElement LogIn Pannel is :- LOGIN Panel
[main] INFO Log -  LogIn Pannel Text Validation Successful - PASS
[main] INFO Log - **** Chrome Browser Launched Successfully ********** 
[main] INFO Log -  Successfully Navigated to OrangeHRM Application LogIn Page 
[main] INFO Log -  OrangeHRM Applicaiton LogIn page Logo found - PASS 
[main] INFO Log - **** Chrome Browser Launched Successfully ********** 
[main] INFO Log -  Successfully Navigated to OrangeHRM Application LogIn Page 
[main] INFO Log - **** Chrome Browser Launched Successfully ********** 
[main] INFO Log -  Successfully Navigated to OrangeHRM Application LogIn Page 
[main] INFO Log -  The Expected Text of the WebElement LogIn Pannel is :- LOGIN Panel
[main] INFO Log -  The Actual Text of the WebElement LogIn Pannel is :- LOGIN Panel
[main] INFO Log -  LogIn Pannel Text Validation Successful - PASS
[main] INFO Log - **** Chrome Browser Launched Successfully ********** 
[main] INFO Log -  Successfully Navigated to OrangeHRM Application LogIn Page 
[main] INFO Log -  OrangeHRM Applicaiton LogIn page Logo found - PASS 
[main] INFO Log - **** Chrome Browser Launched Successfully ********** 
[main] INFO Log -  Successfully Navigated to OrangeHRM Application LogIn Page 
[main] INFO Log - **** Chrome Browser Launched Successfully ********** 
[main] INFO Log -  Successfully Navigated to OrangeHRM Application LogIn Page 
[main] INFO Log -  The Expected Text of the WebElement LogIn Pannel is :- LOGIN Panel
[main] INFO Log -  The Actual Text of the WebElement LogIn Pannel is :- LOGIN Panel
[main] INFO Log -  LogIn Pannel Text Validation Successful - PASS
[main] INFO Log - **** Chrome Browser Launched Successfully ********** 
[main] INFO Log -  Successfully Navigated to OrangeHRM Application LogIn Page 
[main] INFO Log -  OrangeHRM Applicaiton LogIn page Logo found - PASS 
[main] INFO Log - **** Chrome Browser Launched Successfully ********** 
[main] INFO Log -  Successfully Navigated to OrangeHRM Application LogIn Page 
[main] INFO Log - org.openqa.selenium.NoSuchElementException: no such element: Unable to locate element: {"method":"partial link text","selector":"Admin"}
  (Session info: chrome=121.0.6167.185)
For documentation on this error, please visit: https://www.seleniumhq.org/exceptions/no_such_element.html
Build info: version: '3.141.59', revision: 'e82be7d358', time: '2018-11-14T08:17:03'
System info: host: 'NAVEENPATEL', ip: '192.168.1.6', os.name: 'Windows 11', os.arch: 'amd64', os.version: '10.0', java.version: '17.0.5'
Driver info: org.openqa.selenium.chrome.ChromeDriver
Capabilities {acceptInsecureCerts: false, browserName: chrome, browserVersion: 121.0.6167.185, chrome: {chromedriverVersion: 121.0.6167.85 (3f98d690ad7e..., userDataDir: C:\Users\emmad\AppData\Loca...}, fedcm:accounts: true, goog:chromeOptions: {debuggerAddress: localhost:59221}, javascriptEnabled: true, networkConnectionEnabled: false, pageLoadStrategy: normal, platform: WINDOWS, platformName: WINDOWS, proxy: Proxy(), setWindowRect: true, strictFileInteractability: false, timeouts: {implicit: 0, pageLoad: 300000, script: 30000}, unhandledPromptBehavior: dismiss and notify, webauthn:extension:credBlob: true, webauthn:extension:largeBlob: true, webauthn:extension:minPinLength: true, webauthn:extension:prf: true, webauthn:virtualAuthenticators: true}
Session ID: 4607dc9294a130d37c146f11be8d7273
*** Element info: {Using=partial link text, value=Admin}
[main] INFO Log -  The Expected Text of the OrangeHRM Application Loginpage is :- Invalid credentials
[main] INFO Log -  The Actual Text of the OrangeHRM Application Loginpage is :- Invalid credentials
[main] INFO Log - Failed to Navigate to OrangeHRM Application HomePage - Pass 
[main] INFO Log - OrangeHRMApplicationURLAddress is Not Matched:-Pass 
[main] INFO Log - org.openqa.selenium.NoSuchElementException: no such element: Unable to locate element: {"method":"partial link text","selector":"Admin"}
  (Session info: chrome=121.0.6167.185)
For documentation on this error, please visit: https://www.seleniumhq.org/exceptions/no_such_element.html
Build info: version: '3.141.59', revision: 'e82be7d358', time: '2018-11-14T08:17:03'
System info: host: 'NAVEENPATEL', ip: '192.168.1.6', os.name: 'Windows 11', os.arch: 'amd64', os.version: '10.0', java.version: '17.0.5'
Driver info: org.openqa.selenium.chrome.ChromeDriver
Capabilities {acceptInsecureCerts: false, browserName: chrome, browserVersion: 121.0.6167.185, chrome: {chromedriverVersion: 121.0.6167.85 (3f98d690ad7e..., userDataDir: C:\Users\emmad\AppData\Loca...}, fedcm:accounts: true, goog:chromeOptions: {debuggerAddress: localhost:59221}, javascriptEnabled: true, networkConnectionEnabled: false, pageLoadStrategy: normal, platform: WINDOWS, platformName: WINDOWS, proxy: Proxy(), setWindowRect: true, strictFileInteractability: false, timeouts: {implicit: 0, pageLoad: 300000, script: 30000}, unhandledPromptBehavior: dismiss and notify, webauthn:extension:credBlob: true, webauthn:extension:largeBlob: true, webauthn:extension:minPinLength: true, webauthn:extension:prf: true, webauthn:virtualAuthenticators: true}
Session ID: 4607dc9294a130d37c146f11be8d7273
*** Element info: {Using=partial link text, value=Admin}
[main] INFO Log -  The Expected Text of the OrangeHRM Application Loginpage is :- Invalid credentials
[main] INFO Log -  The Actual Text of the OrangeHRM Application Loginpage is :- Invalid credentials
[main] INFO Log - Failed to Navigate to OrangeHRM Application HomePage - Pass 
[main] INFO Log - OrangeHRMApplicationURLAddress is Not Matched:-Pass 
[main] INFO Log - org.openqa.selenium.NoSuchElementException: no such element: Unable to locate element: {"method":"partial link text","selector":"Admin"}
  (Session info: chrome=121.0.6167.185)
For documentation on this error, please visit: https://www.seleniumhq.org/exceptions/no_such_element.html
Build info: version: '3.141.59', revision: 'e82be7d358', time: '2018-11-14T08:17:03'
System info: host: 'NAVEENPATEL', ip: '192.168.1.6', os.name: 'Windows 11', os.arch: 'amd64', os.version: '10.0', java.version: '17.0.5'
Driver info: org.openqa.selenium.chrome.ChromeDriver
Capabilities {acceptInsecureCerts: false, browserName: chrome, browserVersion: 121.0.6167.185, chrome: {chromedriverVersion: 121.0.6167.85 (3f98d690ad7e..., userDataDir: C:\Users\emmad\AppData\Loca...}, fedcm:accounts: true, goog:chromeOptions: {debuggerAddress: localhost:59221}, javascriptEnabled: true, networkConnectionEnabled: false, pageLoadStrategy: normal, platform: WINDOWS, platformName: WINDOWS, proxy: Proxy(), setWindowRect: true, strictFileInteractability: false, timeouts: {implicit: 0, pageLoad: 300000, script: 30000}, unhandledPromptBehavior: dismiss and notify, webauthn:extension:credBlob: true, webauthn:extension:largeBlob: true, webauthn:extension:minPinLength: true, webauthn:extension:prf: true, webauthn:virtualAuthenticators: true}
Session ID: 4607dc9294a130d37c146f11be8d7273
*** Element info: {Using=partial link text, value=Admin}
[main] INFO Log -  The Expected Text of the OrangeHRM Application Loginpage is :- Invalid credentials
[main] INFO Log -  The Actual Text of the OrangeHRM Application Loginpage is :- Invalid credentials
[main] INFO Log - Failed to Navigate to OrangeHRM Application HomePage - Pass 
[main] INFO Log - OrangeHRMApplicationURLAddress is Not Matched:-Pass 
[main] INFO Log - org.openqa.selenium.NoSuchElementException: no such element: Unable to locate element: {"method":"partial link text","selector":"Admin"}
  (Session info: chrome=121.0.6167.185)
For documentation on this error, please visit: https://www.seleniumhq.org/exceptions/no_such_element.html
Build info: version: '3.141.59', revision: 'e82be7d358', time: '2018-11-14T08:17:03'
System info: host: 'NAVEENPATEL', ip: '192.168.1.6', os.name: 'Windows 11', os.arch: 'amd64', os.version: '10.0', java.version: '17.0.5'
Driver info: org.openqa.selenium.chrome.ChromeDriver
Capabilities {acceptInsecureCerts: false, browserName: chrome, browserVersion: 121.0.6167.185, chrome: {chromedriverVersion: 121.0.6167.85 (3f98d690ad7e..., userDataDir: C:\Users\emmad\AppData\Loca...}, fedcm:accounts: true, goog:chromeOptions: {debuggerAddress: localhost:59221}, javascriptEnabled: true, networkConnectionEnabled: false, pageLoadStrategy: normal, platform: WINDOWS, platformName: WINDOWS, proxy: Proxy(), setWindowRect: true, strictFileInteractability: false, timeouts: {implicit: 0, pageLoad: 300000, script: 30000}, unhandledPromptBehavior: dismiss and notify, webauthn:extension:credBlob: true, webauthn:extension:largeBlob: true, webauthn:extension:minPinLength: true, webauthn:extension:prf: true, webauthn:virtualAuthenticators: true}
Session ID: 4607dc9294a130d37c146f11be8d7273
*** Element info: {Using=partial link text, value=Admin}
[main] INFO Log -  The Expected Text of the OrangeHRM Application Loginpage is :- Invalid credentials
[main] INFO Log -  The Actual Text of the OrangeHRM Application Loginpage is :- Invalid credentials
[main] INFO Log - Failed to Navigate to OrangeHRM Application HomePage - Pass 
[main] INFO Log - OrangeHRMApplicationURLAddress is Not Matched:-Pass 
[main] INFO Log - **** Chrome Browser Launched Successfully ********** 
[main] INFO Log -  Successfully Navigated to OrangeHRM Application LogIn Page 
[main] INFO Log -  The Expected Text of the WebElement LogIn Pannel is :- LOGIN Panel
[main] INFO Log -  The Actual Text of the WebElement LogIn Pannel is :- LOGIN Panel
[main] INFO Log -  LogIn Pannel Text Validation Successful - PASS
[main] INFO Log -  ************ Chrome Browser along with OrangeHRM Application Closed Successfully ********
[main] INFO Log - **** Chrome Browser Launched Successfully ********** 
[main] INFO Log -  Successfully Navigated to OrangeHRM Application LogIn Page 
[main] INFO Log -  OrangeHRM Applicaiton LogIn page Logo found - PASS 
[main] INFO Log -  ************ Chrome Browser along with OrangeHRM Application Closed Successfully ********
[main] INFO Log - **** Chrome Browser Launched Successfully ********** 
[main] INFO Log -  Successfully Navigated to OrangeHRM Application LogIn Page 
[main] INFO Log - org.openqa.selenium.NoSuchElementException: no such element: Unable to locate element: {"method":"partial link text","selector":"Admin"}
  (Session info: chrome=121.0.6167.185)
For documentation on this error, please visit: https://www.seleniumhq.org/exceptions/no_such_element.html
Build info: version: '3.141.59', revision: 'e82be7d358', time: '2018-11-14T08:17:03'
System info: host: 'NAVEENPATEL', ip: '192.168.1.6', os.name: 'Windows 11', os.arch: 'amd64', os.version: '10.0', java.version: '17.0.5'
Driver info: org.openqa.selenium.chrome.ChromeDriver
Capabilities {acceptInsecureCerts: false, browserName: chrome, browserVersion: 121.0.6167.185, chrome: {chromedriverVersion: 121.0.6167.85 (3f98d690ad7e..., userDataDir: C:\Users\emmad\AppData\Loca...}, fedcm:accounts: true, goog:chromeOptions: {debuggerAddress: localhost:59308}, javascriptEnabled: true, networkConnectionEnabled: false, pageLoadStrategy: normal, platform: WINDOWS, platformName: WINDOWS, proxy: Proxy(), setWindowRect: true, strictFileInteractability: false, timeouts: {implicit: 0, pageLoad: 300000, script: 30000}, unhandledPromptBehavior: dismiss and notify, webauthn:extension:credBlob: true, webauthn:extension:largeBlob: true, webauthn:extension:minPinLength: true, webauthn:extension:prf: true, webauthn:virtualAuthenticators: true}
Session ID: db88020a280acdd1e8cdefdaea826fde
*** Element info: {Using=partial link text, value=Admin}
[main] INFO Log -  The Expected Text of the OrangeHRM Application Loginpage is :- Invalid credentials
[main] INFO Log -  The Actual Text of the OrangeHRM Application Loginpage is :- Invalid credentials
[main] INFO Log - Failed to Navigate to OrangeHRM Application HomePage - Pass 
[main] INFO Log - OrangeHRMApplicationURLAddress is Not Matched:-Pass 
[main] INFO Log - org.openqa.selenium.NoSuchElementException: no such element: Unable to locate element: {"method":"partial link text","selector":"Admin"}
  (Session info: chrome=121.0.6167.185)
For documentation on this error, please visit: https://www.seleniumhq.org/exceptions/no_such_element.html
Build info: version: '3.141.59', revision: 'e82be7d358', time: '2018-11-14T08:17:03'
System info: host: 'NAVEENPATEL', ip: '192.168.1.6', os.name: 'Windows 11', os.arch: 'amd64', os.version: '10.0', java.version: '17.0.5'
Driver info: org.openqa.selenium.chrome.ChromeDriver
Capabilities {acceptInsecureCerts: false, browserName: chrome, browserVersion: 121.0.6167.185, chrome: {chromedriverVersion: 121.0.6167.85 (3f98d690ad7e..., userDataDir: C:\Users\emmad\AppData\Loca...}, fedcm:accounts: true, goog:chromeOptions: {debuggerAddress: localhost:59308}, javascriptEnabled: true, networkConnectionEnabled: false, pageLoadStrategy: normal, platform: WINDOWS, platformName: WINDOWS, proxy: Proxy(), setWindowRect: true, strictFileInteractability: false, timeouts: {implicit: 0, pageLoad: 300000, script: 30000}, unhandledPromptBehavior: dismiss and notify, webauthn:extension:credBlob: true, webauthn:extension:largeBlob: true, webauthn:extension:minPinLength: true, webauthn:extension:prf: true, webauthn:virtualAuthenticators: true}
Session ID: db88020a280acdd1e8cdefdaea826fde
*** Element info: {Using=partial link text, value=Admin}
[main] INFO Log -  The Expected Text of the OrangeHRM Application Loginpage is :- Invalid credentials
[main] INFO Log -  The Actual Text of the OrangeHRM Application Loginpage is :- Invalid credentials
[main] INFO Log - Failed to Navigate to OrangeHRM Application HomePage - Pass 
[main] INFO Log - OrangeHRMApplicationURLAddress is Not Matched:-Pass 
[main] INFO Log - org.openqa.selenium.NoSuchElementException: no such element: Unable to locate element: {"method":"partial link text","selector":"Admin"}
  (Session info: chrome=121.0.6167.185)
For documentation on this error, please visit: https://www.seleniumhq.org/exceptions/no_such_element.html
Build info: version: '3.141.59', revision: 'e82be7d358', time: '2018-11-14T08:17:03'
System info: host: 'NAVEENPATEL', ip: '192.168.1.6', os.name: 'Windows 11', os.arch: 'amd64', os.version: '10.0', java.version: '17.0.5'
Driver info: org.openqa.selenium.chrome.ChromeDriver
Capabilities {acceptInsecureCerts: false, browserName: chrome, browserVersion: 121.0.6167.185, chrome: {chromedriverVersion: 121.0.6167.85 (3f98d690ad7e..., userDataDir: C:\Users\emmad\AppData\Loca...}, fedcm:accounts: true, goog:chromeOptions: {debuggerAddress: localhost:59308}, javascriptEnabled: true, networkConnectionEnabled: false, pageLoadStrategy: normal, platform: WINDOWS, platformName: WINDOWS, proxy: Proxy(), setWindowRect: true, strictFileInteractability: false, timeouts: {implicit: 0, pageLoad: 300000, script: 30000}, unhandledPromptBehavior: dismiss and notify, webauthn:extension:credBlob: true, webauthn:extension:largeBlob: true, webauthn:extension:minPinLength: true, webauthn:extension:prf: true, webauthn:virtualAuthenticators: true}
Session ID: db88020a280acdd1e8cdefdaea826fde
*** Element info: {Using=partial link text, value=Admin}
[main] INFO Log -  The Expected Text of the OrangeHRM Application Loginpage is :- Invalid credentials
[main] INFO Log -  The Actual Text of the OrangeHRM Application Loginpage is :- Invalid credentials
[main] INFO Log - Failed to Navigate to OrangeHRM Application HomePage - Pass 
[main] INFO Log - OrangeHRMApplicationURLAddress is Not Matched:-Pass 
[main] INFO Log - org.openqa.selenium.NoSuchElementException: no such element: Unable to locate element: {"method":"partial link text","selector":"Admin"}
  (Session info: chrome=121.0.6167.185)
For documentation on this error, please visit: https://www.seleniumhq.org/exceptions/no_such_element.html
Build info: version: '3.141.59', revision: 'e82be7d358', time: '2018-11-14T08:17:03'
System info: host: 'NAVEENPATEL', ip: '192.168.1.6', os.name: 'Windows 11', os.arch: 'amd64', os.version: '10.0', java.version: '17.0.5'
Driver info: org.openqa.selenium.chrome.ChromeDriver
Capabilities {acceptInsecureCerts: false, browserName: chrome, browserVersion: 121.0.6167.185, chrome: {chromedriverVersion: 121.0.6167.85 (3f98d690ad7e..., userDataDir: C:\Users\emmad\AppData\Loca...}, fedcm:accounts: true, goog:chromeOptions: {debuggerAddress: localhost:59308}, javascriptEnabled: true, networkConnectionEnabled: false, pageLoadStrategy: normal, platform: WINDOWS, platformName: WINDOWS, proxy: Proxy(), setWindowRect: true, strictFileInteractability: false, timeouts: {implicit: 0, pageLoad: 300000, script: 30000}, unhandledPromptBehavior: dismiss and notify, webauthn:extension:credBlob: true, webauthn:extension:largeBlob: true, webauthn:extension:minPinLength: true, webauthn:extension:prf: true, webauthn:virtualAuthenticators: true}
Session ID: db88020a280acdd1e8cdefdaea826fde
*** Element info: {Using=partial link text, value=Admin}
[main] INFO Log -  The Expected Text of the OrangeHRM Application Loginpage is :- Invalid credentials
[main] INFO Log -  The Actual Text of the OrangeHRM Application Loginpage is :- Invalid credentials
[main] INFO Log - Failed to Navigate to OrangeHRM Application HomePage - Pass 
[main] INFO Log - OrangeHRMApplicationURLAddress is Not Matched:-Pass 
[main] INFO Log -  ************ Chrome Browser along with OrangeHRM Application Closed Successfully ********
[main] INFO Log - **** Chrome Browser Launched Successfully ********** 
[main] INFO Log -  Successfully Navigated to OrangeHRM Application LogIn Page 
[main] INFO Log -  The Expected Text of the WebElement LogIn Pannel is :- LOGIN Panel
[main] INFO Log -  The Actual Text of the WebElement LogIn Pannel is :- LOGIN Panel
[main] INFO Log -  LogIn Pannel Text Validation Successful - PASS
[main] INFO Log -  ************ Chrome Browser along with OrangeHRM Application Closed Successfully ********
[main] INFO Log - **** Chrome Browser Launched Successfully ********** 
[main] INFO Log -  Successfully Navigated to OrangeHRM Application LogIn Page 
[main] INFO Log -  OrangeHRM Applicaiton LogIn page Logo found - PASS 
[main] INFO Log -  ************ Chrome Browser along with OrangeHRM Application Closed Successfully ********
[main] INFO Log - **** Chrome Browser Launched Successfully ********** 
[main] INFO Log -  Successfully Navigated to OrangeHRM Application LogIn Page 
[main] INFO Log - org.openqa.selenium.NoSuchElementException: no such element: Unable to locate element: {"method":"partial link text","selector":"Admin"}
  (Session info: chrome=121.0.6167.185)
For documentation on this error, please visit: https://www.seleniumhq.org/exceptions/no_such_element.html
Build info: version: '3.141.59', revision: 'e82be7d358', time: '2018-11-14T08:17:03'
System info: host: 'NAVEENPATEL', ip: '192.168.1.6', os.name: 'Windows 11', os.arch: 'amd64', os.version: '10.0', java.version: '17.0.5'
Driver info: org.openqa.selenium.chrome.ChromeDriver
Capabilities {acceptInsecureCerts: false, browserName: chrome, browserVersion: 121.0.6167.185, chrome: {chromedriverVersion: 121.0.6167.85 (3f98d690ad7e..., userDataDir: C:\Users\emmad\AppData\Loca...}, fedcm:accounts: true, goog:chromeOptions: {debuggerAddress: localhost:59463}, javascriptEnabled: true, networkConnectionEnabled: false, pageLoadStrategy: normal, platform: WINDOWS, platformName: WINDOWS, proxy: Proxy(), setWindowRect: true, strictFileInteractability: false, timeouts: {implicit: 0, pageLoad: 300000, script: 30000}, unhandledPromptBehavior: dismiss and notify, webauthn:extension:credBlob: true, webauthn:extension:largeBlob: true, webauthn:extension:minPinLength: true, webauthn:extension:prf: true, webauthn:virtualAuthenticators: true}
Session ID: 664dfd58f87b516513d2fb8ac8a50501
*** Element info: {Using=partial link text, value=Admin}
[main] INFO Log -  The Expected Text of the OrangeHRM Application Loginpage is :- Invalid credentials
[main] INFO Log -  The Actual Text of the OrangeHRM Application Loginpage is :- Invalid credentials
[main] INFO Log - Failed to Navigate to OrangeHRM Application HomePage - Pass 
[main] INFO Log - OrangeHRMApplicationURLAddress is Not Matched:-Pass 
[main] INFO Log - org.openqa.selenium.NoSuchElementException: no such element: Unable to locate element: {"method":"partial link text","selector":"Admin"}
  (Session info: chrome=121.0.6167.185)
For documentation on this error, please visit: https://www.seleniumhq.org/exceptions/no_such_element.html
Build info: version: '3.141.59', revision: 'e82be7d358', time: '2018-11-14T08:17:03'
System info: host: 'NAVEENPATEL', ip: '192.168.1.6', os.name: 'Windows 11', os.arch: 'amd64', os.version: '10.0', java.version: '17.0.5'
Driver info: org.openqa.selenium.chrome.ChromeDriver
Capabilities {acceptInsecureCerts: false, browserName: chrome, browserVersion: 121.0.6167.185, chrome: {chromedriverVersion: 121.0.6167.85 (3f98d690ad7e..., userDataDir: C:\Users\emmad\AppData\Loca...}, fedcm:accounts: true, goog:chromeOptions: {debuggerAddress: localhost:59463}, javascriptEnabled: true, networkConnectionEnabled: false, pageLoadStrategy: normal, platform: WINDOWS, platformName: WINDOWS, proxy: Proxy(), setWindowRect: true, strictFileInteractability: false, timeouts: {implicit: 0, pageLoad: 300000, script: 30000}, unhandledPromptBehavior: dismiss and notify, webauthn:extension:credBlob: true, webauthn:extension:largeBlob: true, webauthn:extension:minPinLength: true, webauthn:extension:prf: true, webauthn:virtualAuthenticators: true}
Session ID: 664dfd58f87b516513d2fb8ac8a50501
*** Element info: {Using=partial link text, value=Admin}
[main] INFO Log -  The Expected Text of the OrangeHRM Application Loginpage is :- Invalid credentials
[main] INFO Log -  The Actual Text of the OrangeHRM Application Loginpage is :- Invalid credentials
[main] INFO Log - Failed to Navigate to OrangeHRM Application HomePage - Pass 
[main] INFO Log - OrangeHRMApplicationURLAddress is Not Matched:-Pass 
[main] INFO Log - org.openqa.selenium.NoSuchElementException: no such element: Unable to locate element: {"method":"partial link text","selector":"Admin"}
  (Session info: chrome=121.0.6167.185)
For documentation on this error, please visit: https://www.seleniumhq.org/exceptions/no_such_element.html
Build info: version: '3.141.59', revision: 'e82be7d358', time: '2018-11-14T08:17:03'
System info: host: 'NAVEENPATEL', ip: '192.168.1.6', os.name: 'Windows 11', os.arch: 'amd64', os.version: '10.0', java.version: '17.0.5'
Driver info: org.openqa.selenium.chrome.ChromeDriver
Capabilities {acceptInsecureCerts: false, browserName: chrome, browserVersion: 121.0.6167.185, chrome: {chromedriverVersion: 121.0.6167.85 (3f98d690ad7e..., userDataDir: C:\Users\emmad\AppData\Loca...}, fedcm:accounts: true, goog:chromeOptions: {debuggerAddress: localhost:59463}, javascriptEnabled: true, networkConnectionEnabled: false, pageLoadStrategy: normal, platform: WINDOWS, platformName: WINDOWS, proxy: Proxy(), setWindowRect: true, strictFileInteractability: false, timeouts: {implicit: 0, pageLoad: 300000, script: 30000}, unhandledPromptBehavior: dismiss and notify, webauthn:extension:credBlob: true, webauthn:extension:largeBlob: true, webauthn:extension:minPinLength: true, webauthn:extension:prf: true, webauthn:virtualAuthenticators: true}
Session ID: 664dfd58f87b516513d2fb8ac8a50501
*** Element info: {Using=partial link text, value=Admin}
[main] INFO Log -  The Expected Text of the OrangeHRM Application Loginpage is :- Invalid credentials
[main] INFO Log -  The Actual Text of the OrangeHRM Application Loginpage is :- Invalid credentials
[main] INFO Log - Failed to Navigate to OrangeHRM Application HomePage - Pass 
[main] INFO Log - OrangeHRMApplicationURLAddress is Not Matched:-Pass 
[main] INFO Log - org.openqa.selenium.NoSuchElementException: no such element: Unable to locate element: {"method":"partial link text","selector":"Admin"}
  (Session info: chrome=121.0.6167.185)
For documentation on this error, please visit: https://www.seleniumhq.org/exceptions/no_such_element.html
Build info: version: '3.141.59', revision: 'e82be7d358', time: '2018-11-14T08:17:03'
System info: host: 'NAVEENPATEL', ip: '192.168.1.6', os.name: 'Windows 11', os.arch: 'amd64', os.version: '10.0', java.version: '17.0.5'
Driver info: org.openqa.selenium.chrome.ChromeDriver
Capabilities {acceptInsecureCerts: false, browserName: chrome, browserVersion: 121.0.6167.185, chrome: {chromedriverVersion: 121.0.6167.85 (3f98d690ad7e..., userDataDir: C:\Users\emmad\AppData\Loca...}, fedcm:accounts: true, goog:chromeOptions: {debuggerAddress: localhost:59463}, javascriptEnabled: true, networkConnectionEnabled: false, pageLoadStrategy: normal, platform: WINDOWS, platformName: WINDOWS, proxy: Proxy(), setWindowRect: true, strictFileInteractability: false, timeouts: {implicit: 0, pageLoad: 300000, script: 30000}, unhandledPromptBehavior: dismiss and notify, webauthn:extension:credBlob: true, webauthn:extension:largeBlob: true, webauthn:extension:minPinLength: true, webauthn:extension:prf: true, webauthn:virtualAuthenticators: true}
Session ID: 664dfd58f87b516513d2fb8ac8a50501
*** Element info: {Using=partial link text, value=Admin}
[main] INFO Log -  The Expected Text of the OrangeHRM Application Loginpage is :- Invalid credentials
[main] INFO Log -  The Actual Text of the OrangeHRM Application Loginpage is :- Invalid credentials
[main] INFO Log - Failed to Navigate to OrangeHRM Application HomePage - Pass 
[main] INFO Log - OrangeHRMApplicationURLAddress is Not Matched:-Pass 
[main] INFO Log -  ************ Chrome Browser along with OrangeHRM Application Closed Successfully ********
[main] INFO Log - **** Chrome Browser Launched Successfully ********** 
[main] INFO Log -  Successfully Navigated to OrangeHRM Application LogIn Page 
[main] INFO Log -  The Expected Text of the WebElement LogIn Pannel is :- LOGIN Panel
[main] INFO Log -  The Actual Text of the WebElement LogIn Pannel is :- LOGIN Panel
[main] INFO Log -  LogIn Pannel Text Validation Successful - PASS
[main] INFO Log -  ************ Chrome Browser along with OrangeHRM Application Closed Successfully ********
[main] INFO Log - **** Chrome Browser Launched Successfully ********** 
[main] INFO Log -  Successfully Navigated to OrangeHRM Application LogIn Page 
[main] INFO Log -  OrangeHRM Applicaiton LogIn page Logo found - PASS 
[main] INFO Log -  ************ Chrome Browser along with OrangeHRM Application Closed Successfully ********
[main] INFO Log - **** Chrome Browser Launched Successfully ********** 
[main] INFO Log -  Successfully Navigated to OrangeHRM Application LogIn Page 
[main] INFO Log - org.openqa.selenium.NoSuchElementException: no such element: Unable to locate element: {"method":"partial link text","selector":"Admin"}
  (Session info: chrome=121.0.6167.185)
For documentation on this error, please visit: https://www.seleniumhq.org/exceptions/no_such_element.html
Build info: version: '3.141.59', revision: 'e82be7d358', time: '2018-11-14T08:17:03'
System info: host: 'NAVEENPATEL', ip: '192.168.1.6', os.name: 'Windows 11', os.arch: 'amd64', os.version: '10.0', java.version: '17.0.5'
Driver info: org.openqa.selenium.chrome.ChromeDriver
Capabilities {acceptInsecureCerts: false, browserName: chrome, browserVersion: 121.0.6167.185, chrome: {chromedriverVersion: 121.0.6167.85 (3f98d690ad7e..., userDataDir: C:\Users\emmad\AppData\Loca...}, fedcm:accounts: true, goog:chromeOptions: {debuggerAddress: localhost:59570}, javascriptEnabled: true, networkConnectionEnabled: false, pageLoadStrategy: normal, platform: WINDOWS, platformName: WINDOWS, proxy: Proxy(), setWindowRect: true, strictFileInteractability: false, timeouts: {implicit: 0, pageLoad: 300000, script: 30000}, unhandledPromptBehavior: dismiss and notify, webauthn:extension:credBlob: true, webauthn:extension:largeBlob: true, webauthn:extension:minPinLength: true, webauthn:extension:prf: true, webauthn:virtualAuthenticators: true}
Session ID: 5ba2da9a859f422060cf96db72922674
*** Element info: {Using=partial link text, value=Admin}
[main] INFO Log -  The Expected Text of the OrangeHRM Application Loginpage is :- Invalid credentials
[main] INFO Log -  The Actual Text of the OrangeHRM Application Loginpage is :- Invalid credentials
[main] INFO Log - Failed to Navigate to OrangeHRM Application HomePage - Pass 
[main] INFO Log - OrangeHRMApplicationURLAddress is Not Matched:-Pass 
[main] INFO Log - org.openqa.selenium.NoSuchElementException: no such element: Unable to locate element: {"method":"partial link text","selector":"Admin"}
  (Session info: chrome=121.0.6167.185)
For documentation on this error, please visit: https://www.seleniumhq.org/exceptions/no_such_element.html
Build info: version: '3.141.59', revision: 'e82be7d358', time: '2018-11-14T08:17:03'
System info: host: 'NAVEENPATEL', ip: '192.168.1.6', os.name: 'Windows 11', os.arch: 'amd64', os.version: '10.0', java.version: '17.0.5'
Driver info: org.openqa.selenium.chrome.ChromeDriver
Capabilities {acceptInsecureCerts: false, browserName: chrome, browserVersion: 121.0.6167.185, chrome: {chromedriverVersion: 121.0.6167.85 (3f98d690ad7e..., userDataDir: C:\Users\emmad\AppData\Loca...}, fedcm:accounts: true, goog:chromeOptions: {debuggerAddress: localhost:59570}, javascriptEnabled: true, networkConnectionEnabled: false, pageLoadStrategy: normal, platform: WINDOWS, platformName: WINDOWS, proxy: Proxy(), setWindowRect: true, strictFileInteractability: false, timeouts: {implicit: 0, pageLoad: 300000, script: 30000}, unhandledPromptBehavior: dismiss and notify, webauthn:extension:credBlob: true, webauthn:extension:largeBlob: true, webauthn:extension:minPinLength: true, webauthn:extension:prf: true, webauthn:virtualAuthenticators: true}
Session ID: 5ba2da9a859f422060cf96db72922674
*** Element info: {Using=partial link text, value=Admin}
[main] INFO Log -  The Expected Text of the OrangeHRM Application Loginpage is :- Invalid credentials
[main] INFO Log -  The Actual Text of the OrangeHRM Application Loginpage is :- Invalid credentials
[main] INFO Log - Failed to Navigate to OrangeHRM Application HomePage - Pass 
[main] INFO Log - OrangeHRMApplicationURLAddress is Not Matched:-Pass 
[main] INFO Log - org.openqa.selenium.NoSuchElementException: no such element: Unable to locate element: {"method":"partial link text","selector":"Admin"}
  (Session info: chrome=121.0.6167.185)
For documentation on this error, please visit: https://www.seleniumhq.org/exceptions/no_such_element.html
Build info: version: '3.141.59', revision: 'e82be7d358', time: '2018-11-14T08:17:03'
System info: host: 'NAVEENPATEL', ip: '192.168.1.6', os.name: 'Windows 11', os.arch: 'amd64', os.version: '10.0', java.version: '17.0.5'
Driver info: org.openqa.selenium.chrome.ChromeDriver
Capabilities {acceptInsecureCerts: false, browserName: chrome, browserVersion: 121.0.6167.185, chrome: {chromedriverVersion: 121.0.6167.85 (3f98d690ad7e..., userDataDir: C:\Users\emmad\AppData\Loca...}, fedcm:accounts: true, goog:chromeOptions: {debuggerAddress: localhost:59570}, javascriptEnabled: true, networkConnectionEnabled: false, pageLoadStrategy: normal, platform: WINDOWS, platformName: WINDOWS, proxy: Proxy(), setWindowRect: true, strictFileInteractability: false, timeouts: {implicit: 0, pageLoad: 300000, script: 30000}, unhandledPromptBehavior: dismiss and notify, webauthn:extension:credBlob: true, webauthn:extension:largeBlob: true, webauthn:extension:minPinLength: true, webauthn:extension:prf: true, webauthn:virtualAuthenticators: true}
Session ID: 5ba2da9a859f422060cf96db72922674
*** Element info: {Using=partial link text, value=Admin}
[main] INFO Log -  The Expected Text of the OrangeHRM Application Loginpage is :- Invalid credentials
[main] INFO Log -  The Actual Text of the OrangeHRM Application Loginpage is :- Invalid credentials
[main] INFO Log - Failed to Navigate to OrangeHRM Application HomePage - Pass 
[main] INFO Log - OrangeHRMApplicationURLAddress is Not Matched:-Pass 
[main] INFO Log - org.openqa.selenium.NoSuchElementException: no such element: Unable to locate element: {"method":"partial link text","selector":"Admin"}
  (Session info: chrome=121.0.6167.185)
For documentation on this error, please visit: https://www.seleniumhq.org/exceptions/no_such_element.html
Build info: version: '3.141.59', revision: 'e82be7d358', time: '2018-11-14T08:17:03'
System info: host: 'NAVEENPATEL', ip: '192.168.1.6', os.name: 'Windows 11', os.arch: 'amd64', os.version: '10.0', java.version: '17.0.5'
Driver info: org.openqa.selenium.chrome.ChromeDriver
Capabilities {acceptInsecureCerts: false, browserName: chrome, browserVersion: 121.0.6167.185, chrome: {chromedriverVersion: 121.0.6167.85 (3f98d690ad7e..., userDataDir: C:\Users\emmad\AppData\Loca...}, fedcm:accounts: true, goog:chromeOptions: {debuggerAddress: localhost:59570}, javascriptEnabled: true, networkConnectionEnabled: false, pageLoadStrategy: normal, platform: WINDOWS, platformName: WINDOWS, proxy: Proxy(), setWindowRect: true, strictFileInteractability: false, timeouts: {implicit: 0, pageLoad: 300000, script: 30000}, unhandledPromptBehavior: dismiss and notify, webauthn:extension:credBlob: true, webauthn:extension:largeBlob: true, webauthn:extension:minPinLength: true, webauthn:extension:prf: true, webauthn:virtualAuthenticators: true}
Session ID: 5ba2da9a859f422060cf96db72922674
*** Element info: {Using=partial link text, value=Admin}
[main] INFO Log -  The Expected Text of the OrangeHRM Application Loginpage is :- Invalid credentials
[main] INFO Log -  The Actual Text of the OrangeHRM Application Loginpage is :- Invalid credentials
[main] INFO Log - Failed to Navigate to OrangeHRM Application HomePage - Pass 
[main] INFO Log - OrangeHRMApplicationURLAddress is Not Matched:-Pass 
[main] INFO Log -  ************ Chrome Browser along with OrangeHRM Application Closed Successfully ********
[main] INFO Log - **** Chrome Browser Launched Successfully ********** 
[main] INFO Log -  Successfully Navigated to OrangeHRM Application LogIn Page 
[main] INFO Log -  The Expected Text of the WebElement LogIn Pannel is :- LOGIN Panel
[main] INFO Log -  The Actual Text of the WebElement LogIn Pannel is :- LOGIN Panel
[main] INFO Log -  LogIn Pannel Text Validation Successful - PASS
[main] INFO Log -  ************ Chrome Browser along with OrangeHRM Application Closed Successfully ********
[main] INFO Log - **** Chrome Browser Launched Successfully ********** 
[main] INFO Log -  Successfully Navigated to OrangeHRM Application LogIn Page 
[main] INFO Log -  OrangeHRM Applicaiton LogIn page Logo found - PASS 
[main] INFO Log -  ************ Chrome Browser along with OrangeHRM Application Closed Successfully ********
[main] INFO Log - **** Chrome Browser Launched Successfully ********** 
[main] INFO Log -  Successfully Navigated to OrangeHRM Application LogIn Page 
[main] INFO Log - org.openqa.selenium.NoSuchElementException: no such element: Unable to locate element: {"method":"partial link text","selector":"Admin"}
  (Session info: chrome=121.0.6167.185)
For documentation on this error, please visit: https://www.seleniumhq.org/exceptions/no_such_element.html
Build info: version: '3.141.59', revision: 'e82be7d358', time: '2018-11-14T08:17:03'
System info: host: 'NAVEENPATEL', ip: '192.168.1.6', os.name: 'Windows 11', os.arch: 'amd64', os.version: '10.0', java.version: '17.0.5'
Driver info: org.openqa.selenium.chrome.ChromeDriver
Capabilities {acceptInsecureCerts: false, browserName: chrome, browserVersion: 121.0.6167.185, chrome: {chromedriverVersion: 121.0.6167.85 (3f98d690ad7e..., userDataDir: C:\Users\emmad\AppData\Loca...}, fedcm:accounts: true, goog:chromeOptions: {debuggerAddress: localhost:59698}, javascriptEnabled: true, networkConnectionEnabled: false, pageLoadStrategy: normal, platform: WINDOWS, platformName: WINDOWS, proxy: Proxy(), setWindowRect: true, strictFileInteractability: false, timeouts: {implicit: 0, pageLoad: 300000, script: 30000}, unhandledPromptBehavior: dismiss and notify, webauthn:extension:credBlob: true, webauthn:extension:largeBlob: true, webauthn:extension:minPinLength: true, webauthn:extension:prf: true, webauthn:virtualAuthenticators: true}
Session ID: ef025ec0ad262ec054990054c2e082c1
*** Element info: {Using=partial link text, value=Admin}
[main] INFO Log -  The Expected Text of the OrangeHRM Application Loginpage is :- Invalid credentials
[main] INFO Log -  The Actual Text of the OrangeHRM Application Loginpage is :- Invalid credentials
[main] INFO Log - Failed to Navigate to OrangeHRM Application HomePage - Pass 
[main] INFO Log - OrangeHRMApplicationURLAddress is Not Matched:-Pass 
[main] INFO Log - org.openqa.selenium.NoSuchElementException: no such element: Unable to locate element: {"method":"partial link text","selector":"Admin"}
  (Session info: chrome=121.0.6167.185)
For documentation on this error, please visit: https://www.seleniumhq.org/exceptions/no_such_element.html
Build info: version: '3.141.59', revision: 'e82be7d358', time: '2018-11-14T08:17:03'
System info: host: 'NAVEENPATEL', ip: '192.168.1.6', os.name: 'Windows 11', os.arch: 'amd64', os.version: '10.0', java.version: '17.0.5'
Driver info: org.openqa.selenium.chrome.ChromeDriver
Capabilities {acceptInsecureCerts: false, browserName: chrome, browserVersion: 121.0.6167.185, chrome: {chromedriverVersion: 121.0.6167.85 (3f98d690ad7e..., userDataDir: C:\Users\emmad\AppData\Loca...}, fedcm:accounts: true, goog:chromeOptions: {debuggerAddress: localhost:59698}, javascriptEnabled: true, networkConnectionEnabled: false, pageLoadStrategy: normal, platform: WINDOWS, platformName: WINDOWS, proxy: Proxy(), setWindowRect: true, strictFileInteractability: false, timeouts: {implicit: 0, pageLoad: 300000, script: 30000}, unhandledPromptBehavior: dismiss and notify, webauthn:extension:credBlob: true, webauthn:extension:largeBlob: true, webauthn:extension:minPinLength: true, webauthn:extension:prf: true, webauthn:virtualAuthenticators: true}
Session ID: ef025ec0ad262ec054990054c2e082c1
*** Element info: {Using=partial link text, value=Admin}
[main] INFO Log -  The Expected Text of the OrangeHRM Application Loginpage is :- Invalid credentials
[main] INFO Log -  The Actual Text of the OrangeHRM Application Loginpage is :- Invalid credentials
[main] INFO Log - Failed to Navigate to OrangeHRM Application HomePage - Pass 
[main] INFO Log - OrangeHRMApplicationURLAddress is Not Matched:-Pass 
[main] INFO Log - org.openqa.selenium.NoSuchElementException: no such element: Unable to locate element: {"method":"partial link text","selector":"Admin"}
  (Session info: chrome=121.0.6167.185)
For documentation on this error, please visit: https://www.seleniumhq.org/exceptions/no_such_element.html
Build info: version: '3.141.59', revision: 'e82be7d358', time: '2018-11-14T08:17:03'
System info: host: 'NAVEENPATEL', ip: '192.168.1.6', os.name: 'Windows 11', os.arch: 'amd64', os.version: '10.0', java.version: '17.0.5'
Driver info: org.openqa.selenium.chrome.ChromeDriver
Capabilities {acceptInsecureCerts: false, browserName: chrome, browserVersion: 121.0.6167.185, chrome: {chromedriverVersion: 121.0.6167.85 (3f98d690ad7e..., userDataDir: C:\Users\emmad\AppData\Loca...}, fedcm:accounts: true, goog:chromeOptions: {debuggerAddress: localhost:59698}, javascriptEnabled: true, networkConnectionEnabled: false, pageLoadStrategy: normal, platform: WINDOWS, platformName: WINDOWS, proxy: Proxy(), setWindowRect: true, strictFileInteractability: false, timeouts: {implicit: 0, pageLoad: 300000, script: 30000}, unhandledPromptBehavior: dismiss and notify, webauthn:extension:credBlob: true, webauthn:extension:largeBlob: true, webauthn:extension:minPinLength: true, webauthn:extension:prf: true, webauthn:virtualAuthenticators: true}
Session ID: ef025ec0ad262ec054990054c2e082c1
*** Element info: {Using=partial link text, value=Admin}
[main] INFO Log -  The Expected Text of the OrangeHRM Application Loginpage is :- Invalid credentials
[main] INFO Log -  The Actual Text of the OrangeHRM Application Loginpage is :- Invalid credentials
[main] INFO Log - Failed to Navigate to OrangeHRM Application HomePage - Pass 
[main] INFO Log - OrangeHRMApplicationURLAddress is Not Matched:-Pass 
[main] INFO Log - org.openqa.selenium.NoSuchElementException: no such element: Unable to locate element: {"method":"partial link text","selector":"Admin"}
  (Session info: chrome=121.0.6167.185)
For documentation on this error, please visit: https://www.seleniumhq.org/exceptions/no_such_element.html
Build info: version: '3.141.59', revision: 'e82be7d358', time: '2018-11-14T08:17:03'
System info: host: 'NAVEENPATEL', ip: '192.168.1.6', os.name: 'Windows 11', os.arch: 'amd64', os.version: '10.0', java.version: '17.0.5'
Driver info: org.openqa.selenium.chrome.ChromeDriver
Capabilities {acceptInsecureCerts: false, browserName: chrome, browserVersion: 121.0.6167.185, chrome: {chromedriverVersion: 121.0.6167.85 (3f98d690ad7e..., userDataDir: C:\Users\emmad\AppData\Loca...}, fedcm:accounts: true, goog:chromeOptions: {debuggerAddress: localhost:59698}, javascriptEnabled: true, networkConnectionEnabled: false, pageLoadStrategy: normal, platform: WINDOWS, platformName: WINDOWS, proxy: Proxy(), setWindowRect: true, strictFileInteractability: false, timeouts: {implicit: 0, pageLoad: 300000, script: 30000}, unhandledPromptBehavior: dismiss and notify, webauthn:extension:credBlob: true, webauthn:extension:largeBlob: true, webauthn:extension:minPinLength: true, webauthn:extension:prf: true, webauthn:virtualAuthenticators: true}
Session ID: ef025ec0ad262ec054990054c2e082c1
*** Element info: {Using=partial link text, value=Admin}
[main] INFO Log -  The Expected Text of the OrangeHRM Application Loginpage is :- Invalid credentials
[main] INFO Log -  The Actual Text of the OrangeHRM Application Loginpage is :- Invalid credentials
[main] INFO Log - Failed to Navigate to OrangeHRM Application HomePage - Pass 
[main] INFO Log - OrangeHRMApplicationURLAddress is Not Matched:-Pass 
[main] INFO Log -  ************ Chrome Browser along with OrangeHRM Application Closed Successfully ********
[main] INFO Log - **** Chrome Browser Launched Successfully ********** 
[main] INFO Log -  Successfully Navigated to OrangeHRM Application LogIn Page 
[main] INFO Log -  The Expected Text of the WebElement LogIn Pannel is :- LOGIN Panel
[main] INFO Log -  The Actual Text of the WebElement LogIn Pannel is :- LOGIN Panel
[main] INFO Log -  LogIn Pannel Text Validation Successful - PASS
[main] INFO Log -  ************ Chrome Browser along with OrangeHRM Application Closed Successfully ********
[main] INFO Log - **** Chrome Browser Launched Successfully ********** 
[main] INFO Log -  Successfully Navigated to OrangeHRM Application LogIn Page 
[main] INFO Log -  OrangeHRM Applicaiton LogIn page Logo found - PASS 
[main] INFO Log -  ************ Chrome Browser along with OrangeHRM Application Closed Successfully ********
[main] INFO Log - **** Chrome Browser Launched Successfully ********** 
[main] INFO Log -  Successfully Navigated to OrangeHRM Application LogIn Page 
[main] INFO Log - org.openqa.selenium.NoSuchElementException: no such element: Unable to locate element: {"method":"partial link text","selector":"Admin"}
  (Session info: chrome=121.0.6167.185)
For documentation on this error, please visit: https://www.seleniumhq.org/exceptions/no_such_element.html
Build info: version: '3.141.59', revision: 'e82be7d358', time: '2018-11-14T08:17:03'
System info: host: 'NAVEENPATEL', ip: '192.168.1.6', os.name: 'Windows 11', os.arch: 'amd64', os.version: '10.0', java.version: '17.0.5'
Driver info: org.openqa.selenium.chrome.ChromeDriver
Capabilities {acceptInsecureCerts: false, browserName: chrome, browserVersion: 121.0.6167.185, chrome: {chromedriverVersion: 121.0.6167.85 (3f98d690ad7e..., userDataDir: C:\Users\emmad\AppData\Loca...}, fedcm:accounts: true, goog:chromeOptions: {debuggerAddress: localhost:59823}, javascriptEnabled: true, networkConnectionEnabled: false, pageLoadStrategy: normal, platform: WINDOWS, platformName: WINDOWS, proxy: Proxy(), setWindowRect: true, strictFileInteractability: false, timeouts: {implicit: 0, pageLoad: 300000, script: 30000}, unhandledPromptBehavior: dismiss and notify, webauthn:extension:credBlob: true, webauthn:extension:largeBlob: true, webauthn:extension:minPinLength: true, webauthn:extension:prf: true, webauthn:virtualAuthenticators: true}
Session ID: 786fb5efbcc06dad6434716f0db33a12
*** Element info: {Using=partial link text, value=Admin}
[main] INFO Log -  The Expected Text of the OrangeHRM Application Loginpage is :- Invalid credentials
[main] INFO Log -  The Actual Text of the OrangeHRM Application Loginpage is :- Invalid credentials
[main] INFO Log - Failed to Navigate to OrangeHRM Application HomePage - Pass 
[main] INFO Log - OrangeHRMApplicationURLAddress is Not Matched:-Pass 
[main] INFO Log - org.openqa.selenium.NoSuchElementException: no such element: Unable to locate element: {"method":"partial link text","selector":"Admin"}
  (Session info: chrome=121.0.6167.185)
For documentation on this error, please visit: https://www.seleniumhq.org/exceptions/no_such_element.html
Build info: version: '3.141.59', revision: 'e82be7d358', time: '2018-11-14T08:17:03'
System info: host: 'NAVEENPATEL', ip: '192.168.1.6', os.name: 'Windows 11', os.arch: 'amd64', os.version: '10.0', java.version: '17.0.5'
Driver info: org.openqa.selenium.chrome.ChromeDriver
Capabilities {acceptInsecureCerts: false, browserName: chrome, browserVersion: 121.0.6167.185, chrome: {chromedriverVersion: 121.0.6167.85 (3f98d690ad7e..., userDataDir: C:\Users\emmad\AppData\Loca...}, fedcm:accounts: true, goog:chromeOptions: {debuggerAddress: localhost:59823}, javascriptEnabled: true, networkConnectionEnabled: false, pageLoadStrategy: normal, platform: WINDOWS, platformName: WINDOWS, proxy: Proxy(), setWindowRect: true, strictFileInteractability: false, timeouts: {implicit: 0, pageLoad: 300000, script: 30000}, unhandledPromptBehavior: dismiss and notify, webauthn:extension:credBlob: true, webauthn:extension:largeBlob: true, webauthn:extension:minPinLength: true, webauthn:extension:prf: true, webauthn:virtualAuthenticators: true}
Session ID: 786fb5efbcc06dad6434716f0db33a12
*** Element info: {Using=partial link text, value=Admin}
[main] INFO Log -  The Expected Text of the OrangeHRM Application Loginpage is :- Invalid credentials
[main] INFO Log -  The Actual Text of the OrangeHRM Application Loginpage is :- Invalid credentials
[main] INFO Log - Failed to Navigate to OrangeHRM Application HomePage - Pass 
[main] INFO Log - OrangeHRMApplicationURLAddress is Not Matched:-Pass 
[main] INFO Log - org.openqa.selenium.NoSuchElementException: no such element: Unable to locate element: {"method":"partial link text","selector":"Admin"}
  (Session info: chrome=121.0.6167.185)
For documentation on this error, please visit: https://www.seleniumhq.org/exceptions/no_such_element.html
Build info: version: '3.141.59', revision: 'e82be7d358', time: '2018-11-14T08:17:03'
System info: host: 'NAVEENPATEL', ip: '192.168.1.6', os.name: 'Windows 11', os.arch: 'amd64', os.version: '10.0', java.version: '17.0.5'
Driver info: org.openqa.selenium.chrome.ChromeDriver
Capabilities {acceptInsecureCerts: false, browserName: chrome, browserVersion: 121.0.6167.185, chrome: {chromedriverVersion: 121.0.6167.85 (3f98d690ad7e..., userDataDir: C:\Users\emmad\AppData\Loca...}, fedcm:accounts: true, goog:chromeOptions: {debuggerAddress: localhost:59823}, javascriptEnabled: true, networkConnectionEnabled: false, pageLoadStrategy: normal, platform: WINDOWS, platformName: WINDOWS, proxy: Proxy(), setWindowRect: true, strictFileInteractability: false, timeouts: {implicit: 0, pageLoad: 300000, script: 30000}, unhandledPromptBehavior: dismiss and notify, webauthn:extension:credBlob: true, webauthn:extension:largeBlob: true, webauthn:extension:minPinLength: true, webauthn:extension:prf: true, webauthn:virtualAuthenticators: true}
Session ID: 786fb5efbcc06dad6434716f0db33a12
*** Element info: {Using=partial link text, value=Admin}
[main] INFO Log -  The Expected Text of the OrangeHRM Application Loginpage is :- Invalid credentials
[main] INFO Log -  The Actual Text of the OrangeHRM Application Loginpage is :- Invalid credentials
[main] INFO Log - Failed to Navigate to OrangeHRM Application HomePage - Pass 
[main] INFO Log - OrangeHRMApplicationURLAddress is Not Matched:-Pass 
[main] INFO Log - org.openqa.selenium.NoSuchElementException: no such element: Unable to locate element: {"method":"partial link text","selector":"Admin"}
  (Session info: chrome=121.0.6167.185)
For documentation on this error, please visit: https://www.seleniumhq.org/exceptions/no_such_element.html
Build info: version: '3.141.59', revision: 'e82be7d358', time: '2018-11-14T08:17:03'
System info: host: 'NAVEENPATEL', ip: '192.168.1.6', os.name: 'Windows 11', os.arch: 'amd64', os.version: '10.0', java.version: '17.0.5'
Driver info: org.openqa.selenium.chrome.ChromeDriver
Capabilities {acceptInsecureCerts: false, browserName: chrome, browserVersion: 121.0.6167.185, chrome: {chromedriverVersion: 121.0.6167.85 (3f98d690ad7e..., userDataDir: C:\Users\emmad\AppData\Loca...}, fedcm:accounts: true, goog:chromeOptions: {debuggerAddress: localhost:59823}, javascriptEnabled: true, networkConnectionEnabled: false, pageLoadStrategy: normal, platform: WINDOWS, platformName: WINDOWS, proxy: Proxy(), setWindowRect: true, strictFileInteractability: false, timeouts: {implicit: 0, pageLoad: 300000, script: 30000}, unhandledPromptBehavior: dismiss and notify, webauthn:extension:credBlob: true, webauthn:extension:largeBlob: true, webauthn:extension:minPinLength: true, webauthn:extension:prf: true, webauthn:virtualAuthenticators: true}
Session ID: 786fb5efbcc06dad6434716f0db33a12
*** Element info: {Using=partial link text, value=Admin}
[main] INFO Log -  The Expected Text of the OrangeHRM Application Loginpage is :- Invalid credentials
[main] INFO Log -  The Actual Text of the OrangeHRM Application Loginpage is :- Invalid credentials
[main] INFO Log - Failed to Navigate to OrangeHRM Application HomePage - Pass 
[main] INFO Log - OrangeHRMApplicationURLAddress is Not Matched:-Pass 
[main] INFO Log -  ************ Chrome Browser along with OrangeHRM Application Closed Successfully ********
[main] INFO Log - **** Chrome Browser Launched Successfully ********** 
[main] INFO Log -  Successfully Navigated to OrangeHRM Application LogIn Page 
[main] INFO Log -  The Expected Text of the WebElement LogIn Pannel is :- LOGIN Panel
[main] INFO Log -  The Actual Text of the WebElement LogIn Pannel is :- LOGIN Panel
[main] INFO Log -  LogIn Pannel Text Validation Successful - PASS
[main] INFO Log -  ************ Chrome Browser along with OrangeHRM Application Closed Successfully ********
[main] INFO Log - **** Chrome Browser Launched Successfully ********** 
[main] INFO Log -  Successfully Navigated to OrangeHRM Application LogIn Page 
[main] INFO Log -  OrangeHRM Applicaiton LogIn page Logo found - PASS 
[main] INFO Log -  ************ Chrome Browser along with OrangeHRM Application Closed Successfully ********
[main] INFO Log - **** Chrome Browser Launched Successfully ********** 
[main] INFO Log -  Successfully Navigated to OrangeHRM Application LogIn Page 
[main] INFO Log -  ************ Chrome Browser along with OrangeHRM Application Closed Successfully ********
[main] INFO Log - **** Chrome Browser Launched Successfully ********** 
[main] INFO Log -  Successfully Navigated to OrangeHRM Application LogIn Page 
[main] INFO Log -  The Expected Text of the WebElement LogIn Pannel is :- LOGIN Panel
[main] INFO Log -  The Actual Text of the WebElement LogIn Pannel is :- LOGIN Panel
[main] INFO Log -  LogIn Pannel Text Validation Successful - PASS
[main] INFO Log -  ************ Chrome Browser along with OrangeHRM Application Closed Successfully ********
[main] INFO Log - **** Chrome Browser Launched Successfully ********** 
[main] INFO Log -  Successfully Navigated to OrangeHRM Application LogIn Page 
[main] INFO Log -  OrangeHRM Applicaiton LogIn page Logo found - PASS 
[main] INFO Log -  ************ Chrome Browser along with OrangeHRM Application Closed Successfully ********
[main] INFO Log - **** Chrome Browser Launched Successfully ********** 
[main] INFO Log -  Successfully Navigated to OrangeHRM Application LogIn Page 
[main] INFO Log -  ************ Chrome Browser along with OrangeHRM Application Closed Successfully ********
[main] INFO Log - **** Chrome Browser Launched Successfully ********** 
[main] INFO Log -  Successfully Navigated to OrangeHRM Application LogIn Page 
[main] INFO Log -  The Expected Text of the WebElement LogIn Pannel is :- LOGIN Panel
[main] INFO Log -  The Actual Text of the WebElement LogIn Pannel is :- LOGIN Panel
[main] INFO Log -  LogIn Pannel Text Validation Successful - PASS
[main] INFO Log -  ************ Chrome Browser along with OrangeHRM Application Closed Successfully ********
[main] INFO Log - **** Chrome Browser Launched Successfully ********** 
[main] INFO Log -  Successfully Navigated to OrangeHRM Application LogIn Page 
[main] INFO Log -  OrangeHRM Applicaiton LogIn page Logo found - PASS 
[main] INFO Log -  ************ Chrome Browser along with OrangeHRM Application Closed Successfully ********
[main] INFO Log - **** Chrome Browser Launched Successfully ********** 
[main] INFO Log -  Successfully Navigated to OrangeHRM Application LogIn Page 
[main] INFO Log -  The Expected Text of the OrangeHRM Application HomePage is :- Welcome
[main] INFO Log -  The Actual Text of the OrangeHRM Application HomePage is :- Welcome Admin
[main] INFO Log -  Successfully Navigated to OrangeHRM Application HomePage - PASS 
[main] INFO Log - org.openqa.selenium.NoSuchElementException: no such element: Unable to locate element: {"method":"css selector","selector":"#spanMessage"}
  (Session info: chrome=121.0.6167.185)
For documentation on this error, please visit: https://www.seleniumhq.org/exceptions/no_such_element.html
Build info: version: '3.141.59', revision: 'e82be7d358', time: '2018-11-14T08:17:03'
System info: host: 'NAVEENPATEL', ip: '192.168.1.6', os.name: 'Windows 11', os.arch: 'amd64', os.version: '10.0', java.version: '17.0.5'
Driver info: org.openqa.selenium.chrome.ChromeDriver
Capabilities {acceptInsecureCerts: false, browserName: chrome, browserVersion: 121.0.6167.185, chrome: {chromedriverVersion: 121.0.6167.85 (3f98d690ad7e..., userDataDir: C:\Users\emmad\AppData\Loca...}, fedcm:accounts: true, goog:chromeOptions: {debuggerAddress: localhost:60153}, javascriptEnabled: true, networkConnectionEnabled: false, pageLoadStrategy: normal, platform: WINDOWS, platformName: WINDOWS, proxy: Proxy(), setWindowRect: true, strictFileInteractability: false, timeouts: {implicit: 0, pageLoad: 300000, script: 30000}, unhandledPromptBehavior: dismiss and notify, webauthn:extension:credBlob: true, webauthn:extension:largeBlob: true, webauthn:extension:minPinLength: true, webauthn:extension:prf: true, webauthn:virtualAuthenticators: true}
Session ID: 5699f257eaaaf8e1dc49cb5248fcbe34
*** Element info: {Using=id, value=spanMessage}
[main] INFO Log - org.openqa.selenium.NoSuchElementException: no such element: Unable to locate element: {"method":"partial link text","selector":"Admin"}
  (Session info: chrome=121.0.6167.185)
For documentation on this error, please visit: https://www.seleniumhq.org/exceptions/no_such_element.html
Build info: version: '3.141.59', revision: 'e82be7d358', time: '2018-11-14T08:17:03'
System info: host: 'NAVEENPATEL', ip: '192.168.1.6', os.name: 'Windows 11', os.arch: 'amd64', os.version: '10.0', java.version: '17.0.5'
Driver info: org.openqa.selenium.chrome.ChromeDriver
Capabilities {acceptInsecureCerts: false, browserName: chrome, browserVersion: 121.0.6167.185, chrome: {chromedriverVersion: 121.0.6167.85 (3f98d690ad7e..., userDataDir: C:\Users\emmad\AppData\Loca...}, fedcm:accounts: true, goog:chromeOptions: {debuggerAddress: localhost:60153}, javascriptEnabled: true, networkConnectionEnabled: false, pageLoadStrategy: normal, platform: WINDOWS, platformName: WINDOWS, proxy: Proxy(), setWindowRect: true, strictFileInteractability: false, timeouts: {implicit: 0, pageLoad: 300000, script: 30000}, unhandledPromptBehavior: dismiss and notify, webauthn:extension:credBlob: true, webauthn:extension:largeBlob: true, webauthn:extension:minPinLength: true, webauthn:extension:prf: true, webauthn:virtualAuthenticators: true}
Session ID: 5699f257eaaaf8e1dc49cb5248fcbe34
*** Element info: {Using=partial link text, value=Admin}
[main] INFO Log -  The Expected Text of the OrangeHRM Application Loginpage is :- Invalid credentials
[main] INFO Log -  The Actual Text of the OrangeHRM Application Loginpage is :- Invalid credentials
[main] INFO Log - Failed to Navigate to OrangeHRM Application HomePage - Pass 
[main] INFO Log - OrangeHRMApplicationURLAddress is Not Matched:-Pass 
[main] INFO Log - org.openqa.selenium.NoSuchElementException: no such element: Unable to locate element: {"method":"partial link text","selector":"Admin"}
  (Session info: chrome=121.0.6167.185)
For documentation on this error, please visit: https://www.seleniumhq.org/exceptions/no_such_element.html
Build info: version: '3.141.59', revision: 'e82be7d358', time: '2018-11-14T08:17:03'
System info: host: 'NAVEENPATEL', ip: '192.168.1.6', os.name: 'Windows 11', os.arch: 'amd64', os.version: '10.0', java.version: '17.0.5'
Driver info: org.openqa.selenium.chrome.ChromeDriver
Capabilities {acceptInsecureCerts: false, browserName: chrome, browserVersion: 121.0.6167.185, chrome: {chromedriverVersion: 121.0.6167.85 (3f98d690ad7e..., userDataDir: C:\Users\emmad\AppData\Loca...}, fedcm:accounts: true, goog:chromeOptions: {debuggerAddress: localhost:60153}, javascriptEnabled: true, networkConnectionEnabled: false, pageLoadStrategy: normal, platform: WINDOWS, platformName: WINDOWS, proxy: Proxy(), setWindowRect: true, strictFileInteractability: false, timeouts: {implicit: 0, pageLoad: 300000, script: 30000}, unhandledPromptBehavior: dismiss and notify, webauthn:extension:credBlob: true, webauthn:extension:largeBlob: true, webauthn:extension:minPinLength: true, webauthn:extension:prf: true, webauthn:virtualAuthenticators: true}
Session ID: 5699f257eaaaf8e1dc49cb5248fcbe34
*** Element info: {Using=partial link text, value=Admin}
[main] INFO Log -  The Expected Text of the OrangeHRM Application Loginpage is :- Invalid credentials
[main] INFO Log -  The Actual Text of the OrangeHRM Application Loginpage is :- Invalid credentials
[main] INFO Log - Failed to Navigate to OrangeHRM Application HomePage - Pass 
[main] INFO Log - OrangeHRMApplicationURLAddress is Not Matched:-Pass 
[main] INFO Log - org.openqa.selenium.NoSuchElementException: no such element: Unable to locate element: {"method":"partial link text","selector":"Admin"}
  (Session info: chrome=121.0.6167.185)
For documentation on this error, please visit: https://www.seleniumhq.org/exceptions/no_such_element.html
Build info: version: '3.141.59', revision: 'e82be7d358', time: '2018-11-14T08:17:03'
System info: host: 'NAVEENPATEL', ip: '192.168.1.6', os.name: 'Windows 11', os.arch: 'amd64', os.version: '10.0', java.version: '17.0.5'
Driver info: org.openqa.selenium.chrome.ChromeDriver
Capabilities {acceptInsecureCerts: false, browserName: chrome, browserVersion: 121.0.6167.185, chrome: {chromedriverVersion: 121.0.6167.85 (3f98d690ad7e..., userDataDir: C:\Users\emmad\AppData\Loca...}, fedcm:accounts: true, goog:chromeOptions: {debuggerAddress: localhost:60153}, javascriptEnabled: true, networkConnectionEnabled: false, pageLoadStrategy: normal, platform: WINDOWS, platformName: WINDOWS, proxy: Proxy(), setWindowRect: true, strictFileInteractability: false, timeouts: {implicit: 0, pageLoad: 300000, script: 30000}, unhandledPromptBehavior: dismiss and notify, webauthn:extension:credBlob: true, webauthn:extension:largeBlob: true, webauthn:extension:minPinLength: true, webauthn:extension:prf: true, webauthn:virtualAuthenticators: true}
Session ID: 5699f257eaaaf8e1dc49cb5248fcbe34
*** Element info: {Using=partial link text, value=Admin}
[main] INFO Log -  The Expected Text of the OrangeHRM Application Loginpage is :- Invalid credentials
[main] INFO Log -  The Actual Text of the OrangeHRM Application Loginpage is :- Invalid credentials
[main] INFO Log - Failed to Navigate to OrangeHRM Application HomePage - Pass 
[main] INFO Log - OrangeHRMApplicationURLAddress is Not Matched:-Pass 
[main] INFO Log -  ************ Chrome Browser along with OrangeHRM Application Closed Successfully ********
[main] INFO Log - **** Chrome Browser Launched Successfully ********** 
[main] INFO Log -  Successfully Navigated to OrangeHRM Application LogIn Page 
[main] INFO Log -  The Expected Text of the WebElement LogIn Pannel is :- LOGIN Panel
[main] INFO Log -  The Actual Text of the WebElement LogIn Pannel is :- LOGIN Panel
[main] INFO Log -  LogIn Pannel Text Validation Successful - PASS
[main] INFO Log -  ************ Chrome Browser along with OrangeHRM Application Closed Successfully ********
[main] INFO Log - **** Chrome Browser Launched Successfully ********** 
[main] INFO Log -  Successfully Navigated to OrangeHRM Application LogIn Page 
[main] INFO Log -  OrangeHRM Applicaiton LogIn page Logo found - PASS 
[main] INFO Log -  ************ Chrome Browser along with OrangeHRM Application Closed Successfully ********
[main] INFO Log - **** Chrome Browser Launched Successfully ********** 
[main] INFO Log -  Successfully Navigated to OrangeHRM Application LogIn Page 
[main] INFO Log -  The Expected Text of the OrangeHRM Application HomePage is :- Welcome
[main] INFO Log -  The Actual Text of the OrangeHRM Application HomePage is :- Welcome Admin
[main] INFO Log -  Successfully Navigated to OrangeHRM Application HomePage - PASS 
[main] INFO Log - org.openqa.selenium.NoSuchElementException: no such element: Unable to locate element: {"method":"css selector","selector":"#spanMessage"}
  (Session info: chrome=121.0.6167.185)
For documentation on this error, please visit: https://www.seleniumhq.org/exceptions/no_such_element.html
Build info: version: '3.141.59', revision: 'e82be7d358', time: '2018-11-14T08:17:03'
System info: host: 'NAVEENPATEL', ip: '192.168.1.6', os.name: 'Windows 11', os.arch: 'amd64', os.version: '10.0', java.version: '17.0.5'
Driver info: org.openqa.selenium.chrome.ChromeDriver
Capabilities {acceptInsecureCerts: false, browserName: chrome, browserVersion: 121.0.6167.185, chrome: {chromedriverVersion: 121.0.6167.85 (3f98d690ad7e..., userDataDir: C:\Users\emmad\AppData\Loca...}, fedcm:accounts: true, goog:chromeOptions: {debuggerAddress: localhost:60333}, javascriptEnabled: true, networkConnectionEnabled: false, pageLoadStrategy: normal, platform: WINDOWS, platformName: WINDOWS, proxy: Proxy(), setWindowRect: true, strictFileInteractability: false, timeouts: {implicit: 0, pageLoad: 300000, script: 30000}, unhandledPromptBehavior: dismiss and notify, webauthn:extension:credBlob: true, webauthn:extension:largeBlob: true, webauthn:extension:minPinLength: true, webauthn:extension:prf: true, webauthn:virtualAuthenticators: true}
Session ID: 7d0d2d4d95a21f22acca23a9568b5d59
*** Element info: {Using=id, value=spanMessage}
[main] INFO Log - org.openqa.selenium.NoSuchElementException: no such element: Unable to locate element: {"method":"partial link text","selector":"Admin"}
  (Session info: chrome=121.0.6167.185)
For documentation on this error, please visit: https://www.seleniumhq.org/exceptions/no_such_element.html
Build info: version: '3.141.59', revision: 'e82be7d358', time: '2018-11-14T08:17:03'
System info: host: 'NAVEENPATEL', ip: '192.168.1.6', os.name: 'Windows 11', os.arch: 'amd64', os.version: '10.0', java.version: '17.0.5'
Driver info: org.openqa.selenium.chrome.ChromeDriver
Capabilities {acceptInsecureCerts: false, browserName: chrome, browserVersion: 121.0.6167.185, chrome: {chromedriverVersion: 121.0.6167.85 (3f98d690ad7e..., userDataDir: C:\Users\emmad\AppData\Loca...}, fedcm:accounts: true, goog:chromeOptions: {debuggerAddress: localhost:60333}, javascriptEnabled: true, networkConnectionEnabled: false, pageLoadStrategy: normal, platform: WINDOWS, platformName: WINDOWS, proxy: Proxy(), setWindowRect: true, strictFileInteractability: false, timeouts: {implicit: 0, pageLoad: 300000, script: 30000}, unhandledPromptBehavior: dismiss and notify, webauthn:extension:credBlob: true, webauthn:extension:largeBlob: true, webauthn:extension:minPinLength: true, webauthn:extension:prf: true, webauthn:virtualAuthenticators: true}
Session ID: 7d0d2d4d95a21f22acca23a9568b5d59
*** Element info: {Using=partial link text, value=Admin}
[main] INFO Log - org.openqa.selenium.NoSuchElementException: no such element: Unable to locate element: {"method":"css selector","selector":"#spanMessage"}
  (Session info: chrome=121.0.6167.185)
For documentation on this error, please visit: https://www.seleniumhq.org/exceptions/no_such_element.html
Build info: version: '3.141.59', revision: 'e82be7d358', time: '2018-11-14T08:17:03'
System info: host: 'NAVEENPATEL', ip: '192.168.1.6', os.name: 'Windows 11', os.arch: 'amd64', os.version: '10.0', java.version: '17.0.5'
Driver info: org.openqa.selenium.chrome.ChromeDriver
Capabilities {acceptInsecureCerts: false, browserName: chrome, browserVersion: 121.0.6167.185, chrome: {chromedriverVersion: 121.0.6167.85 (3f98d690ad7e..., userDataDir: C:\Users\emmad\AppData\Loca...}, fedcm:accounts: true, goog:chromeOptions: {debuggerAddress: localhost:60333}, javascriptEnabled: true, networkConnectionEnabled: false, pageLoadStrategy: normal, platform: WINDOWS, platformName: WINDOWS, proxy: Proxy(), setWindowRect: true, strictFileInteractability: false, timeouts: {implicit: 0, pageLoad: 300000, script: 30000}, unhandledPromptBehavior: dismiss and notify, webauthn:extension:credBlob: true, webauthn:extension:largeBlob: true, webauthn:extension:minPinLength: true, webauthn:extension:prf: true, webauthn:virtualAuthenticators: true}
Session ID: 7d0d2d4d95a21f22acca23a9568b5d59
*** Element info: {Using=id, value=spanMessage}
[main] INFO Log - org.openqa.selenium.NoSuchElementException: no such element: Unable to locate element: {"method":"partial link text","selector":"Admin"}
  (Session info: chrome=121.0.6167.185)
For documentation on this error, please visit: https://www.seleniumhq.org/exceptions/no_such_element.html
Build info: version: '3.141.59', revision: 'e82be7d358', time: '2018-11-14T08:17:03'
System info: host: 'NAVEENPATEL', ip: '192.168.1.6', os.name: 'Windows 11', os.arch: 'amd64', os.version: '10.0', java.version: '17.0.5'
Driver info: org.openqa.selenium.chrome.ChromeDriver
Capabilities {acceptInsecureCerts: false, browserName: chrome, browserVersion: 121.0.6167.185, chrome: {chromedriverVersion: 121.0.6167.85 (3f98d690ad7e..., userDataDir: C:\Users\emmad\AppData\Loca...}, fedcm:accounts: true, goog:chromeOptions: {debuggerAddress: localhost:60333}, javascriptEnabled: true, networkConnectionEnabled: false, pageLoadStrategy: normal, platform: WINDOWS, platformName: WINDOWS, proxy: Proxy(), setWindowRect: true, strictFileInteractability: false, timeouts: {implicit: 0, pageLoad: 300000, script: 30000}, unhandledPromptBehavior: dismiss and notify, webauthn:extension:credBlob: true, webauthn:extension:largeBlob: true, webauthn:extension:minPinLength: true, webauthn:extension:prf: true, webauthn:virtualAuthenticators: true}
Session ID: 7d0d2d4d95a21f22acca23a9568b5d59
*** Element info: {Using=partial link text, value=Admin}
[main] INFO Log - org.openqa.selenium.NoSuchElementException: no such element: Unable to locate element: {"method":"css selector","selector":"#spanMessage"}
  (Session info: chrome=121.0.6167.185)
For documentation on this error, please visit: https://www.seleniumhq.org/exceptions/no_such_element.html
Build info: version: '3.141.59', revision: 'e82be7d358', time: '2018-11-14T08:17:03'
System info: host: 'NAVEENPATEL', ip: '192.168.1.6', os.name: 'Windows 11', os.arch: 'amd64', os.version: '10.0', java.version: '17.0.5'
Driver info: org.openqa.selenium.chrome.ChromeDriver
Capabilities {acceptInsecureCerts: false, browserName: chrome, browserVersion: 121.0.6167.185, chrome: {chromedriverVersion: 121.0.6167.85 (3f98d690ad7e..., userDataDir: C:\Users\emmad\AppData\Loca...}, fedcm:accounts: true, goog:chromeOptions: {debuggerAddress: localhost:60333}, javascriptEnabled: true, networkConnectionEnabled: false, pageLoadStrategy: normal, platform: WINDOWS, platformName: WINDOWS, proxy: Proxy(), setWindowRect: true, strictFileInteractability: false, timeouts: {implicit: 0, pageLoad: 300000, script: 30000}, unhandledPromptBehavior: dismiss and notify, webauthn:extension:credBlob: true, webauthn:extension:largeBlob: true, webauthn:extension:minPinLength: true, webauthn:extension:prf: true, webauthn:virtualAuthenticators: true}
Session ID: 7d0d2d4d95a21f22acca23a9568b5d59
*** Element info: {Using=id, value=spanMessage}
[main] INFO Log - org.openqa.selenium.NoSuchElementException: no such element: Unable to locate element: {"method":"partial link text","selector":"Admin"}
  (Session info: chrome=121.0.6167.185)
For documentation on this error, please visit: https://www.seleniumhq.org/exceptions/no_such_element.html
Build info: version: '3.141.59', revision: 'e82be7d358', time: '2018-11-14T08:17:03'
System info: host: 'NAVEENPATEL', ip: '192.168.1.6', os.name: 'Windows 11', os.arch: 'amd64', os.version: '10.0', java.version: '17.0.5'
Driver info: org.openqa.selenium.chrome.ChromeDriver
Capabilities {acceptInsecureCerts: false, browserName: chrome, browserVersion: 121.0.6167.185, chrome: {chromedriverVersion: 121.0.6167.85 (3f98d690ad7e..., userDataDir: C:\Users\emmad\AppData\Loca...}, fedcm:accounts: true, goog:chromeOptions: {debuggerAddress: localhost:60333}, javascriptEnabled: true, networkConnectionEnabled: false, pageLoadStrategy: normal, platform: WINDOWS, platformName: WINDOWS, proxy: Proxy(), setWindowRect: true, strictFileInteractability: false, timeouts: {implicit: 0, pageLoad: 300000, script: 30000}, unhandledPromptBehavior: dismiss and notify, webauthn:extension:credBlob: true, webauthn:extension:largeBlob: true, webauthn:extension:minPinLength: true, webauthn:extension:prf: true, webauthn:virtualAuthenticators: true}
Session ID: 7d0d2d4d95a21f22acca23a9568b5d59
*** Element info: {Using=partial link text, value=Admin}
[main] INFO Log - org.openqa.selenium.NoSuchElementException: no such element: Unable to locate element: {"method":"css selector","selector":"#spanMessage"}
  (Session info: chrome=121.0.6167.185)
For documentation on this error, please visit: https://www.seleniumhq.org/exceptions/no_such_element.html
Build info: version: '3.141.59', revision: 'e82be7d358', time: '2018-11-14T08:17:03'
System info: host: 'NAVEENPATEL', ip: '192.168.1.6', os.name: 'Windows 11', os.arch: 'amd64', os.version: '10.0', java.version: '17.0.5'
Driver info: org.openqa.selenium.chrome.ChromeDriver
Capabilities {acceptInsecureCerts: false, browserName: chrome, browserVersion: 121.0.6167.185, chrome: {chromedriverVersion: 121.0.6167.85 (3f98d690ad7e..., userDataDir: C:\Users\emmad\AppData\Loca...}, fedcm:accounts: true, goog:chromeOptions: {debuggerAddress: localhost:60333}, javascriptEnabled: true, networkConnectionEnabled: false, pageLoadStrategy: normal, platform: WINDOWS, platformName: WINDOWS, proxy: Proxy(), setWindowRect: true, strictFileInteractability: false, timeouts: {implicit: 0, pageLoad: 300000, script: 30000}, unhandledPromptBehavior: dismiss and notify, webauthn:extension:credBlob: true, webauthn:extension:largeBlob: true, webauthn:extension:minPinLength: true, webauthn:extension:prf: true, webauthn:virtualAuthenticators: true}
Session ID: 7d0d2d4d95a21f22acca23a9568b5d59
*** Element info: {Using=id, value=spanMessage}
[main] INFO Log - org.openqa.selenium.NoSuchElementException: no such element: Unable to locate element: {"method":"partial link text","selector":"Admin"}
  (Session info: chrome=121.0.6167.185)
For documentation on this error, please visit: https://www.seleniumhq.org/exceptions/no_such_element.html
Build info: version: '3.141.59', revision: 'e82be7d358', time: '2018-11-14T08:17:03'
System info: host: 'NAVEENPATEL', ip: '192.168.1.6', os.name: 'Windows 11', os.arch: 'amd64', os.version: '10.0', java.version: '17.0.5'
Driver info: org.openqa.selenium.chrome.ChromeDriver
Capabilities {acceptInsecureCerts: false, browserName: chrome, browserVersion: 121.0.6167.185, chrome: {chromedriverVersion: 121.0.6167.85 (3f98d690ad7e..., userDataDir: C:\Users\emmad\AppData\Loca...}, fedcm:accounts: true, goog:chromeOptions: {debuggerAddress: localhost:60333}, javascriptEnabled: true, networkConnectionEnabled: false, pageLoadStrategy: normal, platform: WINDOWS, platformName: WINDOWS, proxy: Proxy(), setWindowRect: true, strictFileInteractability: false, timeouts: {implicit: 0, pageLoad: 300000, script: 30000}, unhandledPromptBehavior: dismiss and notify, webauthn:extension:credBlob: true, webauthn:extension:largeBlob: true, webauthn:extension:minPinLength: true, webauthn:extension:prf: true, webauthn:virtualAuthenticators: true}
Session ID: 7d0d2d4d95a21f22acca23a9568b5d59
*** Element info: {Using=partial link text, value=Admin}
[main] INFO Log -  The Expected Text of the OrangeHRM Application Loginpage is :- Invalid credentials
[main] INFO Log -  The Actual Text of the OrangeHRM Application Loginpage is :- Invalid credentials
[main] INFO Log - Failed to Navigate to OrangeHRM Application HomePage - Pass 
[main] INFO Log - OrangeHRMApplicationURLAddress is Not Matched:-Pass 
[main] INFO Log - org.openqa.selenium.NoSuchElementException: no such element: Unable to locate element: {"method":"partial link text","selector":"Admin"}
  (Session info: chrome=121.0.6167.185)
For documentation on this error, please visit: https://www.seleniumhq.org/exceptions/no_such_element.html
Build info: version: '3.141.59', revision: 'e82be7d358', time: '2018-11-14T08:17:03'
System info: host: 'NAVEENPATEL', ip: '192.168.1.6', os.name: 'Windows 11', os.arch: 'amd64', os.version: '10.0', java.version: '17.0.5'
Driver info: org.openqa.selenium.chrome.ChromeDriver
Capabilities {acceptInsecureCerts: false, browserName: chrome, browserVersion: 121.0.6167.185, chrome: {chromedriverVersion: 121.0.6167.85 (3f98d690ad7e..., userDataDir: C:\Users\emmad\AppData\Loca...}, fedcm:accounts: true, goog:chromeOptions: {debuggerAddress: localhost:60333}, javascriptEnabled: true, networkConnectionEnabled: false, pageLoadStrategy: normal, platform: WINDOWS, platformName: WINDOWS, proxy: Proxy(), setWindowRect: true, strictFileInteractability: false, timeouts: {implicit: 0, pageLoad: 300000, script: 30000}, unhandledPromptBehavior: dismiss and notify, webauthn:extension:credBlob: true, webauthn:extension:largeBlob: true, webauthn:extension:minPinLength: true, webauthn:extension:prf: true, webauthn:virtualAuthenticators: true}
Session ID: 7d0d2d4d95a21f22acca23a9568b5d59
*** Element info: {Using=partial link text, value=Admin}
[main] INFO Log -  The Expected Text of the OrangeHRM Application Loginpage is :- Invalid credentials
[main] INFO Log -  The Actual Text of the OrangeHRM Application Loginpage is :- Invalid credentials
[main] INFO Log - Failed to Navigate to OrangeHRM Application HomePage - Pass 
[main] INFO Log - OrangeHRMApplicationURLAddress is Not Matched:-Pass 
[main] INFO Log - org.openqa.selenium.NoSuchElementException: no such element: Unable to locate element: {"method":"partial link text","selector":"Admin"}
  (Session info: chrome=121.0.6167.185)
For documentation on this error, please visit: https://www.seleniumhq.org/exceptions/no_such_element.html
Build info: version: '3.141.59', revision: 'e82be7d358', time: '2018-11-14T08:17:03'
System info: host: 'NAVEENPATEL', ip: '192.168.1.6', os.name: 'Windows 11', os.arch: 'amd64', os.version: '10.0', java.version: '17.0.5'
Driver info: org.openqa.selenium.chrome.ChromeDriver
Capabilities {acceptInsecureCerts: false, browserName: chrome, browserVersion: 121.0.6167.185, chrome: {chromedriverVersion: 121.0.6167.85 (3f98d690ad7e..., userDataDir: C:\Users\emmad\AppData\Loca...}, fedcm:accounts: true, goog:chromeOptions: {debuggerAddress: localhost:60333}, javascriptEnabled: true, networkConnectionEnabled: false, pageLoadStrategy: normal, platform: WINDOWS, platformName: WINDOWS, proxy: Proxy(), setWindowRect: true, strictFileInteractability: false, timeouts: {implicit: 0, pageLoad: 300000, script: 30000}, unhandledPromptBehavior: dismiss and notify, webauthn:extension:credBlob: true, webauthn:extension:largeBlob: true, webauthn:extension:minPinLength: true, webauthn:extension:prf: true, webauthn:virtualAuthenticators: true}
Session ID: 7d0d2d4d95a21f22acca23a9568b5d59
*** Element info: {Using=partial link text, value=Admin}
[main] INFO Log -  The Expected Text of the OrangeHRM Application Loginpage is :- Invalid credentials
[main] INFO Log -  The Actual Text of the OrangeHRM Application Loginpage is :- Invalid credentials
[main] INFO Log - Failed to Navigate to OrangeHRM Application HomePage - Pass 
[main] INFO Log - OrangeHRMApplicationURLAddress is Not Matched:-Pass 
[main] INFO Log - org.openqa.selenium.NoSuchElementException: no such element: Unable to locate element: {"method":"partial link text","selector":"Admin"}
  (Session info: chrome=121.0.6167.185)
For documentation on this error, please visit: https://www.seleniumhq.org/exceptions/no_such_element.html
Build info: version: '3.141.59', revision: 'e82be7d358', time: '2018-11-14T08:17:03'
System info: host: 'NAVEENPATEL', ip: '192.168.1.6', os.name: 'Windows 11', os.arch: 'amd64', os.version: '10.0', java.version: '17.0.5'
Driver info: org.openqa.selenium.chrome.ChromeDriver
Capabilities {acceptInsecureCerts: false, browserName: chrome, browserVersion: 121.0.6167.185, chrome: {chromedriverVersion: 121.0.6167.85 (3f98d690ad7e..., userDataDir: C:\Users\emmad\AppData\Loca...}, fedcm:accounts: true, goog:chromeOptions: {debuggerAddress: localhost:60333}, javascriptEnabled: true, networkConnectionEnabled: false, pageLoadStrategy: normal, platform: WINDOWS, platformName: WINDOWS, proxy: Proxy(), setWindowRect: true, strictFileInteractability: false, timeouts: {implicit: 0, pageLoad: 300000, script: 30000}, unhandledPromptBehavior: dismiss and notify, webauthn:extension:credBlob: true, webauthn:extension:largeBlob: true, webauthn:extension:minPinLength: true, webauthn:extension:prf: true, webauthn:virtualAuthenticators: true}
Session ID: 7d0d2d4d95a21f22acca23a9568b5d59
*** Element info: {Using=partial link text, value=Admin}
[main] INFO Log -  The Expected Text of the OrangeHRM Application Loginpage is :- Invalid credentials
[main] INFO Log -  The Actual Text of the OrangeHRM Application Loginpage is :- Invalid credentials
[main] INFO Log - Failed to Navigate to OrangeHRM Application HomePage - Pass 
[main] INFO Log - OrangeHRMApplicationURLAddress is Not Matched:-Pass 
[main] INFO Log - org.openqa.selenium.NoSuchElementException: no such element: Unable to locate element: {"method":"partial link text","selector":"Admin"}
  (Session info: chrome=121.0.6167.185)
For documentation on this error, please visit: https://www.seleniumhq.org/exceptions/no_such_element.html
Build info: version: '3.141.59', revision: 'e82be7d358', time: '2018-11-14T08:17:03'
System info: host: 'NAVEENPATEL', ip: '192.168.1.6', os.name: 'Windows 11', os.arch: 'amd64', os.version: '10.0', java.version: '17.0.5'
Driver info: org.openqa.selenium.chrome.ChromeDriver
Capabilities {acceptInsecureCerts: false, browserName: chrome, browserVersion: 121.0.6167.185, chrome: {chromedriverVersion: 121.0.6167.85 (3f98d690ad7e..., userDataDir: C:\Users\emmad\AppData\Loca...}, fedcm:accounts: true, goog:chromeOptions: {debuggerAddress: localhost:60333}, javascriptEnabled: true, networkConnectionEnabled: false, pageLoadStrategy: normal, platform: WINDOWS, platformName: WINDOWS, proxy: Proxy(), setWindowRect: true, strictFileInteractability: false, timeouts: {implicit: 0, pageLoad: 300000, script: 30000}, unhandledPromptBehavior: dismiss and notify, webauthn:extension:credBlob: true, webauthn:extension:largeBlob: true, webauthn:extension:minPinLength: true, webauthn:extension:prf: true, webauthn:virtualAuthenticators: true}
Session ID: 7d0d2d4d95a21f22acca23a9568b5d59
*** Element info: {Using=partial link text, value=Admin}
[main] INFO Log -  The Expected Text of the OrangeHRM Application Loginpage is :- Invalid credentials
[main] INFO Log -  The Actual Text of the OrangeHRM Application Loginpage is :- Invalid credentials
[main] INFO Log - Failed to Navigate to OrangeHRM Application HomePage - Pass 
[main] INFO Log - OrangeHRMApplicationURLAddress is Not Matched:-Pass 
[main] INFO Log - org.openqa.selenium.NoSuchElementException: no such element: Unable to locate element: {"method":"partial link text","selector":"Admin"}
  (Session info: chrome=121.0.6167.185)
For documentation on this error, please visit: https://www.seleniumhq.org/exceptions/no_such_element.html
Build info: version: '3.141.59', revision: 'e82be7d358', time: '2018-11-14T08:17:03'
System info: host: 'NAVEENPATEL', ip: '192.168.1.6', os.name: 'Windows 11', os.arch: 'amd64', os.version: '10.0', java.version: '17.0.5'
Driver info: org.openqa.selenium.chrome.ChromeDriver
Capabilities {acceptInsecureCerts: false, browserName: chrome, browserVersion: 121.0.6167.185, chrome: {chromedriverVersion: 121.0.6167.85 (3f98d690ad7e..., userDataDir: C:\Users\emmad\AppData\Loca...}, fedcm:accounts: true, goog:chromeOptions: {debuggerAddress: localhost:60333}, javascriptEnabled: true, networkConnectionEnabled: false, pageLoadStrategy: normal, platform: WINDOWS, platformName: WINDOWS, proxy: Proxy(), setWindowRect: true, strictFileInteractability: false, timeouts: {implicit: 0, pageLoad: 300000, script: 30000}, unhandledPromptBehavior: dismiss and notify, webauthn:extension:credBlob: true, webauthn:extension:largeBlob: true, webauthn:extension:minPinLength: true, webauthn:extension:prf: true, webauthn:virtualAuthenticators: true}
Session ID: 7d0d2d4d95a21f22acca23a9568b5d59
*** Element info: {Using=partial link text, value=Admin}
[main] INFO Log -  The Expected Text of the OrangeHRM Application Loginpage is :- Invalid credentials
[main] INFO Log -  The Actual Text of the OrangeHRM Application Loginpage is :- Invalid credentials
[main] INFO Log - Failed to Navigate to OrangeHRM Application HomePage - Pass 
[main] INFO Log - OrangeHRMApplicationURLAddress is Not Matched:-Pass 
[main] INFO Log - org.openqa.selenium.NoSuchElementException: no such element: Unable to locate element: {"method":"partial link text","selector":"Admin"}
  (Session info: chrome=121.0.6167.185)
For documentation on this error, please visit: https://www.seleniumhq.org/exceptions/no_such_element.html
Build info: version: '3.141.59', revision: 'e82be7d358', time: '2018-11-14T08:17:03'
System info: host: 'NAVEENPATEL', ip: '192.168.1.6', os.name: 'Windows 11', os.arch: 'amd64', os.version: '10.0', java.version: '17.0.5'
Driver info: org.openqa.selenium.chrome.ChromeDriver
Capabilities {acceptInsecureCerts: false, browserName: chrome, browserVersion: 121.0.6167.185, chrome: {chromedriverVersion: 121.0.6167.85 (3f98d690ad7e..., userDataDir: C:\Users\emmad\AppData\Loca...}, fedcm:accounts: true, goog:chromeOptions: {debuggerAddress: localhost:60333}, javascriptEnabled: true, networkConnectionEnabled: false, pageLoadStrategy: normal, platform: WINDOWS, platformName: WINDOWS, proxy: Proxy(), setWindowRect: true, strictFileInteractability: false, timeouts: {implicit: 0, pageLoad: 300000, script: 30000}, unhandledPromptBehavior: dismiss and notify, webauthn:extension:credBlob: true, webauthn:extension:largeBlob: true, webauthn:extension:minPinLength: true, webauthn:extension:prf: true, webauthn:virtualAuthenticators: true}
Session ID: 7d0d2d4d95a21f22acca23a9568b5d59
*** Element info: {Using=partial link text, value=Admin}
[main] INFO Log -  The Expected Text of the OrangeHRM Application Loginpage is :- Invalid credentials
[main] INFO Log -  The Actual Text of the OrangeHRM Application Loginpage is :- Invalid credentials
[main] INFO Log - Failed to Navigate to OrangeHRM Application HomePage - Pass 
[main] INFO Log - OrangeHRMApplicationURLAddress is Not Matched:-Pass 
[main] INFO Log - org.openqa.selenium.NoSuchElementException: no such element: Unable to locate element: {"method":"partial link text","selector":"Admin"}
  (Session info: chrome=121.0.6167.185)
For documentation on this error, please visit: https://www.seleniumhq.org/exceptions/no_such_element.html
Build info: version: '3.141.59', revision: 'e82be7d358', time: '2018-11-14T08:17:03'
System info: host: 'NAVEENPATEL', ip: '192.168.1.6', os.name: 'Windows 11', os.arch: 'amd64', os.version: '10.0', java.version: '17.0.5'
Driver info: org.openqa.selenium.chrome.ChromeDriver
Capabilities {acceptInsecureCerts: false, browserName: chrome, browserVersion: 121.0.6167.185, chrome: {chromedriverVersion: 121.0.6167.85 (3f98d690ad7e..., userDataDir: C:\Users\emmad\AppData\Loca...}, fedcm:accounts: true, goog:chromeOptions: {debuggerAddress: localhost:60333}, javascriptEnabled: true, networkConnectionEnabled: false, pageLoadStrategy: normal, platform: WINDOWS, platformName: WINDOWS, proxy: Proxy(), setWindowRect: true, strictFileInteractability: false, timeouts: {implicit: 0, pageLoad: 300000, script: 30000}, unhandledPromptBehavior: dismiss and notify, webauthn:extension:credBlob: true, webauthn:extension:largeBlob: true, webauthn:extension:minPinLength: true, webauthn:extension:prf: true, webauthn:virtualAuthenticators: true}
Session ID: 7d0d2d4d95a21f22acca23a9568b5d59
*** Element info: {Using=partial link text, value=Admin}
[main] INFO Log -  The Expected Text of the OrangeHRM Application Loginpage is :- Invalid credentials
[main] INFO Log -  The Actual Text of the OrangeHRM Application Loginpage is :- Invalid credentials
[main] INFO Log - Failed to Navigate to OrangeHRM Application HomePage - Pass 
[main] INFO Log - OrangeHRMApplicationURLAddress is Not Matched:-Pass 
[main] INFO Log - org.openqa.selenium.NoSuchElementException: no such element: Unable to locate element: {"method":"partial link text","selector":"Admin"}
  (Session info: chrome=121.0.6167.185)
For documentation on this error, please visit: https://www.seleniumhq.org/exceptions/no_such_element.html
Build info: version: '3.141.59', revision: 'e82be7d358', time: '2018-11-14T08:17:03'
System info: host: 'NAVEENPATEL', ip: '192.168.1.6', os.name: 'Windows 11', os.arch: 'amd64', os.version: '10.0', java.version: '17.0.5'
Driver info: org.openqa.selenium.chrome.ChromeDriver
Capabilities {acceptInsecureCerts: false, browserName: chrome, browserVersion: 121.0.6167.185, chrome: {chromedriverVersion: 121.0.6167.85 (3f98d690ad7e..., userDataDir: C:\Users\emmad\AppData\Loca...}, fedcm:accounts: true, goog:chromeOptions: {debuggerAddress: localhost:60333}, javascriptEnabled: true, networkConnectionEnabled: false, pageLoadStrategy: normal, platform: WINDOWS, platformName: WINDOWS, proxy: Proxy(), setWindowRect: true, strictFileInteractability: false, timeouts: {implicit: 0, pageLoad: 300000, script: 30000}, unhandledPromptBehavior: dismiss and notify, webauthn:extension:credBlob: true, webauthn:extension:largeBlob: true, webauthn:extension:minPinLength: true, webauthn:extension:prf: true, webauthn:virtualAuthenticators: true}
Session ID: 7d0d2d4d95a21f22acca23a9568b5d59
*** Element info: {Using=partial link text, value=Admin}
[main] INFO Log -  The Expected Text of the OrangeHRM Application Loginpage is :- Invalid credentials
[main] INFO Log -  The Actual Text of the OrangeHRM Application Loginpage is :- Invalid credentials
[main] INFO Log - Failed to Navigate to OrangeHRM Application HomePage - Pass 
[main] INFO Log - OrangeHRMApplicationURLAddress is Not Matched:-Pass 
[main] INFO Log - org.openqa.selenium.NoSuchElementException: no such element: Unable to locate element: {"method":"partial link text","selector":"Admin"}
  (Session info: chrome=121.0.6167.185)
For documentation on this error, please visit: https://www.seleniumhq.org/exceptions/no_such_element.html
Build info: version: '3.141.59', revision: 'e82be7d358', time: '2018-11-14T08:17:03'
System info: host: 'NAVEENPATEL', ip: '192.168.1.6', os.name: 'Windows 11', os.arch: 'amd64', os.version: '10.0', java.version: '17.0.5'
Driver info: org.openqa.selenium.chrome.ChromeDriver
Capabilities {acceptInsecureCerts: false, browserName: chrome, browserVersion: 121.0.6167.185, chrome: {chromedriverVersion: 121.0.6167.85 (3f98d690ad7e..., userDataDir: C:\Users\emmad\AppData\Loca...}, fedcm:accounts: true, goog:chromeOptions: {debuggerAddress: localhost:60333}, javascriptEnabled: true, networkConnectionEnabled: false, pageLoadStrategy: normal, platform: WINDOWS, platformName: WINDOWS, proxy: Proxy(), setWindowRect: true, strictFileInteractability: false, timeouts: {implicit: 0, pageLoad: 300000, script: 30000}, unhandledPromptBehavior: dismiss and notify, webauthn:extension:credBlob: true, webauthn:extension:largeBlob: true, webauthn:extension:minPinLength: true, webauthn:extension:prf: true, webauthn:virtualAuthenticators: true}
Session ID: 7d0d2d4d95a21f22acca23a9568b5d59
*** Element info: {Using=partial link text, value=Admin}
[main] INFO Log -  The Expected Text of the OrangeHRM Application Loginpage is :- Invalid credentials
[main] INFO Log -  The Actual Text of the OrangeHRM Application Loginpage is :- Invalid credentials
[main] INFO Log - Failed to Navigate to OrangeHRM Application HomePage - Pass 
[main] INFO Log - OrangeHRMApplicationURLAddress is Not Matched:-Pass 
[main] INFO Log - org.openqa.selenium.NoSuchElementException: no such element: Unable to locate element: {"method":"partial link text","selector":"Admin"}
  (Session info: chrome=121.0.6167.185)
For documentation on this error, please visit: https://www.seleniumhq.org/exceptions/no_such_element.html
Build info: version: '3.141.59', revision: 'e82be7d358', time: '2018-11-14T08:17:03'
System info: host: 'NAVEENPATEL', ip: '192.168.1.6', os.name: 'Windows 11', os.arch: 'amd64', os.version: '10.0', java.version: '17.0.5'
Driver info: org.openqa.selenium.chrome.ChromeDriver
Capabilities {acceptInsecureCerts: false, browserName: chrome, browserVersion: 121.0.6167.185, chrome: {chromedriverVersion: 121.0.6167.85 (3f98d690ad7e..., userDataDir: C:\Users\emmad\AppData\Loca...}, fedcm:accounts: true, goog:chromeOptions: {debuggerAddress: localhost:60333}, javascriptEnabled: true, networkConnectionEnabled: false, pageLoadStrategy: normal, platform: WINDOWS, platformName: WINDOWS, proxy: Proxy(), setWindowRect: true, strictFileInteractability: false, timeouts: {implicit: 0, pageLoad: 300000, script: 30000}, unhandledPromptBehavior: dismiss and notify, webauthn:extension:credBlob: true, webauthn:extension:largeBlob: true, webauthn:extension:minPinLength: true, webauthn:extension:prf: true, webauthn:virtualAuthenticators: true}
Session ID: 7d0d2d4d95a21f22acca23a9568b5d59
*** Element info: {Using=partial link text, value=Admin}
[main] INFO Log -  The Expected Text of the OrangeHRM Application Loginpage is :- Invalid credentials
[main] INFO Log -  The Actual Text of the OrangeHRM Application Loginpage is :- Invalid credentials
[main] INFO Log - Failed to Navigate to OrangeHRM Application HomePage - Pass 
[main] INFO Log - OrangeHRMApplicationURLAddress is Not Matched:-Pass 
[main] INFO Log - org.openqa.selenium.NoSuchElementException: no such element: Unable to locate element: {"method":"partial link text","selector":"Admin"}
  (Session info: chrome=121.0.6167.185)
For documentation on this error, please visit: https://www.seleniumhq.org/exceptions/no_such_element.html
Build info: version: '3.141.59', revision: 'e82be7d358', time: '2018-11-14T08:17:03'
System info: host: 'NAVEENPATEL', ip: '192.168.1.6', os.name: 'Windows 11', os.arch: 'amd64', os.version: '10.0', java.version: '17.0.5'
Driver info: org.openqa.selenium.chrome.ChromeDriver
Capabilities {acceptInsecureCerts: false, browserName: chrome, browserVersion: 121.0.6167.185, chrome: {chromedriverVersion: 121.0.6167.85 (3f98d690ad7e..., userDataDir: C:\Users\emmad\AppData\Loca...}, fedcm:accounts: true, goog:chromeOptions: {debuggerAddress: localhost:60333}, javascriptEnabled: true, networkConnectionEnabled: false, pageLoadStrategy: normal, platform: WINDOWS, platformName: WINDOWS, proxy: Proxy(), setWindowRect: true, strictFileInteractability: false, timeouts: {implicit: 0, pageLoad: 300000, script: 30000}, unhandledPromptBehavior: dismiss and notify, webauthn:extension:credBlob: true, webauthn:extension:largeBlob: true, webauthn:extension:minPinLength: true, webauthn:extension:prf: true, webauthn:virtualAuthenticators: true}
Session ID: 7d0d2d4d95a21f22acca23a9568b5d59
*** Element info: {Using=partial link text, value=Admin}
[main] INFO Log -  The Expected Text of the OrangeHRM Application Loginpage is :- Invalid credentials
[main] INFO Log -  The Actual Text of the OrangeHRM Application Loginpage is :- Invalid credentials
[main] INFO Log - Failed to Navigate to OrangeHRM Application HomePage - Pass 
[main] INFO Log - OrangeHRMApplicationURLAddress is Not Matched:-Pass 
[main] INFO Log -  ************ Chrome Browser along with OrangeHRM Application Closed Successfully ********
[main] INFO Log - **** Chrome Browser Launched Successfully ********** 
[main] INFO Log -  Successfully Navigated to OrangeHRM Application LogIn Page 
[main] INFO Log -  The Expected Text of the WebElement LogIn Pannel is :- LOGIN Panel
[main] INFO Log -  The Actual Text of the WebElement LogIn Pannel is :- LOGIN Panel
[main] INFO Log -  LogIn Pannel Text Validation Successful - PASS
[main] INFO Log -  ************ Chrome Browser along with OrangeHRM Application Closed Successfully ********
[main] INFO Log - **** Chrome Browser Launched Successfully ********** 
[main] INFO Log -  Successfully Navigated to OrangeHRM Application LogIn Page 
[main] INFO Log -  OrangeHRM Applicaiton LogIn page Logo found - PASS 
[main] INFO Log -  ************ Chrome Browser along with OrangeHRM Application Closed Successfully ********
[main] INFO Log - **** Chrome Browser Launched Successfully ********** 
[main] INFO Log -  Successfully Navigated to OrangeHRM Application LogIn Page 
[main] INFO Log -  The Expected Text of the OrangeHRM Application HomePage is :- Welcome
[main] INFO Log -  The Actual Text of the OrangeHRM Application HomePage is :- Welcome Admin
[main] INFO Log -  Successfully Navigated to OrangeHRM Application HomePage - PASS 
[main] INFO Log - org.openqa.selenium.NoSuchElementException: no such element: Unable to locate element: {"method":"css selector","selector":"#spanMessage"}
  (Session info: chrome=121.0.6167.185)
For documentation on this error, please visit: https://www.seleniumhq.org/exceptions/no_such_element.html
Build info: version: '3.141.59', revision: 'e82be7d358', time: '2018-11-14T08:17:03'
System info: host: 'NAVEENPATEL', ip: '192.168.1.6', os.name: 'Windows 11', os.arch: 'amd64', os.version: '10.0', java.version: '17.0.5'
Driver info: org.openqa.selenium.chrome.ChromeDriver
Capabilities {acceptInsecureCerts: false, browserName: chrome, browserVersion: 121.0.6167.185, chrome: {chromedriverVersion: 121.0.6167.85 (3f98d690ad7e..., userDataDir: C:\Users\emmad\AppData\Loca...}, fedcm:accounts: true, goog:chromeOptions: {debuggerAddress: localhost:60430}, javascriptEnabled: true, networkConnectionEnabled: false, pageLoadStrategy: normal, platform: WINDOWS, platformName: WINDOWS, proxy: Proxy(), setWindowRect: true, strictFileInteractability: false, timeouts: {implicit: 0, pageLoad: 300000, script: 30000}, unhandledPromptBehavior: dismiss and notify, webauthn:extension:credBlob: true, webauthn:extension:largeBlob: true, webauthn:extension:minPinLength: true, webauthn:extension:prf: true, webauthn:virtualAuthenticators: true}
Session ID: f5cfb3d6b3136ad9b9735b6deb094b8b
*** Element info: {Using=id, value=spanMessage}
[main] INFO Log - org.openqa.selenium.NoSuchElementException: no such element: Unable to locate element: {"method":"partial link text","selector":"Admin"}
  (Session info: chrome=121.0.6167.185)
For documentation on this error, please visit: https://www.seleniumhq.org/exceptions/no_such_element.html
Build info: version: '3.141.59', revision: 'e82be7d358', time: '2018-11-14T08:17:03'
System info: host: 'NAVEENPATEL', ip: '192.168.1.6', os.name: 'Windows 11', os.arch: 'amd64', os.version: '10.0', java.version: '17.0.5'
Driver info: org.openqa.selenium.chrome.ChromeDriver
Capabilities {acceptInsecureCerts: false, browserName: chrome, browserVersion: 121.0.6167.185, chrome: {chromedriverVersion: 121.0.6167.85 (3f98d690ad7e..., userDataDir: C:\Users\emmad\AppData\Loca...}, fedcm:accounts: true, goog:chromeOptions: {debuggerAddress: localhost:60430}, javascriptEnabled: true, networkConnectionEnabled: false, pageLoadStrategy: normal, platform: WINDOWS, platformName: WINDOWS, proxy: Proxy(), setWindowRect: true, strictFileInteractability: false, timeouts: {implicit: 0, pageLoad: 300000, script: 30000}, unhandledPromptBehavior: dismiss and notify, webauthn:extension:credBlob: true, webauthn:extension:largeBlob: true, webauthn:extension:minPinLength: true, webauthn:extension:prf: true, webauthn:virtualAuthenticators: true}
Session ID: f5cfb3d6b3136ad9b9735b6deb094b8b
*** Element info: {Using=partial link text, value=Admin}
[main] INFO Log - org.openqa.selenium.NoSuchElementException: no such element: Unable to locate element: {"method":"css selector","selector":"#spanMessage"}
  (Session info: chrome=121.0.6167.185)
For documentation on this error, please visit: https://www.seleniumhq.org/exceptions/no_such_element.html
Build info: version: '3.141.59', revision: 'e82be7d358', time: '2018-11-14T08:17:03'
System info: host: 'NAVEENPATEL', ip: '192.168.1.6', os.name: 'Windows 11', os.arch: 'amd64', os.version: '10.0', java.version: '17.0.5'
Driver info: org.openqa.selenium.chrome.ChromeDriver
Capabilities {acceptInsecureCerts: false, browserName: chrome, browserVersion: 121.0.6167.185, chrome: {chromedriverVersion: 121.0.6167.85 (3f98d690ad7e..., userDataDir: C:\Users\emmad\AppData\Loca...}, fedcm:accounts: true, goog:chromeOptions: {debuggerAddress: localhost:60430}, javascriptEnabled: true, networkConnectionEnabled: false, pageLoadStrategy: normal, platform: WINDOWS, platformName: WINDOWS, proxy: Proxy(), setWindowRect: true, strictFileInteractability: false, timeouts: {implicit: 0, pageLoad: 300000, script: 30000}, unhandledPromptBehavior: dismiss and notify, webauthn:extension:credBlob: true, webauthn:extension:largeBlob: true, webauthn:extension:minPinLength: true, webauthn:extension:prf: true, webauthn:virtualAuthenticators: true}
Session ID: f5cfb3d6b3136ad9b9735b6deb094b8b
*** Element info: {Using=id, value=spanMessage}
[main] INFO Log - org.openqa.selenium.NoSuchElementException: no such element: Unable to locate element: {"method":"partial link text","selector":"Admin"}
  (Session info: chrome=121.0.6167.185)
For documentation on this error, please visit: https://www.seleniumhq.org/exceptions/no_such_element.html
Build info: version: '3.141.59', revision: 'e82be7d358', time: '2018-11-14T08:17:03'
System info: host: 'NAVEENPATEL', ip: '192.168.1.6', os.name: 'Windows 11', os.arch: 'amd64', os.version: '10.0', java.version: '17.0.5'
Driver info: org.openqa.selenium.chrome.ChromeDriver
Capabilities {acceptInsecureCerts: false, browserName: chrome, browserVersion: 121.0.6167.185, chrome: {chromedriverVersion: 121.0.6167.85 (3f98d690ad7e..., userDataDir: C:\Users\emmad\AppData\Loca...}, fedcm:accounts: true, goog:chromeOptions: {debuggerAddress: localhost:60430}, javascriptEnabled: true, networkConnectionEnabled: false, pageLoadStrategy: normal, platform: WINDOWS, platformName: WINDOWS, proxy: Proxy(), setWindowRect: true, strictFileInteractability: false, timeouts: {implicit: 0, pageLoad: 300000, script: 30000}, unhandledPromptBehavior: dismiss and notify, webauthn:extension:credBlob: true, webauthn:extension:largeBlob: true, webauthn:extension:minPinLength: true, webauthn:extension:prf: true, webauthn:virtualAuthenticators: true}
Session ID: f5cfb3d6b3136ad9b9735b6deb094b8b
*** Element info: {Using=partial link text, value=Admin}
[main] INFO Log - org.openqa.selenium.NoSuchElementException: no such element: Unable to locate element: {"method":"css selector","selector":"#spanMessage"}
  (Session info: chrome=121.0.6167.185)
For documentation on this error, please visit: https://www.seleniumhq.org/exceptions/no_such_element.html
Build info: version: '3.141.59', revision: 'e82be7d358', time: '2018-11-14T08:17:03'
System info: host: 'NAVEENPATEL', ip: '192.168.1.6', os.name: 'Windows 11', os.arch: 'amd64', os.version: '10.0', java.version: '17.0.5'
Driver info: org.openqa.selenium.chrome.ChromeDriver
Capabilities {acceptInsecureCerts: false, browserName: chrome, browserVersion: 121.0.6167.185, chrome: {chromedriverVersion: 121.0.6167.85 (3f98d690ad7e..., userDataDir: C:\Users\emmad\AppData\Loca...}, fedcm:accounts: true, goog:chromeOptions: {debuggerAddress: localhost:60430}, javascriptEnabled: true, networkConnectionEnabled: false, pageLoadStrategy: normal, platform: WINDOWS, platformName: WINDOWS, proxy: Proxy(), setWindowRect: true, strictFileInteractability: false, timeouts: {implicit: 0, pageLoad: 300000, script: 30000}, unhandledPromptBehavior: dismiss and notify, webauthn:extension:credBlob: true, webauthn:extension:largeBlob: true, webauthn:extension:minPinLength: true, webauthn:extension:prf: true, webauthn:virtualAuthenticators: true}
Session ID: f5cfb3d6b3136ad9b9735b6deb094b8b
*** Element info: {Using=id, value=spanMessage}
[main] INFO Log - org.openqa.selenium.NoSuchElementException: no such element: Unable to locate element: {"method":"partial link text","selector":"Admin"}
  (Session info: chrome=121.0.6167.185)
For documentation on this error, please visit: https://www.seleniumhq.org/exceptions/no_such_element.html
Build info: version: '3.141.59', revision: 'e82be7d358', time: '2018-11-14T08:17:03'
System info: host: 'NAVEENPATEL', ip: '192.168.1.6', os.name: 'Windows 11', os.arch: 'amd64', os.version: '10.0', java.version: '17.0.5'
Driver info: org.openqa.selenium.chrome.ChromeDriver
Capabilities {acceptInsecureCerts: false, browserName: chrome, browserVersion: 121.0.6167.185, chrome: {chromedriverVersion: 121.0.6167.85 (3f98d690ad7e..., userDataDir: C:\Users\emmad\AppData\Loca...}, fedcm:accounts: true, goog:chromeOptions: {debuggerAddress: localhost:60430}, javascriptEnabled: true, networkConnectionEnabled: false, pageLoadStrategy: normal, platform: WINDOWS, platformName: WINDOWS, proxy: Proxy(), setWindowRect: true, strictFileInteractability: false, timeouts: {implicit: 0, pageLoad: 300000, script: 30000}, unhandledPromptBehavior: dismiss and notify, webauthn:extension:credBlob: true, webauthn:extension:largeBlob: true, webauthn:extension:minPinLength: true, webauthn:extension:prf: true, webauthn:virtualAuthenticators: true}
Session ID: f5cfb3d6b3136ad9b9735b6deb094b8b
*** Element info: {Using=partial link text, value=Admin}
[main] INFO Log - org.openqa.selenium.NoSuchElementException: no such element: Unable to locate element: {"method":"css selector","selector":"#spanMessage"}
  (Session info: chrome=121.0.6167.185)
For documentation on this error, please visit: https://www.seleniumhq.org/exceptions/no_such_element.html
Build info: version: '3.141.59', revision: 'e82be7d358', time: '2018-11-14T08:17:03'
System info: host: 'NAVEENPATEL', ip: '192.168.1.6', os.name: 'Windows 11', os.arch: 'amd64', os.version: '10.0', java.version: '17.0.5'
Driver info: org.openqa.selenium.chrome.ChromeDriver
Capabilities {acceptInsecureCerts: false, browserName: chrome, browserVersion: 121.0.6167.185, chrome: {chromedriverVersion: 121.0.6167.85 (3f98d690ad7e..., userDataDir: C:\Users\emmad\AppData\Loca...}, fedcm:accounts: true, goog:chromeOptions: {debuggerAddress: localhost:60430}, javascriptEnabled: true, networkConnectionEnabled: false, pageLoadStrategy: normal, platform: WINDOWS, platformName: WINDOWS, proxy: Proxy(), setWindowRect: true, strictFileInteractability: false, timeouts: {implicit: 0, pageLoad: 300000, script: 30000}, unhandledPromptBehavior: dismiss and notify, webauthn:extension:credBlob: true, webauthn:extension:largeBlob: true, webauthn:extension:minPinLength: true, webauthn:extension:prf: true, webauthn:virtualAuthenticators: true}
Session ID: f5cfb3d6b3136ad9b9735b6deb094b8b
*** Element info: {Using=id, value=spanMessage}
[main] INFO Log - org.openqa.selenium.NoSuchElementException: no such element: Unable to locate element: {"method":"partial link text","selector":"Admin"}
  (Session info: chrome=121.0.6167.185)
For documentation on this error, please visit: https://www.seleniumhq.org/exceptions/no_such_element.html
Build info: version: '3.141.59', revision: 'e82be7d358', time: '2018-11-14T08:17:03'
System info: host: 'NAVEENPATEL', ip: '192.168.1.6', os.name: 'Windows 11', os.arch: 'amd64', os.version: '10.0', java.version: '17.0.5'
Driver info: org.openqa.selenium.chrome.ChromeDriver
Capabilities {acceptInsecureCerts: false, browserName: chrome, browserVersion: 121.0.6167.185, chrome: {chromedriverVersion: 121.0.6167.85 (3f98d690ad7e..., userDataDir: C:\Users\emmad\AppData\Loca...}, fedcm:accounts: true, goog:chromeOptions: {debuggerAddress: localhost:60430}, javascriptEnabled: true, networkConnectionEnabled: false, pageLoadStrategy: normal, platform: WINDOWS, platformName: WINDOWS, proxy: Proxy(), setWindowRect: true, strictFileInteractability: false, timeouts: {implicit: 0, pageLoad: 300000, script: 30000}, unhandledPromptBehavior: dismiss and notify, webauthn:extension:credBlob: true, webauthn:extension:largeBlob: true, webauthn:extension:minPinLength: true, webauthn:extension:prf: true, webauthn:virtualAuthenticators: true}
Session ID: f5cfb3d6b3136ad9b9735b6deb094b8b
*** Element info: {Using=partial link text, value=Admin}
[main] INFO Log -  The Expected Text of the OrangeHRM Application Loginpage is :- Invalid credentials
[main] INFO Log -  The Actual Text of the OrangeHRM Application Loginpage is :- Invalid credentials
[main] INFO Log - Failed to Navigate to OrangeHRM Application HomePage - Pass 
[main] INFO Log - OrangeHRMApplicationURLAddress is Not Matched:-Pass 
[main] INFO Log - org.openqa.selenium.NoSuchElementException: no such element: Unable to locate element: {"method":"partial link text","selector":"Admin"}
  (Session info: chrome=121.0.6167.185)
For documentation on this error, please visit: https://www.seleniumhq.org/exceptions/no_such_element.html
Build info: version: '3.141.59', revision: 'e82be7d358', time: '2018-11-14T08:17:03'
System info: host: 'NAVEENPATEL', ip: '192.168.1.6', os.name: 'Windows 11', os.arch: 'amd64', os.version: '10.0', java.version: '17.0.5'
Driver info: org.openqa.selenium.chrome.ChromeDriver
Capabilities {acceptInsecureCerts: false, browserName: chrome, browserVersion: 121.0.6167.185, chrome: {chromedriverVersion: 121.0.6167.85 (3f98d690ad7e..., userDataDir: C:\Users\emmad\AppData\Loca...}, fedcm:accounts: true, goog:chromeOptions: {debuggerAddress: localhost:60430}, javascriptEnabled: true, networkConnectionEnabled: false, pageLoadStrategy: normal, platform: WINDOWS, platformName: WINDOWS, proxy: Proxy(), setWindowRect: true, strictFileInteractability: false, timeouts: {implicit: 0, pageLoad: 300000, script: 30000}, unhandledPromptBehavior: dismiss and notify, webauthn:extension:credBlob: true, webauthn:extension:largeBlob: true, webauthn:extension:minPinLength: true, webauthn:extension:prf: true, webauthn:virtualAuthenticators: true}
Session ID: f5cfb3d6b3136ad9b9735b6deb094b8b
*** Element info: {Using=partial link text, value=Admin}
[main] INFO Log -  The Expected Text of the OrangeHRM Application Loginpage is :- Invalid credentials
[main] INFO Log -  The Actual Text of the OrangeHRM Application Loginpage is :- Invalid credentials
[main] INFO Log - Failed to Navigate to OrangeHRM Application HomePage - Pass 
[main] INFO Log - OrangeHRMApplicationURLAddress is Not Matched:-Pass 
[main] INFO Log - org.openqa.selenium.NoSuchElementException: no such element: Unable to locate element: {"method":"partial link text","selector":"Admin"}
  (Session info: chrome=121.0.6167.185)
For documentation on this error, please visit: https://www.seleniumhq.org/exceptions/no_such_element.html
Build info: version: '3.141.59', revision: 'e82be7d358', time: '2018-11-14T08:17:03'
System info: host: 'NAVEENPATEL', ip: '192.168.1.6', os.name: 'Windows 11', os.arch: 'amd64', os.version: '10.0', java.version: '17.0.5'
Driver info: org.openqa.selenium.chrome.ChromeDriver
Capabilities {acceptInsecureCerts: false, browserName: chrome, browserVersion: 121.0.6167.185, chrome: {chromedriverVersion: 121.0.6167.85 (3f98d690ad7e..., userDataDir: C:\Users\emmad\AppData\Loca...}, fedcm:accounts: true, goog:chromeOptions: {debuggerAddress: localhost:60430}, javascriptEnabled: true, networkConnectionEnabled: false, pageLoadStrategy: normal, platform: WINDOWS, platformName: WINDOWS, proxy: Proxy(), setWindowRect: true, strictFileInteractability: false, timeouts: {implicit: 0, pageLoad: 300000, script: 30000}, unhandledPromptBehavior: dismiss and notify, webauthn:extension:credBlob: true, webauthn:extension:largeBlob: true, webauthn:extension:minPinLength: true, webauthn:extension:prf: true, webauthn:virtualAuthenticators: true}
Session ID: f5cfb3d6b3136ad9b9735b6deb094b8b
*** Element info: {Using=partial link text, value=Admin}
[main] INFO Log -  The Expected Text of the OrangeHRM Application Loginpage is :- Invalid credentials
[main] INFO Log -  The Actual Text of the OrangeHRM Application Loginpage is :- Invalid credentials
[main] INFO Log - Failed to Navigate to OrangeHRM Application HomePage - Pass 
[main] INFO Log - OrangeHRMApplicationURLAddress is Not Matched:-Pass 
[main] INFO Log - org.openqa.selenium.NoSuchElementException: no such element: Unable to locate element: {"method":"partial link text","selector":"Admin"}
  (Session info: chrome=121.0.6167.185)
For documentation on this error, please visit: https://www.seleniumhq.org/exceptions/no_such_element.html
Build info: version: '3.141.59', revision: 'e82be7d358', time: '2018-11-14T08:17:03'
System info: host: 'NAVEENPATEL', ip: '192.168.1.6', os.name: 'Windows 11', os.arch: 'amd64', os.version: '10.0', java.version: '17.0.5'
Driver info: org.openqa.selenium.chrome.ChromeDriver
Capabilities {acceptInsecureCerts: false, browserName: chrome, browserVersion: 121.0.6167.185, chrome: {chromedriverVersion: 121.0.6167.85 (3f98d690ad7e..., userDataDir: C:\Users\emmad\AppData\Loca...}, fedcm:accounts: true, goog:chromeOptions: {debuggerAddress: localhost:60430}, javascriptEnabled: true, networkConnectionEnabled: false, pageLoadStrategy: normal, platform: WINDOWS, platformName: WINDOWS, proxy: Proxy(), setWindowRect: true, strictFileInteractability: false, timeouts: {implicit: 0, pageLoad: 300000, script: 30000}, unhandledPromptBehavior: dismiss and notify, webauthn:extension:credBlob: true, webauthn:extension:largeBlob: true, webauthn:extension:minPinLength: true, webauthn:extension:prf: true, webauthn:virtualAuthenticators: true}
Session ID: f5cfb3d6b3136ad9b9735b6deb094b8b
*** Element info: {Using=partial link text, value=Admin}
[main] INFO Log -  The Expected Text of the OrangeHRM Application Loginpage is :- Invalid credentials
[main] INFO Log -  The Actual Text of the OrangeHRM Application Loginpage is :- Invalid credentials
[main] INFO Log - Failed to Navigate to OrangeHRM Application HomePage - Pass 
[main] INFO Log - OrangeHRMApplicationURLAddress is Not Matched:-Pass 
[main] INFO Log - org.openqa.selenium.NoSuchElementException: no such element: Unable to locate element: {"method":"partial link text","selector":"Admin"}
  (Session info: chrome=121.0.6167.185)
For documentation on this error, please visit: https://www.seleniumhq.org/exceptions/no_such_element.html
Build info: version: '3.141.59', revision: 'e82be7d358', time: '2018-11-14T08:17:03'
System info: host: 'NAVEENPATEL', ip: '192.168.1.6', os.name: 'Windows 11', os.arch: 'amd64', os.version: '10.0', java.version: '17.0.5'
Driver info: org.openqa.selenium.chrome.ChromeDriver
Capabilities {acceptInsecureCerts: false, browserName: chrome, browserVersion: 121.0.6167.185, chrome: {chromedriverVersion: 121.0.6167.85 (3f98d690ad7e..., userDataDir: C:\Users\emmad\AppData\Loca...}, fedcm:accounts: true, goog:chromeOptions: {debuggerAddress: localhost:60430}, javascriptEnabled: true, networkConnectionEnabled: false, pageLoadStrategy: normal, platform: WINDOWS, platformName: WINDOWS, proxy: Proxy(), setWindowRect: true, strictFileInteractability: false, timeouts: {implicit: 0, pageLoad: 300000, script: 30000}, unhandledPromptBehavior: dismiss and notify, webauthn:extension:credBlob: true, webauthn:extension:largeBlob: true, webauthn:extension:minPinLength: true, webauthn:extension:prf: true, webauthn:virtualAuthenticators: true}
Session ID: f5cfb3d6b3136ad9b9735b6deb094b8b
*** Element info: {Using=partial link text, value=Admin}
[main] INFO Log -  The Expected Text of the OrangeHRM Application Loginpage is :- Invalid credentials
[main] INFO Log -  The Actual Text of the OrangeHRM Application Loginpage is :- Invalid credentials
[main] INFO Log - Failed to Navigate to OrangeHRM Application HomePage - Pass 
[main] INFO Log - OrangeHRMApplicationURLAddress is Not Matched:-Pass 
[main] INFO Log - org.openqa.selenium.NoSuchElementException: no such element: Unable to locate element: {"method":"partial link text","selector":"Admin"}
  (Session info: chrome=121.0.6167.185)
For documentation on this error, please visit: https://www.seleniumhq.org/exceptions/no_such_element.html
Build info: version: '3.141.59', revision: 'e82be7d358', time: '2018-11-14T08:17:03'
System info: host: 'NAVEENPATEL', ip: '192.168.1.6', os.name: 'Windows 11', os.arch: 'amd64', os.version: '10.0', java.version: '17.0.5'
Driver info: org.openqa.selenium.chrome.ChromeDriver
Capabilities {acceptInsecureCerts: false, browserName: chrome, browserVersion: 121.0.6167.185, chrome: {chromedriverVersion: 121.0.6167.85 (3f98d690ad7e..., userDataDir: C:\Users\emmad\AppData\Loca...}, fedcm:accounts: true, goog:chromeOptions: {debuggerAddress: localhost:60430}, javascriptEnabled: true, networkConnectionEnabled: false, pageLoadStrategy: normal, platform: WINDOWS, platformName: WINDOWS, proxy: Proxy(), setWindowRect: true, strictFileInteractability: false, timeouts: {implicit: 0, pageLoad: 300000, script: 30000}, unhandledPromptBehavior: dismiss and notify, webauthn:extension:credBlob: true, webauthn:extension:largeBlob: true, webauthn:extension:minPinLength: true, webauthn:extension:prf: true, webauthn:virtualAuthenticators: true}
Session ID: f5cfb3d6b3136ad9b9735b6deb094b8b
*** Element info: {Using=partial link text, value=Admin}
[main] INFO Log -  The Expected Text of the OrangeHRM Application Loginpage is :- Invalid credentials
[main] INFO Log -  The Actual Text of the OrangeHRM Application Loginpage is :- Invalid credentials
[main] INFO Log - Failed to Navigate to OrangeHRM Application HomePage - Pass 
[main] INFO Log - OrangeHRMApplicationURLAddress is Not Matched:-Pass 
[main] INFO Log - org.openqa.selenium.NoSuchElementException: no such element: Unable to locate element: {"method":"partial link text","selector":"Admin"}
  (Session info: chrome=121.0.6167.185)
For documentation on this error, please visit: https://www.seleniumhq.org/exceptions/no_such_element.html
Build info: version: '3.141.59', revision: 'e82be7d358', time: '2018-11-14T08:17:03'
System info: host: 'NAVEENPATEL', ip: '192.168.1.6', os.name: 'Windows 11', os.arch: 'amd64', os.version: '10.0', java.version: '17.0.5'
Driver info: org.openqa.selenium.chrome.ChromeDriver
Capabilities {acceptInsecureCerts: false, browserName: chrome, browserVersion: 121.0.6167.185, chrome: {chromedriverVersion: 121.0.6167.85 (3f98d690ad7e..., userDataDir: C:\Users\emmad\AppData\Loca...}, fedcm:accounts: true, goog:chromeOptions: {debuggerAddress: localhost:60430}, javascriptEnabled: true, networkConnectionEnabled: false, pageLoadStrategy: normal, platform: WINDOWS, platformName: WINDOWS, proxy: Proxy(), setWindowRect: true, strictFileInteractability: false, timeouts: {implicit: 0, pageLoad: 300000, script: 30000}, unhandledPromptBehavior: dismiss and notify, webauthn:extension:credBlob: true, webauthn:extension:largeBlob: true, webauthn:extension:minPinLength: true, webauthn:extension:prf: true, webauthn:virtualAuthenticators: true}
Session ID: f5cfb3d6b3136ad9b9735b6deb094b8b
*** Element info: {Using=partial link text, value=Admin}
[main] INFO Log -  The Expected Text of the OrangeHRM Application Loginpage is :- Invalid credentials
[main] INFO Log -  The Actual Text of the OrangeHRM Application Loginpage is :- Invalid credentials
[main] INFO Log - Failed to Navigate to OrangeHRM Application HomePage - Pass 
[main] INFO Log - OrangeHRMApplicationURLAddress is Not Matched:-Pass 
[main] INFO Log - org.openqa.selenium.NoSuchElementException: no such element: Unable to locate element: {"method":"partial link text","selector":"Admin"}
  (Session info: chrome=121.0.6167.185)
For documentation on this error, please visit: https://www.seleniumhq.org/exceptions/no_such_element.html
Build info: version: '3.141.59', revision: 'e82be7d358', time: '2018-11-14T08:17:03'
System info: host: 'NAVEENPATEL', ip: '192.168.1.6', os.name: 'Windows 11', os.arch: 'amd64', os.version: '10.0', java.version: '17.0.5'
Driver info: org.openqa.selenium.chrome.ChromeDriver
Capabilities {acceptInsecureCerts: false, browserName: chrome, browserVersion: 121.0.6167.185, chrome: {chromedriverVersion: 121.0.6167.85 (3f98d690ad7e..., userDataDir: C:\Users\emmad\AppData\Loca...}, fedcm:accounts: true, goog:chromeOptions: {debuggerAddress: localhost:60430}, javascriptEnabled: true, networkConnectionEnabled: false, pageLoadStrategy: normal, platform: WINDOWS, platformName: WINDOWS, proxy: Proxy(), setWindowRect: true, strictFileInteractability: false, timeouts: {implicit: 0, pageLoad: 300000, script: 30000}, unhandledPromptBehavior: dismiss and notify, webauthn:extension:credBlob: true, webauthn:extension:largeBlob: true, webauthn:extension:minPinLength: true, webauthn:extension:prf: true, webauthn:virtualAuthenticators: true}
Session ID: f5cfb3d6b3136ad9b9735b6deb094b8b
*** Element info: {Using=partial link text, value=Admin}
[main] INFO Log -  The Expected Text of the OrangeHRM Application Loginpage is :- Invalid credentials
[main] INFO Log -  The Actual Text of the OrangeHRM Application Loginpage is :- Invalid credentials
[main] INFO Log - Failed to Navigate to OrangeHRM Application HomePage - Pass 
[main] INFO Log - OrangeHRMApplicationURLAddress is Not Matched:-Pass 
[main] INFO Log - org.openqa.selenium.NoSuchElementException: no such element: Unable to locate element: {"method":"partial link text","selector":"Admin"}
  (Session info: chrome=121.0.6167.185)
For documentation on this error, please visit: https://www.seleniumhq.org/exceptions/no_such_element.html
Build info: version: '3.141.59', revision: 'e82be7d358', time: '2018-11-14T08:17:03'
System info: host: 'NAVEENPATEL', ip: '192.168.1.6', os.name: 'Windows 11', os.arch: 'amd64', os.version: '10.0', java.version: '17.0.5'
Driver info: org.openqa.selenium.chrome.ChromeDriver
Capabilities {acceptInsecureCerts: false, browserName: chrome, browserVersion: 121.0.6167.185, chrome: {chromedriverVersion: 121.0.6167.85 (3f98d690ad7e..., userDataDir: C:\Users\emmad\AppData\Loca...}, fedcm:accounts: true, goog:chromeOptions: {debuggerAddress: localhost:60430}, javascriptEnabled: true, networkConnectionEnabled: false, pageLoadStrategy: normal, platform: WINDOWS, platformName: WINDOWS, proxy: Proxy(), setWindowRect: true, strictFileInteractability: false, timeouts: {implicit: 0, pageLoad: 300000, script: 30000}, unhandledPromptBehavior: dismiss and notify, webauthn:extension:credBlob: true, webauthn:extension:largeBlob: true, webauthn:extension:minPinLength: true, webauthn:extension:prf: true, webauthn:virtualAuthenticators: true}
Session ID: f5cfb3d6b3136ad9b9735b6deb094b8b
*** Element info: {Using=partial link text, value=Admin}
[main] INFO Log -  The Expected Text of the OrangeHRM Application Loginpage is :- Invalid credentials
[main] INFO Log -  The Actual Text of the OrangeHRM Application Loginpage is :- Invalid credentials
[main] INFO Log - Failed to Navigate to OrangeHRM Application HomePage - Pass 
[main] INFO Log - OrangeHRMApplicationURLAddress is Not Matched:-Pass 
[main] INFO Log - org.openqa.selenium.NoSuchElementException: no such element: Unable to locate element: {"method":"partial link text","selector":"Admin"}
  (Session info: chrome=121.0.6167.185)
For documentation on this error, please visit: https://www.seleniumhq.org/exceptions/no_such_element.html
Build info: version: '3.141.59', revision: 'e82be7d358', time: '2018-11-14T08:17:03'
System info: host: 'NAVEENPATEL', ip: '192.168.1.6', os.name: 'Windows 11', os.arch: 'amd64', os.version: '10.0', java.version: '17.0.5'
Driver info: org.openqa.selenium.chrome.ChromeDriver
Capabilities {acceptInsecureCerts: false, browserName: chrome, browserVersion: 121.0.6167.185, chrome: {chromedriverVersion: 121.0.6167.85 (3f98d690ad7e..., userDataDir: C:\Users\emmad\AppData\Loca...}, fedcm:accounts: true, goog:chromeOptions: {debuggerAddress: localhost:60430}, javascriptEnabled: true, networkConnectionEnabled: false, pageLoadStrategy: normal, platform: WINDOWS, platformName: WINDOWS, proxy: Proxy(), setWindowRect: true, strictFileInteractability: false, timeouts: {implicit: 0, pageLoad: 300000, script: 30000}, unhandledPromptBehavior: dismiss and notify, webauthn:extension:credBlob: true, webauthn:extension:largeBlob: true, webauthn:extension:minPinLength: true, webauthn:extension:prf: true, webauthn:virtualAuthenticators: true}
Session ID: f5cfb3d6b3136ad9b9735b6deb094b8b
*** Element info: {Using=partial link text, value=Admin}
[main] INFO Log -  The Expected Text of the OrangeHRM Application Loginpage is :- Invalid credentials
[main] INFO Log -  The Actual Text of the OrangeHRM Application Loginpage is :- Invalid credentials
[main] INFO Log - Failed to Navigate to OrangeHRM Application HomePage - Pass 
[main] INFO Log - OrangeHRMApplicationURLAddress is Not Matched:-Pass 
[main] INFO Log - org.openqa.selenium.NoSuchElementException: no such element: Unable to locate element: {"method":"partial link text","selector":"Admin"}
  (Session info: chrome=121.0.6167.185)
For documentation on this error, please visit: https://www.seleniumhq.org/exceptions/no_such_element.html
Build info: version: '3.141.59', revision: 'e82be7d358', time: '2018-11-14T08:17:03'
System info: host: 'NAVEENPATEL', ip: '192.168.1.6', os.name: 'Windows 11', os.arch: 'amd64', os.version: '10.0', java.version: '17.0.5'
Driver info: org.openqa.selenium.chrome.ChromeDriver
Capabilities {acceptInsecureCerts: false, browserName: chrome, browserVersion: 121.0.6167.185, chrome: {chromedriverVersion: 121.0.6167.85 (3f98d690ad7e..., userDataDir: C:\Users\emmad\AppData\Loca...}, fedcm:accounts: true, goog:chromeOptions: {debuggerAddress: localhost:60430}, javascriptEnabled: true, networkConnectionEnabled: false, pageLoadStrategy: normal, platform: WINDOWS, platformName: WINDOWS, proxy: Proxy(), setWindowRect: true, strictFileInteractability: false, timeouts: {implicit: 0, pageLoad: 300000, script: 30000}, unhandledPromptBehavior: dismiss and notify, webauthn:extension:credBlob: true, webauthn:extension:largeBlob: true, webauthn:extension:minPinLength: true, webauthn:extension:prf: true, webauthn:virtualAuthenticators: true}
Session ID: f5cfb3d6b3136ad9b9735b6deb094b8b
*** Element info: {Using=partial link text, value=Admin}
[main] INFO Log -  The Expected Text of the OrangeHRM Application Loginpage is :- Invalid credentials
[main] INFO Log -  The Actual Text of the OrangeHRM Application Loginpage is :- Invalid credentials
[main] INFO Log - Failed to Navigate to OrangeHRM Application HomePage - Pass 
[main] INFO Log - OrangeHRMApplicationURLAddress is Not Matched:-Pass 
[main] INFO Log - org.openqa.selenium.NoSuchElementException: no such element: Unable to locate element: {"method":"partial link text","selector":"Admin"}
  (Session info: chrome=121.0.6167.185)
For documentation on this error, please visit: https://www.seleniumhq.org/exceptions/no_such_element.html
Build info: version: '3.141.59', revision: 'e82be7d358', time: '2018-11-14T08:17:03'
System info: host: 'NAVEENPATEL', ip: '192.168.1.6', os.name: 'Windows 11', os.arch: 'amd64', os.version: '10.0', java.version: '17.0.5'
Driver info: org.openqa.selenium.chrome.ChromeDriver
Capabilities {acceptInsecureCerts: false, browserName: chrome, browserVersion: 121.0.6167.185, chrome: {chromedriverVersion: 121.0.6167.85 (3f98d690ad7e..., userDataDir: C:\Users\emmad\AppData\Loca...}, fedcm:accounts: true, goog:chromeOptions: {debuggerAddress: localhost:60430}, javascriptEnabled: true, networkConnectionEnabled: false, pageLoadStrategy: normal, platform: WINDOWS, platformName: WINDOWS, proxy: Proxy(), setWindowRect: true, strictFileInteractability: false, timeouts: {implicit: 0, pageLoad: 300000, script: 30000}, unhandledPromptBehavior: dismiss and notify, webauthn:extension:credBlob: true, webauthn:extension:largeBlob: true, webauthn:extension:minPinLength: true, webauthn:extension:prf: true, webauthn:virtualAuthenticators: true}
Session ID: f5cfb3d6b3136ad9b9735b6deb094b8b
*** Element info: {Using=partial link text, value=Admin}
[main] INFO Log -  The Expected Text of the OrangeHRM Application Loginpage is :- Invalid credentials
[main] INFO Log -  The Actual Text of the OrangeHRM Application Loginpage is :- Invalid credentials
[main] INFO Log - Failed to Navigate to OrangeHRM Application HomePage - Pass 
[main] INFO Log - OrangeHRMApplicationURLAddress is Not Matched:-Pass 
[main] INFO Log -  ************ Chrome Browser along with OrangeHRM Application Closed Successfully ********
[main] INFO Log - **** Chrome Browser Launched Successfully ********** 
[main] INFO Log -  Successfully Navigated to OrangeHRM Application LogIn Page 
[main] INFO Log -  The Expected Text of the WebElement LogIn Pannel is :- LOGIN Panel
[main] INFO Log -  The Actual Text of the WebElement LogIn Pannel is :- LOGIN Panel
[main] INFO Log -  LogIn Pannel Text Validation Successful - PASS
[main] INFO Log -  ************ Chrome Browser along with OrangeHRM Application Closed Successfully ********
[main] INFO Log - **** Chrome Browser Launched Successfully ********** 
[main] INFO Log -  Successfully Navigated to OrangeHRM Application LogIn Page 
[main] INFO Log -  OrangeHRM Applicaiton LogIn page Logo found - PASS 
[main] INFO Log -  ************ Chrome Browser along with OrangeHRM Application Closed Successfully ********
[main] INFO Log - **** Chrome Browser Launched Successfully ********** 
[main] INFO Log -  Successfully Navigated to OrangeHRM Application LogIn Page 
[main] INFO Log -  The Expected Text of the OrangeHRM Application HomePage is :- Welcome
[main] INFO Log -  The Actual Text of the OrangeHRM Application HomePage is :- Welcome Admin
[main] INFO Log -  Successfully Navigated to OrangeHRM Application HomePage - PASS 
[main] INFO Log - org.openqa.selenium.NoSuchElementException: no such element: Unable to locate element: {"method":"css selector","selector":"#spanMessage"}
  (Session info: chrome=121.0.6167.185)
For documentation on this error, please visit: https://www.seleniumhq.org/exceptions/no_such_element.html
Build info: version: '3.141.59', revision: 'e82be7d358', time: '2018-11-14T08:17:03'
System info: host: 'NAVEENPATEL', ip: '192.168.1.6', os.name: 'Windows 11', os.arch: 'amd64', os.version: '10.0', java.version: '17.0.5'
Driver info: org.openqa.selenium.chrome.ChromeDriver
Capabilities {acceptInsecureCerts: false, browserName: chrome, browserVersion: 121.0.6167.185, chrome: {chromedriverVersion: 121.0.6167.85 (3f98d690ad7e..., userDataDir: C:\Users\emmad\AppData\Loca...}, fedcm:accounts: true, goog:chromeOptions: {debuggerAddress: localhost:60513}, javascriptEnabled: true, networkConnectionEnabled: false, pageLoadStrategy: normal, platform: WINDOWS, platformName: WINDOWS, proxy: Proxy(), setWindowRect: true, strictFileInteractability: false, timeouts: {implicit: 0, pageLoad: 300000, script: 30000}, unhandledPromptBehavior: dismiss and notify, webauthn:extension:credBlob: true, webauthn:extension:largeBlob: true, webauthn:extension:minPinLength: true, webauthn:extension:prf: true, webauthn:virtualAuthenticators: true}
Session ID: 52439ccb3cb1a1a285ea67502e88eded
*** Element info: {Using=id, value=spanMessage}
[main] INFO Log - org.openqa.selenium.NoSuchElementException: no such element: Unable to locate element: {"method":"partial link text","selector":"Admin"}
  (Session info: chrome=121.0.6167.185)
For documentation on this error, please visit: https://www.seleniumhq.org/exceptions/no_such_element.html
Build info: version: '3.141.59', revision: 'e82be7d358', time: '2018-11-14T08:17:03'
System info: host: 'NAVEENPATEL', ip: '192.168.1.6', os.name: 'Windows 11', os.arch: 'amd64', os.version: '10.0', java.version: '17.0.5'
Driver info: org.openqa.selenium.chrome.ChromeDriver
Capabilities {acceptInsecureCerts: false, browserName: chrome, browserVersion: 121.0.6167.185, chrome: {chromedriverVersion: 121.0.6167.85 (3f98d690ad7e..., userDataDir: C:\Users\emmad\AppData\Loca...}, fedcm:accounts: true, goog:chromeOptions: {debuggerAddress: localhost:60513}, javascriptEnabled: true, networkConnectionEnabled: false, pageLoadStrategy: normal, platform: WINDOWS, platformName: WINDOWS, proxy: Proxy(), setWindowRect: true, strictFileInteractability: false, timeouts: {implicit: 0, pageLoad: 300000, script: 30000}, unhandledPromptBehavior: dismiss and notify, webauthn:extension:credBlob: true, webauthn:extension:largeBlob: true, webauthn:extension:minPinLength: true, webauthn:extension:prf: true, webauthn:virtualAuthenticators: true}
Session ID: 52439ccb3cb1a1a285ea67502e88eded
*** Element info: {Using=partial link text, value=Admin}
[main] INFO Log - org.openqa.selenium.NoSuchElementException: no such element: Unable to locate element: {"method":"css selector","selector":"#spanMessage"}
  (Session info: chrome=121.0.6167.185)
For documentation on this error, please visit: https://www.seleniumhq.org/exceptions/no_such_element.html
Build info: version: '3.141.59', revision: 'e82be7d358', time: '2018-11-14T08:17:03'
System info: host: 'NAVEENPATEL', ip: '192.168.1.6', os.name: 'Windows 11', os.arch: 'amd64', os.version: '10.0', java.version: '17.0.5'
Driver info: org.openqa.selenium.chrome.ChromeDriver
Capabilities {acceptInsecureCerts: false, browserName: chrome, browserVersion: 121.0.6167.185, chrome: {chromedriverVersion: 121.0.6167.85 (3f98d690ad7e..., userDataDir: C:\Users\emmad\AppData\Loca...}, fedcm:accounts: true, goog:chromeOptions: {debuggerAddress: localhost:60513}, javascriptEnabled: true, networkConnectionEnabled: false, pageLoadStrategy: normal, platform: WINDOWS, platformName: WINDOWS, proxy: Proxy(), setWindowRect: true, strictFileInteractability: false, timeouts: {implicit: 0, pageLoad: 300000, script: 30000}, unhandledPromptBehavior: dismiss and notify, webauthn:extension:credBlob: true, webauthn:extension:largeBlob: true, webauthn:extension:minPinLength: true, webauthn:extension:prf: true, webauthn:virtualAuthenticators: true}
Session ID: 52439ccb3cb1a1a285ea67502e88eded
*** Element info: {Using=id, value=spanMessage}
[main] INFO Log - org.openqa.selenium.NoSuchElementException: no such element: Unable to locate element: {"method":"partial link text","selector":"Admin"}
  (Session info: chrome=121.0.6167.185)
For documentation on this error, please visit: https://www.seleniumhq.org/exceptions/no_such_element.html
Build info: version: '3.141.59', revision: 'e82be7d358', time: '2018-11-14T08:17:03'
System info: host: 'NAVEENPATEL', ip: '192.168.1.6', os.name: 'Windows 11', os.arch: 'amd64', os.version: '10.0', java.version: '17.0.5'
Driver info: org.openqa.selenium.chrome.ChromeDriver
Capabilities {acceptInsecureCerts: false, browserName: chrome, browserVersion: 121.0.6167.185, chrome: {chromedriverVersion: 121.0.6167.85 (3f98d690ad7e..., userDataDir: C:\Users\emmad\AppData\Loca...}, fedcm:accounts: true, goog:chromeOptions: {debuggerAddress: localhost:60513}, javascriptEnabled: true, networkConnectionEnabled: false, pageLoadStrategy: normal, platform: WINDOWS, platformName: WINDOWS, proxy: Proxy(), setWindowRect: true, strictFileInteractability: false, timeouts: {implicit: 0, pageLoad: 300000, script: 30000}, unhandledPromptBehavior: dismiss and notify, webauthn:extension:credBlob: true, webauthn:extension:largeBlob: true, webauthn:extension:minPinLength: true, webauthn:extension:prf: true, webauthn:virtualAuthenticators: true}
Session ID: 52439ccb3cb1a1a285ea67502e88eded
*** Element info: {Using=partial link text, value=Admin}
[main] INFO Log - org.openqa.selenium.NoSuchElementException: no such element: Unable to locate element: {"method":"css selector","selector":"#spanMessage"}
  (Session info: chrome=121.0.6167.185)
For documentation on this error, please visit: https://www.seleniumhq.org/exceptions/no_such_element.html
Build info: version: '3.141.59', revision: 'e82be7d358', time: '2018-11-14T08:17:03'
System info: host: 'NAVEENPATEL', ip: '192.168.1.6', os.name: 'Windows 11', os.arch: 'amd64', os.version: '10.0', java.version: '17.0.5'
Driver info: org.openqa.selenium.chrome.ChromeDriver
Capabilities {acceptInsecureCerts: false, browserName: chrome, browserVersion: 121.0.6167.185, chrome: {chromedriverVersion: 121.0.6167.85 (3f98d690ad7e..., userDataDir: C:\Users\emmad\AppData\Loca...}, fedcm:accounts: true, goog:chromeOptions: {debuggerAddress: localhost:60513}, javascriptEnabled: true, networkConnectionEnabled: false, pageLoadStrategy: normal, platform: WINDOWS, platformName: WINDOWS, proxy: Proxy(), setWindowRect: true, strictFileInteractability: false, timeouts: {implicit: 0, pageLoad: 300000, script: 30000}, unhandledPromptBehavior: dismiss and notify, webauthn:extension:credBlob: true, webauthn:extension:largeBlob: true, webauthn:extension:minPinLength: true, webauthn:extension:prf: true, webauthn:virtualAuthenticators: true}
Session ID: 52439ccb3cb1a1a285ea67502e88eded
*** Element info: {Using=id, value=spanMessage}
[main] INFO Log - org.openqa.selenium.NoSuchElementException: no such element: Unable to locate element: {"method":"partial link text","selector":"Admin"}
  (Session info: chrome=121.0.6167.185)
For documentation on this error, please visit: https://www.seleniumhq.org/exceptions/no_such_element.html
Build info: version: '3.141.59', revision: 'e82be7d358', time: '2018-11-14T08:17:03'
System info: host: 'NAVEENPATEL', ip: '192.168.1.6', os.name: 'Windows 11', os.arch: 'amd64', os.version: '10.0', java.version: '17.0.5'
Driver info: org.openqa.selenium.chrome.ChromeDriver
Capabilities {acceptInsecureCerts: false, browserName: chrome, browserVersion: 121.0.6167.185, chrome: {chromedriverVersion: 121.0.6167.85 (3f98d690ad7e..., userDataDir: C:\Users\emmad\AppData\Loca...}, fedcm:accounts: true, goog:chromeOptions: {debuggerAddress: localhost:60513}, javascriptEnabled: true, networkConnectionEnabled: false, pageLoadStrategy: normal, platform: WINDOWS, platformName: WINDOWS, proxy: Proxy(), setWindowRect: true, strictFileInteractability: false, timeouts: {implicit: 0, pageLoad: 300000, script: 30000}, unhandledPromptBehavior: dismiss and notify, webauthn:extension:credBlob: true, webauthn:extension:largeBlob: true, webauthn:extension:minPinLength: true, webauthn:extension:prf: true, webauthn:virtualAuthenticators: true}
Session ID: 52439ccb3cb1a1a285ea67502e88eded
*** Element info: {Using=partial link text, value=Admin}
[main] INFO Log - org.openqa.selenium.NoSuchElementException: no such element: Unable to locate element: {"method":"css selector","selector":"#spanMessage"}
  (Session info: chrome=121.0.6167.185)
For documentation on this error, please visit: https://www.seleniumhq.org/exceptions/no_such_element.html
Build info: version: '3.141.59', revision: 'e82be7d358', time: '2018-11-14T08:17:03'
System info: host: 'NAVEENPATEL', ip: '192.168.1.6', os.name: 'Windows 11', os.arch: 'amd64', os.version: '10.0', java.version: '17.0.5'
Driver info: org.openqa.selenium.chrome.ChromeDriver
Capabilities {acceptInsecureCerts: false, browserName: chrome, browserVersion: 121.0.6167.185, chrome: {chromedriverVersion: 121.0.6167.85 (3f98d690ad7e..., userDataDir: C:\Users\emmad\AppData\Loca...}, fedcm:accounts: true, goog:chromeOptions: {debuggerAddress: localhost:60513}, javascriptEnabled: true, networkConnectionEnabled: false, pageLoadStrategy: normal, platform: WINDOWS, platformName: WINDOWS, proxy: Proxy(), setWindowRect: true, strictFileInteractability: false, timeouts: {implicit: 0, pageLoad: 300000, script: 30000}, unhandledPromptBehavior: dismiss and notify, webauthn:extension:credBlob: true, webauthn:extension:largeBlob: true, webauthn:extension:minPinLength: true, webauthn:extension:prf: true, webauthn:virtualAuthenticators: true}
Session ID: 52439ccb3cb1a1a285ea67502e88eded
*** Element info: {Using=id, value=spanMessage}
[main] INFO Log - org.openqa.selenium.NoSuchElementException: no such element: Unable to locate element: {"method":"partial link text","selector":"Admin"}
  (Session info: chrome=121.0.6167.185)
For documentation on this error, please visit: https://www.seleniumhq.org/exceptions/no_such_element.html
Build info: version: '3.141.59', revision: 'e82be7d358', time: '2018-11-14T08:17:03'
System info: host: 'NAVEENPATEL', ip: '192.168.1.6', os.name: 'Windows 11', os.arch: 'amd64', os.version: '10.0', java.version: '17.0.5'
Driver info: org.openqa.selenium.chrome.ChromeDriver
Capabilities {acceptInsecureCerts: false, browserName: chrome, browserVersion: 121.0.6167.185, chrome: {chromedriverVersion: 121.0.6167.85 (3f98d690ad7e..., userDataDir: C:\Users\emmad\AppData\Loca...}, fedcm:accounts: true, goog:chromeOptions: {debuggerAddress: localhost:60513}, javascriptEnabled: true, networkConnectionEnabled: false, pageLoadStrategy: normal, platform: WINDOWS, platformName: WINDOWS, proxy: Proxy(), setWindowRect: true, strictFileInteractability: false, timeouts: {implicit: 0, pageLoad: 300000, script: 30000}, unhandledPromptBehavior: dismiss and notify, webauthn:extension:credBlob: true, webauthn:extension:largeBlob: true, webauthn:extension:minPinLength: true, webauthn:extension:prf: true, webauthn:virtualAuthenticators: true}
Session ID: 52439ccb3cb1a1a285ea67502e88eded
*** Element info: {Using=partial link text, value=Admin}
[main] INFO Log -  The Expected Text of the OrangeHRM Application Loginpage is :- Invalid credentials
[main] INFO Log -  The Actual Text of the OrangeHRM Application Loginpage is :- Invalid credentials
[main] INFO Log - Failed to Navigate to OrangeHRM Application HomePage - Pass 
[main] INFO Log - OrangeHRMApplicationURLAddress is Not Matched:-Pass 
[main] INFO Log - org.openqa.selenium.NoSuchElementException: no such element: Unable to locate element: {"method":"partial link text","selector":"Admin"}
  (Session info: chrome=121.0.6167.185)
For documentation on this error, please visit: https://www.seleniumhq.org/exceptions/no_such_element.html
Build info: version: '3.141.59', revision: 'e82be7d358', time: '2018-11-14T08:17:03'
System info: host: 'NAVEENPATEL', ip: '192.168.1.6', os.name: 'Windows 11', os.arch: 'amd64', os.version: '10.0', java.version: '17.0.5'
Driver info: org.openqa.selenium.chrome.ChromeDriver
Capabilities {acceptInsecureCerts: false, browserName: chrome, browserVersion: 121.0.6167.185, chrome: {chromedriverVersion: 121.0.6167.85 (3f98d690ad7e..., userDataDir: C:\Users\emmad\AppData\Loca...}, fedcm:accounts: true, goog:chromeOptions: {debuggerAddress: localhost:60513}, javascriptEnabled: true, networkConnectionEnabled: false, pageLoadStrategy: normal, platform: WINDOWS, platformName: WINDOWS, proxy: Proxy(), setWindowRect: true, strictFileInteractability: false, timeouts: {implicit: 0, pageLoad: 300000, script: 30000}, unhandledPromptBehavior: dismiss and notify, webauthn:extension:credBlob: true, webauthn:extension:largeBlob: true, webauthn:extension:minPinLength: true, webauthn:extension:prf: true, webauthn:virtualAuthenticators: true}
Session ID: 52439ccb3cb1a1a285ea67502e88eded
*** Element info: {Using=partial link text, value=Admin}
[main] INFO Log -  The Expected Text of the OrangeHRM Application Loginpage is :- Invalid credentials
[main] INFO Log -  The Actual Text of the OrangeHRM Application Loginpage is :- Invalid credentials
[main] INFO Log - Failed to Navigate to OrangeHRM Application HomePage - Pass 
[main] INFO Log - OrangeHRMApplicationURLAddress is Not Matched:-Pass 
[main] INFO Log - org.openqa.selenium.NoSuchElementException: no such element: Unable to locate element: {"method":"partial link text","selector":"Admin"}
  (Session info: chrome=121.0.6167.185)
For documentation on this error, please visit: https://www.seleniumhq.org/exceptions/no_such_element.html
Build info: version: '3.141.59', revision: 'e82be7d358', time: '2018-11-14T08:17:03'
System info: host: 'NAVEENPATEL', ip: '192.168.1.6', os.name: 'Windows 11', os.arch: 'amd64', os.version: '10.0', java.version: '17.0.5'
Driver info: org.openqa.selenium.chrome.ChromeDriver
Capabilities {acceptInsecureCerts: false, browserName: chrome, browserVersion: 121.0.6167.185, chrome: {chromedriverVersion: 121.0.6167.85 (3f98d690ad7e..., userDataDir: C:\Users\emmad\AppData\Loca...}, fedcm:accounts: true, goog:chromeOptions: {debuggerAddress: localhost:60513}, javascriptEnabled: true, networkConnectionEnabled: false, pageLoadStrategy: normal, platform: WINDOWS, platformName: WINDOWS, proxy: Proxy(), setWindowRect: true, strictFileInteractability: false, timeouts: {implicit: 0, pageLoad: 300000, script: 30000}, unhandledPromptBehavior: dismiss and notify, webauthn:extension:credBlob: true, webauthn:extension:largeBlob: true, webauthn:extension:minPinLength: true, webauthn:extension:prf: true, webauthn:virtualAuthenticators: true}
Session ID: 52439ccb3cb1a1a285ea67502e88eded
*** Element info: {Using=partial link text, value=Admin}
[main] INFO Log -  The Expected Text of the OrangeHRM Application Loginpage is :- Invalid credentials
[main] INFO Log -  The Actual Text of the OrangeHRM Application Loginpage is :- Invalid credentials
[main] INFO Log - Failed to Navigate to OrangeHRM Application HomePage - Pass 
[main] INFO Log - OrangeHRMApplicationURLAddress is Not Matched:-Pass 
[main] INFO Log - org.openqa.selenium.NoSuchElementException: no such element: Unable to locate element: {"method":"partial link text","selector":"Admin"}
  (Session info: chrome=121.0.6167.185)
For documentation on this error, please visit: https://www.seleniumhq.org/exceptions/no_such_element.html
Build info: version: '3.141.59', revision: 'e82be7d358', time: '2018-11-14T08:17:03'
System info: host: 'NAVEENPATEL', ip: '192.168.1.6', os.name: 'Windows 11', os.arch: 'amd64', os.version: '10.0', java.version: '17.0.5'
Driver info: org.openqa.selenium.chrome.ChromeDriver
Capabilities {acceptInsecureCerts: false, browserName: chrome, browserVersion: 121.0.6167.185, chrome: {chromedriverVersion: 121.0.6167.85 (3f98d690ad7e..., userDataDir: C:\Users\emmad\AppData\Loca...}, fedcm:accounts: true, goog:chromeOptions: {debuggerAddress: localhost:60513}, javascriptEnabled: true, networkConnectionEnabled: false, pageLoadStrategy: normal, platform: WINDOWS, platformName: WINDOWS, proxy: Proxy(), setWindowRect: true, strictFileInteractability: false, timeouts: {implicit: 0, pageLoad: 300000, script: 30000}, unhandledPromptBehavior: dismiss and notify, webauthn:extension:credBlob: true, webauthn:extension:largeBlob: true, webauthn:extension:minPinLength: true, webauthn:extension:prf: true, webauthn:virtualAuthenticators: true}
Session ID: 52439ccb3cb1a1a285ea67502e88eded
*** Element info: {Using=partial link text, value=Admin}
[main] INFO Log -  The Expected Text of the OrangeHRM Application Loginpage is :- Invalid credentials
[main] INFO Log -  The Actual Text of the OrangeHRM Application Loginpage is :- Invalid credentials
[main] INFO Log - Failed to Navigate to OrangeHRM Application HomePage - Pass 
[main] INFO Log - OrangeHRMApplicationURLAddress is Not Matched:-Pass 
[main] INFO Log - org.openqa.selenium.NoSuchElementException: no such element: Unable to locate element: {"method":"partial link text","selector":"Admin"}
  (Session info: chrome=121.0.6167.185)
For documentation on this error, please visit: https://www.seleniumhq.org/exceptions/no_such_element.html
Build info: version: '3.141.59', revision: 'e82be7d358', time: '2018-11-14T08:17:03'
System info: host: 'NAVEENPATEL', ip: '192.168.1.6', os.name: 'Windows 11', os.arch: 'amd64', os.version: '10.0', java.version: '17.0.5'
Driver info: org.openqa.selenium.chrome.ChromeDriver
Capabilities {acceptInsecureCerts: false, browserName: chrome, browserVersion: 121.0.6167.185, chrome: {chromedriverVersion: 121.0.6167.85 (3f98d690ad7e..., userDataDir: C:\Users\emmad\AppData\Loca...}, fedcm:accounts: true, goog:chromeOptions: {debuggerAddress: localhost:60513}, javascriptEnabled: true, networkConnectionEnabled: false, pageLoadStrategy: normal, platform: WINDOWS, platformName: WINDOWS, proxy: Proxy(), setWindowRect: true, strictFileInteractability: false, timeouts: {implicit: 0, pageLoad: 300000, script: 30000}, unhandledPromptBehavior: dismiss and notify, webauthn:extension:credBlob: true, webauthn:extension:largeBlob: true, webauthn:extension:minPinLength: true, webauthn:extension:prf: true, webauthn:virtualAuthenticators: true}
Session ID: 52439ccb3cb1a1a285ea67502e88eded
*** Element info: {Using=partial link text, value=Admin}
[main] INFO Log -  The Expected Text of the OrangeHRM Application Loginpage is :- Invalid credentials
[main] INFO Log -  The Actual Text of the OrangeHRM Application Loginpage is :- Invalid credentials
[main] INFO Log - Failed to Navigate to OrangeHRM Application HomePage - Pass 
[main] INFO Log - OrangeHRMApplicationURLAddress is Not Matched:-Pass 
[main] INFO Log - org.openqa.selenium.NoSuchElementException: no such element: Unable to locate element: {"method":"partial link text","selector":"Admin"}
  (Session info: chrome=121.0.6167.185)
For documentation on this error, please visit: https://www.seleniumhq.org/exceptions/no_such_element.html
Build info: version: '3.141.59', revision: 'e82be7d358', time: '2018-11-14T08:17:03'
System info: host: 'NAVEENPATEL', ip: '192.168.1.6', os.name: 'Windows 11', os.arch: 'amd64', os.version: '10.0', java.version: '17.0.5'
Driver info: org.openqa.selenium.chrome.ChromeDriver
Capabilities {acceptInsecureCerts: false, browserName: chrome, browserVersion: 121.0.6167.185, chrome: {chromedriverVersion: 121.0.6167.85 (3f98d690ad7e..., userDataDir: C:\Users\emmad\AppData\Loca...}, fedcm:accounts: true, goog:chromeOptions: {debuggerAddress: localhost:60513}, javascriptEnabled: true, networkConnectionEnabled: false, pageLoadStrategy: normal, platform: WINDOWS, platformName: WINDOWS, proxy: Proxy(), setWindowRect: true, strictFileInteractability: false, timeouts: {implicit: 0, pageLoad: 300000, script: 30000}, unhandledPromptBehavior: dismiss and notify, webauthn:extension:credBlob: true, webauthn:extension:largeBlob: true, webauthn:extension:minPinLength: true, webauthn:extension:prf: true, webauthn:virtualAuthenticators: true}
Session ID: 52439ccb3cb1a1a285ea67502e88eded
*** Element info: {Using=partial link text, value=Admin}
[main] INFO Log -  The Expected Text of the OrangeHRM Application Loginpage is :- Invalid credentials
[main] INFO Log -  The Actual Text of the OrangeHRM Application Loginpage is :- Invalid credentials
[main] INFO Log - Failed to Navigate to OrangeHRM Application HomePage - Pass 
[main] INFO Log - OrangeHRMApplicationURLAddress is Not Matched:-Pass 
[main] INFO Log - org.openqa.selenium.NoSuchElementException: no such element: Unable to locate element: {"method":"partial link text","selector":"Admin"}
  (Session info: chrome=121.0.6167.185)
For documentation on this error, please visit: https://www.seleniumhq.org/exceptions/no_such_element.html
Build info: version: '3.141.59', revision: 'e82be7d358', time: '2018-11-14T08:17:03'
System info: host: 'NAVEENPATEL', ip: '192.168.1.6', os.name: 'Windows 11', os.arch: 'amd64', os.version: '10.0', java.version: '17.0.5'
Driver info: org.openqa.selenium.chrome.ChromeDriver
Capabilities {acceptInsecureCerts: false, browserName: chrome, browserVersion: 121.0.6167.185, chrome: {chromedriverVersion: 121.0.6167.85 (3f98d690ad7e..., userDataDir: C:\Users\emmad\AppData\Loca...}, fedcm:accounts: true, goog:chromeOptions: {debuggerAddress: localhost:60513}, javascriptEnabled: true, networkConnectionEnabled: false, pageLoadStrategy: normal, platform: WINDOWS, platformName: WINDOWS, proxy: Proxy(), setWindowRect: true, strictFileInteractability: false, timeouts: {implicit: 0, pageLoad: 300000, script: 30000}, unhandledPromptBehavior: dismiss and notify, webauthn:extension:credBlob: true, webauthn:extension:largeBlob: true, webauthn:extension:minPinLength: true, webauthn:extension:prf: true, webauthn:virtualAuthenticators: true}
Session ID: 52439ccb3cb1a1a285ea67502e88eded
*** Element info: {Using=partial link text, value=Admin}
[main] INFO Log -  The Expected Text of the OrangeHRM Application Loginpage is :- Invalid credentials
[main] INFO Log -  The Actual Text of the OrangeHRM Application Loginpage is :- Invalid credentials
[main] INFO Log - Failed to Navigate to OrangeHRM Application HomePage - Pass 
[main] INFO Log - OrangeHRMApplicationURLAddress is Not Matched:-Pass 
[main] INFO Log - org.openqa.selenium.NoSuchElementException: no such element: Unable to locate element: {"method":"partial link text","selector":"Admin"}
  (Session info: chrome=121.0.6167.185)
For documentation on this error, please visit: https://www.seleniumhq.org/exceptions/no_such_element.html
Build info: version: '3.141.59', revision: 'e82be7d358', time: '2018-11-14T08:17:03'
System info: host: 'NAVEENPATEL', ip: '192.168.1.6', os.name: 'Windows 11', os.arch: 'amd64', os.version: '10.0', java.version: '17.0.5'
Driver info: org.openqa.selenium.chrome.ChromeDriver
Capabilities {acceptInsecureCerts: false, browserName: chrome, browserVersion: 121.0.6167.185, chrome: {chromedriverVersion: 121.0.6167.85 (3f98d690ad7e..., userDataDir: C:\Users\emmad\AppData\Loca...}, fedcm:accounts: true, goog:chromeOptions: {debuggerAddress: localhost:60513}, javascriptEnabled: true, networkConnectionEnabled: false, pageLoadStrategy: normal, platform: WINDOWS, platformName: WINDOWS, proxy: Proxy(), setWindowRect: true, strictFileInteractability: false, timeouts: {implicit: 0, pageLoad: 300000, script: 30000}, unhandledPromptBehavior: dismiss and notify, webauthn:extension:credBlob: true, webauthn:extension:largeBlob: true, webauthn:extension:minPinLength: true, webauthn:extension:prf: true, webauthn:virtualAuthenticators: true}
Session ID: 52439ccb3cb1a1a285ea67502e88eded
*** Element info: {Using=partial link text, value=Admin}
[main] INFO Log -  The Expected Text of the OrangeHRM Application Loginpage is :- Invalid credentials
[main] INFO Log -  The Actual Text of the OrangeHRM Application Loginpage is :- Invalid credentials
[main] INFO Log - Failed to Navigate to OrangeHRM Application HomePage - Pass 
[main] INFO Log - OrangeHRMApplicationURLAddress is Not Matched:-Pass 
[main] INFO Log - org.openqa.selenium.NoSuchElementException: no such element: Unable to locate element: {"method":"partial link text","selector":"Admin"}
  (Session info: chrome=121.0.6167.185)
For documentation on this error, please visit: https://www.seleniumhq.org/exceptions/no_such_element.html
Build info: version: '3.141.59', revision: 'e82be7d358', time: '2018-11-14T08:17:03'
System info: host: 'NAVEENPATEL', ip: '192.168.1.6', os.name: 'Windows 11', os.arch: 'amd64', os.version: '10.0', java.version: '17.0.5'
Driver info: org.openqa.selenium.chrome.ChromeDriver
Capabilities {acceptInsecureCerts: false, browserName: chrome, browserVersion: 121.0.6167.185, chrome: {chromedriverVersion: 121.0.6167.85 (3f98d690ad7e..., userDataDir: C:\Users\emmad\AppData\Loca...}, fedcm:accounts: true, goog:chromeOptions: {debuggerAddress: localhost:60513}, javascriptEnabled: true, networkConnectionEnabled: false, pageLoadStrategy: normal, platform: WINDOWS, platformName: WINDOWS, proxy: Proxy(), setWindowRect: true, strictFileInteractability: false, timeouts: {implicit: 0, pageLoad: 300000, script: 30000}, unhandledPromptBehavior: dismiss and notify, webauthn:extension:credBlob: true, webauthn:extension:largeBlob: true, webauthn:extension:minPinLength: true, webauthn:extension:prf: true, webauthn:virtualAuthenticators: true}
Session ID: 52439ccb3cb1a1a285ea67502e88eded
*** Element info: {Using=partial link text, value=Admin}
[main] INFO Log -  The Expected Text of the OrangeHRM Application Loginpage is :- Invalid credentials
[main] INFO Log -  The Actual Text of the OrangeHRM Application Loginpage is :- Invalid credentials
[main] INFO Log - Failed to Navigate to OrangeHRM Application HomePage - Pass 
[main] INFO Log - OrangeHRMApplicationURLAddress is Not Matched:-Pass 
[main] INFO Log - org.openqa.selenium.NoSuchElementException: no such element: Unable to locate element: {"method":"partial link text","selector":"Admin"}
  (Session info: chrome=121.0.6167.185)
For documentation on this error, please visit: https://www.seleniumhq.org/exceptions/no_such_element.html
Build info: version: '3.141.59', revision: 'e82be7d358', time: '2018-11-14T08:17:03'
System info: host: 'NAVEENPATEL', ip: '192.168.1.6', os.name: 'Windows 11', os.arch: 'amd64', os.version: '10.0', java.version: '17.0.5'
Driver info: org.openqa.selenium.chrome.ChromeDriver
Capabilities {acceptInsecureCerts: false, browserName: chrome, browserVersion: 121.0.6167.185, chrome: {chromedriverVersion: 121.0.6167.85 (3f98d690ad7e..., userDataDir: C:\Users\emmad\AppData\Loca...}, fedcm:accounts: true, goog:chromeOptions: {debuggerAddress: localhost:60513}, javascriptEnabled: true, networkConnectionEnabled: false, pageLoadStrategy: normal, platform: WINDOWS, platformName: WINDOWS, proxy: Proxy(), setWindowRect: true, strictFileInteractability: false, timeouts: {implicit: 0, pageLoad: 300000, script: 30000}, unhandledPromptBehavior: dismiss and notify, webauthn:extension:credBlob: true, webauthn:extension:largeBlob: true, webauthn:extension:minPinLength: true, webauthn:extension:prf: true, webauthn:virtualAuthenticators: true}
Session ID: 52439ccb3cb1a1a285ea67502e88eded
*** Element info: {Using=partial link text, value=Admin}
[main] INFO Log -  The Expected Text of the OrangeHRM Application Loginpage is :- Invalid credentials
[main] INFO Log -  The Actual Text of the OrangeHRM Application Loginpage is :- Invalid credentials
[main] INFO Log - Failed to Navigate to OrangeHRM Application HomePage - Pass 
[main] INFO Log - OrangeHRMApplicationURLAddress is Not Matched:-Pass 
[main] INFO Log - org.openqa.selenium.NoSuchElementException: no such element: Unable to locate element: {"method":"partial link text","selector":"Admin"}
  (Session info: chrome=121.0.6167.185)
For documentation on this error, please visit: https://www.seleniumhq.org/exceptions/no_such_element.html
Build info: version: '3.141.59', revision: 'e82be7d358', time: '2018-11-14T08:17:03'
System info: host: 'NAVEENPATEL', ip: '192.168.1.6', os.name: 'Windows 11', os.arch: 'amd64', os.version: '10.0', java.version: '17.0.5'
Driver info: org.openqa.selenium.chrome.ChromeDriver
Capabilities {acceptInsecureCerts: false, browserName: chrome, browserVersion: 121.0.6167.185, chrome: {chromedriverVersion: 121.0.6167.85 (3f98d690ad7e..., userDataDir: C:\Users\emmad\AppData\Loca...}, fedcm:accounts: true, goog:chromeOptions: {debuggerAddress: localhost:60513}, javascriptEnabled: true, networkConnectionEnabled: false, pageLoadStrategy: normal, platform: WINDOWS, platformName: WINDOWS, proxy: Proxy(), setWindowRect: true, strictFileInteractability: false, timeouts: {implicit: 0, pageLoad: 300000, script: 30000}, unhandledPromptBehavior: dismiss and notify, webauthn:extension:credBlob: true, webauthn:extension:largeBlob: true, webauthn:extension:minPinLength: true, webauthn:extension:prf: true, webauthn:virtualAuthenticators: true}
Session ID: 52439ccb3cb1a1a285ea67502e88eded
*** Element info: {Using=partial link text, value=Admin}
[main] INFO Log -  The Expected Text of the OrangeHRM Application Loginpage is :- Invalid credentials
[main] INFO Log -  The Actual Text of the OrangeHRM Application Loginpage is :- Invalid credentials
[main] INFO Log - Failed to Navigate to OrangeHRM Application HomePage - Pass 
[main] INFO Log - OrangeHRMApplicationURLAddress is Not Matched:-Pass 
[main] INFO Log - org.openqa.selenium.NoSuchElementException: no such element: Unable to locate element: {"method":"partial link text","selector":"Admin"}
  (Session info: chrome=121.0.6167.185)
For documentation on this error, please visit: https://www.seleniumhq.org/exceptions/no_such_element.html
Build info: version: '3.141.59', revision: 'e82be7d358', time: '2018-11-14T08:17:03'
System info: host: 'NAVEENPATEL', ip: '192.168.1.6', os.name: 'Windows 11', os.arch: 'amd64', os.version: '10.0', java.version: '17.0.5'
Driver info: org.openqa.selenium.chrome.ChromeDriver
Capabilities {acceptInsecureCerts: false, browserName: chrome, browserVersion: 121.0.6167.185, chrome: {chromedriverVersion: 121.0.6167.85 (3f98d690ad7e..., userDataDir: C:\Users\emmad\AppData\Loca...}, fedcm:accounts: true, goog:chromeOptions: {debuggerAddress: localhost:60513}, javascriptEnabled: true, networkConnectionEnabled: false, pageLoadStrategy: normal, platform: WINDOWS, platformName: WINDOWS, proxy: Proxy(), setWindowRect: true, strictFileInteractability: false, timeouts: {implicit: 0, pageLoad: 300000, script: 30000}, unhandledPromptBehavior: dismiss and notify, webauthn:extension:credBlob: true, webauthn:extension:largeBlob: true, webauthn:extension:minPinLength: true, webauthn:extension:prf: true, webauthn:virtualAuthenticators: true}
Session ID: 52439ccb3cb1a1a285ea67502e88eded
*** Element info: {Using=partial link text, value=Admin}
[main] INFO Log -  The Expected Text of the OrangeHRM Application Loginpage is :- Invalid credentials
[main] INFO Log -  The Actual Text of the OrangeHRM Application Loginpage is :- Invalid credentials
[main] INFO Log - Failed to Navigate to OrangeHRM Application HomePage - Pass 
[main] INFO Log - OrangeHRMApplicationURLAddress is Not Matched:-Pass 
[main] INFO Log -  ************ Chrome Browser along with OrangeHRM Application Closed Successfully ********
[main] INFO Log - **** Chrome Browser Launched Successfully ********** 
[main] INFO Log -  Successfully Navigated to OrangeHRM Application LogIn Page 
[main] INFO Log -  The Expected Text of the WebElement LogIn Pannel is :- LOGIN Panel
[main] INFO Log -  The Actual Text of the WebElement LogIn Pannel is :- LOGIN Panel
[main] INFO Log -  LogIn Pannel Text Validation Successful - PASS
[main] INFO Log -  ************ Chrome Browser along with OrangeHRM Application Closed Successfully ********
[main] INFO Log - **** Chrome Browser Launched Successfully ********** 
[main] INFO Log -  Successfully Navigated to OrangeHRM Application LogIn Page 
[main] INFO Log -  OrangeHRM Applicaiton LogIn page Logo found - PASS 
[main] INFO Log -  ************ Chrome Browser along with OrangeHRM Application Closed Successfully ********
[main] INFO Log - **** Chrome Browser Launched Successfully ********** 
[main] INFO Log -  Successfully Navigated to OrangeHRM Application LogIn Page 
[main] INFO Log -  The Expected Text of the OrangeHRM Application HomePage is :- Welcome
[main] INFO Log -  The Actual Text of the OrangeHRM Application HomePage is :- Welcome Admin
[main] INFO Log -  Successfully Navigated to OrangeHRM Application HomePage - PASS 
[main] INFO Log - org.openqa.selenium.NoSuchElementException: no such element: Unable to locate element: {"method":"css selector","selector":"#spanMessage"}
  (Session info: chrome=121.0.6167.185)
For documentation on this error, please visit: https://www.seleniumhq.org/exceptions/no_such_element.html
Build info: version: '3.141.59', revision: 'e82be7d358', time: '2018-11-14T08:17:03'
System info: host: 'NAVEENPATEL', ip: '192.168.1.6', os.name: 'Windows 11', os.arch: 'amd64', os.version: '10.0', java.version: '17.0.5'
Driver info: org.openqa.selenium.chrome.ChromeDriver
Capabilities {acceptInsecureCerts: false, browserName: chrome, browserVersion: 121.0.6167.185, chrome: {chromedriverVersion: 121.0.6167.85 (3f98d690ad7e..., userDataDir: C:\Users\emmad\AppData\Loca...}, fedcm:accounts: true, goog:chromeOptions: {debuggerAddress: localhost:60601}, javascriptEnabled: true, networkConnectionEnabled: false, pageLoadStrategy: normal, platform: WINDOWS, platformName: WINDOWS, proxy: Proxy(), setWindowRect: true, strictFileInteractability: false, timeouts: {implicit: 0, pageLoad: 300000, script: 30000}, unhandledPromptBehavior: dismiss and notify, webauthn:extension:credBlob: true, webauthn:extension:largeBlob: true, webauthn:extension:minPinLength: true, webauthn:extension:prf: true, webauthn:virtualAuthenticators: true}
Session ID: f260a971cc0d25015af39964cea4da7c
*** Element info: {Using=id, value=spanMessage}
[main] INFO Log - org.openqa.selenium.NoSuchElementException: no such element: Unable to locate element: {"method":"partial link text","selector":"Admin"}
  (Session info: chrome=121.0.6167.185)
For documentation on this error, please visit: https://www.seleniumhq.org/exceptions/no_such_element.html
Build info: version: '3.141.59', revision: 'e82be7d358', time: '2018-11-14T08:17:03'
System info: host: 'NAVEENPATEL', ip: '192.168.1.6', os.name: 'Windows 11', os.arch: 'amd64', os.version: '10.0', java.version: '17.0.5'
Driver info: org.openqa.selenium.chrome.ChromeDriver
Capabilities {acceptInsecureCerts: false, browserName: chrome, browserVersion: 121.0.6167.185, chrome: {chromedriverVersion: 121.0.6167.85 (3f98d690ad7e..., userDataDir: C:\Users\emmad\AppData\Loca...}, fedcm:accounts: true, goog:chromeOptions: {debuggerAddress: localhost:60601}, javascriptEnabled: true, networkConnectionEnabled: false, pageLoadStrategy: normal, platform: WINDOWS, platformName: WINDOWS, proxy: Proxy(), setWindowRect: true, strictFileInteractability: false, timeouts: {implicit: 0, pageLoad: 300000, script: 30000}, unhandledPromptBehavior: dismiss and notify, webauthn:extension:credBlob: true, webauthn:extension:largeBlob: true, webauthn:extension:minPinLength: true, webauthn:extension:prf: true, webauthn:virtualAuthenticators: true}
Session ID: f260a971cc0d25015af39964cea4da7c
*** Element info: {Using=partial link text, value=Admin}
[main] INFO Log -  The Expected Text of the OrangeHRM Application Loginpage is :- Invalid credentials
[main] INFO Log -  The Actual Text of the OrangeHRM Application Loginpage is :- Invalid credentials
[main] INFO Log - Failed to Navigate to OrangeHRM Application HomePage - Pass 
[main] INFO Log - OrangeHRMApplicationURLAddress is Not Matched:-Pass 
[main] INFO Log - org.openqa.selenium.NoSuchElementException: no such element: Unable to locate element: {"method":"partial link text","selector":"Admin"}
  (Session info: chrome=121.0.6167.185)
For documentation on this error, please visit: https://www.seleniumhq.org/exceptions/no_such_element.html
Build info: version: '3.141.59', revision: 'e82be7d358', time: '2018-11-14T08:17:03'
System info: host: 'NAVEENPATEL', ip: '192.168.1.6', os.name: 'Windows 11', os.arch: 'amd64', os.version: '10.0', java.version: '17.0.5'
Driver info: org.openqa.selenium.chrome.ChromeDriver
Capabilities {acceptInsecureCerts: false, browserName: chrome, browserVersion: 121.0.6167.185, chrome: {chromedriverVersion: 121.0.6167.85 (3f98d690ad7e..., userDataDir: C:\Users\emmad\AppData\Loca...}, fedcm:accounts: true, goog:chromeOptions: {debuggerAddress: localhost:60601}, javascriptEnabled: true, networkConnectionEnabled: false, pageLoadStrategy: normal, platform: WINDOWS, platformName: WINDOWS, proxy: Proxy(), setWindowRect: true, strictFileInteractability: false, timeouts: {implicit: 0, pageLoad: 300000, script: 30000}, unhandledPromptBehavior: dismiss and notify, webauthn:extension:credBlob: true, webauthn:extension:largeBlob: true, webauthn:extension:minPinLength: true, webauthn:extension:prf: true, webauthn:virtualAuthenticators: true}
Session ID: f260a971cc0d25015af39964cea4da7c
*** Element info: {Using=partial link text, value=Admin}
[main] INFO Log -  The Expected Text of the OrangeHRM Application Loginpage is :- Invalid credentials
[main] INFO Log -  The Actual Text of the OrangeHRM Application Loginpage is :- Invalid credentials
[main] INFO Log - Failed to Navigate to OrangeHRM Application HomePage - Pass 
[main] INFO Log - OrangeHRMApplicationURLAddress is Not Matched:-Pass 
[main] INFO Log - org.openqa.selenium.NoSuchElementException: no such element: Unable to locate element: {"method":"partial link text","selector":"Admin"}
  (Session info: chrome=121.0.6167.185)
For documentation on this error, please visit: https://www.seleniumhq.org/exceptions/no_such_element.html
Build info: version: '3.141.59', revision: 'e82be7d358', time: '2018-11-14T08:17:03'
System info: host: 'NAVEENPATEL', ip: '192.168.1.6', os.name: 'Windows 11', os.arch: 'amd64', os.version: '10.0', java.version: '17.0.5'
Driver info: org.openqa.selenium.chrome.ChromeDriver
Capabilities {acceptInsecureCerts: false, browserName: chrome, browserVersion: 121.0.6167.185, chrome: {chromedriverVersion: 121.0.6167.85 (3f98d690ad7e..., userDataDir: C:\Users\emmad\AppData\Loca...}, fedcm:accounts: true, goog:chromeOptions: {debuggerAddress: localhost:60601}, javascriptEnabled: true, networkConnectionEnabled: false, pageLoadStrategy: normal, platform: WINDOWS, platformName: WINDOWS, proxy: Proxy(), setWindowRect: true, strictFileInteractability: false, timeouts: {implicit: 0, pageLoad: 300000, script: 30000}, unhandledPromptBehavior: dismiss and notify, webauthn:extension:credBlob: true, webauthn:extension:largeBlob: true, webauthn:extension:minPinLength: true, webauthn:extension:prf: true, webauthn:virtualAuthenticators: true}
Session ID: f260a971cc0d25015af39964cea4da7c
*** Element info: {Using=partial link text, value=Admin}
[main] INFO Log -  The Expected Text of the OrangeHRM Application Loginpage is :- Invalid credentials
[main] INFO Log -  The Actual Text of the OrangeHRM Application Loginpage is :- Invalid credentials
[main] INFO Log - Failed to Navigate to OrangeHRM Application HomePage - Pass 
[main] INFO Log - OrangeHRMApplicationURLAddress is Not Matched:-Pass 
[main] INFO Log -  ************ Chrome Browser along with OrangeHRM Application Closed Successfully ********
