2024-02-17 21:11:03,776 - Log -INFO - **** Chrome Browser Launched Successfully ********** 
2024-02-17 21:11:04,264 - Log -INFO -  Successfully Navigated to OrangeHRM Application LogIn Page 
2024-02-17 21:11:04,442 - Log -INFO -  The Expected Text of the WebElement LogIn Pannel is :- LOGIN Panel
2024-02-17 21:11:04,500 - Log -INFO -  The Actual Text of the WebElement LogIn Pannel is :- LOGIN Panel
2024-02-17 21:11:04,504 - Log -INFO -  LogIn Pannel Text Validation Successful - PASS
2024-02-17 21:11:04,654 - Log -INFO -  ************ Chrome Browser along with OrangeHRM Application Closed Successfully ********
2024-02-17 21:11:05,552 - Log -INFO - **** Chrome Browser Launched Successfully ********** 
2024-02-17 21:11:06,098 - Log -INFO -  Successfully Navigated to OrangeHRM Application LogIn Page 
2024-02-17 21:11:06,321 - Log -INFO -  OrangeHRM Applicaiton LogIn page Logo found - PASS 
2024-02-17 21:11:06,469 - Log -INFO -  ************ Chrome Browser along with OrangeHRM Application Closed Successfully ********
2024-02-17 21:11:07,312 - Log -INFO - **** Chrome Browser Launched Successfully ********** 
2024-02-17 21:11:07,984 - Log -INFO -  Successfully Navigated to OrangeHRM Application LogIn Page 
2024-02-17 21:11:08,807 - Log -INFO -  ************ Chrome Browser along with OrangeHRM Application Closed Successfully ********
2024-02-17 21:14:28,426 - Log -INFO - **** Chrome Browser Launched Successfully ********** 
2024-02-17 21:14:28,987 - Log -INFO -  Successfully Navigated to OrangeHRM Application LogIn Page 
2024-02-17 21:14:29,164 - Log -INFO -  The Expected Text of the WebElement LogIn Pannel is :- LOGIN Panel
2024-02-17 21:14:29,214 - Log -INFO -  The Actual Text of the WebElement LogIn Pannel is :- LOGIN Panel
2024-02-17 21:14:29,219 - Log -INFO -  LogIn Pannel Text Validation Successful - PASS
2024-02-17 21:14:29,403 - Log -INFO -  ************ Chrome Browser along with OrangeHRM Application Closed Successfully ********
2024-02-17 21:14:30,247 - Log -INFO - **** Chrome Browser Launched Successfully ********** 
2024-02-17 21:14:30,873 - Log -INFO -  Successfully Navigated to OrangeHRM Application LogIn Page 
2024-02-17 21:14:31,101 - Log -INFO -  OrangeHRM Applicaiton LogIn page Logo found - PASS 
2024-02-17 21:14:31,251 - Log -INFO -  ************ Chrome Browser along with OrangeHRM Application Closed Successfully ********
2024-02-17 21:14:34,722 - Log -INFO - **** Chrome Browser Launched Successfully ********** 
2024-02-17 21:14:35,357 - Log -INFO -  Successfully Navigated to OrangeHRM Application LogIn Page 
2024-02-17 21:14:36,453 - Log -INFO -  ************ Chrome Browser along with OrangeHRM Application Closed Successfully ********
2024-02-17 21:15:44,302 - Log -INFO - **** Chrome Browser Launched Successfully ********** 
2024-02-17 21:15:44,776 - Log -INFO -  Successfully Navigated to OrangeHRM Application LogIn Page 
2024-02-17 21:15:44,965 - Log -INFO -  The Expected Text of the WebElement LogIn Pannel is :- LOGIN Panel
2024-02-17 21:15:45,018 - Log -INFO -  The Actual Text of the WebElement LogIn Pannel is :- LOGIN Panel
2024-02-17 21:15:45,029 - Log -INFO -  LogIn Pannel Text Validation Successful - PASS
2024-02-17 21:15:45,811 - Log -INFO - **** Chrome Browser Launched Successfully ********** 
2024-02-17 21:15:46,379 - Log -INFO -  Successfully Navigated to OrangeHRM Application LogIn Page 
2024-02-17 21:15:46,600 - Log -INFO -  OrangeHRM Applicaiton LogIn page Logo found - PASS 
2024-02-17 21:15:47,246 - Log -INFO - **** Chrome Browser Launched Successfully ********** 
2024-02-17 21:15:47,632 - Log -INFO -  Successfully Navigated to OrangeHRM Application LogIn Page 
2024-02-17 21:17:14,034 - Log -INFO - **** Chrome Browser Launched Successfully ********** 
2024-02-17 21:17:14,560 - Log -INFO -  Successfully Navigated to OrangeHRM Application LogIn Page 
2024-02-17 21:17:14,763 - Log -INFO -  The Expected Text of the WebElement LogIn Pannel is :- LOGIN Panel
2024-02-17 21:17:14,818 - Log -INFO -  The Actual Text of the WebElement LogIn Pannel is :- LOGIN Panel
2024-02-17 21:17:14,825 - Log -INFO -  LogIn Pannel Text Validation Successful - PASS
2024-02-17 21:17:15,601 - Log -INFO - **** Chrome Browser Launched Successfully ********** 
2024-02-17 21:17:16,089 - Log -INFO -  Successfully Navigated to OrangeHRM Application LogIn Page 
2024-02-17 21:17:16,297 - Log -INFO -  OrangeHRM Applicaiton LogIn page Logo found - PASS 
2024-02-17 21:17:16,949 - Log -INFO - **** Chrome Browser Launched Successfully ********** 
2024-02-17 21:17:17,279 - Log -INFO -  Successfully Navigated to OrangeHRM Application LogIn Page 
2024-02-17 21:26:45,115 - Log -INFO - **** Chrome Browser Launched Successfully ********** 
2024-02-17 21:26:45,488 - Log -INFO -  Successfully Navigated to OrangeHRM Application LogIn Page 
2024-02-17 21:26:45,665 - Log -INFO -  The Expected Text of the WebElement LogIn Pannel is :- LOGIN Panel
2024-02-17 21:26:45,706 - Log -INFO -  The Actual Text of the WebElement LogIn Pannel is :- LOGIN Panel
2024-02-17 21:26:45,712 - Log -INFO -  LogIn Pannel Text Validation Successful - PASS
2024-02-17 21:26:46,308 - Log -INFO - **** Chrome Browser Launched Successfully ********** 
2024-02-17 21:26:46,689 - Log -INFO -  Successfully Navigated to OrangeHRM Application LogIn Page 
2024-02-17 21:26:46,880 - Log -INFO -  OrangeHRM Applicaiton LogIn page Logo found - PASS 
2024-02-17 21:26:47,513 - Log -INFO - **** Chrome Browser Launched Successfully ********** 
2024-02-17 21:26:47,874 - Log -INFO -  Successfully Navigated to OrangeHRM Application LogIn Page 
2024-02-17 21:28:56,305 - Log -INFO - **** Chrome Browser Launched Successfully ********** 
2024-02-17 21:28:56,675 - Log -INFO -  Successfully Navigated to OrangeHRM Application LogIn Page 
2024-02-17 21:28:56,850 - Log -INFO -  The Expected Text of the WebElement LogIn Pannel is :- LOGIN Panel
2024-02-17 21:28:56,888 - Log -INFO -  The Actual Text of the WebElement LogIn Pannel is :- LOGIN Panel
2024-02-17 21:28:56,894 - Log -INFO -  LogIn Pannel Text Validation Successful - PASS
2024-02-17 21:28:57,497 - Log -INFO - **** Chrome Browser Launched Successfully ********** 
2024-02-17 21:28:57,863 - Log -INFO -  Successfully Navigated to OrangeHRM Application LogIn Page 
2024-02-17 21:28:58,060 - Log -INFO -  OrangeHRM Applicaiton LogIn page Logo found - PASS 
2024-02-17 21:28:58,681 - Log -INFO - **** Chrome Browser Launched Successfully ********** 
2024-02-17 21:28:59,061 - Log -INFO -  Successfully Navigated to OrangeHRM Application LogIn Page 
2024-02-17 21:29:42,443 - Log -INFO - **** Chrome Browser Launched Successfully ********** 
2024-02-17 21:29:43,046 - Log -INFO -  Successfully Navigated to OrangeHRM Application LogIn Page 
2024-02-17 21:29:43,223 - Log -INFO -  The Expected Text of the WebElement LogIn Pannel is :- LOGIN Panel
2024-02-17 21:29:43,278 - Log -INFO -  The Actual Text of the WebElement LogIn Pannel is :- LOGIN Panel
2024-02-17 21:29:43,283 - Log -INFO -  LogIn Pannel Text Validation Successful - PASS
2024-02-17 21:29:44,031 - Log -INFO - **** Chrome Browser Launched Successfully ********** 
2024-02-17 21:29:44,403 - Log -INFO -  Successfully Navigated to OrangeHRM Application LogIn Page 
2024-02-17 21:29:44,601 - Log -INFO -  OrangeHRM Applicaiton LogIn page Logo found - PASS 
2024-02-17 21:29:45,256 - Log -INFO - **** Chrome Browser Launched Successfully ********** 
2024-02-17 21:29:45,637 - Log -INFO -  Successfully Navigated to OrangeHRM Application LogIn Page 
2024-02-17 21:35:23,972 - Log -INFO - **** Chrome Browser Launched Successfully ********** 
2024-02-17 21:35:24,545 - Log -INFO -  Successfully Navigated to OrangeHRM Application LogIn Page 
2024-02-17 21:35:24,743 - Log -INFO -  The Expected Text of the WebElement LogIn Pannel is :- LOGIN Panel
2024-02-17 21:35:24,793 - Log -INFO -  The Actual Text of the WebElement LogIn Pannel is :- LOGIN Panel
2024-02-17 21:35:24,799 - Log -INFO -  LogIn Pannel Text Validation Successful - PASS
2024-02-17 21:35:25,617 - Log -INFO - **** Chrome Browser Launched Successfully ********** 
2024-02-17 21:35:26,355 - Log -INFO -  Successfully Navigated to OrangeHRM Application LogIn Page 
2024-02-17 21:35:26,609 - Log -INFO -  OrangeHRM Applicaiton LogIn page Logo found - PASS 
2024-02-17 21:35:27,309 - Log -INFO - **** Chrome Browser Launched Successfully ********** 
2024-02-17 21:35:27,658 - Log -INFO -  Successfully Navigated to OrangeHRM Application LogIn Page 
2024-02-17 21:35:29,532 - Log -INFO -  The Expected Text of the OrangeHRM Application HomePage is :- Welcome
2024-02-17 21:35:29,566 - Log -INFO -  The Actual Text of the OrangeHRM Application HomePage is :- Welcome Admin
2024-02-17 21:35:29,573 - Log -INFO -  Successfully Navigated to OrangeHRM Application HomePage - PASS 
2024-02-17 21:35:32,130 - Log -INFO - org.openqa.selenium.NoSuchElementException: no such element: Unable to locate element: {"method":"css selector","selector":"#spanMessage"}
  (Session info: chrome=121.0.6167.185)
For documentation on this error, please visit: https://www.seleniumhq.org/exceptions/no_such_element.html
Build info: version: '3.141.59', revision: 'e82be7d358', time: '2018-11-14T08:17:03'
System info: host: 'NAVEENPATEL', ip: '192.168.1.6', os.name: 'Windows 11', os.arch: 'amd64', os.version: '10.0', java.version: '17.0.5'
Driver info: org.openqa.selenium.chrome.ChromeDriver
Capabilities {acceptInsecureCerts: false, browserName: chrome, browserVersion: 121.0.6167.185, chrome: {chromedriverVersion: 121.0.6167.85 (3f98d690ad7e..., userDataDir: C:\Users\emmad\AppData\Loca...}, fedcm:accounts: true, goog:chromeOptions: {debuggerAddress: localhost:58439}, javascriptEnabled: true, networkConnectionEnabled: false, pageLoadStrategy: normal, platform: WINDOWS, platformName: WINDOWS, proxy: Proxy(), setWindowRect: true, strictFileInteractability: false, timeouts: {implicit: 0, pageLoad: 300000, script: 30000}, unhandledPromptBehavior: dismiss and notify, webauthn:extension:credBlob: true, webauthn:extension:largeBlob: true, webauthn:extension:minPinLength: true, webauthn:extension:prf: true, webauthn:virtualAuthenticators: true}
Session ID: 1ce398de4236409ec422897a296510aa
*** Element info: {Using=id, value=spanMessage}
2024-02-17 21:35:32,894 - Log -INFO - org.openqa.selenium.NoSuchElementException: no such element: Unable to locate element: {"method":"partial link text","selector":"Admin"}
  (Session info: chrome=121.0.6167.185)
For documentation on this error, please visit: https://www.seleniumhq.org/exceptions/no_such_element.html
Build info: version: '3.141.59', revision: 'e82be7d358', time: '2018-11-14T08:17:03'
System info: host: 'NAVEENPATEL', ip: '192.168.1.6', os.name: 'Windows 11', os.arch: 'amd64', os.version: '10.0', java.version: '17.0.5'
Driver info: org.openqa.selenium.chrome.ChromeDriver
Capabilities {acceptInsecureCerts: false, browserName: chrome, browserVersion: 121.0.6167.185, chrome: {chromedriverVersion: 121.0.6167.85 (3f98d690ad7e..., userDataDir: C:\Users\emmad\AppData\Loca...}, fedcm:accounts: true, goog:chromeOptions: {debuggerAddress: localhost:58439}, javascriptEnabled: true, networkConnectionEnabled: false, pageLoadStrategy: normal, platform: WINDOWS, platformName: WINDOWS, proxy: Proxy(), setWindowRect: true, strictFileInteractability: false, timeouts: {implicit: 0, pageLoad: 300000, script: 30000}, unhandledPromptBehavior: dismiss and notify, webauthn:extension:credBlob: true, webauthn:extension:largeBlob: true, webauthn:extension:minPinLength: true, webauthn:extension:prf: true, webauthn:virtualAuthenticators: true}
Session ID: 1ce398de4236409ec422897a296510aa
*** Element info: {Using=partial link text, value=Admin}
2024-02-17 21:35:32,914 - Log -INFO -  The Expected Text of the OrangeHRM Application Loginpage is :- Invalid credentials
2024-02-17 21:35:32,960 - Log -INFO -  The Actual Text of the OrangeHRM Application Loginpage is :- Invalid credentials
2024-02-17 21:35:32,965 - Log -INFO - Failed to Navigate to OrangeHRM Application HomePage - Pass 
2024-02-17 21:35:32,974 - Log -INFO - OrangeHRMApplicationURLAddress is Not Matched:-Pass 
2024-02-17 21:35:33,484 - Log -INFO - org.openqa.selenium.NoSuchElementException: no such element: Unable to locate element: {"method":"partial link text","selector":"Admin"}
  (Session info: chrome=121.0.6167.185)
For documentation on this error, please visit: https://www.seleniumhq.org/exceptions/no_such_element.html
Build info: version: '3.141.59', revision: 'e82be7d358', time: '2018-11-14T08:17:03'
System info: host: 'NAVEENPATEL', ip: '192.168.1.6', os.name: 'Windows 11', os.arch: 'amd64', os.version: '10.0', java.version: '17.0.5'
Driver info: org.openqa.selenium.chrome.ChromeDriver
Capabilities {acceptInsecureCerts: false, browserName: chrome, browserVersion: 121.0.6167.185, chrome: {chromedriverVersion: 121.0.6167.85 (3f98d690ad7e..., userDataDir: C:\Users\emmad\AppData\Loca...}, fedcm:accounts: true, goog:chromeOptions: {debuggerAddress: localhost:58439}, javascriptEnabled: true, networkConnectionEnabled: false, pageLoadStrategy: normal, platform: WINDOWS, platformName: WINDOWS, proxy: Proxy(), setWindowRect: true, strictFileInteractability: false, timeouts: {implicit: 0, pageLoad: 300000, script: 30000}, unhandledPromptBehavior: dismiss and notify, webauthn:extension:credBlob: true, webauthn:extension:largeBlob: true, webauthn:extension:minPinLength: true, webauthn:extension:prf: true, webauthn:virtualAuthenticators: true}
Session ID: 1ce398de4236409ec422897a296510aa
*** Element info: {Using=partial link text, value=Admin}
2024-02-17 21:35:33,502 - Log -INFO -  The Expected Text of the OrangeHRM Application Loginpage is :- Invalid credentials
2024-02-17 21:35:33,528 - Log -INFO -  The Actual Text of the OrangeHRM Application Loginpage is :- Invalid credentials
2024-02-17 21:35:33,534 - Log -INFO - Failed to Navigate to OrangeHRM Application HomePage - Pass 
2024-02-17 21:35:33,539 - Log -INFO - OrangeHRMApplicationURLAddress is Not Matched:-Pass 
2024-02-17 21:35:34,086 - Log -INFO - org.openqa.selenium.NoSuchElementException: no such element: Unable to locate element: {"method":"partial link text","selector":"Admin"}
  (Session info: chrome=121.0.6167.185)
For documentation on this error, please visit: https://www.seleniumhq.org/exceptions/no_such_element.html
Build info: version: '3.141.59', revision: 'e82be7d358', time: '2018-11-14T08:17:03'
System info: host: 'NAVEENPATEL', ip: '192.168.1.6', os.name: 'Windows 11', os.arch: 'amd64', os.version: '10.0', java.version: '17.0.5'
Driver info: org.openqa.selenium.chrome.ChromeDriver
Capabilities {acceptInsecureCerts: false, browserName: chrome, browserVersion: 121.0.6167.185, chrome: {chromedriverVersion: 121.0.6167.85 (3f98d690ad7e..., userDataDir: C:\Users\emmad\AppData\Loca...}, fedcm:accounts: true, goog:chromeOptions: {debuggerAddress: localhost:58439}, javascriptEnabled: true, networkConnectionEnabled: false, pageLoadStrategy: normal, platform: WINDOWS, platformName: WINDOWS, proxy: Proxy(), setWindowRect: true, strictFileInteractability: false, timeouts: {implicit: 0, pageLoad: 300000, script: 30000}, unhandledPromptBehavior: dismiss and notify, webauthn:extension:credBlob: true, webauthn:extension:largeBlob: true, webauthn:extension:minPinLength: true, webauthn:extension:prf: true, webauthn:virtualAuthenticators: true}
Session ID: 1ce398de4236409ec422897a296510aa
*** Element info: {Using=partial link text, value=Admin}
2024-02-17 21:35:34,102 - Log -INFO -  The Expected Text of the OrangeHRM Application Loginpage is :- Invalid credentials
2024-02-17 21:35:34,135 - Log -INFO -  The Actual Text of the OrangeHRM Application Loginpage is :- Invalid credentials
2024-02-17 21:35:34,140 - Log -INFO - Failed to Navigate to OrangeHRM Application HomePage - Pass 
2024-02-17 21:35:34,145 - Log -INFO - OrangeHRMApplicationURLAddress is Not Matched:-Pass 
2024-02-17 22:31:39,320 - Log -INFO - **** Chrome Browser Launched Successfully ********** 
2024-02-17 22:31:39,873 - Log -INFO -  Successfully Navigated to OrangeHRM Application LogIn Page 
2024-02-17 22:31:40,082 - Log -INFO -  The Expected Text of the WebElement LogIn Pannel is :- LOGIN Panel
2024-02-17 22:31:40,133 - Log -INFO -  The Actual Text of the WebElement LogIn Pannel is :- LOGIN Panel
2024-02-17 22:31:40,141 - Log -INFO -  LogIn Pannel Text Validation Successful - PASS
2024-02-17 22:31:40,955 - Log -INFO - **** Chrome Browser Launched Successfully ********** 
2024-02-17 22:31:41,404 - Log -INFO -  Successfully Navigated to OrangeHRM Application LogIn Page 
2024-02-17 22:31:41,599 - Log -INFO -  OrangeHRM Applicaiton LogIn page Logo found - PASS 
2024-02-17 22:31:42,318 - Log -INFO - **** Chrome Browser Launched Successfully ********** 
2024-02-17 22:31:42,632 - Log -INFO -  Successfully Navigated to OrangeHRM Application LogIn Page 
2024-02-17 22:35:15,188 - Log -INFO - **** Chrome Browser Launched Successfully ********** 
2024-02-17 22:35:15,766 - Log -INFO -  Successfully Navigated to OrangeHRM Application LogIn Page 
2024-02-17 22:35:15,977 - Log -INFO -  The Expected Text of the WebElement LogIn Pannel is :- LOGIN Panel
2024-02-17 22:35:16,024 - Log -INFO -  The Actual Text of the WebElement LogIn Pannel is :- LOGIN Panel
2024-02-17 22:35:16,032 - Log -INFO -  LogIn Pannel Text Validation Successful - PASS
2024-02-17 22:35:16,667 - Log -INFO - **** Chrome Browser Launched Successfully ********** 
2024-02-17 22:35:17,058 - Log -INFO -  Successfully Navigated to OrangeHRM Application LogIn Page 
2024-02-17 22:35:17,260 - Log -INFO -  OrangeHRM Applicaiton LogIn page Logo found - PASS 
2024-02-17 22:35:17,975 - Log -INFO - **** Chrome Browser Launched Successfully ********** 
2024-02-17 22:35:18,410 - Log -INFO -  Successfully Navigated to OrangeHRM Application LogIn Page 
2024-02-17 22:35:48,905 - Log -INFO - **** Chrome Browser Launched Successfully ********** 
2024-02-17 22:35:49,267 - Log -INFO -  Successfully Navigated to OrangeHRM Application LogIn Page 
2024-02-17 22:35:49,436 - Log -INFO -  The Expected Text of the WebElement LogIn Pannel is :- LOGIN Panel
2024-02-17 22:35:49,468 - Log -INFO -  The Actual Text of the WebElement LogIn Pannel is :- LOGIN Panel
2024-02-17 22:35:49,472 - Log -INFO -  LogIn Pannel Text Validation Successful - PASS
2024-02-17 22:35:50,078 - Log -INFO - **** Chrome Browser Launched Successfully ********** 
2024-02-17 22:35:50,418 - Log -INFO -  Successfully Navigated to OrangeHRM Application LogIn Page 
2024-02-17 22:35:50,611 - Log -INFO -  OrangeHRM Applicaiton LogIn page Logo found - PASS 
2024-02-17 22:35:51,266 - Log -INFO - **** Chrome Browser Launched Successfully ********** 
2024-02-17 22:35:51,639 - Log -INFO -  Successfully Navigated to OrangeHRM Application LogIn Page 
2024-02-17 22:35:53,089 - Log -INFO - org.openqa.selenium.NoSuchElementException: no such element: Unable to locate element: {"method":"partial link text","selector":"Admin"}
  (Session info: chrome=121.0.6167.185)
For documentation on this error, please visit: https://www.seleniumhq.org/exceptions/no_such_element.html
Build info: version: '3.141.59', revision: 'e82be7d358', time: '2018-11-14T08:17:03'
System info: host: 'NAVEENPATEL', ip: '192.168.1.6', os.name: 'Windows 11', os.arch: 'amd64', os.version: '10.0', java.version: '17.0.5'
Driver info: org.openqa.selenium.chrome.ChromeDriver
Capabilities {acceptInsecureCerts: false, browserName: chrome, browserVersion: 121.0.6167.185, chrome: {chromedriverVersion: 121.0.6167.85 (3f98d690ad7e..., userDataDir: C:\Users\emmad\AppData\Loca...}, fedcm:accounts: true, goog:chromeOptions: {debuggerAddress: localhost:59221}, javascriptEnabled: true, networkConnectionEnabled: false, pageLoadStrategy: normal, platform: WINDOWS, platformName: WINDOWS, proxy: Proxy(), setWindowRect: true, strictFileInteractability: false, timeouts: {implicit: 0, pageLoad: 300000, script: 30000}, unhandledPromptBehavior: dismiss and notify, webauthn:extension:credBlob: true, webauthn:extension:largeBlob: true, webauthn:extension:minPinLength: true, webauthn:extension:prf: true, webauthn:virtualAuthenticators: true}
Session ID: 4607dc9294a130d37c146f11be8d7273
*** Element info: {Using=partial link text, value=Admin}
2024-02-17 22:35:53,119 - Log -INFO -  The Expected Text of the OrangeHRM Application Loginpage is :- Invalid credentials
2024-02-17 22:35:53,137 - Log -INFO -  The Actual Text of the OrangeHRM Application Loginpage is :- Invalid credentials
2024-02-17 22:35:53,142 - Log -INFO - Failed to Navigate to OrangeHRM Application HomePage - Pass 
2024-02-17 22:35:53,150 - Log -INFO - OrangeHRMApplicationURLAddress is Not Matched:-Pass 
2024-02-17 22:35:53,836 - Log -INFO - org.openqa.selenium.NoSuchElementException: no such element: Unable to locate element: {"method":"partial link text","selector":"Admin"}
  (Session info: chrome=121.0.6167.185)
For documentation on this error, please visit: https://www.seleniumhq.org/exceptions/no_such_element.html
Build info: version: '3.141.59', revision: 'e82be7d358', time: '2018-11-14T08:17:03'
System info: host: 'NAVEENPATEL', ip: '192.168.1.6', os.name: 'Windows 11', os.arch: 'amd64', os.version: '10.0', java.version: '17.0.5'
Driver info: org.openqa.selenium.chrome.ChromeDriver
Capabilities {acceptInsecureCerts: false, browserName: chrome, browserVersion: 121.0.6167.185, chrome: {chromedriverVersion: 121.0.6167.85 (3f98d690ad7e..., userDataDir: C:\Users\emmad\AppData\Loca...}, fedcm:accounts: true, goog:chromeOptions: {debuggerAddress: localhost:59221}, javascriptEnabled: true, networkConnectionEnabled: false, pageLoadStrategy: normal, platform: WINDOWS, platformName: WINDOWS, proxy: Proxy(), setWindowRect: true, strictFileInteractability: false, timeouts: {implicit: 0, pageLoad: 300000, script: 30000}, unhandledPromptBehavior: dismiss and notify, webauthn:extension:credBlob: true, webauthn:extension:largeBlob: true, webauthn:extension:minPinLength: true, webauthn:extension:prf: true, webauthn:virtualAuthenticators: true}
Session ID: 4607dc9294a130d37c146f11be8d7273
*** Element info: {Using=partial link text, value=Admin}
2024-02-17 22:35:53,856 - Log -INFO -  The Expected Text of the OrangeHRM Application Loginpage is :- Invalid credentials
2024-02-17 22:35:53,880 - Log -INFO -  The Actual Text of the OrangeHRM Application Loginpage is :- Invalid credentials
2024-02-17 22:35:53,885 - Log -INFO - Failed to Navigate to OrangeHRM Application HomePage - Pass 
2024-02-17 22:35:53,890 - Log -INFO - OrangeHRMApplicationURLAddress is Not Matched:-Pass 
2024-02-17 22:35:54,324 - Log -INFO - org.openqa.selenium.NoSuchElementException: no such element: Unable to locate element: {"method":"partial link text","selector":"Admin"}
  (Session info: chrome=121.0.6167.185)
For documentation on this error, please visit: https://www.seleniumhq.org/exceptions/no_such_element.html
Build info: version: '3.141.59', revision: 'e82be7d358', time: '2018-11-14T08:17:03'
System info: host: 'NAVEENPATEL', ip: '192.168.1.6', os.name: 'Windows 11', os.arch: 'amd64', os.version: '10.0', java.version: '17.0.5'
Driver info: org.openqa.selenium.chrome.ChromeDriver
Capabilities {acceptInsecureCerts: false, browserName: chrome, browserVersion: 121.0.6167.185, chrome: {chromedriverVersion: 121.0.6167.85 (3f98d690ad7e..., userDataDir: C:\Users\emmad\AppData\Loca...}, fedcm:accounts: true, goog:chromeOptions: {debuggerAddress: localhost:59221}, javascriptEnabled: true, networkConnectionEnabled: false, pageLoadStrategy: normal, platform: WINDOWS, platformName: WINDOWS, proxy: Proxy(), setWindowRect: true, strictFileInteractability: false, timeouts: {implicit: 0, pageLoad: 300000, script: 30000}, unhandledPromptBehavior: dismiss and notify, webauthn:extension:credBlob: true, webauthn:extension:largeBlob: true, webauthn:extension:minPinLength: true, webauthn:extension:prf: true, webauthn:virtualAuthenticators: true}
Session ID: 4607dc9294a130d37c146f11be8d7273
*** Element info: {Using=partial link text, value=Admin}
2024-02-17 22:35:54,344 - Log -INFO -  The Expected Text of the OrangeHRM Application Loginpage is :- Invalid credentials
2024-02-17 22:35:54,370 - Log -INFO -  The Actual Text of the OrangeHRM Application Loginpage is :- Invalid credentials
2024-02-17 22:35:54,374 - Log -INFO - Failed to Navigate to OrangeHRM Application HomePage - Pass 
2024-02-17 22:35:54,379 - Log -INFO - OrangeHRMApplicationURLAddress is Not Matched:-Pass 
2024-02-17 22:35:54,831 - Log -INFO - org.openqa.selenium.NoSuchElementException: no such element: Unable to locate element: {"method":"partial link text","selector":"Admin"}
  (Session info: chrome=121.0.6167.185)
For documentation on this error, please visit: https://www.seleniumhq.org/exceptions/no_such_element.html
Build info: version: '3.141.59', revision: 'e82be7d358', time: '2018-11-14T08:17:03'
System info: host: 'NAVEENPATEL', ip: '192.168.1.6', os.name: 'Windows 11', os.arch: 'amd64', os.version: '10.0', java.version: '17.0.5'
Driver info: org.openqa.selenium.chrome.ChromeDriver
Capabilities {acceptInsecureCerts: false, browserName: chrome, browserVersion: 121.0.6167.185, chrome: {chromedriverVersion: 121.0.6167.85 (3f98d690ad7e..., userDataDir: C:\Users\emmad\AppData\Loca...}, fedcm:accounts: true, goog:chromeOptions: {debuggerAddress: localhost:59221}, javascriptEnabled: true, networkConnectionEnabled: false, pageLoadStrategy: normal, platform: WINDOWS, platformName: WINDOWS, proxy: Proxy(), setWindowRect: true, strictFileInteractability: false, timeouts: {implicit: 0, pageLoad: 300000, script: 30000}, unhandledPromptBehavior: dismiss and notify, webauthn:extension:credBlob: true, webauthn:extension:largeBlob: true, webauthn:extension:minPinLength: true, webauthn:extension:prf: true, webauthn:virtualAuthenticators: true}
Session ID: 4607dc9294a130d37c146f11be8d7273
*** Element info: {Using=partial link text, value=Admin}
2024-02-17 22:35:54,848 - Log -INFO -  The Expected Text of the OrangeHRM Application Loginpage is :- Invalid credentials
2024-02-17 22:35:54,872 - Log -INFO -  The Actual Text of the OrangeHRM Application Loginpage is :- Invalid credentials
2024-02-17 22:35:54,877 - Log -INFO - Failed to Navigate to OrangeHRM Application HomePage - Pass 
2024-02-17 22:35:54,883 - Log -INFO - OrangeHRMApplicationURLAddress is Not Matched:-Pass 
2024-02-17 22:36:44,471 - Log -INFO - **** Chrome Browser Launched Successfully ********** 
2024-02-17 22:36:45,019 - Log -INFO -  Successfully Navigated to OrangeHRM Application LogIn Page 
2024-02-17 22:36:45,224 - Log -INFO -  The Expected Text of the WebElement LogIn Pannel is :- LOGIN Panel
2024-02-17 22:36:45,271 - Log -INFO -  The Actual Text of the WebElement LogIn Pannel is :- LOGIN Panel
2024-02-17 22:36:45,276 - Log -INFO -  LogIn Pannel Text Validation Successful - PASS
2024-02-17 22:36:45,415 - Log -INFO -  ************ Chrome Browser along with OrangeHRM Application Closed Successfully ********
2024-02-17 22:36:46,137 - Log -INFO - **** Chrome Browser Launched Successfully ********** 
2024-02-17 22:36:46,506 - Log -INFO -  Successfully Navigated to OrangeHRM Application LogIn Page 
2024-02-17 22:36:46,708 - Log -INFO -  OrangeHRM Applicaiton LogIn page Logo found - PASS 
2024-02-17 22:36:46,827 - Log -INFO -  ************ Chrome Browser along with OrangeHRM Application Closed Successfully ********
2024-02-17 22:36:47,486 - Log -INFO - **** Chrome Browser Launched Successfully ********** 
2024-02-17 22:36:47,851 - Log -INFO -  Successfully Navigated to OrangeHRM Application LogIn Page 
2024-02-17 22:36:49,412 - Log -INFO - org.openqa.selenium.NoSuchElementException: no such element: Unable to locate element: {"method":"partial link text","selector":"Admin"}
  (Session info: chrome=121.0.6167.185)
For documentation on this error, please visit: https://www.seleniumhq.org/exceptions/no_such_element.html
Build info: version: '3.141.59', revision: 'e82be7d358', time: '2018-11-14T08:17:03'
System info: host: 'NAVEENPATEL', ip: '192.168.1.6', os.name: 'Windows 11', os.arch: 'amd64', os.version: '10.0', java.version: '17.0.5'
Driver info: org.openqa.selenium.chrome.ChromeDriver
Capabilities {acceptInsecureCerts: false, browserName: chrome, browserVersion: 121.0.6167.185, chrome: {chromedriverVersion: 121.0.6167.85 (3f98d690ad7e..., userDataDir: C:\Users\emmad\AppData\Loca...}, fedcm:accounts: true, goog:chromeOptions: {debuggerAddress: localhost:59308}, javascriptEnabled: true, networkConnectionEnabled: false, pageLoadStrategy: normal, platform: WINDOWS, platformName: WINDOWS, proxy: Proxy(), setWindowRect: true, strictFileInteractability: false, timeouts: {implicit: 0, pageLoad: 300000, script: 30000}, unhandledPromptBehavior: dismiss and notify, webauthn:extension:credBlob: true, webauthn:extension:largeBlob: true, webauthn:extension:minPinLength: true, webauthn:extension:prf: true, webauthn:virtualAuthenticators: true}
Session ID: db88020a280acdd1e8cdefdaea826fde
*** Element info: {Using=partial link text, value=Admin}
2024-02-17 22:36:49,435 - Log -INFO -  The Expected Text of the OrangeHRM Application Loginpage is :- Invalid credentials
2024-02-17 22:36:49,467 - Log -INFO -  The Actual Text of the OrangeHRM Application Loginpage is :- Invalid credentials
2024-02-17 22:36:49,473 - Log -INFO - Failed to Navigate to OrangeHRM Application HomePage - Pass 
2024-02-17 22:36:49,477 - Log -INFO - OrangeHRMApplicationURLAddress is Not Matched:-Pass 
2024-02-17 22:36:50,162 - Log -INFO - org.openqa.selenium.NoSuchElementException: no such element: Unable to locate element: {"method":"partial link text","selector":"Admin"}
  (Session info: chrome=121.0.6167.185)
For documentation on this error, please visit: https://www.seleniumhq.org/exceptions/no_such_element.html
Build info: version: '3.141.59', revision: 'e82be7d358', time: '2018-11-14T08:17:03'
System info: host: 'NAVEENPATEL', ip: '192.168.1.6', os.name: 'Windows 11', os.arch: 'amd64', os.version: '10.0', java.version: '17.0.5'
Driver info: org.openqa.selenium.chrome.ChromeDriver
Capabilities {acceptInsecureCerts: false, browserName: chrome, browserVersion: 121.0.6167.185, chrome: {chromedriverVersion: 121.0.6167.85 (3f98d690ad7e..., userDataDir: C:\Users\emmad\AppData\Loca...}, fedcm:accounts: true, goog:chromeOptions: {debuggerAddress: localhost:59308}, javascriptEnabled: true, networkConnectionEnabled: false, pageLoadStrategy: normal, platform: WINDOWS, platformName: WINDOWS, proxy: Proxy(), setWindowRect: true, strictFileInteractability: false, timeouts: {implicit: 0, pageLoad: 300000, script: 30000}, unhandledPromptBehavior: dismiss and notify, webauthn:extension:credBlob: true, webauthn:extension:largeBlob: true, webauthn:extension:minPinLength: true, webauthn:extension:prf: true, webauthn:virtualAuthenticators: true}
Session ID: db88020a280acdd1e8cdefdaea826fde
*** Element info: {Using=partial link text, value=Admin}
2024-02-17 22:36:50,182 - Log -INFO -  The Expected Text of the OrangeHRM Application Loginpage is :- Invalid credentials
2024-02-17 22:36:50,211 - Log -INFO -  The Actual Text of the OrangeHRM Application Loginpage is :- Invalid credentials
2024-02-17 22:36:50,216 - Log -INFO - Failed to Navigate to OrangeHRM Application HomePage - Pass 
2024-02-17 22:36:50,220 - Log -INFO - OrangeHRMApplicationURLAddress is Not Matched:-Pass 
2024-02-17 22:36:50,704 - Log -INFO - org.openqa.selenium.NoSuchElementException: no such element: Unable to locate element: {"method":"partial link text","selector":"Admin"}
  (Session info: chrome=121.0.6167.185)
For documentation on this error, please visit: https://www.seleniumhq.org/exceptions/no_such_element.html
Build info: version: '3.141.59', revision: 'e82be7d358', time: '2018-11-14T08:17:03'
System info: host: 'NAVEENPATEL', ip: '192.168.1.6', os.name: 'Windows 11', os.arch: 'amd64', os.version: '10.0', java.version: '17.0.5'
Driver info: org.openqa.selenium.chrome.ChromeDriver
Capabilities {acceptInsecureCerts: false, browserName: chrome, browserVersion: 121.0.6167.185, chrome: {chromedriverVersion: 121.0.6167.85 (3f98d690ad7e..., userDataDir: C:\Users\emmad\AppData\Loca...}, fedcm:accounts: true, goog:chromeOptions: {debuggerAddress: localhost:59308}, javascriptEnabled: true, networkConnectionEnabled: false, pageLoadStrategy: normal, platform: WINDOWS, platformName: WINDOWS, proxy: Proxy(), setWindowRect: true, strictFileInteractability: false, timeouts: {implicit: 0, pageLoad: 300000, script: 30000}, unhandledPromptBehavior: dismiss and notify, webauthn:extension:credBlob: true, webauthn:extension:largeBlob: true, webauthn:extension:minPinLength: true, webauthn:extension:prf: true, webauthn:virtualAuthenticators: true}
Session ID: db88020a280acdd1e8cdefdaea826fde
*** Element info: {Using=partial link text, value=Admin}
2024-02-17 22:36:50,721 - Log -INFO -  The Expected Text of the OrangeHRM Application Loginpage is :- Invalid credentials
2024-02-17 22:36:50,750 - Log -INFO -  The Actual Text of the OrangeHRM Application Loginpage is :- Invalid credentials
2024-02-17 22:36:50,755 - Log -INFO - Failed to Navigate to OrangeHRM Application HomePage - Pass 
2024-02-17 22:36:50,761 - Log -INFO - OrangeHRMApplicationURLAddress is Not Matched:-Pass 
2024-02-17 22:36:51,261 - Log -INFO - org.openqa.selenium.NoSuchElementException: no such element: Unable to locate element: {"method":"partial link text","selector":"Admin"}
  (Session info: chrome=121.0.6167.185)
For documentation on this error, please visit: https://www.seleniumhq.org/exceptions/no_such_element.html
Build info: version: '3.141.59', revision: 'e82be7d358', time: '2018-11-14T08:17:03'
System info: host: 'NAVEENPATEL', ip: '192.168.1.6', os.name: 'Windows 11', os.arch: 'amd64', os.version: '10.0', java.version: '17.0.5'
Driver info: org.openqa.selenium.chrome.ChromeDriver
Capabilities {acceptInsecureCerts: false, browserName: chrome, browserVersion: 121.0.6167.185, chrome: {chromedriverVersion: 121.0.6167.85 (3f98d690ad7e..., userDataDir: C:\Users\emmad\AppData\Loca...}, fedcm:accounts: true, goog:chromeOptions: {debuggerAddress: localhost:59308}, javascriptEnabled: true, networkConnectionEnabled: false, pageLoadStrategy: normal, platform: WINDOWS, platformName: WINDOWS, proxy: Proxy(), setWindowRect: true, strictFileInteractability: false, timeouts: {implicit: 0, pageLoad: 300000, script: 30000}, unhandledPromptBehavior: dismiss and notify, webauthn:extension:credBlob: true, webauthn:extension:largeBlob: true, webauthn:extension:minPinLength: true, webauthn:extension:prf: true, webauthn:virtualAuthenticators: true}
Session ID: db88020a280acdd1e8cdefdaea826fde
*** Element info: {Using=partial link text, value=Admin}
2024-02-17 22:36:51,276 - Log -INFO -  The Expected Text of the OrangeHRM Application Loginpage is :- Invalid credentials
2024-02-17 22:36:51,301 - Log -INFO -  The Actual Text of the OrangeHRM Application Loginpage is :- Invalid credentials
2024-02-17 22:36:51,305 - Log -INFO - Failed to Navigate to OrangeHRM Application HomePage - Pass 
2024-02-17 22:36:51,310 - Log -INFO - OrangeHRMApplicationURLAddress is Not Matched:-Pass 
2024-02-17 22:36:51,458 - Log -INFO -  ************ Chrome Browser along with OrangeHRM Application Closed Successfully ********
2024-02-17 22:37:47,389 - Log -INFO - **** Chrome Browser Launched Successfully ********** 
2024-02-17 22:37:47,786 - Log -INFO -  Successfully Navigated to OrangeHRM Application LogIn Page 
2024-02-17 22:37:47,979 - Log -INFO -  The Expected Text of the WebElement LogIn Pannel is :- LOGIN Panel
2024-02-17 22:37:48,030 - Log -INFO -  The Actual Text of the WebElement LogIn Pannel is :- LOGIN Panel
2024-02-17 22:37:48,040 - Log -INFO -  LogIn Pannel Text Validation Successful - PASS
2024-02-17 22:37:48,166 - Log -INFO -  ************ Chrome Browser along with OrangeHRM Application Closed Successfully ********
2024-02-17 22:37:48,829 - Log -INFO - **** Chrome Browser Launched Successfully ********** 
2024-02-17 22:37:49,257 - Log -INFO -  Successfully Navigated to OrangeHRM Application LogIn Page 
2024-02-17 22:37:49,451 - Log -INFO -  OrangeHRM Applicaiton LogIn page Logo found - PASS 
2024-02-17 22:37:49,564 - Log -INFO -  ************ Chrome Browser along with OrangeHRM Application Closed Successfully ********
2024-02-17 22:37:50,198 - Log -INFO - **** Chrome Browser Launched Successfully ********** 
2024-02-17 22:37:50,568 - Log -INFO -  Successfully Navigated to OrangeHRM Application LogIn Page 
2024-02-17 22:37:57,716 - Log -INFO - org.openqa.selenium.NoSuchElementException: no such element: Unable to locate element: {"method":"partial link text","selector":"Admin"}
  (Session info: chrome=121.0.6167.185)
For documentation on this error, please visit: https://www.seleniumhq.org/exceptions/no_such_element.html
Build info: version: '3.141.59', revision: 'e82be7d358', time: '2018-11-14T08:17:03'
System info: host: 'NAVEENPATEL', ip: '192.168.1.6', os.name: 'Windows 11', os.arch: 'amd64', os.version: '10.0', java.version: '17.0.5'
Driver info: org.openqa.selenium.chrome.ChromeDriver
Capabilities {acceptInsecureCerts: false, browserName: chrome, browserVersion: 121.0.6167.185, chrome: {chromedriverVersion: 121.0.6167.85 (3f98d690ad7e..., userDataDir: C:\Users\emmad\AppData\Loca...}, fedcm:accounts: true, goog:chromeOptions: {debuggerAddress: localhost:59463}, javascriptEnabled: true, networkConnectionEnabled: false, pageLoadStrategy: normal, platform: WINDOWS, platformName: WINDOWS, proxy: Proxy(), setWindowRect: true, strictFileInteractability: false, timeouts: {implicit: 0, pageLoad: 300000, script: 30000}, unhandledPromptBehavior: dismiss and notify, webauthn:extension:credBlob: true, webauthn:extension:largeBlob: true, webauthn:extension:minPinLength: true, webauthn:extension:prf: true, webauthn:virtualAuthenticators: true}
Session ID: 664dfd58f87b516513d2fb8ac8a50501
*** Element info: {Using=partial link text, value=Admin}
2024-02-17 22:37:57,768 - Log -INFO -  The Expected Text of the OrangeHRM Application Loginpage is :- Invalid credentials
2024-02-17 22:37:57,807 - Log -INFO -  The Actual Text of the OrangeHRM Application Loginpage is :- Invalid credentials
2024-02-17 22:37:57,816 - Log -INFO - Failed to Navigate to OrangeHRM Application HomePage - Pass 
2024-02-17 22:37:57,821 - Log -INFO - OrangeHRMApplicationURLAddress is Not Matched:-Pass 
2024-02-17 22:38:04,288 - Log -INFO - org.openqa.selenium.NoSuchElementException: no such element: Unable to locate element: {"method":"partial link text","selector":"Admin"}
  (Session info: chrome=121.0.6167.185)
For documentation on this error, please visit: https://www.seleniumhq.org/exceptions/no_such_element.html
Build info: version: '3.141.59', revision: 'e82be7d358', time: '2018-11-14T08:17:03'
System info: host: 'NAVEENPATEL', ip: '192.168.1.6', os.name: 'Windows 11', os.arch: 'amd64', os.version: '10.0', java.version: '17.0.5'
Driver info: org.openqa.selenium.chrome.ChromeDriver
Capabilities {acceptInsecureCerts: false, browserName: chrome, browserVersion: 121.0.6167.185, chrome: {chromedriverVersion: 121.0.6167.85 (3f98d690ad7e..., userDataDir: C:\Users\emmad\AppData\Loca...}, fedcm:accounts: true, goog:chromeOptions: {debuggerAddress: localhost:59463}, javascriptEnabled: true, networkConnectionEnabled: false, pageLoadStrategy: normal, platform: WINDOWS, platformName: WINDOWS, proxy: Proxy(), setWindowRect: true, strictFileInteractability: false, timeouts: {implicit: 0, pageLoad: 300000, script: 30000}, unhandledPromptBehavior: dismiss and notify, webauthn:extension:credBlob: true, webauthn:extension:largeBlob: true, webauthn:extension:minPinLength: true, webauthn:extension:prf: true, webauthn:virtualAuthenticators: true}
Session ID: 664dfd58f87b516513d2fb8ac8a50501
*** Element info: {Using=partial link text, value=Admin}
2024-02-17 22:38:04,318 - Log -INFO -  The Expected Text of the OrangeHRM Application Loginpage is :- Invalid credentials
2024-02-17 22:38:04,373 - Log -INFO -  The Actual Text of the OrangeHRM Application Loginpage is :- Invalid credentials
2024-02-17 22:38:04,384 - Log -INFO - Failed to Navigate to OrangeHRM Application HomePage - Pass 
2024-02-17 22:38:04,391 - Log -INFO - OrangeHRMApplicationURLAddress is Not Matched:-Pass 
2024-02-17 22:38:10,253 - Log -INFO - org.openqa.selenium.NoSuchElementException: no such element: Unable to locate element: {"method":"partial link text","selector":"Admin"}
  (Session info: chrome=121.0.6167.185)
For documentation on this error, please visit: https://www.seleniumhq.org/exceptions/no_such_element.html
Build info: version: '3.141.59', revision: 'e82be7d358', time: '2018-11-14T08:17:03'
System info: host: 'NAVEENPATEL', ip: '192.168.1.6', os.name: 'Windows 11', os.arch: 'amd64', os.version: '10.0', java.version: '17.0.5'
Driver info: org.openqa.selenium.chrome.ChromeDriver
Capabilities {acceptInsecureCerts: false, browserName: chrome, browserVersion: 121.0.6167.185, chrome: {chromedriverVersion: 121.0.6167.85 (3f98d690ad7e..., userDataDir: C:\Users\emmad\AppData\Loca...}, fedcm:accounts: true, goog:chromeOptions: {debuggerAddress: localhost:59463}, javascriptEnabled: true, networkConnectionEnabled: false, pageLoadStrategy: normal, platform: WINDOWS, platformName: WINDOWS, proxy: Proxy(), setWindowRect: true, strictFileInteractability: false, timeouts: {implicit: 0, pageLoad: 300000, script: 30000}, unhandledPromptBehavior: dismiss and notify, webauthn:extension:credBlob: true, webauthn:extension:largeBlob: true, webauthn:extension:minPinLength: true, webauthn:extension:prf: true, webauthn:virtualAuthenticators: true}
Session ID: 664dfd58f87b516513d2fb8ac8a50501
*** Element info: {Using=partial link text, value=Admin}
2024-02-17 22:38:10,284 - Log -INFO -  The Expected Text of the OrangeHRM Application Loginpage is :- Invalid credentials
2024-02-17 22:38:10,330 - Log -INFO -  The Actual Text of the OrangeHRM Application Loginpage is :- Invalid credentials
2024-02-17 22:38:10,338 - Log -INFO - Failed to Navigate to OrangeHRM Application HomePage - Pass 
2024-02-17 22:38:10,347 - Log -INFO - OrangeHRMApplicationURLAddress is Not Matched:-Pass 
2024-02-17 22:38:16,234 - Log -INFO - org.openqa.selenium.NoSuchElementException: no such element: Unable to locate element: {"method":"partial link text","selector":"Admin"}
  (Session info: chrome=121.0.6167.185)
For documentation on this error, please visit: https://www.seleniumhq.org/exceptions/no_such_element.html
Build info: version: '3.141.59', revision: 'e82be7d358', time: '2018-11-14T08:17:03'
System info: host: 'NAVEENPATEL', ip: '192.168.1.6', os.name: 'Windows 11', os.arch: 'amd64', os.version: '10.0', java.version: '17.0.5'
Driver info: org.openqa.selenium.chrome.ChromeDriver
Capabilities {acceptInsecureCerts: false, browserName: chrome, browserVersion: 121.0.6167.185, chrome: {chromedriverVersion: 121.0.6167.85 (3f98d690ad7e..., userDataDir: C:\Users\emmad\AppData\Loca...}, fedcm:accounts: true, goog:chromeOptions: {debuggerAddress: localhost:59463}, javascriptEnabled: true, networkConnectionEnabled: false, pageLoadStrategy: normal, platform: WINDOWS, platformName: WINDOWS, proxy: Proxy(), setWindowRect: true, strictFileInteractability: false, timeouts: {implicit: 0, pageLoad: 300000, script: 30000}, unhandledPromptBehavior: dismiss and notify, webauthn:extension:credBlob: true, webauthn:extension:largeBlob: true, webauthn:extension:minPinLength: true, webauthn:extension:prf: true, webauthn:virtualAuthenticators: true}
Session ID: 664dfd58f87b516513d2fb8ac8a50501
*** Element info: {Using=partial link text, value=Admin}
2024-02-17 22:38:16,264 - Log -INFO -  The Expected Text of the OrangeHRM Application Loginpage is :- Invalid credentials
2024-02-17 22:38:16,305 - Log -INFO -  The Actual Text of the OrangeHRM Application Loginpage is :- Invalid credentials
2024-02-17 22:38:16,314 - Log -INFO - Failed to Navigate to OrangeHRM Application HomePage - Pass 
2024-02-17 22:38:16,323 - Log -INFO - OrangeHRMApplicationURLAddress is Not Matched:-Pass 
2024-02-17 22:38:16,576 - Log -INFO -  ************ Chrome Browser along with OrangeHRM Application Closed Successfully ********
2024-02-17 22:39:37,358 - Log -INFO - **** Chrome Browser Launched Successfully ********** 
2024-02-17 22:39:37,719 - Log -INFO -  Successfully Navigated to OrangeHRM Application LogIn Page 
2024-02-17 22:39:37,914 - Log -INFO -  The Expected Text of the WebElement LogIn Pannel is :- LOGIN Panel
2024-02-17 22:39:37,982 - Log -INFO -  The Actual Text of the WebElement LogIn Pannel is :- LOGIN Panel
2024-02-17 22:39:37,988 - Log -INFO -  LogIn Pannel Text Validation Successful - PASS
2024-02-17 22:39:38,113 - Log -INFO -  ************ Chrome Browser along with OrangeHRM Application Closed Successfully ********
2024-02-17 22:39:38,753 - Log -INFO - **** Chrome Browser Launched Successfully ********** 
2024-02-17 22:39:39,232 - Log -INFO -  Successfully Navigated to OrangeHRM Application LogIn Page 
2024-02-17 22:39:39,453 - Log -INFO -  OrangeHRM Applicaiton LogIn page Logo found - PASS 
2024-02-17 22:39:39,559 - Log -INFO -  ************ Chrome Browser along with OrangeHRM Application Closed Successfully ********
2024-02-17 22:39:40,168 - Log -INFO - **** Chrome Browser Launched Successfully ********** 
2024-02-17 22:39:40,501 - Log -INFO -  Successfully Navigated to OrangeHRM Application LogIn Page 
2024-02-17 22:39:42,043 - Log -INFO - org.openqa.selenium.NoSuchElementException: no such element: Unable to locate element: {"method":"partial link text","selector":"Admin"}
  (Session info: chrome=121.0.6167.185)
For documentation on this error, please visit: https://www.seleniumhq.org/exceptions/no_such_element.html
Build info: version: '3.141.59', revision: 'e82be7d358', time: '2018-11-14T08:17:03'
System info: host: 'NAVEENPATEL', ip: '192.168.1.6', os.name: 'Windows 11', os.arch: 'amd64', os.version: '10.0', java.version: '17.0.5'
Driver info: org.openqa.selenium.chrome.ChromeDriver
Capabilities {acceptInsecureCerts: false, browserName: chrome, browserVersion: 121.0.6167.185, chrome: {chromedriverVersion: 121.0.6167.85 (3f98d690ad7e..., userDataDir: C:\Users\emmad\AppData\Loca...}, fedcm:accounts: true, goog:chromeOptions: {debuggerAddress: localhost:59570}, javascriptEnabled: true, networkConnectionEnabled: false, pageLoadStrategy: normal, platform: WINDOWS, platformName: WINDOWS, proxy: Proxy(), setWindowRect: true, strictFileInteractability: false, timeouts: {implicit: 0, pageLoad: 300000, script: 30000}, unhandledPromptBehavior: dismiss and notify, webauthn:extension:credBlob: true, webauthn:extension:largeBlob: true, webauthn:extension:minPinLength: true, webauthn:extension:prf: true, webauthn:virtualAuthenticators: true}
Session ID: 5ba2da9a859f422060cf96db72922674
*** Element info: {Using=partial link text, value=Admin}
2024-02-17 22:39:42,074 - Log -INFO -  The Expected Text of the OrangeHRM Application Loginpage is :- Invalid credentials
2024-02-17 22:39:42,092 - Log -INFO -  The Actual Text of the OrangeHRM Application Loginpage is :- Invalid credentials
2024-02-17 22:39:42,098 - Log -INFO - Failed to Navigate to OrangeHRM Application HomePage - Pass 
2024-02-17 22:39:42,102 - Log -INFO - OrangeHRMApplicationURLAddress is Not Matched:-Pass 
2024-02-17 22:39:42,807 - Log -INFO - org.openqa.selenium.NoSuchElementException: no such element: Unable to locate element: {"method":"partial link text","selector":"Admin"}
  (Session info: chrome=121.0.6167.185)
For documentation on this error, please visit: https://www.seleniumhq.org/exceptions/no_such_element.html
Build info: version: '3.141.59', revision: 'e82be7d358', time: '2018-11-14T08:17:03'
System info: host: 'NAVEENPATEL', ip: '192.168.1.6', os.name: 'Windows 11', os.arch: 'amd64', os.version: '10.0', java.version: '17.0.5'
Driver info: org.openqa.selenium.chrome.ChromeDriver
Capabilities {acceptInsecureCerts: false, browserName: chrome, browserVersion: 121.0.6167.185, chrome: {chromedriverVersion: 121.0.6167.85 (3f98d690ad7e..., userDataDir: C:\Users\emmad\AppData\Loca...}, fedcm:accounts: true, goog:chromeOptions: {debuggerAddress: localhost:59570}, javascriptEnabled: true, networkConnectionEnabled: false, pageLoadStrategy: normal, platform: WINDOWS, platformName: WINDOWS, proxy: Proxy(), setWindowRect: true, strictFileInteractability: false, timeouts: {implicit: 0, pageLoad: 300000, script: 30000}, unhandledPromptBehavior: dismiss and notify, webauthn:extension:credBlob: true, webauthn:extension:largeBlob: true, webauthn:extension:minPinLength: true, webauthn:extension:prf: true, webauthn:virtualAuthenticators: true}
Session ID: 5ba2da9a859f422060cf96db72922674
*** Element info: {Using=partial link text, value=Admin}
2024-02-17 22:39:42,838 - Log -INFO -  The Expected Text of the OrangeHRM Application Loginpage is :- Invalid credentials
2024-02-17 22:39:42,874 - Log -INFO -  The Actual Text of the OrangeHRM Application Loginpage is :- Invalid credentials
2024-02-17 22:39:42,880 - Log -INFO - Failed to Navigate to OrangeHRM Application HomePage - Pass 
2024-02-17 22:39:42,885 - Log -INFO - OrangeHRMApplicationURLAddress is Not Matched:-Pass 
2024-02-17 22:39:43,357 - Log -INFO - org.openqa.selenium.NoSuchElementException: no such element: Unable to locate element: {"method":"partial link text","selector":"Admin"}
  (Session info: chrome=121.0.6167.185)
For documentation on this error, please visit: https://www.seleniumhq.org/exceptions/no_such_element.html
Build info: version: '3.141.59', revision: 'e82be7d358', time: '2018-11-14T08:17:03'
System info: host: 'NAVEENPATEL', ip: '192.168.1.6', os.name: 'Windows 11', os.arch: 'amd64', os.version: '10.0', java.version: '17.0.5'
Driver info: org.openqa.selenium.chrome.ChromeDriver
Capabilities {acceptInsecureCerts: false, browserName: chrome, browserVersion: 121.0.6167.185, chrome: {chromedriverVersion: 121.0.6167.85 (3f98d690ad7e..., userDataDir: C:\Users\emmad\AppData\Loca...}, fedcm:accounts: true, goog:chromeOptions: {debuggerAddress: localhost:59570}, javascriptEnabled: true, networkConnectionEnabled: false, pageLoadStrategy: normal, platform: WINDOWS, platformName: WINDOWS, proxy: Proxy(), setWindowRect: true, strictFileInteractability: false, timeouts: {implicit: 0, pageLoad: 300000, script: 30000}, unhandledPromptBehavior: dismiss and notify, webauthn:extension:credBlob: true, webauthn:extension:largeBlob: true, webauthn:extension:minPinLength: true, webauthn:extension:prf: true, webauthn:virtualAuthenticators: true}
Session ID: 5ba2da9a859f422060cf96db72922674
*** Element info: {Using=partial link text, value=Admin}
2024-02-17 22:39:43,377 - Log -INFO -  The Expected Text of the OrangeHRM Application Loginpage is :- Invalid credentials
2024-02-17 22:39:43,405 - Log -INFO -  The Actual Text of the OrangeHRM Application Loginpage is :- Invalid credentials
2024-02-17 22:39:43,410 - Log -INFO - Failed to Navigate to OrangeHRM Application HomePage - Pass 
2024-02-17 22:39:43,419 - Log -INFO - OrangeHRMApplicationURLAddress is Not Matched:-Pass 
2024-02-17 22:39:43,894 - Log -INFO - org.openqa.selenium.NoSuchElementException: no such element: Unable to locate element: {"method":"partial link text","selector":"Admin"}
  (Session info: chrome=121.0.6167.185)
For documentation on this error, please visit: https://www.seleniumhq.org/exceptions/no_such_element.html
Build info: version: '3.141.59', revision: 'e82be7d358', time: '2018-11-14T08:17:03'
System info: host: 'NAVEENPATEL', ip: '192.168.1.6', os.name: 'Windows 11', os.arch: 'amd64', os.version: '10.0', java.version: '17.0.5'
Driver info: org.openqa.selenium.chrome.ChromeDriver
Capabilities {acceptInsecureCerts: false, browserName: chrome, browserVersion: 121.0.6167.185, chrome: {chromedriverVersion: 121.0.6167.85 (3f98d690ad7e..., userDataDir: C:\Users\emmad\AppData\Loca...}, fedcm:accounts: true, goog:chromeOptions: {debuggerAddress: localhost:59570}, javascriptEnabled: true, networkConnectionEnabled: false, pageLoadStrategy: normal, platform: WINDOWS, platformName: WINDOWS, proxy: Proxy(), setWindowRect: true, strictFileInteractability: false, timeouts: {implicit: 0, pageLoad: 300000, script: 30000}, unhandledPromptBehavior: dismiss and notify, webauthn:extension:credBlob: true, webauthn:extension:largeBlob: true, webauthn:extension:minPinLength: true, webauthn:extension:prf: true, webauthn:virtualAuthenticators: true}
Session ID: 5ba2da9a859f422060cf96db72922674
*** Element info: {Using=partial link text, value=Admin}
2024-02-17 22:39:43,908 - Log -INFO -  The Expected Text of the OrangeHRM Application Loginpage is :- Invalid credentials
2024-02-17 22:39:43,937 - Log -INFO -  The Actual Text of the OrangeHRM Application Loginpage is :- Invalid credentials
2024-02-17 22:39:43,943 - Log -INFO - Failed to Navigate to OrangeHRM Application HomePage - Pass 
2024-02-17 22:39:43,949 - Log -INFO - OrangeHRMApplicationURLAddress is Not Matched:-Pass 
2024-02-17 22:39:44,103 - Log -INFO -  ************ Chrome Browser along with OrangeHRM Application Closed Successfully ********
2024-02-17 22:42:57,868 - Log -INFO - **** Chrome Browser Launched Successfully ********** 
2024-02-17 22:42:58,448 - Log -INFO -  Successfully Navigated to OrangeHRM Application LogIn Page 
2024-02-17 22:42:58,631 - Log -INFO -  The Expected Text of the WebElement LogIn Pannel is :- LOGIN Panel
2024-02-17 22:42:58,692 - Log -INFO -  The Actual Text of the WebElement LogIn Pannel is :- LOGIN Panel
2024-02-17 22:42:58,700 - Log -INFO -  LogIn Pannel Text Validation Successful - PASS
2024-02-17 22:42:58,873 - Log -INFO -  ************ Chrome Browser along with OrangeHRM Application Closed Successfully ********
2024-02-17 22:42:59,629 - Log -INFO - **** Chrome Browser Launched Successfully ********** 
2024-02-17 22:43:00,094 - Log -INFO -  Successfully Navigated to OrangeHRM Application LogIn Page 
2024-02-17 22:43:00,313 - Log -INFO -  OrangeHRM Applicaiton LogIn page Logo found - PASS 
2024-02-17 22:43:00,429 - Log -INFO -  ************ Chrome Browser along with OrangeHRM Application Closed Successfully ********
2024-02-17 22:43:01,049 - Log -INFO - **** Chrome Browser Launched Successfully ********** 
2024-02-17 22:43:01,460 - Log -INFO -  Successfully Navigated to OrangeHRM Application LogIn Page 
2024-02-17 22:43:02,816 - Log -INFO - org.openqa.selenium.NoSuchElementException: no such element: Unable to locate element: {"method":"partial link text","selector":"Admin"}
  (Session info: chrome=121.0.6167.185)
For documentation on this error, please visit: https://www.seleniumhq.org/exceptions/no_such_element.html
Build info: version: '3.141.59', revision: 'e82be7d358', time: '2018-11-14T08:17:03'
System info: host: 'NAVEENPATEL', ip: '192.168.1.6', os.name: 'Windows 11', os.arch: 'amd64', os.version: '10.0', java.version: '17.0.5'
Driver info: org.openqa.selenium.chrome.ChromeDriver
Capabilities {acceptInsecureCerts: false, browserName: chrome, browserVersion: 121.0.6167.185, chrome: {chromedriverVersion: 121.0.6167.85 (3f98d690ad7e..., userDataDir: C:\Users\emmad\AppData\Loca...}, fedcm:accounts: true, goog:chromeOptions: {debuggerAddress: localhost:59698}, javascriptEnabled: true, networkConnectionEnabled: false, pageLoadStrategy: normal, platform: WINDOWS, platformName: WINDOWS, proxy: Proxy(), setWindowRect: true, strictFileInteractability: false, timeouts: {implicit: 0, pageLoad: 300000, script: 30000}, unhandledPromptBehavior: dismiss and notify, webauthn:extension:credBlob: true, webauthn:extension:largeBlob: true, webauthn:extension:minPinLength: true, webauthn:extension:prf: true, webauthn:virtualAuthenticators: true}
Session ID: ef025ec0ad262ec054990054c2e082c1
*** Element info: {Using=partial link text, value=Admin}
2024-02-17 22:43:02,844 - Log -INFO -  The Expected Text of the OrangeHRM Application Loginpage is :- Invalid credentials
2024-02-17 22:43:02,864 - Log -INFO -  The Actual Text of the OrangeHRM Application Loginpage is :- Invalid credentials
2024-02-17 22:43:02,870 - Log -INFO - Failed to Navigate to OrangeHRM Application HomePage - Pass 
2024-02-17 22:43:02,874 - Log -INFO - OrangeHRMApplicationURLAddress is Not Matched:-Pass 
2024-02-17 22:43:03,574 - Log -INFO - org.openqa.selenium.NoSuchElementException: no such element: Unable to locate element: {"method":"partial link text","selector":"Admin"}
  (Session info: chrome=121.0.6167.185)
For documentation on this error, please visit: https://www.seleniumhq.org/exceptions/no_such_element.html
Build info: version: '3.141.59', revision: 'e82be7d358', time: '2018-11-14T08:17:03'
System info: host: 'NAVEENPATEL', ip: '192.168.1.6', os.name: 'Windows 11', os.arch: 'amd64', os.version: '10.0', java.version: '17.0.5'
Driver info: org.openqa.selenium.chrome.ChromeDriver
Capabilities {acceptInsecureCerts: false, browserName: chrome, browserVersion: 121.0.6167.185, chrome: {chromedriverVersion: 121.0.6167.85 (3f98d690ad7e..., userDataDir: C:\Users\emmad\AppData\Loca...}, fedcm:accounts: true, goog:chromeOptions: {debuggerAddress: localhost:59698}, javascriptEnabled: true, networkConnectionEnabled: false, pageLoadStrategy: normal, platform: WINDOWS, platformName: WINDOWS, proxy: Proxy(), setWindowRect: true, strictFileInteractability: false, timeouts: {implicit: 0, pageLoad: 300000, script: 30000}, unhandledPromptBehavior: dismiss and notify, webauthn:extension:credBlob: true, webauthn:extension:largeBlob: true, webauthn:extension:minPinLength: true, webauthn:extension:prf: true, webauthn:virtualAuthenticators: true}
Session ID: ef025ec0ad262ec054990054c2e082c1
*** Element info: {Using=partial link text, value=Admin}
2024-02-17 22:43:03,592 - Log -INFO -  The Expected Text of the OrangeHRM Application Loginpage is :- Invalid credentials
2024-02-17 22:43:03,618 - Log -INFO -  The Actual Text of the OrangeHRM Application Loginpage is :- Invalid credentials
2024-02-17 22:43:03,624 - Log -INFO - Failed to Navigate to OrangeHRM Application HomePage - Pass 
2024-02-17 22:43:03,629 - Log -INFO - OrangeHRMApplicationURLAddress is Not Matched:-Pass 
2024-02-17 22:43:04,100 - Log -INFO - org.openqa.selenium.NoSuchElementException: no such element: Unable to locate element: {"method":"partial link text","selector":"Admin"}
  (Session info: chrome=121.0.6167.185)
For documentation on this error, please visit: https://www.seleniumhq.org/exceptions/no_such_element.html
Build info: version: '3.141.59', revision: 'e82be7d358', time: '2018-11-14T08:17:03'
System info: host: 'NAVEENPATEL', ip: '192.168.1.6', os.name: 'Windows 11', os.arch: 'amd64', os.version: '10.0', java.version: '17.0.5'
Driver info: org.openqa.selenium.chrome.ChromeDriver
Capabilities {acceptInsecureCerts: false, browserName: chrome, browserVersion: 121.0.6167.185, chrome: {chromedriverVersion: 121.0.6167.85 (3f98d690ad7e..., userDataDir: C:\Users\emmad\AppData\Loca...}, fedcm:accounts: true, goog:chromeOptions: {debuggerAddress: localhost:59698}, javascriptEnabled: true, networkConnectionEnabled: false, pageLoadStrategy: normal, platform: WINDOWS, platformName: WINDOWS, proxy: Proxy(), setWindowRect: true, strictFileInteractability: false, timeouts: {implicit: 0, pageLoad: 300000, script: 30000}, unhandledPromptBehavior: dismiss and notify, webauthn:extension:credBlob: true, webauthn:extension:largeBlob: true, webauthn:extension:minPinLength: true, webauthn:extension:prf: true, webauthn:virtualAuthenticators: true}
Session ID: ef025ec0ad262ec054990054c2e082c1
*** Element info: {Using=partial link text, value=Admin}
2024-02-17 22:43:04,128 - Log -INFO -  The Expected Text of the OrangeHRM Application Loginpage is :- Invalid credentials
2024-02-17 22:43:04,143 - Log -INFO -  The Actual Text of the OrangeHRM Application Loginpage is :- Invalid credentials
2024-02-17 22:43:04,148 - Log -INFO - Failed to Navigate to OrangeHRM Application HomePage - Pass 
2024-02-17 22:43:04,156 - Log -INFO - OrangeHRMApplicationURLAddress is Not Matched:-Pass 
2024-02-17 22:43:04,614 - Log -INFO - org.openqa.selenium.NoSuchElementException: no such element: Unable to locate element: {"method":"partial link text","selector":"Admin"}
  (Session info: chrome=121.0.6167.185)
For documentation on this error, please visit: https://www.seleniumhq.org/exceptions/no_such_element.html
Build info: version: '3.141.59', revision: 'e82be7d358', time: '2018-11-14T08:17:03'
System info: host: 'NAVEENPATEL', ip: '192.168.1.6', os.name: 'Windows 11', os.arch: 'amd64', os.version: '10.0', java.version: '17.0.5'
Driver info: org.openqa.selenium.chrome.ChromeDriver
Capabilities {acceptInsecureCerts: false, browserName: chrome, browserVersion: 121.0.6167.185, chrome: {chromedriverVersion: 121.0.6167.85 (3f98d690ad7e..., userDataDir: C:\Users\emmad\AppData\Loca...}, fedcm:accounts: true, goog:chromeOptions: {debuggerAddress: localhost:59698}, javascriptEnabled: true, networkConnectionEnabled: false, pageLoadStrategy: normal, platform: WINDOWS, platformName: WINDOWS, proxy: Proxy(), setWindowRect: true, strictFileInteractability: false, timeouts: {implicit: 0, pageLoad: 300000, script: 30000}, unhandledPromptBehavior: dismiss and notify, webauthn:extension:credBlob: true, webauthn:extension:largeBlob: true, webauthn:extension:minPinLength: true, webauthn:extension:prf: true, webauthn:virtualAuthenticators: true}
Session ID: ef025ec0ad262ec054990054c2e082c1
*** Element info: {Using=partial link text, value=Admin}
2024-02-17 22:43:04,633 - Log -INFO -  The Expected Text of the OrangeHRM Application Loginpage is :- Invalid credentials
2024-02-17 22:43:04,659 - Log -INFO -  The Actual Text of the OrangeHRM Application Loginpage is :- Invalid credentials
2024-02-17 22:43:04,665 - Log -INFO - Failed to Navigate to OrangeHRM Application HomePage - Pass 
2024-02-17 22:43:04,670 - Log -INFO - OrangeHRMApplicationURLAddress is Not Matched:-Pass 
2024-02-17 22:43:04,833 - Log -INFO -  ************ Chrome Browser along with OrangeHRM Application Closed Successfully ********
2024-02-17 22:45:42,851 - Log -INFO - **** Chrome Browser Launched Successfully ********** 
2024-02-17 22:45:43,394 - Log -INFO -  Successfully Navigated to OrangeHRM Application LogIn Page 
2024-02-17 22:45:43,582 - Log -INFO -  The Expected Text of the WebElement LogIn Pannel is :- LOGIN Panel
2024-02-17 22:45:43,642 - Log -INFO -  The Actual Text of the WebElement LogIn Pannel is :- LOGIN Panel
2024-02-17 22:45:43,647 - Log -INFO -  LogIn Pannel Text Validation Successful - PASS
2024-02-17 22:45:43,796 - Log -INFO -  ************ Chrome Browser along with OrangeHRM Application Closed Successfully ********
2024-02-17 22:45:44,754 - Log -INFO - **** Chrome Browser Launched Successfully ********** 
2024-02-17 22:45:45,464 - Log -INFO -  Successfully Navigated to OrangeHRM Application LogIn Page 
2024-02-17 22:45:45,770 - Log -INFO -  OrangeHRM Applicaiton LogIn page Logo found - PASS 
2024-02-17 22:45:45,908 - Log -INFO -  ************ Chrome Browser along with OrangeHRM Application Closed Successfully ********
2024-02-17 22:45:46,669 - Log -INFO - **** Chrome Browser Launched Successfully ********** 
2024-02-17 22:45:47,102 - Log -INFO -  Successfully Navigated to OrangeHRM Application LogIn Page 
2024-02-17 22:45:48,530 - Log -INFO - org.openqa.selenium.NoSuchElementException: no such element: Unable to locate element: {"method":"partial link text","selector":"Admin"}
  (Session info: chrome=121.0.6167.185)
For documentation on this error, please visit: https://www.seleniumhq.org/exceptions/no_such_element.html
Build info: version: '3.141.59', revision: 'e82be7d358', time: '2018-11-14T08:17:03'
System info: host: 'NAVEENPATEL', ip: '192.168.1.6', os.name: 'Windows 11', os.arch: 'amd64', os.version: '10.0', java.version: '17.0.5'
Driver info: org.openqa.selenium.chrome.ChromeDriver
Capabilities {acceptInsecureCerts: false, browserName: chrome, browserVersion: 121.0.6167.185, chrome: {chromedriverVersion: 121.0.6167.85 (3f98d690ad7e..., userDataDir: C:\Users\emmad\AppData\Loca...}, fedcm:accounts: true, goog:chromeOptions: {debuggerAddress: localhost:59823}, javascriptEnabled: true, networkConnectionEnabled: false, pageLoadStrategy: normal, platform: WINDOWS, platformName: WINDOWS, proxy: Proxy(), setWindowRect: true, strictFileInteractability: false, timeouts: {implicit: 0, pageLoad: 300000, script: 30000}, unhandledPromptBehavior: dismiss and notify, webauthn:extension:credBlob: true, webauthn:extension:largeBlob: true, webauthn:extension:minPinLength: true, webauthn:extension:prf: true, webauthn:virtualAuthenticators: true}
Session ID: 786fb5efbcc06dad6434716f0db33a12
*** Element info: {Using=partial link text, value=Admin}
2024-02-17 22:45:48,565 - Log -INFO -  The Expected Text of the OrangeHRM Application Loginpage is :- Invalid credentials
2024-02-17 22:45:48,584 - Log -INFO -  The Actual Text of the OrangeHRM Application Loginpage is :- Invalid credentials
2024-02-17 22:45:48,589 - Log -INFO - Failed to Navigate to OrangeHRM Application HomePage - Pass 
2024-02-17 22:45:48,593 - Log -INFO - OrangeHRMApplicationURLAddress is Not Matched:-Pass 
2024-02-17 22:45:49,251 - Log -INFO - org.openqa.selenium.NoSuchElementException: no such element: Unable to locate element: {"method":"partial link text","selector":"Admin"}
  (Session info: chrome=121.0.6167.185)
For documentation on this error, please visit: https://www.seleniumhq.org/exceptions/no_such_element.html
Build info: version: '3.141.59', revision: 'e82be7d358', time: '2018-11-14T08:17:03'
System info: host: 'NAVEENPATEL', ip: '192.168.1.6', os.name: 'Windows 11', os.arch: 'amd64', os.version: '10.0', java.version: '17.0.5'
Driver info: org.openqa.selenium.chrome.ChromeDriver
Capabilities {acceptInsecureCerts: false, browserName: chrome, browserVersion: 121.0.6167.185, chrome: {chromedriverVersion: 121.0.6167.85 (3f98d690ad7e..., userDataDir: C:\Users\emmad\AppData\Loca...}, fedcm:accounts: true, goog:chromeOptions: {debuggerAddress: localhost:59823}, javascriptEnabled: true, networkConnectionEnabled: false, pageLoadStrategy: normal, platform: WINDOWS, platformName: WINDOWS, proxy: Proxy(), setWindowRect: true, strictFileInteractability: false, timeouts: {implicit: 0, pageLoad: 300000, script: 30000}, unhandledPromptBehavior: dismiss and notify, webauthn:extension:credBlob: true, webauthn:extension:largeBlob: true, webauthn:extension:minPinLength: true, webauthn:extension:prf: true, webauthn:virtualAuthenticators: true}
Session ID: 786fb5efbcc06dad6434716f0db33a12
*** Element info: {Using=partial link text, value=Admin}
2024-02-17 22:45:49,272 - Log -INFO -  The Expected Text of the OrangeHRM Application Loginpage is :- Invalid credentials
2024-02-17 22:45:49,296 - Log -INFO -  The Actual Text of the OrangeHRM Application Loginpage is :- Invalid credentials
2024-02-17 22:45:49,302 - Log -INFO - Failed to Navigate to OrangeHRM Application HomePage - Pass 
2024-02-17 22:45:49,307 - Log -INFO - OrangeHRMApplicationURLAddress is Not Matched:-Pass 
2024-02-17 22:45:49,765 - Log -INFO - org.openqa.selenium.NoSuchElementException: no such element: Unable to locate element: {"method":"partial link text","selector":"Admin"}
  (Session info: chrome=121.0.6167.185)
For documentation on this error, please visit: https://www.seleniumhq.org/exceptions/no_such_element.html
Build info: version: '3.141.59', revision: 'e82be7d358', time: '2018-11-14T08:17:03'
System info: host: 'NAVEENPATEL', ip: '192.168.1.6', os.name: 'Windows 11', os.arch: 'amd64', os.version: '10.0', java.version: '17.0.5'
Driver info: org.openqa.selenium.chrome.ChromeDriver
Capabilities {acceptInsecureCerts: false, browserName: chrome, browserVersion: 121.0.6167.185, chrome: {chromedriverVersion: 121.0.6167.85 (3f98d690ad7e..., userDataDir: C:\Users\emmad\AppData\Loca...}, fedcm:accounts: true, goog:chromeOptions: {debuggerAddress: localhost:59823}, javascriptEnabled: true, networkConnectionEnabled: false, pageLoadStrategy: normal, platform: WINDOWS, platformName: WINDOWS, proxy: Proxy(), setWindowRect: true, strictFileInteractability: false, timeouts: {implicit: 0, pageLoad: 300000, script: 30000}, unhandledPromptBehavior: dismiss and notify, webauthn:extension:credBlob: true, webauthn:extension:largeBlob: true, webauthn:extension:minPinLength: true, webauthn:extension:prf: true, webauthn:virtualAuthenticators: true}
Session ID: 786fb5efbcc06dad6434716f0db33a12
*** Element info: {Using=partial link text, value=Admin}
2024-02-17 22:45:49,790 - Log -INFO -  The Expected Text of the OrangeHRM Application Loginpage is :- Invalid credentials
2024-02-17 22:45:49,827 - Log -INFO -  The Actual Text of the OrangeHRM Application Loginpage is :- Invalid credentials
2024-02-17 22:45:49,834 - Log -INFO - Failed to Navigate to OrangeHRM Application HomePage - Pass 
2024-02-17 22:45:49,842 - Log -INFO - OrangeHRMApplicationURLAddress is Not Matched:-Pass 
2024-02-17 22:45:50,331 - Log -INFO - org.openqa.selenium.NoSuchElementException: no such element: Unable to locate element: {"method":"partial link text","selector":"Admin"}
  (Session info: chrome=121.0.6167.185)
For documentation on this error, please visit: https://www.seleniumhq.org/exceptions/no_such_element.html
Build info: version: '3.141.59', revision: 'e82be7d358', time: '2018-11-14T08:17:03'
System info: host: 'NAVEENPATEL', ip: '192.168.1.6', os.name: 'Windows 11', os.arch: 'amd64', os.version: '10.0', java.version: '17.0.5'
Driver info: org.openqa.selenium.chrome.ChromeDriver
Capabilities {acceptInsecureCerts: false, browserName: chrome, browserVersion: 121.0.6167.185, chrome: {chromedriverVersion: 121.0.6167.85 (3f98d690ad7e..., userDataDir: C:\Users\emmad\AppData\Loca...}, fedcm:accounts: true, goog:chromeOptions: {debuggerAddress: localhost:59823}, javascriptEnabled: true, networkConnectionEnabled: false, pageLoadStrategy: normal, platform: WINDOWS, platformName: WINDOWS, proxy: Proxy(), setWindowRect: true, strictFileInteractability: false, timeouts: {implicit: 0, pageLoad: 300000, script: 30000}, unhandledPromptBehavior: dismiss and notify, webauthn:extension:credBlob: true, webauthn:extension:largeBlob: true, webauthn:extension:minPinLength: true, webauthn:extension:prf: true, webauthn:virtualAuthenticators: true}
Session ID: 786fb5efbcc06dad6434716f0db33a12
*** Element info: {Using=partial link text, value=Admin}
2024-02-17 22:45:50,348 - Log -INFO -  The Expected Text of the OrangeHRM Application Loginpage is :- Invalid credentials
2024-02-17 22:45:50,375 - Log -INFO -  The Actual Text of the OrangeHRM Application Loginpage is :- Invalid credentials
2024-02-17 22:45:50,380 - Log -INFO - Failed to Navigate to OrangeHRM Application HomePage - Pass 
2024-02-17 22:45:50,390 - Log -INFO - OrangeHRMApplicationURLAddress is Not Matched:-Pass 
2024-02-17 22:45:50,542 - Log -INFO -  ************ Chrome Browser along with OrangeHRM Application Closed Successfully ********
2024-02-17 22:56:18,885 - Log -INFO - **** Chrome Browser Launched Successfully ********** 
2024-02-17 22:56:19,268 - Log -INFO -  Successfully Navigated to OrangeHRM Application LogIn Page 
2024-02-17 22:56:19,517 - Log -INFO -  The Expected Text of the WebElement LogIn Pannel is :- LOGIN Panel
2024-02-17 22:56:19,563 - Log -INFO -  The Actual Text of the WebElement LogIn Pannel is :- LOGIN Panel
2024-02-17 22:56:19,569 - Log -INFO -  LogIn Pannel Text Validation Successful - PASS
2024-02-17 22:56:19,705 - Log -INFO -  ************ Chrome Browser along with OrangeHRM Application Closed Successfully ********
2024-02-17 22:56:20,562 - Log -INFO - **** Chrome Browser Launched Successfully ********** 
2024-02-17 22:56:21,140 - Log -INFO -  Successfully Navigated to OrangeHRM Application LogIn Page 
2024-02-17 22:56:21,375 - Log -INFO -  OrangeHRM Applicaiton LogIn page Logo found - PASS 
2024-02-17 22:56:21,498 - Log -INFO -  ************ Chrome Browser along with OrangeHRM Application Closed Successfully ********
2024-02-17 22:56:22,296 - Log -INFO - **** Chrome Browser Launched Successfully ********** 
2024-02-17 22:56:22,730 - Log -INFO -  Successfully Navigated to OrangeHRM Application LogIn Page 
2024-02-17 22:56:23,580 - Log -INFO -  ************ Chrome Browser along with OrangeHRM Application Closed Successfully ********
2024-02-17 22:59:16,007 - Log -INFO - **** Chrome Browser Launched Successfully ********** 
2024-02-17 22:59:16,323 - Log -INFO -  Successfully Navigated to OrangeHRM Application LogIn Page 
2024-02-17 22:59:16,519 - Log -INFO -  The Expected Text of the WebElement LogIn Pannel is :- LOGIN Panel
2024-02-17 22:59:16,563 - Log -INFO -  The Actual Text of the WebElement LogIn Pannel is :- LOGIN Panel
2024-02-17 22:59:16,567 - Log -INFO -  LogIn Pannel Text Validation Successful - PASS
2024-02-17 22:59:16,690 - Log -INFO -  ************ Chrome Browser along with OrangeHRM Application Closed Successfully ********
2024-02-17 22:59:17,466 - Log -INFO - **** Chrome Browser Launched Successfully ********** 
2024-02-17 22:59:17,956 - Log -INFO -  Successfully Navigated to OrangeHRM Application LogIn Page 
2024-02-17 22:59:18,247 - Log -INFO -  OrangeHRM Applicaiton LogIn page Logo found - PASS 
2024-02-17 22:59:18,414 - Log -INFO -  ************ Chrome Browser along with OrangeHRM Application Closed Successfully ********
2024-02-17 22:59:19,209 - Log -INFO - **** Chrome Browser Launched Successfully ********** 
2024-02-17 22:59:19,659 - Log -INFO -  Successfully Navigated to OrangeHRM Application LogIn Page 
2024-02-17 22:59:19,999 - Log -INFO -  ************ Chrome Browser along with OrangeHRM Application Closed Successfully ********
2024-02-17 23:00:05,583 - Log -INFO - **** Chrome Browser Launched Successfully ********** 
2024-02-17 23:00:05,954 - Log -INFO -  Successfully Navigated to OrangeHRM Application LogIn Page 
2024-02-17 23:00:06,161 - Log -INFO -  The Expected Text of the WebElement LogIn Pannel is :- LOGIN Panel
2024-02-17 23:00:06,215 - Log -INFO -  The Actual Text of the WebElement LogIn Pannel is :- LOGIN Panel
2024-02-17 23:00:06,223 - Log -INFO -  LogIn Pannel Text Validation Successful - PASS
2024-02-17 23:00:06,353 - Log -INFO -  ************ Chrome Browser along with OrangeHRM Application Closed Successfully ********
2024-02-17 23:00:07,118 - Log -INFO - **** Chrome Browser Launched Successfully ********** 
2024-02-17 23:00:07,582 - Log -INFO -  Successfully Navigated to OrangeHRM Application LogIn Page 
2024-02-17 23:00:07,888 - Log -INFO -  OrangeHRM Applicaiton LogIn page Logo found - PASS 
2024-02-17 23:00:08,025 - Log -INFO -  ************ Chrome Browser along with OrangeHRM Application Closed Successfully ********
2024-02-17 23:00:08,812 - Log -INFO - **** Chrome Browser Launched Successfully ********** 
2024-02-17 23:00:09,226 - Log -INFO -  Successfully Navigated to OrangeHRM Application LogIn Page 
2024-02-17 23:00:11,136 - Log -INFO -  The Expected Text of the OrangeHRM Application HomePage is :- Welcome
2024-02-17 23:00:11,166 - Log -INFO -  The Actual Text of the OrangeHRM Application HomePage is :- Welcome Admin
2024-02-17 23:00:11,178 - Log -INFO -  Successfully Navigated to OrangeHRM Application HomePage - PASS 
2024-02-17 23:00:13,848 - Log -INFO - org.openqa.selenium.NoSuchElementException: no such element: Unable to locate element: {"method":"css selector","selector":"#spanMessage"}
  (Session info: chrome=121.0.6167.185)
For documentation on this error, please visit: https://www.seleniumhq.org/exceptions/no_such_element.html
Build info: version: '3.141.59', revision: 'e82be7d358', time: '2018-11-14T08:17:03'
System info: host: 'NAVEENPATEL', ip: '192.168.1.6', os.name: 'Windows 11', os.arch: 'amd64', os.version: '10.0', java.version: '17.0.5'
Driver info: org.openqa.selenium.chrome.ChromeDriver
Capabilities {acceptInsecureCerts: false, browserName: chrome, browserVersion: 121.0.6167.185, chrome: {chromedriverVersion: 121.0.6167.85 (3f98d690ad7e..., userDataDir: C:\Users\emmad\AppData\Loca...}, fedcm:accounts: true, goog:chromeOptions: {debuggerAddress: localhost:60153}, javascriptEnabled: true, networkConnectionEnabled: false, pageLoadStrategy: normal, platform: WINDOWS, platformName: WINDOWS, proxy: Proxy(), setWindowRect: true, strictFileInteractability: false, timeouts: {implicit: 0, pageLoad: 300000, script: 30000}, unhandledPromptBehavior: dismiss and notify, webauthn:extension:credBlob: true, webauthn:extension:largeBlob: true, webauthn:extension:minPinLength: true, webauthn:extension:prf: true, webauthn:virtualAuthenticators: true}
Session ID: 5699f257eaaaf8e1dc49cb5248fcbe34
*** Element info: {Using=id, value=spanMessage}
2024-02-17 23:00:14,583 - Log -INFO - org.openqa.selenium.NoSuchElementException: no such element: Unable to locate element: {"method":"partial link text","selector":"Admin"}
  (Session info: chrome=121.0.6167.185)
For documentation on this error, please visit: https://www.seleniumhq.org/exceptions/no_such_element.html
Build info: version: '3.141.59', revision: 'e82be7d358', time: '2018-11-14T08:17:03'
System info: host: 'NAVEENPATEL', ip: '192.168.1.6', os.name: 'Windows 11', os.arch: 'amd64', os.version: '10.0', java.version: '17.0.5'
Driver info: org.openqa.selenium.chrome.ChromeDriver
Capabilities {acceptInsecureCerts: false, browserName: chrome, browserVersion: 121.0.6167.185, chrome: {chromedriverVersion: 121.0.6167.85 (3f98d690ad7e..., userDataDir: C:\Users\emmad\AppData\Loca...}, fedcm:accounts: true, goog:chromeOptions: {debuggerAddress: localhost:60153}, javascriptEnabled: true, networkConnectionEnabled: false, pageLoadStrategy: normal, platform: WINDOWS, platformName: WINDOWS, proxy: Proxy(), setWindowRect: true, strictFileInteractability: false, timeouts: {implicit: 0, pageLoad: 300000, script: 30000}, unhandledPromptBehavior: dismiss and notify, webauthn:extension:credBlob: true, webauthn:extension:largeBlob: true, webauthn:extension:minPinLength: true, webauthn:extension:prf: true, webauthn:virtualAuthenticators: true}
Session ID: 5699f257eaaaf8e1dc49cb5248fcbe34
*** Element info: {Using=partial link text, value=Admin}
2024-02-17 23:00:14,599 - Log -INFO -  The Expected Text of the OrangeHRM Application Loginpage is :- Invalid credentials
2024-02-17 23:00:14,616 - Log -INFO -  The Actual Text of the OrangeHRM Application Loginpage is :- Invalid credentials
2024-02-17 23:00:14,622 - Log -INFO - Failed to Navigate to OrangeHRM Application HomePage - Pass 
2024-02-17 23:00:14,628 - Log -INFO - OrangeHRMApplicationURLAddress is Not Matched:-Pass 
2024-02-17 23:00:15,153 - Log -INFO - org.openqa.selenium.NoSuchElementException: no such element: Unable to locate element: {"method":"partial link text","selector":"Admin"}
  (Session info: chrome=121.0.6167.185)
For documentation on this error, please visit: https://www.seleniumhq.org/exceptions/no_such_element.html
Build info: version: '3.141.59', revision: 'e82be7d358', time: '2018-11-14T08:17:03'
System info: host: 'NAVEENPATEL', ip: '192.168.1.6', os.name: 'Windows 11', os.arch: 'amd64', os.version: '10.0', java.version: '17.0.5'
Driver info: org.openqa.selenium.chrome.ChromeDriver
Capabilities {acceptInsecureCerts: false, browserName: chrome, browserVersion: 121.0.6167.185, chrome: {chromedriverVersion: 121.0.6167.85 (3f98d690ad7e..., userDataDir: C:\Users\emmad\AppData\Loca...}, fedcm:accounts: true, goog:chromeOptions: {debuggerAddress: localhost:60153}, javascriptEnabled: true, networkConnectionEnabled: false, pageLoadStrategy: normal, platform: WINDOWS, platformName: WINDOWS, proxy: Proxy(), setWindowRect: true, strictFileInteractability: false, timeouts: {implicit: 0, pageLoad: 300000, script: 30000}, unhandledPromptBehavior: dismiss and notify, webauthn:extension:credBlob: true, webauthn:extension:largeBlob: true, webauthn:extension:minPinLength: true, webauthn:extension:prf: true, webauthn:virtualAuthenticators: true}
Session ID: 5699f257eaaaf8e1dc49cb5248fcbe34
*** Element info: {Using=partial link text, value=Admin}
2024-02-17 23:00:15,176 - Log -INFO -  The Expected Text of the OrangeHRM Application Loginpage is :- Invalid credentials
2024-02-17 23:00:15,198 - Log -INFO -  The Actual Text of the OrangeHRM Application Loginpage is :- Invalid credentials
2024-02-17 23:00:15,204 - Log -INFO - Failed to Navigate to OrangeHRM Application HomePage - Pass 
2024-02-17 23:00:15,209 - Log -INFO - OrangeHRMApplicationURLAddress is Not Matched:-Pass 
2024-02-17 23:00:15,691 - Log -INFO - org.openqa.selenium.NoSuchElementException: no such element: Unable to locate element: {"method":"partial link text","selector":"Admin"}
  (Session info: chrome=121.0.6167.185)
For documentation on this error, please visit: https://www.seleniumhq.org/exceptions/no_such_element.html
Build info: version: '3.141.59', revision: 'e82be7d358', time: '2018-11-14T08:17:03'
System info: host: 'NAVEENPATEL', ip: '192.168.1.6', os.name: 'Windows 11', os.arch: 'amd64', os.version: '10.0', java.version: '17.0.5'
Driver info: org.openqa.selenium.chrome.ChromeDriver
Capabilities {acceptInsecureCerts: false, browserName: chrome, browserVersion: 121.0.6167.185, chrome: {chromedriverVersion: 121.0.6167.85 (3f98d690ad7e..., userDataDir: C:\Users\emmad\AppData\Loca...}, fedcm:accounts: true, goog:chromeOptions: {debuggerAddress: localhost:60153}, javascriptEnabled: true, networkConnectionEnabled: false, pageLoadStrategy: normal, platform: WINDOWS, platformName: WINDOWS, proxy: Proxy(), setWindowRect: true, strictFileInteractability: false, timeouts: {implicit: 0, pageLoad: 300000, script: 30000}, unhandledPromptBehavior: dismiss and notify, webauthn:extension:credBlob: true, webauthn:extension:largeBlob: true, webauthn:extension:minPinLength: true, webauthn:extension:prf: true, webauthn:virtualAuthenticators: true}
Session ID: 5699f257eaaaf8e1dc49cb5248fcbe34
*** Element info: {Using=partial link text, value=Admin}
2024-02-17 23:00:15,707 - Log -INFO -  The Expected Text of the OrangeHRM Application Loginpage is :- Invalid credentials
2024-02-17 23:00:15,733 - Log -INFO -  The Actual Text of the OrangeHRM Application Loginpage is :- Invalid credentials
2024-02-17 23:00:15,737 - Log -INFO - Failed to Navigate to OrangeHRM Application HomePage - Pass 
2024-02-17 23:00:15,742 - Log -INFO - OrangeHRMApplicationURLAddress is Not Matched:-Pass 
2024-02-17 23:00:15,888 - Log -INFO -  ************ Chrome Browser along with OrangeHRM Application Closed Successfully ********
2024-02-17 23:12:33,456 - Log -INFO - **** Chrome Browser Launched Successfully ********** 
2024-02-17 23:12:33,841 - Log -INFO -  Successfully Navigated to OrangeHRM Application LogIn Page 
2024-02-17 23:12:34,073 - Log -INFO -  The Expected Text of the WebElement LogIn Pannel is :- LOGIN Panel
2024-02-17 23:12:34,107 - Log -INFO -  The Actual Text of the WebElement LogIn Pannel is :- LOGIN Panel
2024-02-17 23:12:34,112 - Log -INFO -  LogIn Pannel Text Validation Successful - PASS
2024-02-17 23:12:34,254 - Log -INFO -  ************ Chrome Browser along with OrangeHRM Application Closed Successfully ********
2024-02-17 23:12:35,006 - Log -INFO - **** Chrome Browser Launched Successfully ********** 
2024-02-17 23:12:35,442 - Log -INFO -  Successfully Navigated to OrangeHRM Application LogIn Page 
2024-02-17 23:12:35,721 - Log -INFO -  OrangeHRM Applicaiton LogIn page Logo found - PASS 
2024-02-17 23:12:35,840 - Log -INFO -  ************ Chrome Browser along with OrangeHRM Application Closed Successfully ********
2024-02-17 23:12:36,586 - Log -INFO - **** Chrome Browser Launched Successfully ********** 
2024-02-17 23:12:37,014 - Log -INFO -  Successfully Navigated to OrangeHRM Application LogIn Page 
2024-02-17 23:12:38,901 - Log -INFO -  The Expected Text of the OrangeHRM Application HomePage is :- Welcome
2024-02-17 23:12:38,961 - Log -INFO -  The Actual Text of the OrangeHRM Application HomePage is :- Welcome Admin
2024-02-17 23:12:38,967 - Log -INFO -  Successfully Navigated to OrangeHRM Application HomePage - PASS 
2024-02-17 23:12:41,538 - Log -INFO - org.openqa.selenium.NoSuchElementException: no such element: Unable to locate element: {"method":"css selector","selector":"#spanMessage"}
  (Session info: chrome=121.0.6167.185)
For documentation on this error, please visit: https://www.seleniumhq.org/exceptions/no_such_element.html
Build info: version: '3.141.59', revision: 'e82be7d358', time: '2018-11-14T08:17:03'
System info: host: 'NAVEENPATEL', ip: '192.168.1.6', os.name: 'Windows 11', os.arch: 'amd64', os.version: '10.0', java.version: '17.0.5'
Driver info: org.openqa.selenium.chrome.ChromeDriver
Capabilities {acceptInsecureCerts: false, browserName: chrome, browserVersion: 121.0.6167.185, chrome: {chromedriverVersion: 121.0.6167.85 (3f98d690ad7e..., userDataDir: C:\Users\emmad\AppData\Loca...}, fedcm:accounts: true, goog:chromeOptions: {debuggerAddress: localhost:60333}, javascriptEnabled: true, networkConnectionEnabled: false, pageLoadStrategy: normal, platform: WINDOWS, platformName: WINDOWS, proxy: Proxy(), setWindowRect: true, strictFileInteractability: false, timeouts: {implicit: 0, pageLoad: 300000, script: 30000}, unhandledPromptBehavior: dismiss and notify, webauthn:extension:credBlob: true, webauthn:extension:largeBlob: true, webauthn:extension:minPinLength: true, webauthn:extension:prf: true, webauthn:virtualAuthenticators: true}
Session ID: 7d0d2d4d95a21f22acca23a9568b5d59
*** Element info: {Using=id, value=spanMessage}
2024-02-17 23:12:41,571 - Log -INFO - org.openqa.selenium.NoSuchElementException: no such element: Unable to locate element: {"method":"partial link text","selector":"Admin"}
  (Session info: chrome=121.0.6167.185)
For documentation on this error, please visit: https://www.seleniumhq.org/exceptions/no_such_element.html
Build info: version: '3.141.59', revision: 'e82be7d358', time: '2018-11-14T08:17:03'
System info: host: 'NAVEENPATEL', ip: '192.168.1.6', os.name: 'Windows 11', os.arch: 'amd64', os.version: '10.0', java.version: '17.0.5'
Driver info: org.openqa.selenium.chrome.ChromeDriver
Capabilities {acceptInsecureCerts: false, browserName: chrome, browserVersion: 121.0.6167.185, chrome: {chromedriverVersion: 121.0.6167.85 (3f98d690ad7e..., userDataDir: C:\Users\emmad\AppData\Loca...}, fedcm:accounts: true, goog:chromeOptions: {debuggerAddress: localhost:60333}, javascriptEnabled: true, networkConnectionEnabled: false, pageLoadStrategy: normal, platform: WINDOWS, platformName: WINDOWS, proxy: Proxy(), setWindowRect: true, strictFileInteractability: false, timeouts: {implicit: 0, pageLoad: 300000, script: 30000}, unhandledPromptBehavior: dismiss and notify, webauthn:extension:credBlob: true, webauthn:extension:largeBlob: true, webauthn:extension:minPinLength: true, webauthn:extension:prf: true, webauthn:virtualAuthenticators: true}
Session ID: 7d0d2d4d95a21f22acca23a9568b5d59
*** Element info: {Using=partial link text, value=Admin}
2024-02-17 23:12:41,587 - Log -INFO - org.openqa.selenium.NoSuchElementException: no such element: Unable to locate element: {"method":"css selector","selector":"#spanMessage"}
  (Session info: chrome=121.0.6167.185)
For documentation on this error, please visit: https://www.seleniumhq.org/exceptions/no_such_element.html
Build info: version: '3.141.59', revision: 'e82be7d358', time: '2018-11-14T08:17:03'
System info: host: 'NAVEENPATEL', ip: '192.168.1.6', os.name: 'Windows 11', os.arch: 'amd64', os.version: '10.0', java.version: '17.0.5'
Driver info: org.openqa.selenium.chrome.ChromeDriver
Capabilities {acceptInsecureCerts: false, browserName: chrome, browserVersion: 121.0.6167.185, chrome: {chromedriverVersion: 121.0.6167.85 (3f98d690ad7e..., userDataDir: C:\Users\emmad\AppData\Loca...}, fedcm:accounts: true, goog:chromeOptions: {debuggerAddress: localhost:60333}, javascriptEnabled: true, networkConnectionEnabled: false, pageLoadStrategy: normal, platform: WINDOWS, platformName: WINDOWS, proxy: Proxy(), setWindowRect: true, strictFileInteractability: false, timeouts: {implicit: 0, pageLoad: 300000, script: 30000}, unhandledPromptBehavior: dismiss and notify, webauthn:extension:credBlob: true, webauthn:extension:largeBlob: true, webauthn:extension:minPinLength: true, webauthn:extension:prf: true, webauthn:virtualAuthenticators: true}
Session ID: 7d0d2d4d95a21f22acca23a9568b5d59
*** Element info: {Using=id, value=spanMessage}
2024-02-17 23:12:41,605 - Log -INFO - org.openqa.selenium.NoSuchElementException: no such element: Unable to locate element: {"method":"partial link text","selector":"Admin"}
  (Session info: chrome=121.0.6167.185)
For documentation on this error, please visit: https://www.seleniumhq.org/exceptions/no_such_element.html
Build info: version: '3.141.59', revision: 'e82be7d358', time: '2018-11-14T08:17:03'
System info: host: 'NAVEENPATEL', ip: '192.168.1.6', os.name: 'Windows 11', os.arch: 'amd64', os.version: '10.0', java.version: '17.0.5'
Driver info: org.openqa.selenium.chrome.ChromeDriver
Capabilities {acceptInsecureCerts: false, browserName: chrome, browserVersion: 121.0.6167.185, chrome: {chromedriverVersion: 121.0.6167.85 (3f98d690ad7e..., userDataDir: C:\Users\emmad\AppData\Loca...}, fedcm:accounts: true, goog:chromeOptions: {debuggerAddress: localhost:60333}, javascriptEnabled: true, networkConnectionEnabled: false, pageLoadStrategy: normal, platform: WINDOWS, platformName: WINDOWS, proxy: Proxy(), setWindowRect: true, strictFileInteractability: false, timeouts: {implicit: 0, pageLoad: 300000, script: 30000}, unhandledPromptBehavior: dismiss and notify, webauthn:extension:credBlob: true, webauthn:extension:largeBlob: true, webauthn:extension:minPinLength: true, webauthn:extension:prf: true, webauthn:virtualAuthenticators: true}
Session ID: 7d0d2d4d95a21f22acca23a9568b5d59
*** Element info: {Using=partial link text, value=Admin}
2024-02-17 23:12:41,621 - Log -INFO - org.openqa.selenium.NoSuchElementException: no such element: Unable to locate element: {"method":"css selector","selector":"#spanMessage"}
  (Session info: chrome=121.0.6167.185)
For documentation on this error, please visit: https://www.seleniumhq.org/exceptions/no_such_element.html
Build info: version: '3.141.59', revision: 'e82be7d358', time: '2018-11-14T08:17:03'
System info: host: 'NAVEENPATEL', ip: '192.168.1.6', os.name: 'Windows 11', os.arch: 'amd64', os.version: '10.0', java.version: '17.0.5'
Driver info: org.openqa.selenium.chrome.ChromeDriver
Capabilities {acceptInsecureCerts: false, browserName: chrome, browserVersion: 121.0.6167.185, chrome: {chromedriverVersion: 121.0.6167.85 (3f98d690ad7e..., userDataDir: C:\Users\emmad\AppData\Loca...}, fedcm:accounts: true, goog:chromeOptions: {debuggerAddress: localhost:60333}, javascriptEnabled: true, networkConnectionEnabled: false, pageLoadStrategy: normal, platform: WINDOWS, platformName: WINDOWS, proxy: Proxy(), setWindowRect: true, strictFileInteractability: false, timeouts: {implicit: 0, pageLoad: 300000, script: 30000}, unhandledPromptBehavior: dismiss and notify, webauthn:extension:credBlob: true, webauthn:extension:largeBlob: true, webauthn:extension:minPinLength: true, webauthn:extension:prf: true, webauthn:virtualAuthenticators: true}
Session ID: 7d0d2d4d95a21f22acca23a9568b5d59
*** Element info: {Using=id, value=spanMessage}
2024-02-17 23:12:41,642 - Log -INFO - org.openqa.selenium.NoSuchElementException: no such element: Unable to locate element: {"method":"partial link text","selector":"Admin"}
  (Session info: chrome=121.0.6167.185)
For documentation on this error, please visit: https://www.seleniumhq.org/exceptions/no_such_element.html
Build info: version: '3.141.59', revision: 'e82be7d358', time: '2018-11-14T08:17:03'
System info: host: 'NAVEENPATEL', ip: '192.168.1.6', os.name: 'Windows 11', os.arch: 'amd64', os.version: '10.0', java.version: '17.0.5'
Driver info: org.openqa.selenium.chrome.ChromeDriver
Capabilities {acceptInsecureCerts: false, browserName: chrome, browserVersion: 121.0.6167.185, chrome: {chromedriverVersion: 121.0.6167.85 (3f98d690ad7e..., userDataDir: C:\Users\emmad\AppData\Loca...}, fedcm:accounts: true, goog:chromeOptions: {debuggerAddress: localhost:60333}, javascriptEnabled: true, networkConnectionEnabled: false, pageLoadStrategy: normal, platform: WINDOWS, platformName: WINDOWS, proxy: Proxy(), setWindowRect: true, strictFileInteractability: false, timeouts: {implicit: 0, pageLoad: 300000, script: 30000}, unhandledPromptBehavior: dismiss and notify, webauthn:extension:credBlob: true, webauthn:extension:largeBlob: true, webauthn:extension:minPinLength: true, webauthn:extension:prf: true, webauthn:virtualAuthenticators: true}
Session ID: 7d0d2d4d95a21f22acca23a9568b5d59
*** Element info: {Using=partial link text, value=Admin}
2024-02-17 23:12:41,674 - Log -INFO - org.openqa.selenium.NoSuchElementException: no such element: Unable to locate element: {"method":"css selector","selector":"#spanMessage"}
  (Session info: chrome=121.0.6167.185)
For documentation on this error, please visit: https://www.seleniumhq.org/exceptions/no_such_element.html
Build info: version: '3.141.59', revision: 'e82be7d358', time: '2018-11-14T08:17:03'
System info: host: 'NAVEENPATEL', ip: '192.168.1.6', os.name: 'Windows 11', os.arch: 'amd64', os.version: '10.0', java.version: '17.0.5'
Driver info: org.openqa.selenium.chrome.ChromeDriver
Capabilities {acceptInsecureCerts: false, browserName: chrome, browserVersion: 121.0.6167.185, chrome: {chromedriverVersion: 121.0.6167.85 (3f98d690ad7e..., userDataDir: C:\Users\emmad\AppData\Loca...}, fedcm:accounts: true, goog:chromeOptions: {debuggerAddress: localhost:60333}, javascriptEnabled: true, networkConnectionEnabled: false, pageLoadStrategy: normal, platform: WINDOWS, platformName: WINDOWS, proxy: Proxy(), setWindowRect: true, strictFileInteractability: false, timeouts: {implicit: 0, pageLoad: 300000, script: 30000}, unhandledPromptBehavior: dismiss and notify, webauthn:extension:credBlob: true, webauthn:extension:largeBlob: true, webauthn:extension:minPinLength: true, webauthn:extension:prf: true, webauthn:virtualAuthenticators: true}
Session ID: 7d0d2d4d95a21f22acca23a9568b5d59
*** Element info: {Using=id, value=spanMessage}
2024-02-17 23:12:42,421 - Log -INFO - org.openqa.selenium.NoSuchElementException: no such element: Unable to locate element: {"method":"partial link text","selector":"Admin"}
  (Session info: chrome=121.0.6167.185)
For documentation on this error, please visit: https://www.seleniumhq.org/exceptions/no_such_element.html
Build info: version: '3.141.59', revision: 'e82be7d358', time: '2018-11-14T08:17:03'
System info: host: 'NAVEENPATEL', ip: '192.168.1.6', os.name: 'Windows 11', os.arch: 'amd64', os.version: '10.0', java.version: '17.0.5'
Driver info: org.openqa.selenium.chrome.ChromeDriver
Capabilities {acceptInsecureCerts: false, browserName: chrome, browserVersion: 121.0.6167.185, chrome: {chromedriverVersion: 121.0.6167.85 (3f98d690ad7e..., userDataDir: C:\Users\emmad\AppData\Loca...}, fedcm:accounts: true, goog:chromeOptions: {debuggerAddress: localhost:60333}, javascriptEnabled: true, networkConnectionEnabled: false, pageLoadStrategy: normal, platform: WINDOWS, platformName: WINDOWS, proxy: Proxy(), setWindowRect: true, strictFileInteractability: false, timeouts: {implicit: 0, pageLoad: 300000, script: 30000}, unhandledPromptBehavior: dismiss and notify, webauthn:extension:credBlob: true, webauthn:extension:largeBlob: true, webauthn:extension:minPinLength: true, webauthn:extension:prf: true, webauthn:virtualAuthenticators: true}
Session ID: 7d0d2d4d95a21f22acca23a9568b5d59
*** Element info: {Using=partial link text, value=Admin}
2024-02-17 23:12:42,443 - Log -INFO -  The Expected Text of the OrangeHRM Application Loginpage is :- Invalid credentials
2024-02-17 23:12:42,467 - Log -INFO -  The Actual Text of the OrangeHRM Application Loginpage is :- Invalid credentials
2024-02-17 23:12:42,473 - Log -INFO - Failed to Navigate to OrangeHRM Application HomePage - Pass 
2024-02-17 23:12:42,477 - Log -INFO - OrangeHRMApplicationURLAddress is Not Matched:-Pass 
2024-02-17 23:12:42,691 - Log -INFO - org.openqa.selenium.NoSuchElementException: no such element: Unable to locate element: {"method":"partial link text","selector":"Admin"}
  (Session info: chrome=121.0.6167.185)
For documentation on this error, please visit: https://www.seleniumhq.org/exceptions/no_such_element.html
Build info: version: '3.141.59', revision: 'e82be7d358', time: '2018-11-14T08:17:03'
System info: host: 'NAVEENPATEL', ip: '192.168.1.6', os.name: 'Windows 11', os.arch: 'amd64', os.version: '10.0', java.version: '17.0.5'
Driver info: org.openqa.selenium.chrome.ChromeDriver
Capabilities {acceptInsecureCerts: false, browserName: chrome, browserVersion: 121.0.6167.185, chrome: {chromedriverVersion: 121.0.6167.85 (3f98d690ad7e..., userDataDir: C:\Users\emmad\AppData\Loca...}, fedcm:accounts: true, goog:chromeOptions: {debuggerAddress: localhost:60333}, javascriptEnabled: true, networkConnectionEnabled: false, pageLoadStrategy: normal, platform: WINDOWS, platformName: WINDOWS, proxy: Proxy(), setWindowRect: true, strictFileInteractability: false, timeouts: {implicit: 0, pageLoad: 300000, script: 30000}, unhandledPromptBehavior: dismiss and notify, webauthn:extension:credBlob: true, webauthn:extension:largeBlob: true, webauthn:extension:minPinLength: true, webauthn:extension:prf: true, webauthn:virtualAuthenticators: true}
Session ID: 7d0d2d4d95a21f22acca23a9568b5d59
*** Element info: {Using=partial link text, value=Admin}
2024-02-17 23:12:42,708 - Log -INFO -  The Expected Text of the OrangeHRM Application Loginpage is :- Invalid credentials
2024-02-17 23:12:42,726 - Log -INFO -  The Actual Text of the OrangeHRM Application Loginpage is :- Invalid credentials
2024-02-17 23:12:42,730 - Log -INFO - Failed to Navigate to OrangeHRM Application HomePage - Pass 
2024-02-17 23:12:42,737 - Log -INFO - OrangeHRMApplicationURLAddress is Not Matched:-Pass 
2024-02-17 23:12:42,885 - Log -INFO - org.openqa.selenium.NoSuchElementException: no such element: Unable to locate element: {"method":"partial link text","selector":"Admin"}
  (Session info: chrome=121.0.6167.185)
For documentation on this error, please visit: https://www.seleniumhq.org/exceptions/no_such_element.html
Build info: version: '3.141.59', revision: 'e82be7d358', time: '2018-11-14T08:17:03'
System info: host: 'NAVEENPATEL', ip: '192.168.1.6', os.name: 'Windows 11', os.arch: 'amd64', os.version: '10.0', java.version: '17.0.5'
Driver info: org.openqa.selenium.chrome.ChromeDriver
Capabilities {acceptInsecureCerts: false, browserName: chrome, browserVersion: 121.0.6167.185, chrome: {chromedriverVersion: 121.0.6167.85 (3f98d690ad7e..., userDataDir: C:\Users\emmad\AppData\Loca...}, fedcm:accounts: true, goog:chromeOptions: {debuggerAddress: localhost:60333}, javascriptEnabled: true, networkConnectionEnabled: false, pageLoadStrategy: normal, platform: WINDOWS, platformName: WINDOWS, proxy: Proxy(), setWindowRect: true, strictFileInteractability: false, timeouts: {implicit: 0, pageLoad: 300000, script: 30000}, unhandledPromptBehavior: dismiss and notify, webauthn:extension:credBlob: true, webauthn:extension:largeBlob: true, webauthn:extension:minPinLength: true, webauthn:extension:prf: true, webauthn:virtualAuthenticators: true}
Session ID: 7d0d2d4d95a21f22acca23a9568b5d59
*** Element info: {Using=partial link text, value=Admin}
2024-02-17 23:12:42,899 - Log -INFO -  The Expected Text of the OrangeHRM Application Loginpage is :- Invalid credentials
2024-02-17 23:12:42,914 - Log -INFO -  The Actual Text of the OrangeHRM Application Loginpage is :- Invalid credentials
2024-02-17 23:12:42,918 - Log -INFO - Failed to Navigate to OrangeHRM Application HomePage - Pass 
2024-02-17 23:12:42,922 - Log -INFO - OrangeHRMApplicationURLAddress is Not Matched:-Pass 
2024-02-17 23:12:43,069 - Log -INFO - org.openqa.selenium.NoSuchElementException: no such element: Unable to locate element: {"method":"partial link text","selector":"Admin"}
  (Session info: chrome=121.0.6167.185)
For documentation on this error, please visit: https://www.seleniumhq.org/exceptions/no_such_element.html
Build info: version: '3.141.59', revision: 'e82be7d358', time: '2018-11-14T08:17:03'
System info: host: 'NAVEENPATEL', ip: '192.168.1.6', os.name: 'Windows 11', os.arch: 'amd64', os.version: '10.0', java.version: '17.0.5'
Driver info: org.openqa.selenium.chrome.ChromeDriver
Capabilities {acceptInsecureCerts: false, browserName: chrome, browserVersion: 121.0.6167.185, chrome: {chromedriverVersion: 121.0.6167.85 (3f98d690ad7e..., userDataDir: C:\Users\emmad\AppData\Loca...}, fedcm:accounts: true, goog:chromeOptions: {debuggerAddress: localhost:60333}, javascriptEnabled: true, networkConnectionEnabled: false, pageLoadStrategy: normal, platform: WINDOWS, platformName: WINDOWS, proxy: Proxy(), setWindowRect: true, strictFileInteractability: false, timeouts: {implicit: 0, pageLoad: 300000, script: 30000}, unhandledPromptBehavior: dismiss and notify, webauthn:extension:credBlob: true, webauthn:extension:largeBlob: true, webauthn:extension:minPinLength: true, webauthn:extension:prf: true, webauthn:virtualAuthenticators: true}
Session ID: 7d0d2d4d95a21f22acca23a9568b5d59
*** Element info: {Using=partial link text, value=Admin}
2024-02-17 23:12:43,084 - Log -INFO -  The Expected Text of the OrangeHRM Application Loginpage is :- Invalid credentials
2024-02-17 23:12:43,100 - Log -INFO -  The Actual Text of the OrangeHRM Application Loginpage is :- Invalid credentials
2024-02-17 23:12:43,106 - Log -INFO - Failed to Navigate to OrangeHRM Application HomePage - Pass 
2024-02-17 23:12:43,111 - Log -INFO - OrangeHRMApplicationURLAddress is Not Matched:-Pass 
2024-02-17 23:12:43,731 - Log -INFO - org.openqa.selenium.NoSuchElementException: no such element: Unable to locate element: {"method":"partial link text","selector":"Admin"}
  (Session info: chrome=121.0.6167.185)
For documentation on this error, please visit: https://www.seleniumhq.org/exceptions/no_such_element.html
Build info: version: '3.141.59', revision: 'e82be7d358', time: '2018-11-14T08:17:03'
System info: host: 'NAVEENPATEL', ip: '192.168.1.6', os.name: 'Windows 11', os.arch: 'amd64', os.version: '10.0', java.version: '17.0.5'
Driver info: org.openqa.selenium.chrome.ChromeDriver
Capabilities {acceptInsecureCerts: false, browserName: chrome, browserVersion: 121.0.6167.185, chrome: {chromedriverVersion: 121.0.6167.85 (3f98d690ad7e..., userDataDir: C:\Users\emmad\AppData\Loca...}, fedcm:accounts: true, goog:chromeOptions: {debuggerAddress: localhost:60333}, javascriptEnabled: true, networkConnectionEnabled: false, pageLoadStrategy: normal, platform: WINDOWS, platformName: WINDOWS, proxy: Proxy(), setWindowRect: true, strictFileInteractability: false, timeouts: {implicit: 0, pageLoad: 300000, script: 30000}, unhandledPromptBehavior: dismiss and notify, webauthn:extension:credBlob: true, webauthn:extension:largeBlob: true, webauthn:extension:minPinLength: true, webauthn:extension:prf: true, webauthn:virtualAuthenticators: true}
Session ID: 7d0d2d4d95a21f22acca23a9568b5d59
*** Element info: {Using=partial link text, value=Admin}
2024-02-17 23:12:43,761 - Log -INFO -  The Expected Text of the OrangeHRM Application Loginpage is :- Invalid credentials
2024-02-17 23:12:43,781 - Log -INFO -  The Actual Text of the OrangeHRM Application Loginpage is :- Invalid credentials
2024-02-17 23:12:43,785 - Log -INFO - Failed to Navigate to OrangeHRM Application HomePage - Pass 
2024-02-17 23:12:43,791 - Log -INFO - OrangeHRMApplicationURLAddress is Not Matched:-Pass 
2024-02-17 23:12:43,949 - Log -INFO - org.openqa.selenium.NoSuchElementException: no such element: Unable to locate element: {"method":"partial link text","selector":"Admin"}
  (Session info: chrome=121.0.6167.185)
For documentation on this error, please visit: https://www.seleniumhq.org/exceptions/no_such_element.html
Build info: version: '3.141.59', revision: 'e82be7d358', time: '2018-11-14T08:17:03'
System info: host: 'NAVEENPATEL', ip: '192.168.1.6', os.name: 'Windows 11', os.arch: 'amd64', os.version: '10.0', java.version: '17.0.5'
Driver info: org.openqa.selenium.chrome.ChromeDriver
Capabilities {acceptInsecureCerts: false, browserName: chrome, browserVersion: 121.0.6167.185, chrome: {chromedriverVersion: 121.0.6167.85 (3f98d690ad7e..., userDataDir: C:\Users\emmad\AppData\Loca...}, fedcm:accounts: true, goog:chromeOptions: {debuggerAddress: localhost:60333}, javascriptEnabled: true, networkConnectionEnabled: false, pageLoadStrategy: normal, platform: WINDOWS, platformName: WINDOWS, proxy: Proxy(), setWindowRect: true, strictFileInteractability: false, timeouts: {implicit: 0, pageLoad: 300000, script: 30000}, unhandledPromptBehavior: dismiss and notify, webauthn:extension:credBlob: true, webauthn:extension:largeBlob: true, webauthn:extension:minPinLength: true, webauthn:extension:prf: true, webauthn:virtualAuthenticators: true}
Session ID: 7d0d2d4d95a21f22acca23a9568b5d59
*** Element info: {Using=partial link text, value=Admin}
2024-02-17 23:12:43,964 - Log -INFO -  The Expected Text of the OrangeHRM Application Loginpage is :- Invalid credentials
2024-02-17 23:12:43,977 - Log -INFO -  The Actual Text of the OrangeHRM Application Loginpage is :- Invalid credentials
2024-02-17 23:12:43,981 - Log -INFO - Failed to Navigate to OrangeHRM Application HomePage - Pass 
2024-02-17 23:12:43,985 - Log -INFO - OrangeHRMApplicationURLAddress is Not Matched:-Pass 
2024-02-17 23:12:44,131 - Log -INFO - org.openqa.selenium.NoSuchElementException: no such element: Unable to locate element: {"method":"partial link text","selector":"Admin"}
  (Session info: chrome=121.0.6167.185)
For documentation on this error, please visit: https://www.seleniumhq.org/exceptions/no_such_element.html
Build info: version: '3.141.59', revision: 'e82be7d358', time: '2018-11-14T08:17:03'
System info: host: 'NAVEENPATEL', ip: '192.168.1.6', os.name: 'Windows 11', os.arch: 'amd64', os.version: '10.0', java.version: '17.0.5'
Driver info: org.openqa.selenium.chrome.ChromeDriver
Capabilities {acceptInsecureCerts: false, browserName: chrome, browserVersion: 121.0.6167.185, chrome: {chromedriverVersion: 121.0.6167.85 (3f98d690ad7e..., userDataDir: C:\Users\emmad\AppData\Loca...}, fedcm:accounts: true, goog:chromeOptions: {debuggerAddress: localhost:60333}, javascriptEnabled: true, networkConnectionEnabled: false, pageLoadStrategy: normal, platform: WINDOWS, platformName: WINDOWS, proxy: Proxy(), setWindowRect: true, strictFileInteractability: false, timeouts: {implicit: 0, pageLoad: 300000, script: 30000}, unhandledPromptBehavior: dismiss and notify, webauthn:extension:credBlob: true, webauthn:extension:largeBlob: true, webauthn:extension:minPinLength: true, webauthn:extension:prf: true, webauthn:virtualAuthenticators: true}
Session ID: 7d0d2d4d95a21f22acca23a9568b5d59
*** Element info: {Using=partial link text, value=Admin}
2024-02-17 23:12:44,145 - Log -INFO -  The Expected Text of the OrangeHRM Application Loginpage is :- Invalid credentials
2024-02-17 23:12:44,159 - Log -INFO -  The Actual Text of the OrangeHRM Application Loginpage is :- Invalid credentials
2024-02-17 23:12:44,163 - Log -INFO - Failed to Navigate to OrangeHRM Application HomePage - Pass 
2024-02-17 23:12:44,166 - Log -INFO - OrangeHRMApplicationURLAddress is Not Matched:-Pass 
2024-02-17 23:12:44,312 - Log -INFO - org.openqa.selenium.NoSuchElementException: no such element: Unable to locate element: {"method":"partial link text","selector":"Admin"}
  (Session info: chrome=121.0.6167.185)
For documentation on this error, please visit: https://www.seleniumhq.org/exceptions/no_such_element.html
Build info: version: '3.141.59', revision: 'e82be7d358', time: '2018-11-14T08:17:03'
System info: host: 'NAVEENPATEL', ip: '192.168.1.6', os.name: 'Windows 11', os.arch: 'amd64', os.version: '10.0', java.version: '17.0.5'
Driver info: org.openqa.selenium.chrome.ChromeDriver
Capabilities {acceptInsecureCerts: false, browserName: chrome, browserVersion: 121.0.6167.185, chrome: {chromedriverVersion: 121.0.6167.85 (3f98d690ad7e..., userDataDir: C:\Users\emmad\AppData\Loca...}, fedcm:accounts: true, goog:chromeOptions: {debuggerAddress: localhost:60333}, javascriptEnabled: true, networkConnectionEnabled: false, pageLoadStrategy: normal, platform: WINDOWS, platformName: WINDOWS, proxy: Proxy(), setWindowRect: true, strictFileInteractability: false, timeouts: {implicit: 0, pageLoad: 300000, script: 30000}, unhandledPromptBehavior: dismiss and notify, webauthn:extension:credBlob: true, webauthn:extension:largeBlob: true, webauthn:extension:minPinLength: true, webauthn:extension:prf: true, webauthn:virtualAuthenticators: true}
Session ID: 7d0d2d4d95a21f22acca23a9568b5d59
*** Element info: {Using=partial link text, value=Admin}
2024-02-17 23:12:44,327 - Log -INFO -  The Expected Text of the OrangeHRM Application Loginpage is :- Invalid credentials
2024-02-17 23:12:44,342 - Log -INFO -  The Actual Text of the OrangeHRM Application Loginpage is :- Invalid credentials
2024-02-17 23:12:44,345 - Log -INFO - Failed to Navigate to OrangeHRM Application HomePage - Pass 
2024-02-17 23:12:44,348 - Log -INFO - OrangeHRMApplicationURLAddress is Not Matched:-Pass 
2024-02-17 23:12:45,045 - Log -INFO - org.openqa.selenium.NoSuchElementException: no such element: Unable to locate element: {"method":"partial link text","selector":"Admin"}
  (Session info: chrome=121.0.6167.185)
For documentation on this error, please visit: https://www.seleniumhq.org/exceptions/no_such_element.html
Build info: version: '3.141.59', revision: 'e82be7d358', time: '2018-11-14T08:17:03'
System info: host: 'NAVEENPATEL', ip: '192.168.1.6', os.name: 'Windows 11', os.arch: 'amd64', os.version: '10.0', java.version: '17.0.5'
Driver info: org.openqa.selenium.chrome.ChromeDriver
Capabilities {acceptInsecureCerts: false, browserName: chrome, browserVersion: 121.0.6167.185, chrome: {chromedriverVersion: 121.0.6167.85 (3f98d690ad7e..., userDataDir: C:\Users\emmad\AppData\Loca...}, fedcm:accounts: true, goog:chromeOptions: {debuggerAddress: localhost:60333}, javascriptEnabled: true, networkConnectionEnabled: false, pageLoadStrategy: normal, platform: WINDOWS, platformName: WINDOWS, proxy: Proxy(), setWindowRect: true, strictFileInteractability: false, timeouts: {implicit: 0, pageLoad: 300000, script: 30000}, unhandledPromptBehavior: dismiss and notify, webauthn:extension:credBlob: true, webauthn:extension:largeBlob: true, webauthn:extension:minPinLength: true, webauthn:extension:prf: true, webauthn:virtualAuthenticators: true}
Session ID: 7d0d2d4d95a21f22acca23a9568b5d59
*** Element info: {Using=partial link text, value=Admin}
2024-02-17 23:12:45,077 - Log -INFO -  The Expected Text of the OrangeHRM Application Loginpage is :- Invalid credentials
2024-02-17 23:12:45,093 - Log -INFO -  The Actual Text of the OrangeHRM Application Loginpage is :- Invalid credentials
2024-02-17 23:12:45,098 - Log -INFO - Failed to Navigate to OrangeHRM Application HomePage - Pass 
2024-02-17 23:12:45,103 - Log -INFO - OrangeHRMApplicationURLAddress is Not Matched:-Pass 
2024-02-17 23:12:45,254 - Log -INFO - org.openqa.selenium.NoSuchElementException: no such element: Unable to locate element: {"method":"partial link text","selector":"Admin"}
  (Session info: chrome=121.0.6167.185)
For documentation on this error, please visit: https://www.seleniumhq.org/exceptions/no_such_element.html
Build info: version: '3.141.59', revision: 'e82be7d358', time: '2018-11-14T08:17:03'
System info: host: 'NAVEENPATEL', ip: '192.168.1.6', os.name: 'Windows 11', os.arch: 'amd64', os.version: '10.0', java.version: '17.0.5'
Driver info: org.openqa.selenium.chrome.ChromeDriver
Capabilities {acceptInsecureCerts: false, browserName: chrome, browserVersion: 121.0.6167.185, chrome: {chromedriverVersion: 121.0.6167.85 (3f98d690ad7e..., userDataDir: C:\Users\emmad\AppData\Loca...}, fedcm:accounts: true, goog:chromeOptions: {debuggerAddress: localhost:60333}, javascriptEnabled: true, networkConnectionEnabled: false, pageLoadStrategy: normal, platform: WINDOWS, platformName: WINDOWS, proxy: Proxy(), setWindowRect: true, strictFileInteractability: false, timeouts: {implicit: 0, pageLoad: 300000, script: 30000}, unhandledPromptBehavior: dismiss and notify, webauthn:extension:credBlob: true, webauthn:extension:largeBlob: true, webauthn:extension:minPinLength: true, webauthn:extension:prf: true, webauthn:virtualAuthenticators: true}
Session ID: 7d0d2d4d95a21f22acca23a9568b5d59
*** Element info: {Using=partial link text, value=Admin}
2024-02-17 23:12:45,268 - Log -INFO -  The Expected Text of the OrangeHRM Application Loginpage is :- Invalid credentials
2024-02-17 23:12:45,282 - Log -INFO -  The Actual Text of the OrangeHRM Application Loginpage is :- Invalid credentials
2024-02-17 23:12:45,285 - Log -INFO - Failed to Navigate to OrangeHRM Application HomePage - Pass 
2024-02-17 23:12:45,289 - Log -INFO - OrangeHRMApplicationURLAddress is Not Matched:-Pass 
2024-02-17 23:12:45,436 - Log -INFO - org.openqa.selenium.NoSuchElementException: no such element: Unable to locate element: {"method":"partial link text","selector":"Admin"}
  (Session info: chrome=121.0.6167.185)
For documentation on this error, please visit: https://www.seleniumhq.org/exceptions/no_such_element.html
Build info: version: '3.141.59', revision: 'e82be7d358', time: '2018-11-14T08:17:03'
System info: host: 'NAVEENPATEL', ip: '192.168.1.6', os.name: 'Windows 11', os.arch: 'amd64', os.version: '10.0', java.version: '17.0.5'
Driver info: org.openqa.selenium.chrome.ChromeDriver
Capabilities {acceptInsecureCerts: false, browserName: chrome, browserVersion: 121.0.6167.185, chrome: {chromedriverVersion: 121.0.6167.85 (3f98d690ad7e..., userDataDir: C:\Users\emmad\AppData\Loca...}, fedcm:accounts: true, goog:chromeOptions: {debuggerAddress: localhost:60333}, javascriptEnabled: true, networkConnectionEnabled: false, pageLoadStrategy: normal, platform: WINDOWS, platformName: WINDOWS, proxy: Proxy(), setWindowRect: true, strictFileInteractability: false, timeouts: {implicit: 0, pageLoad: 300000, script: 30000}, unhandledPromptBehavior: dismiss and notify, webauthn:extension:credBlob: true, webauthn:extension:largeBlob: true, webauthn:extension:minPinLength: true, webauthn:extension:prf: true, webauthn:virtualAuthenticators: true}
Session ID: 7d0d2d4d95a21f22acca23a9568b5d59
*** Element info: {Using=partial link text, value=Admin}
2024-02-17 23:12:45,451 - Log -INFO -  The Expected Text of the OrangeHRM Application Loginpage is :- Invalid credentials
2024-02-17 23:12:45,466 - Log -INFO -  The Actual Text of the OrangeHRM Application Loginpage is :- Invalid credentials
2024-02-17 23:12:45,471 - Log -INFO - Failed to Navigate to OrangeHRM Application HomePage - Pass 
2024-02-17 23:12:45,475 - Log -INFO - OrangeHRMApplicationURLAddress is Not Matched:-Pass 
2024-02-17 23:12:45,628 - Log -INFO - org.openqa.selenium.NoSuchElementException: no such element: Unable to locate element: {"method":"partial link text","selector":"Admin"}
  (Session info: chrome=121.0.6167.185)
For documentation on this error, please visit: https://www.seleniumhq.org/exceptions/no_such_element.html
Build info: version: '3.141.59', revision: 'e82be7d358', time: '2018-11-14T08:17:03'
System info: host: 'NAVEENPATEL', ip: '192.168.1.6', os.name: 'Windows 11', os.arch: 'amd64', os.version: '10.0', java.version: '17.0.5'
Driver info: org.openqa.selenium.chrome.ChromeDriver
Capabilities {acceptInsecureCerts: false, browserName: chrome, browserVersion: 121.0.6167.185, chrome: {chromedriverVersion: 121.0.6167.85 (3f98d690ad7e..., userDataDir: C:\Users\emmad\AppData\Loca...}, fedcm:accounts: true, goog:chromeOptions: {debuggerAddress: localhost:60333}, javascriptEnabled: true, networkConnectionEnabled: false, pageLoadStrategy: normal, platform: WINDOWS, platformName: WINDOWS, proxy: Proxy(), setWindowRect: true, strictFileInteractability: false, timeouts: {implicit: 0, pageLoad: 300000, script: 30000}, unhandledPromptBehavior: dismiss and notify, webauthn:extension:credBlob: true, webauthn:extension:largeBlob: true, webauthn:extension:minPinLength: true, webauthn:extension:prf: true, webauthn:virtualAuthenticators: true}
Session ID: 7d0d2d4d95a21f22acca23a9568b5d59
*** Element info: {Using=partial link text, value=Admin}
2024-02-17 23:12:45,641 - Log -INFO -  The Expected Text of the OrangeHRM Application Loginpage is :- Invalid credentials
2024-02-17 23:12:45,657 - Log -INFO -  The Actual Text of the OrangeHRM Application Loginpage is :- Invalid credentials
2024-02-17 23:12:45,661 - Log -INFO - Failed to Navigate to OrangeHRM Application HomePage - Pass 
2024-02-17 23:12:45,665 - Log -INFO - OrangeHRMApplicationURLAddress is Not Matched:-Pass 
2024-02-17 23:12:45,950 - Log -INFO -  ************ Chrome Browser along with OrangeHRM Application Closed Successfully ********
2024-02-17 23:15:42,936 - Log -INFO - **** Chrome Browser Launched Successfully ********** 
2024-02-17 23:15:43,284 - Log -INFO -  Successfully Navigated to OrangeHRM Application LogIn Page 
2024-02-17 23:15:43,520 - Log -INFO -  The Expected Text of the WebElement LogIn Pannel is :- LOGIN Panel
2024-02-17 23:15:43,557 - Log -INFO -  The Actual Text of the WebElement LogIn Pannel is :- LOGIN Panel
2024-02-17 23:15:43,561 - Log -INFO -  LogIn Pannel Text Validation Successful - PASS
2024-02-17 23:15:43,708 - Log -INFO -  ************ Chrome Browser along with OrangeHRM Application Closed Successfully ********
2024-02-17 23:15:44,473 - Log -INFO - **** Chrome Browser Launched Successfully ********** 
2024-02-17 23:15:44,979 - Log -INFO -  Successfully Navigated to OrangeHRM Application LogIn Page 
2024-02-17 23:15:45,240 - Log -INFO -  OrangeHRM Applicaiton LogIn page Logo found - PASS 
2024-02-17 23:15:45,442 - Log -INFO -  ************ Chrome Browser along with OrangeHRM Application Closed Successfully ********
2024-02-17 23:15:46,150 - Log -INFO - **** Chrome Browser Launched Successfully ********** 
2024-02-17 23:15:46,672 - Log -INFO -  Successfully Navigated to OrangeHRM Application LogIn Page 
2024-02-17 23:15:48,671 - Log -INFO -  The Expected Text of the OrangeHRM Application HomePage is :- Welcome
2024-02-17 23:15:48,698 - Log -INFO -  The Actual Text of the OrangeHRM Application HomePage is :- Welcome Admin
2024-02-17 23:15:48,704 - Log -INFO -  Successfully Navigated to OrangeHRM Application HomePage - PASS 
2024-02-17 23:15:51,280 - Log -INFO - org.openqa.selenium.NoSuchElementException: no such element: Unable to locate element: {"method":"css selector","selector":"#spanMessage"}
  (Session info: chrome=121.0.6167.185)
For documentation on this error, please visit: https://www.seleniumhq.org/exceptions/no_such_element.html
Build info: version: '3.141.59', revision: 'e82be7d358', time: '2018-11-14T08:17:03'
System info: host: 'NAVEENPATEL', ip: '192.168.1.6', os.name: 'Windows 11', os.arch: 'amd64', os.version: '10.0', java.version: '17.0.5'
Driver info: org.openqa.selenium.chrome.ChromeDriver
Capabilities {acceptInsecureCerts: false, browserName: chrome, browserVersion: 121.0.6167.185, chrome: {chromedriverVersion: 121.0.6167.85 (3f98d690ad7e..., userDataDir: C:\Users\emmad\AppData\Loca...}, fedcm:accounts: true, goog:chromeOptions: {debuggerAddress: localhost:60430}, javascriptEnabled: true, networkConnectionEnabled: false, pageLoadStrategy: normal, platform: WINDOWS, platformName: WINDOWS, proxy: Proxy(), setWindowRect: true, strictFileInteractability: false, timeouts: {implicit: 0, pageLoad: 300000, script: 30000}, unhandledPromptBehavior: dismiss and notify, webauthn:extension:credBlob: true, webauthn:extension:largeBlob: true, webauthn:extension:minPinLength: true, webauthn:extension:prf: true, webauthn:virtualAuthenticators: true}
Session ID: f5cfb3d6b3136ad9b9735b6deb094b8b
*** Element info: {Using=id, value=spanMessage}
2024-02-17 23:15:51,303 - Log -INFO - org.openqa.selenium.NoSuchElementException: no such element: Unable to locate element: {"method":"partial link text","selector":"Admin"}
  (Session info: chrome=121.0.6167.185)
For documentation on this error, please visit: https://www.seleniumhq.org/exceptions/no_such_element.html
Build info: version: '3.141.59', revision: 'e82be7d358', time: '2018-11-14T08:17:03'
System info: host: 'NAVEENPATEL', ip: '192.168.1.6', os.name: 'Windows 11', os.arch: 'amd64', os.version: '10.0', java.version: '17.0.5'
Driver info: org.openqa.selenium.chrome.ChromeDriver
Capabilities {acceptInsecureCerts: false, browserName: chrome, browserVersion: 121.0.6167.185, chrome: {chromedriverVersion: 121.0.6167.85 (3f98d690ad7e..., userDataDir: C:\Users\emmad\AppData\Loca...}, fedcm:accounts: true, goog:chromeOptions: {debuggerAddress: localhost:60430}, javascriptEnabled: true, networkConnectionEnabled: false, pageLoadStrategy: normal, platform: WINDOWS, platformName: WINDOWS, proxy: Proxy(), setWindowRect: true, strictFileInteractability: false, timeouts: {implicit: 0, pageLoad: 300000, script: 30000}, unhandledPromptBehavior: dismiss and notify, webauthn:extension:credBlob: true, webauthn:extension:largeBlob: true, webauthn:extension:minPinLength: true, webauthn:extension:prf: true, webauthn:virtualAuthenticators: true}
Session ID: f5cfb3d6b3136ad9b9735b6deb094b8b
*** Element info: {Using=partial link text, value=Admin}
2024-02-17 23:15:51,335 - Log -INFO - org.openqa.selenium.NoSuchElementException: no such element: Unable to locate element: {"method":"css selector","selector":"#spanMessage"}
  (Session info: chrome=121.0.6167.185)
For documentation on this error, please visit: https://www.seleniumhq.org/exceptions/no_such_element.html
Build info: version: '3.141.59', revision: 'e82be7d358', time: '2018-11-14T08:17:03'
System info: host: 'NAVEENPATEL', ip: '192.168.1.6', os.name: 'Windows 11', os.arch: 'amd64', os.version: '10.0', java.version: '17.0.5'
Driver info: org.openqa.selenium.chrome.ChromeDriver
Capabilities {acceptInsecureCerts: false, browserName: chrome, browserVersion: 121.0.6167.185, chrome: {chromedriverVersion: 121.0.6167.85 (3f98d690ad7e..., userDataDir: C:\Users\emmad\AppData\Loca...}, fedcm:accounts: true, goog:chromeOptions: {debuggerAddress: localhost:60430}, javascriptEnabled: true, networkConnectionEnabled: false, pageLoadStrategy: normal, platform: WINDOWS, platformName: WINDOWS, proxy: Proxy(), setWindowRect: true, strictFileInteractability: false, timeouts: {implicit: 0, pageLoad: 300000, script: 30000}, unhandledPromptBehavior: dismiss and notify, webauthn:extension:credBlob: true, webauthn:extension:largeBlob: true, webauthn:extension:minPinLength: true, webauthn:extension:prf: true, webauthn:virtualAuthenticators: true}
Session ID: f5cfb3d6b3136ad9b9735b6deb094b8b
*** Element info: {Using=id, value=spanMessage}
2024-02-17 23:15:51,355 - Log -INFO - org.openqa.selenium.NoSuchElementException: no such element: Unable to locate element: {"method":"partial link text","selector":"Admin"}
  (Session info: chrome=121.0.6167.185)
For documentation on this error, please visit: https://www.seleniumhq.org/exceptions/no_such_element.html
Build info: version: '3.141.59', revision: 'e82be7d358', time: '2018-11-14T08:17:03'
System info: host: 'NAVEENPATEL', ip: '192.168.1.6', os.name: 'Windows 11', os.arch: 'amd64', os.version: '10.0', java.version: '17.0.5'
Driver info: org.openqa.selenium.chrome.ChromeDriver
Capabilities {acceptInsecureCerts: false, browserName: chrome, browserVersion: 121.0.6167.185, chrome: {chromedriverVersion: 121.0.6167.85 (3f98d690ad7e..., userDataDir: C:\Users\emmad\AppData\Loca...}, fedcm:accounts: true, goog:chromeOptions: {debuggerAddress: localhost:60430}, javascriptEnabled: true, networkConnectionEnabled: false, pageLoadStrategy: normal, platform: WINDOWS, platformName: WINDOWS, proxy: Proxy(), setWindowRect: true, strictFileInteractability: false, timeouts: {implicit: 0, pageLoad: 300000, script: 30000}, unhandledPromptBehavior: dismiss and notify, webauthn:extension:credBlob: true, webauthn:extension:largeBlob: true, webauthn:extension:minPinLength: true, webauthn:extension:prf: true, webauthn:virtualAuthenticators: true}
Session ID: f5cfb3d6b3136ad9b9735b6deb094b8b
*** Element info: {Using=partial link text, value=Admin}
2024-02-17 23:15:51,374 - Log -INFO - org.openqa.selenium.NoSuchElementException: no such element: Unable to locate element: {"method":"css selector","selector":"#spanMessage"}
  (Session info: chrome=121.0.6167.185)
For documentation on this error, please visit: https://www.seleniumhq.org/exceptions/no_such_element.html
Build info: version: '3.141.59', revision: 'e82be7d358', time: '2018-11-14T08:17:03'
System info: host: 'NAVEENPATEL', ip: '192.168.1.6', os.name: 'Windows 11', os.arch: 'amd64', os.version: '10.0', java.version: '17.0.5'
Driver info: org.openqa.selenium.chrome.ChromeDriver
Capabilities {acceptInsecureCerts: false, browserName: chrome, browserVersion: 121.0.6167.185, chrome: {chromedriverVersion: 121.0.6167.85 (3f98d690ad7e..., userDataDir: C:\Users\emmad\AppData\Loca...}, fedcm:accounts: true, goog:chromeOptions: {debuggerAddress: localhost:60430}, javascriptEnabled: true, networkConnectionEnabled: false, pageLoadStrategy: normal, platform: WINDOWS, platformName: WINDOWS, proxy: Proxy(), setWindowRect: true, strictFileInteractability: false, timeouts: {implicit: 0, pageLoad: 300000, script: 30000}, unhandledPromptBehavior: dismiss and notify, webauthn:extension:credBlob: true, webauthn:extension:largeBlob: true, webauthn:extension:minPinLength: true, webauthn:extension:prf: true, webauthn:virtualAuthenticators: true}
Session ID: f5cfb3d6b3136ad9b9735b6deb094b8b
*** Element info: {Using=id, value=spanMessage}
2024-02-17 23:15:51,390 - Log -INFO - org.openqa.selenium.NoSuchElementException: no such element: Unable to locate element: {"method":"partial link text","selector":"Admin"}
  (Session info: chrome=121.0.6167.185)
For documentation on this error, please visit: https://www.seleniumhq.org/exceptions/no_such_element.html
Build info: version: '3.141.59', revision: 'e82be7d358', time: '2018-11-14T08:17:03'
System info: host: 'NAVEENPATEL', ip: '192.168.1.6', os.name: 'Windows 11', os.arch: 'amd64', os.version: '10.0', java.version: '17.0.5'
Driver info: org.openqa.selenium.chrome.ChromeDriver
Capabilities {acceptInsecureCerts: false, browserName: chrome, browserVersion: 121.0.6167.185, chrome: {chromedriverVersion: 121.0.6167.85 (3f98d690ad7e..., userDataDir: C:\Users\emmad\AppData\Loca...}, fedcm:accounts: true, goog:chromeOptions: {debuggerAddress: localhost:60430}, javascriptEnabled: true, networkConnectionEnabled: false, pageLoadStrategy: normal, platform: WINDOWS, platformName: WINDOWS, proxy: Proxy(), setWindowRect: true, strictFileInteractability: false, timeouts: {implicit: 0, pageLoad: 300000, script: 30000}, unhandledPromptBehavior: dismiss and notify, webauthn:extension:credBlob: true, webauthn:extension:largeBlob: true, webauthn:extension:minPinLength: true, webauthn:extension:prf: true, webauthn:virtualAuthenticators: true}
Session ID: f5cfb3d6b3136ad9b9735b6deb094b8b
*** Element info: {Using=partial link text, value=Admin}
2024-02-17 23:15:51,405 - Log -INFO - org.openqa.selenium.NoSuchElementException: no such element: Unable to locate element: {"method":"css selector","selector":"#spanMessage"}
  (Session info: chrome=121.0.6167.185)
For documentation on this error, please visit: https://www.seleniumhq.org/exceptions/no_such_element.html
Build info: version: '3.141.59', revision: 'e82be7d358', time: '2018-11-14T08:17:03'
System info: host: 'NAVEENPATEL', ip: '192.168.1.6', os.name: 'Windows 11', os.arch: 'amd64', os.version: '10.0', java.version: '17.0.5'
Driver info: org.openqa.selenium.chrome.ChromeDriver
Capabilities {acceptInsecureCerts: false, browserName: chrome, browserVersion: 121.0.6167.185, chrome: {chromedriverVersion: 121.0.6167.85 (3f98d690ad7e..., userDataDir: C:\Users\emmad\AppData\Loca...}, fedcm:accounts: true, goog:chromeOptions: {debuggerAddress: localhost:60430}, javascriptEnabled: true, networkConnectionEnabled: false, pageLoadStrategy: normal, platform: WINDOWS, platformName: WINDOWS, proxy: Proxy(), setWindowRect: true, strictFileInteractability: false, timeouts: {implicit: 0, pageLoad: 300000, script: 30000}, unhandledPromptBehavior: dismiss and notify, webauthn:extension:credBlob: true, webauthn:extension:largeBlob: true, webauthn:extension:minPinLength: true, webauthn:extension:prf: true, webauthn:virtualAuthenticators: true}
Session ID: f5cfb3d6b3136ad9b9735b6deb094b8b
*** Element info: {Using=id, value=spanMessage}
2024-02-17 23:15:52,145 - Log -INFO - org.openqa.selenium.NoSuchElementException: no such element: Unable to locate element: {"method":"partial link text","selector":"Admin"}
  (Session info: chrome=121.0.6167.185)
For documentation on this error, please visit: https://www.seleniumhq.org/exceptions/no_such_element.html
Build info: version: '3.141.59', revision: 'e82be7d358', time: '2018-11-14T08:17:03'
System info: host: 'NAVEENPATEL', ip: '192.168.1.6', os.name: 'Windows 11', os.arch: 'amd64', os.version: '10.0', java.version: '17.0.5'
Driver info: org.openqa.selenium.chrome.ChromeDriver
Capabilities {acceptInsecureCerts: false, browserName: chrome, browserVersion: 121.0.6167.185, chrome: {chromedriverVersion: 121.0.6167.85 (3f98d690ad7e..., userDataDir: C:\Users\emmad\AppData\Loca...}, fedcm:accounts: true, goog:chromeOptions: {debuggerAddress: localhost:60430}, javascriptEnabled: true, networkConnectionEnabled: false, pageLoadStrategy: normal, platform: WINDOWS, platformName: WINDOWS, proxy: Proxy(), setWindowRect: true, strictFileInteractability: false, timeouts: {implicit: 0, pageLoad: 300000, script: 30000}, unhandledPromptBehavior: dismiss and notify, webauthn:extension:credBlob: true, webauthn:extension:largeBlob: true, webauthn:extension:minPinLength: true, webauthn:extension:prf: true, webauthn:virtualAuthenticators: true}
Session ID: f5cfb3d6b3136ad9b9735b6deb094b8b
*** Element info: {Using=partial link text, value=Admin}
2024-02-17 23:15:52,161 - Log -INFO -  The Expected Text of the OrangeHRM Application Loginpage is :- Invalid credentials
2024-02-17 23:15:52,177 - Log -INFO -  The Actual Text of the OrangeHRM Application Loginpage is :- Invalid credentials
2024-02-17 23:15:52,183 - Log -INFO - Failed to Navigate to OrangeHRM Application HomePage - Pass 
2024-02-17 23:15:52,189 - Log -INFO - OrangeHRMApplicationURLAddress is Not Matched:-Pass 
2024-02-17 23:15:52,388 - Log -INFO - org.openqa.selenium.NoSuchElementException: no such element: Unable to locate element: {"method":"partial link text","selector":"Admin"}
  (Session info: chrome=121.0.6167.185)
For documentation on this error, please visit: https://www.seleniumhq.org/exceptions/no_such_element.html
Build info: version: '3.141.59', revision: 'e82be7d358', time: '2018-11-14T08:17:03'
System info: host: 'NAVEENPATEL', ip: '192.168.1.6', os.name: 'Windows 11', os.arch: 'amd64', os.version: '10.0', java.version: '17.0.5'
Driver info: org.openqa.selenium.chrome.ChromeDriver
Capabilities {acceptInsecureCerts: false, browserName: chrome, browserVersion: 121.0.6167.185, chrome: {chromedriverVersion: 121.0.6167.85 (3f98d690ad7e..., userDataDir: C:\Users\emmad\AppData\Loca...}, fedcm:accounts: true, goog:chromeOptions: {debuggerAddress: localhost:60430}, javascriptEnabled: true, networkConnectionEnabled: false, pageLoadStrategy: normal, platform: WINDOWS, platformName: WINDOWS, proxy: Proxy(), setWindowRect: true, strictFileInteractability: false, timeouts: {implicit: 0, pageLoad: 300000, script: 30000}, unhandledPromptBehavior: dismiss and notify, webauthn:extension:credBlob: true, webauthn:extension:largeBlob: true, webauthn:extension:minPinLength: true, webauthn:extension:prf: true, webauthn:virtualAuthenticators: true}
Session ID: f5cfb3d6b3136ad9b9735b6deb094b8b
*** Element info: {Using=partial link text, value=Admin}
2024-02-17 23:15:52,405 - Log -INFO -  The Expected Text of the OrangeHRM Application Loginpage is :- Invalid credentials
2024-02-17 23:15:52,418 - Log -INFO -  The Actual Text of the OrangeHRM Application Loginpage is :- Invalid credentials
2024-02-17 23:15:52,422 - Log -INFO - Failed to Navigate to OrangeHRM Application HomePage - Pass 
2024-02-17 23:15:52,426 - Log -INFO - OrangeHRMApplicationURLAddress is Not Matched:-Pass 
2024-02-17 23:15:52,575 - Log -INFO - org.openqa.selenium.NoSuchElementException: no such element: Unable to locate element: {"method":"partial link text","selector":"Admin"}
  (Session info: chrome=121.0.6167.185)
For documentation on this error, please visit: https://www.seleniumhq.org/exceptions/no_such_element.html
Build info: version: '3.141.59', revision: 'e82be7d358', time: '2018-11-14T08:17:03'
System info: host: 'NAVEENPATEL', ip: '192.168.1.6', os.name: 'Windows 11', os.arch: 'amd64', os.version: '10.0', java.version: '17.0.5'
Driver info: org.openqa.selenium.chrome.ChromeDriver
Capabilities {acceptInsecureCerts: false, browserName: chrome, browserVersion: 121.0.6167.185, chrome: {chromedriverVersion: 121.0.6167.85 (3f98d690ad7e..., userDataDir: C:\Users\emmad\AppData\Loca...}, fedcm:accounts: true, goog:chromeOptions: {debuggerAddress: localhost:60430}, javascriptEnabled: true, networkConnectionEnabled: false, pageLoadStrategy: normal, platform: WINDOWS, platformName: WINDOWS, proxy: Proxy(), setWindowRect: true, strictFileInteractability: false, timeouts: {implicit: 0, pageLoad: 300000, script: 30000}, unhandledPromptBehavior: dismiss and notify, webauthn:extension:credBlob: true, webauthn:extension:largeBlob: true, webauthn:extension:minPinLength: true, webauthn:extension:prf: true, webauthn:virtualAuthenticators: true}
Session ID: f5cfb3d6b3136ad9b9735b6deb094b8b
*** Element info: {Using=partial link text, value=Admin}
2024-02-17 23:15:52,596 - Log -INFO -  The Expected Text of the OrangeHRM Application Loginpage is :- Invalid credentials
2024-02-17 23:15:52,613 - Log -INFO -  The Actual Text of the OrangeHRM Application Loginpage is :- Invalid credentials
2024-02-17 23:15:52,618 - Log -INFO - Failed to Navigate to OrangeHRM Application HomePage - Pass 
2024-02-17 23:15:52,625 - Log -INFO - OrangeHRMApplicationURLAddress is Not Matched:-Pass 
2024-02-17 23:15:52,778 - Log -INFO - org.openqa.selenium.NoSuchElementException: no such element: Unable to locate element: {"method":"partial link text","selector":"Admin"}
  (Session info: chrome=121.0.6167.185)
For documentation on this error, please visit: https://www.seleniumhq.org/exceptions/no_such_element.html
Build info: version: '3.141.59', revision: 'e82be7d358', time: '2018-11-14T08:17:03'
System info: host: 'NAVEENPATEL', ip: '192.168.1.6', os.name: 'Windows 11', os.arch: 'amd64', os.version: '10.0', java.version: '17.0.5'
Driver info: org.openqa.selenium.chrome.ChromeDriver
Capabilities {acceptInsecureCerts: false, browserName: chrome, browserVersion: 121.0.6167.185, chrome: {chromedriverVersion: 121.0.6167.85 (3f98d690ad7e..., userDataDir: C:\Users\emmad\AppData\Loca...}, fedcm:accounts: true, goog:chromeOptions: {debuggerAddress: localhost:60430}, javascriptEnabled: true, networkConnectionEnabled: false, pageLoadStrategy: normal, platform: WINDOWS, platformName: WINDOWS, proxy: Proxy(), setWindowRect: true, strictFileInteractability: false, timeouts: {implicit: 0, pageLoad: 300000, script: 30000}, unhandledPromptBehavior: dismiss and notify, webauthn:extension:credBlob: true, webauthn:extension:largeBlob: true, webauthn:extension:minPinLength: true, webauthn:extension:prf: true, webauthn:virtualAuthenticators: true}
Session ID: f5cfb3d6b3136ad9b9735b6deb094b8b
*** Element info: {Using=partial link text, value=Admin}
2024-02-17 23:15:52,792 - Log -INFO -  The Expected Text of the OrangeHRM Application Loginpage is :- Invalid credentials
2024-02-17 23:15:52,806 - Log -INFO -  The Actual Text of the OrangeHRM Application Loginpage is :- Invalid credentials
2024-02-17 23:15:52,809 - Log -INFO - Failed to Navigate to OrangeHRM Application HomePage - Pass 
2024-02-17 23:15:52,813 - Log -INFO - OrangeHRMApplicationURLAddress is Not Matched:-Pass 
2024-02-17 23:15:53,516 - Log -INFO - org.openqa.selenium.NoSuchElementException: no such element: Unable to locate element: {"method":"partial link text","selector":"Admin"}
  (Session info: chrome=121.0.6167.185)
For documentation on this error, please visit: https://www.seleniumhq.org/exceptions/no_such_element.html
Build info: version: '3.141.59', revision: 'e82be7d358', time: '2018-11-14T08:17:03'
System info: host: 'NAVEENPATEL', ip: '192.168.1.6', os.name: 'Windows 11', os.arch: 'amd64', os.version: '10.0', java.version: '17.0.5'
Driver info: org.openqa.selenium.chrome.ChromeDriver
Capabilities {acceptInsecureCerts: false, browserName: chrome, browserVersion: 121.0.6167.185, chrome: {chromedriverVersion: 121.0.6167.85 (3f98d690ad7e..., userDataDir: C:\Users\emmad\AppData\Loca...}, fedcm:accounts: true, goog:chromeOptions: {debuggerAddress: localhost:60430}, javascriptEnabled: true, networkConnectionEnabled: false, pageLoadStrategy: normal, platform: WINDOWS, platformName: WINDOWS, proxy: Proxy(), setWindowRect: true, strictFileInteractability: false, timeouts: {implicit: 0, pageLoad: 300000, script: 30000}, unhandledPromptBehavior: dismiss and notify, webauthn:extension:credBlob: true, webauthn:extension:largeBlob: true, webauthn:extension:minPinLength: true, webauthn:extension:prf: true, webauthn:virtualAuthenticators: true}
Session ID: f5cfb3d6b3136ad9b9735b6deb094b8b
*** Element info: {Using=partial link text, value=Admin}
2024-02-17 23:15:53,541 - Log -INFO -  The Expected Text of the OrangeHRM Application Loginpage is :- Invalid credentials
2024-02-17 23:15:53,556 - Log -INFO -  The Actual Text of the OrangeHRM Application Loginpage is :- Invalid credentials
2024-02-17 23:15:53,560 - Log -INFO - Failed to Navigate to OrangeHRM Application HomePage - Pass 
2024-02-17 23:15:53,564 - Log -INFO - OrangeHRMApplicationURLAddress is Not Matched:-Pass 
2024-02-17 23:15:53,719 - Log -INFO - org.openqa.selenium.NoSuchElementException: no such element: Unable to locate element: {"method":"partial link text","selector":"Admin"}
  (Session info: chrome=121.0.6167.185)
For documentation on this error, please visit: https://www.seleniumhq.org/exceptions/no_such_element.html
Build info: version: '3.141.59', revision: 'e82be7d358', time: '2018-11-14T08:17:03'
System info: host: 'NAVEENPATEL', ip: '192.168.1.6', os.name: 'Windows 11', os.arch: 'amd64', os.version: '10.0', java.version: '17.0.5'
Driver info: org.openqa.selenium.chrome.ChromeDriver
Capabilities {acceptInsecureCerts: false, browserName: chrome, browserVersion: 121.0.6167.185, chrome: {chromedriverVersion: 121.0.6167.85 (3f98d690ad7e..., userDataDir: C:\Users\emmad\AppData\Loca...}, fedcm:accounts: true, goog:chromeOptions: {debuggerAddress: localhost:60430}, javascriptEnabled: true, networkConnectionEnabled: false, pageLoadStrategy: normal, platform: WINDOWS, platformName: WINDOWS, proxy: Proxy(), setWindowRect: true, strictFileInteractability: false, timeouts: {implicit: 0, pageLoad: 300000, script: 30000}, unhandledPromptBehavior: dismiss and notify, webauthn:extension:credBlob: true, webauthn:extension:largeBlob: true, webauthn:extension:minPinLength: true, webauthn:extension:prf: true, webauthn:virtualAuthenticators: true}
Session ID: f5cfb3d6b3136ad9b9735b6deb094b8b
*** Element info: {Using=partial link text, value=Admin}
2024-02-17 23:15:53,733 - Log -INFO -  The Expected Text of the OrangeHRM Application Loginpage is :- Invalid credentials
2024-02-17 23:15:53,749 - Log -INFO -  The Actual Text of the OrangeHRM Application Loginpage is :- Invalid credentials
2024-02-17 23:15:53,752 - Log -INFO - Failed to Navigate to OrangeHRM Application HomePage - Pass 
2024-02-17 23:15:53,755 - Log -INFO - OrangeHRMApplicationURLAddress is Not Matched:-Pass 
2024-02-17 23:15:53,917 - Log -INFO - org.openqa.selenium.NoSuchElementException: no such element: Unable to locate element: {"method":"partial link text","selector":"Admin"}
  (Session info: chrome=121.0.6167.185)
For documentation on this error, please visit: https://www.seleniumhq.org/exceptions/no_such_element.html
Build info: version: '3.141.59', revision: 'e82be7d358', time: '2018-11-14T08:17:03'
System info: host: 'NAVEENPATEL', ip: '192.168.1.6', os.name: 'Windows 11', os.arch: 'amd64', os.version: '10.0', java.version: '17.0.5'
Driver info: org.openqa.selenium.chrome.ChromeDriver
Capabilities {acceptInsecureCerts: false, browserName: chrome, browserVersion: 121.0.6167.185, chrome: {chromedriverVersion: 121.0.6167.85 (3f98d690ad7e..., userDataDir: C:\Users\emmad\AppData\Loca...}, fedcm:accounts: true, goog:chromeOptions: {debuggerAddress: localhost:60430}, javascriptEnabled: true, networkConnectionEnabled: false, pageLoadStrategy: normal, platform: WINDOWS, platformName: WINDOWS, proxy: Proxy(), setWindowRect: true, strictFileInteractability: false, timeouts: {implicit: 0, pageLoad: 300000, script: 30000}, unhandledPromptBehavior: dismiss and notify, webauthn:extension:credBlob: true, webauthn:extension:largeBlob: true, webauthn:extension:minPinLength: true, webauthn:extension:prf: true, webauthn:virtualAuthenticators: true}
Session ID: f5cfb3d6b3136ad9b9735b6deb094b8b
*** Element info: {Using=partial link text, value=Admin}
2024-02-17 23:15:53,933 - Log -INFO -  The Expected Text of the OrangeHRM Application Loginpage is :- Invalid credentials
2024-02-17 23:15:53,946 - Log -INFO -  The Actual Text of the OrangeHRM Application Loginpage is :- Invalid credentials
2024-02-17 23:15:53,950 - Log -INFO - Failed to Navigate to OrangeHRM Application HomePage - Pass 
2024-02-17 23:15:53,953 - Log -INFO - OrangeHRMApplicationURLAddress is Not Matched:-Pass 
2024-02-17 23:15:54,108 - Log -INFO - org.openqa.selenium.NoSuchElementException: no such element: Unable to locate element: {"method":"partial link text","selector":"Admin"}
  (Session info: chrome=121.0.6167.185)
For documentation on this error, please visit: https://www.seleniumhq.org/exceptions/no_such_element.html
Build info: version: '3.141.59', revision: 'e82be7d358', time: '2018-11-14T08:17:03'
System info: host: 'NAVEENPATEL', ip: '192.168.1.6', os.name: 'Windows 11', os.arch: 'amd64', os.version: '10.0', java.version: '17.0.5'
Driver info: org.openqa.selenium.chrome.ChromeDriver
Capabilities {acceptInsecureCerts: false, browserName: chrome, browserVersion: 121.0.6167.185, chrome: {chromedriverVersion: 121.0.6167.85 (3f98d690ad7e..., userDataDir: C:\Users\emmad\AppData\Loca...}, fedcm:accounts: true, goog:chromeOptions: {debuggerAddress: localhost:60430}, javascriptEnabled: true, networkConnectionEnabled: false, pageLoadStrategy: normal, platform: WINDOWS, platformName: WINDOWS, proxy: Proxy(), setWindowRect: true, strictFileInteractability: false, timeouts: {implicit: 0, pageLoad: 300000, script: 30000}, unhandledPromptBehavior: dismiss and notify, webauthn:extension:credBlob: true, webauthn:extension:largeBlob: true, webauthn:extension:minPinLength: true, webauthn:extension:prf: true, webauthn:virtualAuthenticators: true}
Session ID: f5cfb3d6b3136ad9b9735b6deb094b8b
*** Element info: {Using=partial link text, value=Admin}
2024-02-17 23:15:54,126 - Log -INFO -  The Expected Text of the OrangeHRM Application Loginpage is :- Invalid credentials
2024-02-17 23:15:54,139 - Log -INFO -  The Actual Text of the OrangeHRM Application Loginpage is :- Invalid credentials
2024-02-17 23:15:54,142 - Log -INFO - Failed to Navigate to OrangeHRM Application HomePage - Pass 
2024-02-17 23:15:54,146 - Log -INFO - OrangeHRMApplicationURLAddress is Not Matched:-Pass 
2024-02-17 23:15:54,856 - Log -INFO - org.openqa.selenium.NoSuchElementException: no such element: Unable to locate element: {"method":"partial link text","selector":"Admin"}
  (Session info: chrome=121.0.6167.185)
For documentation on this error, please visit: https://www.seleniumhq.org/exceptions/no_such_element.html
Build info: version: '3.141.59', revision: 'e82be7d358', time: '2018-11-14T08:17:03'
System info: host: 'NAVEENPATEL', ip: '192.168.1.6', os.name: 'Windows 11', os.arch: 'amd64', os.version: '10.0', java.version: '17.0.5'
Driver info: org.openqa.selenium.chrome.ChromeDriver
Capabilities {acceptInsecureCerts: false, browserName: chrome, browserVersion: 121.0.6167.185, chrome: {chromedriverVersion: 121.0.6167.85 (3f98d690ad7e..., userDataDir: C:\Users\emmad\AppData\Loca...}, fedcm:accounts: true, goog:chromeOptions: {debuggerAddress: localhost:60430}, javascriptEnabled: true, networkConnectionEnabled: false, pageLoadStrategy: normal, platform: WINDOWS, platformName: WINDOWS, proxy: Proxy(), setWindowRect: true, strictFileInteractability: false, timeouts: {implicit: 0, pageLoad: 300000, script: 30000}, unhandledPromptBehavior: dismiss and notify, webauthn:extension:credBlob: true, webauthn:extension:largeBlob: true, webauthn:extension:minPinLength: true, webauthn:extension:prf: true, webauthn:virtualAuthenticators: true}
Session ID: f5cfb3d6b3136ad9b9735b6deb094b8b
*** Element info: {Using=partial link text, value=Admin}
2024-02-17 23:15:54,876 - Log -INFO -  The Expected Text of the OrangeHRM Application Loginpage is :- Invalid credentials
2024-02-17 23:15:54,906 - Log -INFO -  The Actual Text of the OrangeHRM Application Loginpage is :- Invalid credentials
2024-02-17 23:15:54,912 - Log -INFO - Failed to Navigate to OrangeHRM Application HomePage - Pass 
2024-02-17 23:15:54,918 - Log -INFO - OrangeHRMApplicationURLAddress is Not Matched:-Pass 
2024-02-17 23:15:55,080 - Log -INFO - org.openqa.selenium.NoSuchElementException: no such element: Unable to locate element: {"method":"partial link text","selector":"Admin"}
  (Session info: chrome=121.0.6167.185)
For documentation on this error, please visit: https://www.seleniumhq.org/exceptions/no_such_element.html
Build info: version: '3.141.59', revision: 'e82be7d358', time: '2018-11-14T08:17:03'
System info: host: 'NAVEENPATEL', ip: '192.168.1.6', os.name: 'Windows 11', os.arch: 'amd64', os.version: '10.0', java.version: '17.0.5'
Driver info: org.openqa.selenium.chrome.ChromeDriver
Capabilities {acceptInsecureCerts: false, browserName: chrome, browserVersion: 121.0.6167.185, chrome: {chromedriverVersion: 121.0.6167.85 (3f98d690ad7e..., userDataDir: C:\Users\emmad\AppData\Loca...}, fedcm:accounts: true, goog:chromeOptions: {debuggerAddress: localhost:60430}, javascriptEnabled: true, networkConnectionEnabled: false, pageLoadStrategy: normal, platform: WINDOWS, platformName: WINDOWS, proxy: Proxy(), setWindowRect: true, strictFileInteractability: false, timeouts: {implicit: 0, pageLoad: 300000, script: 30000}, unhandledPromptBehavior: dismiss and notify, webauthn:extension:credBlob: true, webauthn:extension:largeBlob: true, webauthn:extension:minPinLength: true, webauthn:extension:prf: true, webauthn:virtualAuthenticators: true}
Session ID: f5cfb3d6b3136ad9b9735b6deb094b8b
*** Element info: {Using=partial link text, value=Admin}
2024-02-17 23:15:55,094 - Log -INFO -  The Expected Text of the OrangeHRM Application Loginpage is :- Invalid credentials
2024-02-17 23:15:55,110 - Log -INFO -  The Actual Text of the OrangeHRM Application Loginpage is :- Invalid credentials
2024-02-17 23:15:55,114 - Log -INFO - Failed to Navigate to OrangeHRM Application HomePage - Pass 
2024-02-17 23:15:55,118 - Log -INFO - OrangeHRMApplicationURLAddress is Not Matched:-Pass 
2024-02-17 23:15:55,275 - Log -INFO - org.openqa.selenium.NoSuchElementException: no such element: Unable to locate element: {"method":"partial link text","selector":"Admin"}
  (Session info: chrome=121.0.6167.185)
For documentation on this error, please visit: https://www.seleniumhq.org/exceptions/no_such_element.html
Build info: version: '3.141.59', revision: 'e82be7d358', time: '2018-11-14T08:17:03'
System info: host: 'NAVEENPATEL', ip: '192.168.1.6', os.name: 'Windows 11', os.arch: 'amd64', os.version: '10.0', java.version: '17.0.5'
Driver info: org.openqa.selenium.chrome.ChromeDriver
Capabilities {acceptInsecureCerts: false, browserName: chrome, browserVersion: 121.0.6167.185, chrome: {chromedriverVersion: 121.0.6167.85 (3f98d690ad7e..., userDataDir: C:\Users\emmad\AppData\Loca...}, fedcm:accounts: true, goog:chromeOptions: {debuggerAddress: localhost:60430}, javascriptEnabled: true, networkConnectionEnabled: false, pageLoadStrategy: normal, platform: WINDOWS, platformName: WINDOWS, proxy: Proxy(), setWindowRect: true, strictFileInteractability: false, timeouts: {implicit: 0, pageLoad: 300000, script: 30000}, unhandledPromptBehavior: dismiss and notify, webauthn:extension:credBlob: true, webauthn:extension:largeBlob: true, webauthn:extension:minPinLength: true, webauthn:extension:prf: true, webauthn:virtualAuthenticators: true}
Session ID: f5cfb3d6b3136ad9b9735b6deb094b8b
*** Element info: {Using=partial link text, value=Admin}
2024-02-17 23:15:55,289 - Log -INFO -  The Expected Text of the OrangeHRM Application Loginpage is :- Invalid credentials
2024-02-17 23:15:55,304 - Log -INFO -  The Actual Text of the OrangeHRM Application Loginpage is :- Invalid credentials
2024-02-17 23:15:55,307 - Log -INFO - Failed to Navigate to OrangeHRM Application HomePage - Pass 
2024-02-17 23:15:55,311 - Log -INFO - OrangeHRMApplicationURLAddress is Not Matched:-Pass 
2024-02-17 23:15:55,459 - Log -INFO - org.openqa.selenium.NoSuchElementException: no such element: Unable to locate element: {"method":"partial link text","selector":"Admin"}
  (Session info: chrome=121.0.6167.185)
For documentation on this error, please visit: https://www.seleniumhq.org/exceptions/no_such_element.html
Build info: version: '3.141.59', revision: 'e82be7d358', time: '2018-11-14T08:17:03'
System info: host: 'NAVEENPATEL', ip: '192.168.1.6', os.name: 'Windows 11', os.arch: 'amd64', os.version: '10.0', java.version: '17.0.5'
Driver info: org.openqa.selenium.chrome.ChromeDriver
Capabilities {acceptInsecureCerts: false, browserName: chrome, browserVersion: 121.0.6167.185, chrome: {chromedriverVersion: 121.0.6167.85 (3f98d690ad7e..., userDataDir: C:\Users\emmad\AppData\Loca...}, fedcm:accounts: true, goog:chromeOptions: {debuggerAddress: localhost:60430}, javascriptEnabled: true, networkConnectionEnabled: false, pageLoadStrategy: normal, platform: WINDOWS, platformName: WINDOWS, proxy: Proxy(), setWindowRect: true, strictFileInteractability: false, timeouts: {implicit: 0, pageLoad: 300000, script: 30000}, unhandledPromptBehavior: dismiss and notify, webauthn:extension:credBlob: true, webauthn:extension:largeBlob: true, webauthn:extension:minPinLength: true, webauthn:extension:prf: true, webauthn:virtualAuthenticators: true}
Session ID: f5cfb3d6b3136ad9b9735b6deb094b8b
*** Element info: {Using=partial link text, value=Admin}
2024-02-17 23:15:55,472 - Log -INFO -  The Expected Text of the OrangeHRM Application Loginpage is :- Invalid credentials
2024-02-17 23:15:55,491 - Log -INFO -  The Actual Text of the OrangeHRM Application Loginpage is :- Invalid credentials
2024-02-17 23:15:55,495 - Log -INFO - Failed to Navigate to OrangeHRM Application HomePage - Pass 
2024-02-17 23:15:55,499 - Log -INFO - OrangeHRMApplicationURLAddress is Not Matched:-Pass 
2024-02-17 23:15:55,797 - Log -INFO -  ************ Chrome Browser along with OrangeHRM Application Closed Successfully ********
2024-02-17 23:18:10,124 - Log -INFO - **** Chrome Browser Launched Successfully ********** 
2024-02-17 23:18:10,482 - Log -INFO -  Successfully Navigated to OrangeHRM Application LogIn Page 
2024-02-17 23:18:10,780 - Log -INFO -  The Expected Text of the WebElement LogIn Pannel is :- LOGIN Panel
2024-02-17 23:18:10,822 - Log -INFO -  The Actual Text of the WebElement LogIn Pannel is :- LOGIN Panel
2024-02-17 23:18:10,827 - Log -INFO -  LogIn Pannel Text Validation Successful - PASS
2024-02-17 23:18:10,947 - Log -INFO -  ************ Chrome Browser along with OrangeHRM Application Closed Successfully ********
2024-02-17 23:18:11,599 - Log -INFO - **** Chrome Browser Launched Successfully ********** 
2024-02-17 23:18:11,970 - Log -INFO -  Successfully Navigated to OrangeHRM Application LogIn Page 
2024-02-17 23:18:12,197 - Log -INFO -  OrangeHRM Applicaiton LogIn page Logo found - PASS 
2024-02-17 23:18:12,326 - Log -INFO -  ************ Chrome Browser along with OrangeHRM Application Closed Successfully ********
2024-02-17 23:18:13,032 - Log -INFO - **** Chrome Browser Launched Successfully ********** 
2024-02-17 23:18:13,357 - Log -INFO -  Successfully Navigated to OrangeHRM Application LogIn Page 
2024-02-17 23:18:15,302 - Log -INFO -  The Expected Text of the OrangeHRM Application HomePage is :- Welcome
2024-02-17 23:18:15,329 - Log -INFO -  The Actual Text of the OrangeHRM Application HomePage is :- Welcome Admin
2024-02-17 23:18:15,335 - Log -INFO -  Successfully Navigated to OrangeHRM Application HomePage - PASS 
2024-02-17 23:18:17,937 - Log -INFO - org.openqa.selenium.NoSuchElementException: no such element: Unable to locate element: {"method":"css selector","selector":"#spanMessage"}
  (Session info: chrome=121.0.6167.185)
For documentation on this error, please visit: https://www.seleniumhq.org/exceptions/no_such_element.html
Build info: version: '3.141.59', revision: 'e82be7d358', time: '2018-11-14T08:17:03'
System info: host: 'NAVEENPATEL', ip: '192.168.1.6', os.name: 'Windows 11', os.arch: 'amd64', os.version: '10.0', java.version: '17.0.5'
Driver info: org.openqa.selenium.chrome.ChromeDriver
Capabilities {acceptInsecureCerts: false, browserName: chrome, browserVersion: 121.0.6167.185, chrome: {chromedriverVersion: 121.0.6167.85 (3f98d690ad7e..., userDataDir: C:\Users\emmad\AppData\Loca...}, fedcm:accounts: true, goog:chromeOptions: {debuggerAddress: localhost:60513}, javascriptEnabled: true, networkConnectionEnabled: false, pageLoadStrategy: normal, platform: WINDOWS, platformName: WINDOWS, proxy: Proxy(), setWindowRect: true, strictFileInteractability: false, timeouts: {implicit: 0, pageLoad: 300000, script: 30000}, unhandledPromptBehavior: dismiss and notify, webauthn:extension:credBlob: true, webauthn:extension:largeBlob: true, webauthn:extension:minPinLength: true, webauthn:extension:prf: true, webauthn:virtualAuthenticators: true}
Session ID: 52439ccb3cb1a1a285ea67502e88eded
*** Element info: {Using=id, value=spanMessage}
2024-02-17 23:18:17,970 - Log -INFO - org.openqa.selenium.NoSuchElementException: no such element: Unable to locate element: {"method":"partial link text","selector":"Admin"}
  (Session info: chrome=121.0.6167.185)
For documentation on this error, please visit: https://www.seleniumhq.org/exceptions/no_such_element.html
Build info: version: '3.141.59', revision: 'e82be7d358', time: '2018-11-14T08:17:03'
System info: host: 'NAVEENPATEL', ip: '192.168.1.6', os.name: 'Windows 11', os.arch: 'amd64', os.version: '10.0', java.version: '17.0.5'
Driver info: org.openqa.selenium.chrome.ChromeDriver
Capabilities {acceptInsecureCerts: false, browserName: chrome, browserVersion: 121.0.6167.185, chrome: {chromedriverVersion: 121.0.6167.85 (3f98d690ad7e..., userDataDir: C:\Users\emmad\AppData\Loca...}, fedcm:accounts: true, goog:chromeOptions: {debuggerAddress: localhost:60513}, javascriptEnabled: true, networkConnectionEnabled: false, pageLoadStrategy: normal, platform: WINDOWS, platformName: WINDOWS, proxy: Proxy(), setWindowRect: true, strictFileInteractability: false, timeouts: {implicit: 0, pageLoad: 300000, script: 30000}, unhandledPromptBehavior: dismiss and notify, webauthn:extension:credBlob: true, webauthn:extension:largeBlob: true, webauthn:extension:minPinLength: true, webauthn:extension:prf: true, webauthn:virtualAuthenticators: true}
Session ID: 52439ccb3cb1a1a285ea67502e88eded
*** Element info: {Using=partial link text, value=Admin}
2024-02-17 23:18:17,987 - Log -INFO - org.openqa.selenium.NoSuchElementException: no such element: Unable to locate element: {"method":"css selector","selector":"#spanMessage"}
  (Session info: chrome=121.0.6167.185)
For documentation on this error, please visit: https://www.seleniumhq.org/exceptions/no_such_element.html
Build info: version: '3.141.59', revision: 'e82be7d358', time: '2018-11-14T08:17:03'
System info: host: 'NAVEENPATEL', ip: '192.168.1.6', os.name: 'Windows 11', os.arch: 'amd64', os.version: '10.0', java.version: '17.0.5'
Driver info: org.openqa.selenium.chrome.ChromeDriver
Capabilities {acceptInsecureCerts: false, browserName: chrome, browserVersion: 121.0.6167.185, chrome: {chromedriverVersion: 121.0.6167.85 (3f98d690ad7e..., userDataDir: C:\Users\emmad\AppData\Loca...}, fedcm:accounts: true, goog:chromeOptions: {debuggerAddress: localhost:60513}, javascriptEnabled: true, networkConnectionEnabled: false, pageLoadStrategy: normal, platform: WINDOWS, platformName: WINDOWS, proxy: Proxy(), setWindowRect: true, strictFileInteractability: false, timeouts: {implicit: 0, pageLoad: 300000, script: 30000}, unhandledPromptBehavior: dismiss and notify, webauthn:extension:credBlob: true, webauthn:extension:largeBlob: true, webauthn:extension:minPinLength: true, webauthn:extension:prf: true, webauthn:virtualAuthenticators: true}
Session ID: 52439ccb3cb1a1a285ea67502e88eded
*** Element info: {Using=id, value=spanMessage}
2024-02-17 23:18:18,009 - Log -INFO - org.openqa.selenium.NoSuchElementException: no such element: Unable to locate element: {"method":"partial link text","selector":"Admin"}
  (Session info: chrome=121.0.6167.185)
For documentation on this error, please visit: https://www.seleniumhq.org/exceptions/no_such_element.html
Build info: version: '3.141.59', revision: 'e82be7d358', time: '2018-11-14T08:17:03'
System info: host: 'NAVEENPATEL', ip: '192.168.1.6', os.name: 'Windows 11', os.arch: 'amd64', os.version: '10.0', java.version: '17.0.5'
Driver info: org.openqa.selenium.chrome.ChromeDriver
Capabilities {acceptInsecureCerts: false, browserName: chrome, browserVersion: 121.0.6167.185, chrome: {chromedriverVersion: 121.0.6167.85 (3f98d690ad7e..., userDataDir: C:\Users\emmad\AppData\Loca...}, fedcm:accounts: true, goog:chromeOptions: {debuggerAddress: localhost:60513}, javascriptEnabled: true, networkConnectionEnabled: false, pageLoadStrategy: normal, platform: WINDOWS, platformName: WINDOWS, proxy: Proxy(), setWindowRect: true, strictFileInteractability: false, timeouts: {implicit: 0, pageLoad: 300000, script: 30000}, unhandledPromptBehavior: dismiss and notify, webauthn:extension:credBlob: true, webauthn:extension:largeBlob: true, webauthn:extension:minPinLength: true, webauthn:extension:prf: true, webauthn:virtualAuthenticators: true}
Session ID: 52439ccb3cb1a1a285ea67502e88eded
*** Element info: {Using=partial link text, value=Admin}
2024-02-17 23:18:18,030 - Log -INFO - org.openqa.selenium.NoSuchElementException: no such element: Unable to locate element: {"method":"css selector","selector":"#spanMessage"}
  (Session info: chrome=121.0.6167.185)
For documentation on this error, please visit: https://www.seleniumhq.org/exceptions/no_such_element.html
Build info: version: '3.141.59', revision: 'e82be7d358', time: '2018-11-14T08:17:03'
System info: host: 'NAVEENPATEL', ip: '192.168.1.6', os.name: 'Windows 11', os.arch: 'amd64', os.version: '10.0', java.version: '17.0.5'
Driver info: org.openqa.selenium.chrome.ChromeDriver
Capabilities {acceptInsecureCerts: false, browserName: chrome, browserVersion: 121.0.6167.185, chrome: {chromedriverVersion: 121.0.6167.85 (3f98d690ad7e..., userDataDir: C:\Users\emmad\AppData\Loca...}, fedcm:accounts: true, goog:chromeOptions: {debuggerAddress: localhost:60513}, javascriptEnabled: true, networkConnectionEnabled: false, pageLoadStrategy: normal, platform: WINDOWS, platformName: WINDOWS, proxy: Proxy(), setWindowRect: true, strictFileInteractability: false, timeouts: {implicit: 0, pageLoad: 300000, script: 30000}, unhandledPromptBehavior: dismiss and notify, webauthn:extension:credBlob: true, webauthn:extension:largeBlob: true, webauthn:extension:minPinLength: true, webauthn:extension:prf: true, webauthn:virtualAuthenticators: true}
Session ID: 52439ccb3cb1a1a285ea67502e88eded
*** Element info: {Using=id, value=spanMessage}
2024-02-17 23:18:18,052 - Log -INFO - org.openqa.selenium.NoSuchElementException: no such element: Unable to locate element: {"method":"partial link text","selector":"Admin"}
  (Session info: chrome=121.0.6167.185)
For documentation on this error, please visit: https://www.seleniumhq.org/exceptions/no_such_element.html
Build info: version: '3.141.59', revision: 'e82be7d358', time: '2018-11-14T08:17:03'
System info: host: 'NAVEENPATEL', ip: '192.168.1.6', os.name: 'Windows 11', os.arch: 'amd64', os.version: '10.0', java.version: '17.0.5'
Driver info: org.openqa.selenium.chrome.ChromeDriver
Capabilities {acceptInsecureCerts: false, browserName: chrome, browserVersion: 121.0.6167.185, chrome: {chromedriverVersion: 121.0.6167.85 (3f98d690ad7e..., userDataDir: C:\Users\emmad\AppData\Loca...}, fedcm:accounts: true, goog:chromeOptions: {debuggerAddress: localhost:60513}, javascriptEnabled: true, networkConnectionEnabled: false, pageLoadStrategy: normal, platform: WINDOWS, platformName: WINDOWS, proxy: Proxy(), setWindowRect: true, strictFileInteractability: false, timeouts: {implicit: 0, pageLoad: 300000, script: 30000}, unhandledPromptBehavior: dismiss and notify, webauthn:extension:credBlob: true, webauthn:extension:largeBlob: true, webauthn:extension:minPinLength: true, webauthn:extension:prf: true, webauthn:virtualAuthenticators: true}
Session ID: 52439ccb3cb1a1a285ea67502e88eded
*** Element info: {Using=partial link text, value=Admin}
2024-02-17 23:18:18,072 - Log -INFO - org.openqa.selenium.NoSuchElementException: no such element: Unable to locate element: {"method":"css selector","selector":"#spanMessage"}
  (Session info: chrome=121.0.6167.185)
For documentation on this error, please visit: https://www.seleniumhq.org/exceptions/no_such_element.html
Build info: version: '3.141.59', revision: 'e82be7d358', time: '2018-11-14T08:17:03'
System info: host: 'NAVEENPATEL', ip: '192.168.1.6', os.name: 'Windows 11', os.arch: 'amd64', os.version: '10.0', java.version: '17.0.5'
Driver info: org.openqa.selenium.chrome.ChromeDriver
Capabilities {acceptInsecureCerts: false, browserName: chrome, browserVersion: 121.0.6167.185, chrome: {chromedriverVersion: 121.0.6167.85 (3f98d690ad7e..., userDataDir: C:\Users\emmad\AppData\Loca...}, fedcm:accounts: true, goog:chromeOptions: {debuggerAddress: localhost:60513}, javascriptEnabled: true, networkConnectionEnabled: false, pageLoadStrategy: normal, platform: WINDOWS, platformName: WINDOWS, proxy: Proxy(), setWindowRect: true, strictFileInteractability: false, timeouts: {implicit: 0, pageLoad: 300000, script: 30000}, unhandledPromptBehavior: dismiss and notify, webauthn:extension:credBlob: true, webauthn:extension:largeBlob: true, webauthn:extension:minPinLength: true, webauthn:extension:prf: true, webauthn:virtualAuthenticators: true}
Session ID: 52439ccb3cb1a1a285ea67502e88eded
*** Element info: {Using=id, value=spanMessage}
2024-02-17 23:18:18,856 - Log -INFO - org.openqa.selenium.NoSuchElementException: no such element: Unable to locate element: {"method":"partial link text","selector":"Admin"}
  (Session info: chrome=121.0.6167.185)
For documentation on this error, please visit: https://www.seleniumhq.org/exceptions/no_such_element.html
Build info: version: '3.141.59', revision: 'e82be7d358', time: '2018-11-14T08:17:03'
System info: host: 'NAVEENPATEL', ip: '192.168.1.6', os.name: 'Windows 11', os.arch: 'amd64', os.version: '10.0', java.version: '17.0.5'
Driver info: org.openqa.selenium.chrome.ChromeDriver
Capabilities {acceptInsecureCerts: false, browserName: chrome, browserVersion: 121.0.6167.185, chrome: {chromedriverVersion: 121.0.6167.85 (3f98d690ad7e..., userDataDir: C:\Users\emmad\AppData\Loca...}, fedcm:accounts: true, goog:chromeOptions: {debuggerAddress: localhost:60513}, javascriptEnabled: true, networkConnectionEnabled: false, pageLoadStrategy: normal, platform: WINDOWS, platformName: WINDOWS, proxy: Proxy(), setWindowRect: true, strictFileInteractability: false, timeouts: {implicit: 0, pageLoad: 300000, script: 30000}, unhandledPromptBehavior: dismiss and notify, webauthn:extension:credBlob: true, webauthn:extension:largeBlob: true, webauthn:extension:minPinLength: true, webauthn:extension:prf: true, webauthn:virtualAuthenticators: true}
Session ID: 52439ccb3cb1a1a285ea67502e88eded
*** Element info: {Using=partial link text, value=Admin}
2024-02-17 23:18:18,875 - Log -INFO -  The Expected Text of the OrangeHRM Application Loginpage is :- Invalid credentials
2024-02-17 23:18:18,891 - Log -INFO -  The Actual Text of the OrangeHRM Application Loginpage is :- Invalid credentials
2024-02-17 23:18:18,896 - Log -INFO - Failed to Navigate to OrangeHRM Application HomePage - Pass 
2024-02-17 23:18:18,903 - Log -INFO - OrangeHRMApplicationURLAddress is Not Matched:-Pass 
2024-02-17 23:18:19,108 - Log -INFO - org.openqa.selenium.NoSuchElementException: no such element: Unable to locate element: {"method":"partial link text","selector":"Admin"}
  (Session info: chrome=121.0.6167.185)
For documentation on this error, please visit: https://www.seleniumhq.org/exceptions/no_such_element.html
Build info: version: '3.141.59', revision: 'e82be7d358', time: '2018-11-14T08:17:03'
System info: host: 'NAVEENPATEL', ip: '192.168.1.6', os.name: 'Windows 11', os.arch: 'amd64', os.version: '10.0', java.version: '17.0.5'
Driver info: org.openqa.selenium.chrome.ChromeDriver
Capabilities {acceptInsecureCerts: false, browserName: chrome, browserVersion: 121.0.6167.185, chrome: {chromedriverVersion: 121.0.6167.85 (3f98d690ad7e..., userDataDir: C:\Users\emmad\AppData\Loca...}, fedcm:accounts: true, goog:chromeOptions: {debuggerAddress: localhost:60513}, javascriptEnabled: true, networkConnectionEnabled: false, pageLoadStrategy: normal, platform: WINDOWS, platformName: WINDOWS, proxy: Proxy(), setWindowRect: true, strictFileInteractability: false, timeouts: {implicit: 0, pageLoad: 300000, script: 30000}, unhandledPromptBehavior: dismiss and notify, webauthn:extension:credBlob: true, webauthn:extension:largeBlob: true, webauthn:extension:minPinLength: true, webauthn:extension:prf: true, webauthn:virtualAuthenticators: true}
Session ID: 52439ccb3cb1a1a285ea67502e88eded
*** Element info: {Using=partial link text, value=Admin}
2024-02-17 23:18:19,123 - Log -INFO -  The Expected Text of the OrangeHRM Application Loginpage is :- Invalid credentials
2024-02-17 23:18:19,137 - Log -INFO -  The Actual Text of the OrangeHRM Application Loginpage is :- Invalid credentials
2024-02-17 23:18:19,143 - Log -INFO - Failed to Navigate to OrangeHRM Application HomePage - Pass 
2024-02-17 23:18:19,147 - Log -INFO - OrangeHRMApplicationURLAddress is Not Matched:-Pass 
2024-02-17 23:18:19,310 - Log -INFO - org.openqa.selenium.NoSuchElementException: no such element: Unable to locate element: {"method":"partial link text","selector":"Admin"}
  (Session info: chrome=121.0.6167.185)
For documentation on this error, please visit: https://www.seleniumhq.org/exceptions/no_such_element.html
Build info: version: '3.141.59', revision: 'e82be7d358', time: '2018-11-14T08:17:03'
System info: host: 'NAVEENPATEL', ip: '192.168.1.6', os.name: 'Windows 11', os.arch: 'amd64', os.version: '10.0', java.version: '17.0.5'
Driver info: org.openqa.selenium.chrome.ChromeDriver
Capabilities {acceptInsecureCerts: false, browserName: chrome, browserVersion: 121.0.6167.185, chrome: {chromedriverVersion: 121.0.6167.85 (3f98d690ad7e..., userDataDir: C:\Users\emmad\AppData\Loca...}, fedcm:accounts: true, goog:chromeOptions: {debuggerAddress: localhost:60513}, javascriptEnabled: true, networkConnectionEnabled: false, pageLoadStrategy: normal, platform: WINDOWS, platformName: WINDOWS, proxy: Proxy(), setWindowRect: true, strictFileInteractability: false, timeouts: {implicit: 0, pageLoad: 300000, script: 30000}, unhandledPromptBehavior: dismiss and notify, webauthn:extension:credBlob: true, webauthn:extension:largeBlob: true, webauthn:extension:minPinLength: true, webauthn:extension:prf: true, webauthn:virtualAuthenticators: true}
Session ID: 52439ccb3cb1a1a285ea67502e88eded
*** Element info: {Using=partial link text, value=Admin}
2024-02-17 23:18:19,325 - Log -INFO -  The Expected Text of the OrangeHRM Application Loginpage is :- Invalid credentials
2024-02-17 23:18:19,338 - Log -INFO -  The Actual Text of the OrangeHRM Application Loginpage is :- Invalid credentials
2024-02-17 23:18:19,342 - Log -INFO - Failed to Navigate to OrangeHRM Application HomePage - Pass 
2024-02-17 23:18:19,347 - Log -INFO - OrangeHRMApplicationURLAddress is Not Matched:-Pass 
2024-02-17 23:18:19,497 - Log -INFO - org.openqa.selenium.NoSuchElementException: no such element: Unable to locate element: {"method":"partial link text","selector":"Admin"}
  (Session info: chrome=121.0.6167.185)
For documentation on this error, please visit: https://www.seleniumhq.org/exceptions/no_such_element.html
Build info: version: '3.141.59', revision: 'e82be7d358', time: '2018-11-14T08:17:03'
System info: host: 'NAVEENPATEL', ip: '192.168.1.6', os.name: 'Windows 11', os.arch: 'amd64', os.version: '10.0', java.version: '17.0.5'
Driver info: org.openqa.selenium.chrome.ChromeDriver
Capabilities {acceptInsecureCerts: false, browserName: chrome, browserVersion: 121.0.6167.185, chrome: {chromedriverVersion: 121.0.6167.85 (3f98d690ad7e..., userDataDir: C:\Users\emmad\AppData\Loca...}, fedcm:accounts: true, goog:chromeOptions: {debuggerAddress: localhost:60513}, javascriptEnabled: true, networkConnectionEnabled: false, pageLoadStrategy: normal, platform: WINDOWS, platformName: WINDOWS, proxy: Proxy(), setWindowRect: true, strictFileInteractability: false, timeouts: {implicit: 0, pageLoad: 300000, script: 30000}, unhandledPromptBehavior: dismiss and notify, webauthn:extension:credBlob: true, webauthn:extension:largeBlob: true, webauthn:extension:minPinLength: true, webauthn:extension:prf: true, webauthn:virtualAuthenticators: true}
Session ID: 52439ccb3cb1a1a285ea67502e88eded
*** Element info: {Using=partial link text, value=Admin}
2024-02-17 23:18:19,510 - Log -INFO -  The Expected Text of the OrangeHRM Application Loginpage is :- Invalid credentials
2024-02-17 23:18:19,525 - Log -INFO -  The Actual Text of the OrangeHRM Application Loginpage is :- Invalid credentials
2024-02-17 23:18:19,530 - Log -INFO - Failed to Navigate to OrangeHRM Application HomePage - Pass 
2024-02-17 23:18:19,535 - Log -INFO - OrangeHRMApplicationURLAddress is Not Matched:-Pass 
2024-02-17 23:18:20,249 - Log -INFO - org.openqa.selenium.NoSuchElementException: no such element: Unable to locate element: {"method":"partial link text","selector":"Admin"}
  (Session info: chrome=121.0.6167.185)
For documentation on this error, please visit: https://www.seleniumhq.org/exceptions/no_such_element.html
Build info: version: '3.141.59', revision: 'e82be7d358', time: '2018-11-14T08:17:03'
System info: host: 'NAVEENPATEL', ip: '192.168.1.6', os.name: 'Windows 11', os.arch: 'amd64', os.version: '10.0', java.version: '17.0.5'
Driver info: org.openqa.selenium.chrome.ChromeDriver
Capabilities {acceptInsecureCerts: false, browserName: chrome, browserVersion: 121.0.6167.185, chrome: {chromedriverVersion: 121.0.6167.85 (3f98d690ad7e..., userDataDir: C:\Users\emmad\AppData\Loca...}, fedcm:accounts: true, goog:chromeOptions: {debuggerAddress: localhost:60513}, javascriptEnabled: true, networkConnectionEnabled: false, pageLoadStrategy: normal, platform: WINDOWS, platformName: WINDOWS, proxy: Proxy(), setWindowRect: true, strictFileInteractability: false, timeouts: {implicit: 0, pageLoad: 300000, script: 30000}, unhandledPromptBehavior: dismiss and notify, webauthn:extension:credBlob: true, webauthn:extension:largeBlob: true, webauthn:extension:minPinLength: true, webauthn:extension:prf: true, webauthn:virtualAuthenticators: true}
Session ID: 52439ccb3cb1a1a285ea67502e88eded
*** Element info: {Using=partial link text, value=Admin}
2024-02-17 23:18:20,277 - Log -INFO -  The Expected Text of the OrangeHRM Application Loginpage is :- Invalid credentials
2024-02-17 23:18:20,293 - Log -INFO -  The Actual Text of the OrangeHRM Application Loginpage is :- Invalid credentials
2024-02-17 23:18:20,297 - Log -INFO - Failed to Navigate to OrangeHRM Application HomePage - Pass 
2024-02-17 23:18:20,303 - Log -INFO - OrangeHRMApplicationURLAddress is Not Matched:-Pass 
2024-02-17 23:18:20,456 - Log -INFO - org.openqa.selenium.NoSuchElementException: no such element: Unable to locate element: {"method":"partial link text","selector":"Admin"}
  (Session info: chrome=121.0.6167.185)
For documentation on this error, please visit: https://www.seleniumhq.org/exceptions/no_such_element.html
Build info: version: '3.141.59', revision: 'e82be7d358', time: '2018-11-14T08:17:03'
System info: host: 'NAVEENPATEL', ip: '192.168.1.6', os.name: 'Windows 11', os.arch: 'amd64', os.version: '10.0', java.version: '17.0.5'
Driver info: org.openqa.selenium.chrome.ChromeDriver
Capabilities {acceptInsecureCerts: false, browserName: chrome, browserVersion: 121.0.6167.185, chrome: {chromedriverVersion: 121.0.6167.85 (3f98d690ad7e..., userDataDir: C:\Users\emmad\AppData\Loca...}, fedcm:accounts: true, goog:chromeOptions: {debuggerAddress: localhost:60513}, javascriptEnabled: true, networkConnectionEnabled: false, pageLoadStrategy: normal, platform: WINDOWS, platformName: WINDOWS, proxy: Proxy(), setWindowRect: true, strictFileInteractability: false, timeouts: {implicit: 0, pageLoad: 300000, script: 30000}, unhandledPromptBehavior: dismiss and notify, webauthn:extension:credBlob: true, webauthn:extension:largeBlob: true, webauthn:extension:minPinLength: true, webauthn:extension:prf: true, webauthn:virtualAuthenticators: true}
Session ID: 52439ccb3cb1a1a285ea67502e88eded
*** Element info: {Using=partial link text, value=Admin}
2024-02-17 23:18:20,470 - Log -INFO -  The Expected Text of the OrangeHRM Application Loginpage is :- Invalid credentials
2024-02-17 23:18:20,483 - Log -INFO -  The Actual Text of the OrangeHRM Application Loginpage is :- Invalid credentials
2024-02-17 23:18:20,486 - Log -INFO - Failed to Navigate to OrangeHRM Application HomePage - Pass 
2024-02-17 23:18:20,490 - Log -INFO - OrangeHRMApplicationURLAddress is Not Matched:-Pass 
2024-02-17 23:18:20,640 - Log -INFO - org.openqa.selenium.NoSuchElementException: no such element: Unable to locate element: {"method":"partial link text","selector":"Admin"}
  (Session info: chrome=121.0.6167.185)
For documentation on this error, please visit: https://www.seleniumhq.org/exceptions/no_such_element.html
Build info: version: '3.141.59', revision: 'e82be7d358', time: '2018-11-14T08:17:03'
System info: host: 'NAVEENPATEL', ip: '192.168.1.6', os.name: 'Windows 11', os.arch: 'amd64', os.version: '10.0', java.version: '17.0.5'
Driver info: org.openqa.selenium.chrome.ChromeDriver
Capabilities {acceptInsecureCerts: false, browserName: chrome, browserVersion: 121.0.6167.185, chrome: {chromedriverVersion: 121.0.6167.85 (3f98d690ad7e..., userDataDir: C:\Users\emmad\AppData\Loca...}, fedcm:accounts: true, goog:chromeOptions: {debuggerAddress: localhost:60513}, javascriptEnabled: true, networkConnectionEnabled: false, pageLoadStrategy: normal, platform: WINDOWS, platformName: WINDOWS, proxy: Proxy(), setWindowRect: true, strictFileInteractability: false, timeouts: {implicit: 0, pageLoad: 300000, script: 30000}, unhandledPromptBehavior: dismiss and notify, webauthn:extension:credBlob: true, webauthn:extension:largeBlob: true, webauthn:extension:minPinLength: true, webauthn:extension:prf: true, webauthn:virtualAuthenticators: true}
Session ID: 52439ccb3cb1a1a285ea67502e88eded
*** Element info: {Using=partial link text, value=Admin}
2024-02-17 23:18:20,656 - Log -INFO -  The Expected Text of the OrangeHRM Application Loginpage is :- Invalid credentials
2024-02-17 23:18:20,670 - Log -INFO -  The Actual Text of the OrangeHRM Application Loginpage is :- Invalid credentials
2024-02-17 23:18:20,675 - Log -INFO - Failed to Navigate to OrangeHRM Application HomePage - Pass 
2024-02-17 23:18:20,679 - Log -INFO - OrangeHRMApplicationURLAddress is Not Matched:-Pass 
2024-02-17 23:18:20,833 - Log -INFO - org.openqa.selenium.NoSuchElementException: no such element: Unable to locate element: {"method":"partial link text","selector":"Admin"}
  (Session info: chrome=121.0.6167.185)
For documentation on this error, please visit: https://www.seleniumhq.org/exceptions/no_such_element.html
Build info: version: '3.141.59', revision: 'e82be7d358', time: '2018-11-14T08:17:03'
System info: host: 'NAVEENPATEL', ip: '192.168.1.6', os.name: 'Windows 11', os.arch: 'amd64', os.version: '10.0', java.version: '17.0.5'
Driver info: org.openqa.selenium.chrome.ChromeDriver
Capabilities {acceptInsecureCerts: false, browserName: chrome, browserVersion: 121.0.6167.185, chrome: {chromedriverVersion: 121.0.6167.85 (3f98d690ad7e..., userDataDir: C:\Users\emmad\AppData\Loca...}, fedcm:accounts: true, goog:chromeOptions: {debuggerAddress: localhost:60513}, javascriptEnabled: true, networkConnectionEnabled: false, pageLoadStrategy: normal, platform: WINDOWS, platformName: WINDOWS, proxy: Proxy(), setWindowRect: true, strictFileInteractability: false, timeouts: {implicit: 0, pageLoad: 300000, script: 30000}, unhandledPromptBehavior: dismiss and notify, webauthn:extension:credBlob: true, webauthn:extension:largeBlob: true, webauthn:extension:minPinLength: true, webauthn:extension:prf: true, webauthn:virtualAuthenticators: true}
Session ID: 52439ccb3cb1a1a285ea67502e88eded
*** Element info: {Using=partial link text, value=Admin}
2024-02-17 23:18:20,850 - Log -INFO -  The Expected Text of the OrangeHRM Application Loginpage is :- Invalid credentials
2024-02-17 23:18:20,862 - Log -INFO -  The Actual Text of the OrangeHRM Application Loginpage is :- Invalid credentials
2024-02-17 23:18:20,866 - Log -INFO - Failed to Navigate to OrangeHRM Application HomePage - Pass 
2024-02-17 23:18:20,870 - Log -INFO - OrangeHRMApplicationURLAddress is Not Matched:-Pass 
2024-02-17 23:18:21,618 - Log -INFO - org.openqa.selenium.NoSuchElementException: no such element: Unable to locate element: {"method":"partial link text","selector":"Admin"}
  (Session info: chrome=121.0.6167.185)
For documentation on this error, please visit: https://www.seleniumhq.org/exceptions/no_such_element.html
Build info: version: '3.141.59', revision: 'e82be7d358', time: '2018-11-14T08:17:03'
System info: host: 'NAVEENPATEL', ip: '192.168.1.6', os.name: 'Windows 11', os.arch: 'amd64', os.version: '10.0', java.version: '17.0.5'
Driver info: org.openqa.selenium.chrome.ChromeDriver
Capabilities {acceptInsecureCerts: false, browserName: chrome, browserVersion: 121.0.6167.185, chrome: {chromedriverVersion: 121.0.6167.85 (3f98d690ad7e..., userDataDir: C:\Users\emmad\AppData\Loca...}, fedcm:accounts: true, goog:chromeOptions: {debuggerAddress: localhost:60513}, javascriptEnabled: true, networkConnectionEnabled: false, pageLoadStrategy: normal, platform: WINDOWS, platformName: WINDOWS, proxy: Proxy(), setWindowRect: true, strictFileInteractability: false, timeouts: {implicit: 0, pageLoad: 300000, script: 30000}, unhandledPromptBehavior: dismiss and notify, webauthn:extension:credBlob: true, webauthn:extension:largeBlob: true, webauthn:extension:minPinLength: true, webauthn:extension:prf: true, webauthn:virtualAuthenticators: true}
Session ID: 52439ccb3cb1a1a285ea67502e88eded
*** Element info: {Using=partial link text, value=Admin}
2024-02-17 23:18:21,647 - Log -INFO -  The Expected Text of the OrangeHRM Application Loginpage is :- Invalid credentials
2024-02-17 23:18:21,665 - Log -INFO -  The Actual Text of the OrangeHRM Application Loginpage is :- Invalid credentials
2024-02-17 23:18:21,669 - Log -INFO - Failed to Navigate to OrangeHRM Application HomePage - Pass 
2024-02-17 23:18:21,672 - Log -INFO - OrangeHRMApplicationURLAddress is Not Matched:-Pass 
2024-02-17 23:18:21,851 - Log -INFO - org.openqa.selenium.NoSuchElementException: no such element: Unable to locate element: {"method":"partial link text","selector":"Admin"}
  (Session info: chrome=121.0.6167.185)
For documentation on this error, please visit: https://www.seleniumhq.org/exceptions/no_such_element.html
Build info: version: '3.141.59', revision: 'e82be7d358', time: '2018-11-14T08:17:03'
System info: host: 'NAVEENPATEL', ip: '192.168.1.6', os.name: 'Windows 11', os.arch: 'amd64', os.version: '10.0', java.version: '17.0.5'
Driver info: org.openqa.selenium.chrome.ChromeDriver
Capabilities {acceptInsecureCerts: false, browserName: chrome, browserVersion: 121.0.6167.185, chrome: {chromedriverVersion: 121.0.6167.85 (3f98d690ad7e..., userDataDir: C:\Users\emmad\AppData\Loca...}, fedcm:accounts: true, goog:chromeOptions: {debuggerAddress: localhost:60513}, javascriptEnabled: true, networkConnectionEnabled: false, pageLoadStrategy: normal, platform: WINDOWS, platformName: WINDOWS, proxy: Proxy(), setWindowRect: true, strictFileInteractability: false, timeouts: {implicit: 0, pageLoad: 300000, script: 30000}, unhandledPromptBehavior: dismiss and notify, webauthn:extension:credBlob: true, webauthn:extension:largeBlob: true, webauthn:extension:minPinLength: true, webauthn:extension:prf: true, webauthn:virtualAuthenticators: true}
Session ID: 52439ccb3cb1a1a285ea67502e88eded
*** Element info: {Using=partial link text, value=Admin}
2024-02-17 23:18:21,864 - Log -INFO -  The Expected Text of the OrangeHRM Application Loginpage is :- Invalid credentials
2024-02-17 23:18:21,879 - Log -INFO -  The Actual Text of the OrangeHRM Application Loginpage is :- Invalid credentials
2024-02-17 23:18:21,882 - Log -INFO - Failed to Navigate to OrangeHRM Application HomePage - Pass 
2024-02-17 23:18:21,885 - Log -INFO - OrangeHRMApplicationURLAddress is Not Matched:-Pass 
2024-02-17 23:18:22,035 - Log -INFO - org.openqa.selenium.NoSuchElementException: no such element: Unable to locate element: {"method":"partial link text","selector":"Admin"}
  (Session info: chrome=121.0.6167.185)
For documentation on this error, please visit: https://www.seleniumhq.org/exceptions/no_such_element.html
Build info: version: '3.141.59', revision: 'e82be7d358', time: '2018-11-14T08:17:03'
System info: host: 'NAVEENPATEL', ip: '192.168.1.6', os.name: 'Windows 11', os.arch: 'amd64', os.version: '10.0', java.version: '17.0.5'
Driver info: org.openqa.selenium.chrome.ChromeDriver
Capabilities {acceptInsecureCerts: false, browserName: chrome, browserVersion: 121.0.6167.185, chrome: {chromedriverVersion: 121.0.6167.85 (3f98d690ad7e..., userDataDir: C:\Users\emmad\AppData\Loca...}, fedcm:accounts: true, goog:chromeOptions: {debuggerAddress: localhost:60513}, javascriptEnabled: true, networkConnectionEnabled: false, pageLoadStrategy: normal, platform: WINDOWS, platformName: WINDOWS, proxy: Proxy(), setWindowRect: true, strictFileInteractability: false, timeouts: {implicit: 0, pageLoad: 300000, script: 30000}, unhandledPromptBehavior: dismiss and notify, webauthn:extension:credBlob: true, webauthn:extension:largeBlob: true, webauthn:extension:minPinLength: true, webauthn:extension:prf: true, webauthn:virtualAuthenticators: true}
Session ID: 52439ccb3cb1a1a285ea67502e88eded
*** Element info: {Using=partial link text, value=Admin}
2024-02-17 23:18:22,049 - Log -INFO -  The Expected Text of the OrangeHRM Application Loginpage is :- Invalid credentials
2024-02-17 23:18:22,066 - Log -INFO -  The Actual Text of the OrangeHRM Application Loginpage is :- Invalid credentials
2024-02-17 23:18:22,070 - Log -INFO - Failed to Navigate to OrangeHRM Application HomePage - Pass 
2024-02-17 23:18:22,074 - Log -INFO - OrangeHRMApplicationURLAddress is Not Matched:-Pass 
2024-02-17 23:18:22,224 - Log -INFO - org.openqa.selenium.NoSuchElementException: no such element: Unable to locate element: {"method":"partial link text","selector":"Admin"}
  (Session info: chrome=121.0.6167.185)
For documentation on this error, please visit: https://www.seleniumhq.org/exceptions/no_such_element.html
Build info: version: '3.141.59', revision: 'e82be7d358', time: '2018-11-14T08:17:03'
System info: host: 'NAVEENPATEL', ip: '192.168.1.6', os.name: 'Windows 11', os.arch: 'amd64', os.version: '10.0', java.version: '17.0.5'
Driver info: org.openqa.selenium.chrome.ChromeDriver
Capabilities {acceptInsecureCerts: false, browserName: chrome, browserVersion: 121.0.6167.185, chrome: {chromedriverVersion: 121.0.6167.85 (3f98d690ad7e..., userDataDir: C:\Users\emmad\AppData\Loca...}, fedcm:accounts: true, goog:chromeOptions: {debuggerAddress: localhost:60513}, javascriptEnabled: true, networkConnectionEnabled: false, pageLoadStrategy: normal, platform: WINDOWS, platformName: WINDOWS, proxy: Proxy(), setWindowRect: true, strictFileInteractability: false, timeouts: {implicit: 0, pageLoad: 300000, script: 30000}, unhandledPromptBehavior: dismiss and notify, webauthn:extension:credBlob: true, webauthn:extension:largeBlob: true, webauthn:extension:minPinLength: true, webauthn:extension:prf: true, webauthn:virtualAuthenticators: true}
Session ID: 52439ccb3cb1a1a285ea67502e88eded
*** Element info: {Using=partial link text, value=Admin}
2024-02-17 23:18:22,240 - Log -INFO -  The Expected Text of the OrangeHRM Application Loginpage is :- Invalid credentials
2024-02-17 23:18:22,257 - Log -INFO -  The Actual Text of the OrangeHRM Application Loginpage is :- Invalid credentials
2024-02-17 23:18:22,261 - Log -INFO - Failed to Navigate to OrangeHRM Application HomePage - Pass 
2024-02-17 23:18:22,266 - Log -INFO - OrangeHRMApplicationURLAddress is Not Matched:-Pass 
2024-02-17 23:18:22,575 - Log -INFO -  ************ Chrome Browser along with OrangeHRM Application Closed Successfully ********
2024-02-17 23:21:13,928 - Log -INFO - **** Chrome Browser Launched Successfully ********** 
2024-02-17 23:21:14,331 - Log -INFO -  Successfully Navigated to OrangeHRM Application LogIn Page 
2024-02-17 23:21:14,545 - Log -INFO -  The Expected Text of the WebElement LogIn Pannel is :- LOGIN Panel
2024-02-17 23:21:14,589 - Log -INFO -  The Actual Text of the WebElement LogIn Pannel is :- LOGIN Panel
2024-02-17 23:21:14,594 - Log -INFO -  LogIn Pannel Text Validation Successful - PASS
2024-02-17 23:21:14,714 - Log -INFO -  ************ Chrome Browser along with OrangeHRM Application Closed Successfully ********
2024-02-17 23:21:15,401 - Log -INFO - **** Chrome Browser Launched Successfully ********** 
2024-02-17 23:21:15,743 - Log -INFO -  Successfully Navigated to OrangeHRM Application LogIn Page 
2024-02-17 23:21:16,072 - Log -INFO -  OrangeHRM Applicaiton LogIn page Logo found - PASS 
2024-02-17 23:21:16,192 - Log -INFO -  ************ Chrome Browser along with OrangeHRM Application Closed Successfully ********
2024-02-17 23:21:16,938 - Log -INFO - **** Chrome Browser Launched Successfully ********** 
2024-02-17 23:21:17,303 - Log -INFO -  Successfully Navigated to OrangeHRM Application LogIn Page 
2024-02-17 23:21:19,241 - Log -INFO -  The Expected Text of the OrangeHRM Application HomePage is :- Welcome
2024-02-17 23:21:19,268 - Log -INFO -  The Actual Text of the OrangeHRM Application HomePage is :- Welcome Admin
2024-02-17 23:21:19,276 - Log -INFO -  Successfully Navigated to OrangeHRM Application HomePage - PASS 
2024-02-17 23:21:21,883 - Log -INFO - org.openqa.selenium.NoSuchElementException: no such element: Unable to locate element: {"method":"css selector","selector":"#spanMessage"}
  (Session info: chrome=121.0.6167.185)
For documentation on this error, please visit: https://www.seleniumhq.org/exceptions/no_such_element.html
Build info: version: '3.141.59', revision: 'e82be7d358', time: '2018-11-14T08:17:03'
System info: host: 'NAVEENPATEL', ip: '192.168.1.6', os.name: 'Windows 11', os.arch: 'amd64', os.version: '10.0', java.version: '17.0.5'
Driver info: org.openqa.selenium.chrome.ChromeDriver
Capabilities {acceptInsecureCerts: false, browserName: chrome, browserVersion: 121.0.6167.185, chrome: {chromedriverVersion: 121.0.6167.85 (3f98d690ad7e..., userDataDir: C:\Users\emmad\AppData\Loca...}, fedcm:accounts: true, goog:chromeOptions: {debuggerAddress: localhost:60601}, javascriptEnabled: true, networkConnectionEnabled: false, pageLoadStrategy: normal, platform: WINDOWS, platformName: WINDOWS, proxy: Proxy(), setWindowRect: true, strictFileInteractability: false, timeouts: {implicit: 0, pageLoad: 300000, script: 30000}, unhandledPromptBehavior: dismiss and notify, webauthn:extension:credBlob: true, webauthn:extension:largeBlob: true, webauthn:extension:minPinLength: true, webauthn:extension:prf: true, webauthn:virtualAuthenticators: true}
Session ID: f260a971cc0d25015af39964cea4da7c
*** Element info: {Using=id, value=spanMessage}
2024-02-17 23:21:22,619 - Log -INFO - org.openqa.selenium.NoSuchElementException: no such element: Unable to locate element: {"method":"partial link text","selector":"Admin"}
  (Session info: chrome=121.0.6167.185)
For documentation on this error, please visit: https://www.seleniumhq.org/exceptions/no_such_element.html
Build info: version: '3.141.59', revision: 'e82be7d358', time: '2018-11-14T08:17:03'
System info: host: 'NAVEENPATEL', ip: '192.168.1.6', os.name: 'Windows 11', os.arch: 'amd64', os.version: '10.0', java.version: '17.0.5'
Driver info: org.openqa.selenium.chrome.ChromeDriver
Capabilities {acceptInsecureCerts: false, browserName: chrome, browserVersion: 121.0.6167.185, chrome: {chromedriverVersion: 121.0.6167.85 (3f98d690ad7e..., userDataDir: C:\Users\emmad\AppData\Loca...}, fedcm:accounts: true, goog:chromeOptions: {debuggerAddress: localhost:60601}, javascriptEnabled: true, networkConnectionEnabled: false, pageLoadStrategy: normal, platform: WINDOWS, platformName: WINDOWS, proxy: Proxy(), setWindowRect: true, strictFileInteractability: false, timeouts: {implicit: 0, pageLoad: 300000, script: 30000}, unhandledPromptBehavior: dismiss and notify, webauthn:extension:credBlob: true, webauthn:extension:largeBlob: true, webauthn:extension:minPinLength: true, webauthn:extension:prf: true, webauthn:virtualAuthenticators: true}
Session ID: f260a971cc0d25015af39964cea4da7c
*** Element info: {Using=partial link text, value=Admin}
2024-02-17 23:21:22,637 - Log -INFO -  The Expected Text of the OrangeHRM Application Loginpage is :- Invalid credentials
2024-02-17 23:21:22,652 - Log -INFO -  The Actual Text of the OrangeHRM Application Loginpage is :- Invalid credentials
2024-02-17 23:21:22,658 - Log -INFO - Failed to Navigate to OrangeHRM Application HomePage - Pass 
2024-02-17 23:21:22,663 - Log -INFO - OrangeHRMApplicationURLAddress is Not Matched:-Pass 
2024-02-17 23:21:23,178 - Log -INFO - org.openqa.selenium.NoSuchElementException: no such element: Unable to locate element: {"method":"partial link text","selector":"Admin"}
  (Session info: chrome=121.0.6167.185)
For documentation on this error, please visit: https://www.seleniumhq.org/exceptions/no_such_element.html
Build info: version: '3.141.59', revision: 'e82be7d358', time: '2018-11-14T08:17:03'
System info: host: 'NAVEENPATEL', ip: '192.168.1.6', os.name: 'Windows 11', os.arch: 'amd64', os.version: '10.0', java.version: '17.0.5'
Driver info: org.openqa.selenium.chrome.ChromeDriver
Capabilities {acceptInsecureCerts: false, browserName: chrome, browserVersion: 121.0.6167.185, chrome: {chromedriverVersion: 121.0.6167.85 (3f98d690ad7e..., userDataDir: C:\Users\emmad\AppData\Loca...}, fedcm:accounts: true, goog:chromeOptions: {debuggerAddress: localhost:60601}, javascriptEnabled: true, networkConnectionEnabled: false, pageLoadStrategy: normal, platform: WINDOWS, platformName: WINDOWS, proxy: Proxy(), setWindowRect: true, strictFileInteractability: false, timeouts: {implicit: 0, pageLoad: 300000, script: 30000}, unhandledPromptBehavior: dismiss and notify, webauthn:extension:credBlob: true, webauthn:extension:largeBlob: true, webauthn:extension:minPinLength: true, webauthn:extension:prf: true, webauthn:virtualAuthenticators: true}
Session ID: f260a971cc0d25015af39964cea4da7c
*** Element info: {Using=partial link text, value=Admin}
2024-02-17 23:21:23,198 - Log -INFO -  The Expected Text of the OrangeHRM Application Loginpage is :- Invalid credentials
2024-02-17 23:21:23,228 - Log -INFO -  The Actual Text of the OrangeHRM Application Loginpage is :- Invalid credentials
2024-02-17 23:21:23,234 - Log -INFO - Failed to Navigate to OrangeHRM Application HomePage - Pass 
2024-02-17 23:21:23,239 - Log -INFO - OrangeHRMApplicationURLAddress is Not Matched:-Pass 
2024-02-17 23:21:23,742 - Log -INFO - org.openqa.selenium.NoSuchElementException: no such element: Unable to locate element: {"method":"partial link text","selector":"Admin"}
  (Session info: chrome=121.0.6167.185)
For documentation on this error, please visit: https://www.seleniumhq.org/exceptions/no_such_element.html
Build info: version: '3.141.59', revision: 'e82be7d358', time: '2018-11-14T08:17:03'
System info: host: 'NAVEENPATEL', ip: '192.168.1.6', os.name: 'Windows 11', os.arch: 'amd64', os.version: '10.0', java.version: '17.0.5'
Driver info: org.openqa.selenium.chrome.ChromeDriver
Capabilities {acceptInsecureCerts: false, browserName: chrome, browserVersion: 121.0.6167.185, chrome: {chromedriverVersion: 121.0.6167.85 (3f98d690ad7e..., userDataDir: C:\Users\emmad\AppData\Loca...}, fedcm:accounts: true, goog:chromeOptions: {debuggerAddress: localhost:60601}, javascriptEnabled: true, networkConnectionEnabled: false, pageLoadStrategy: normal, platform: WINDOWS, platformName: WINDOWS, proxy: Proxy(), setWindowRect: true, strictFileInteractability: false, timeouts: {implicit: 0, pageLoad: 300000, script: 30000}, unhandledPromptBehavior: dismiss and notify, webauthn:extension:credBlob: true, webauthn:extension:largeBlob: true, webauthn:extension:minPinLength: true, webauthn:extension:prf: true, webauthn:virtualAuthenticators: true}
Session ID: f260a971cc0d25015af39964cea4da7c
*** Element info: {Using=partial link text, value=Admin}
2024-02-17 23:21:23,756 - Log -INFO -  The Expected Text of the OrangeHRM Application Loginpage is :- Invalid credentials
2024-02-17 23:21:23,773 - Log -INFO -  The Actual Text of the OrangeHRM Application Loginpage is :- Invalid credentials
2024-02-17 23:21:23,778 - Log -INFO - Failed to Navigate to OrangeHRM Application HomePage - Pass 
2024-02-17 23:21:23,784 - Log -INFO - OrangeHRMApplicationURLAddress is Not Matched:-Pass 
2024-02-17 23:21:23,939 - Log -INFO -  ************ Chrome Browser along with OrangeHRM Application Closed Successfully ********
